【2020-06-14 16:06:13】
订单号：20200603142137499756
通知地址：http://karl-leo.imwork.net/common/test.json
通知报文：memberid=200399771&orderid=E20200603142136139518&transaction_id=20200603142137499756&amount=400.0000&datetime=20200614160610&returncode=00&sign=F3451DEF4457EC5F09D3A0908FC08694&attach=1234|456
HTTP状态：
返回：

【2020-06-14 16:06:32】
订单号：20200603142137499756
通知地址：http://karl-leo.imwork.net/common/test.json
通知报文：memberid=200399771&orderid=E20200603142136139518&transaction_id=20200603142137499756&amount=400.0000&datetime=20200614160622&returncode=00&sign=6D8A8CB912DD042AD54FF8430BEAA9D1&attach=1234|456
HTTP状态：
返回：

【2020-06-14 16:07:54】
订单号：20200603142137499756
通知地址：http://karl-leo.imwork.net/common/test.json
通知报文：memberid=200399771&orderid=E20200603142136139518&transaction_id=20200603142137499756&amount=400.0000&datetime=20200614160744&returncode=00&sign=37932784B517684990CBFC819E460D8E&attach=1234|456
HTTP状态：
返回：

【2020-06-14 16:08:45】
订单号：20200603142137499756
通知地址：http://karl-leo.imwork.net/common/test.json
通知报文：memberid=200399771&orderid=E20200603142136139518&transaction_id=20200603142137499756&amount=400.0000&datetime=20200614160835&returncode=00&sign=D64E41E3B3E8A8C9221F3AFA3A1AFAE1&attach=1234|456
HTTP状态：
返回：

【2020-06-14 16:09:07】
订单号：20200603142137499756
通知地址：http://karl-leo.imwork.net/common/test.json
通知报文：memberid=200399771&orderid=E20200603142136139518&transaction_id=20200603142137499756&amount=400.0000&datetime=20200614160857&returncode=00&sign=9C4861467742876E66EFA0C767CEECAA&attach=1234|456
HTTP状态：
返回：

【2020-06-14 16:10:32】
订单号：20200603142137499756
通知地址：http://karl-leo.imwork.net/common/test.json
通知报文：memberid=200399771&orderid=E20200603142136139518&transaction_id=20200603142137499756&amount=400.0000&datetime=20200614161022&returncode=00&sign=8F5C818271EA4F5EA6EFF2EDD4884578&attach=1234|456
HTTP状态：
返回：

【2020-06-14 16:10:58】
订单号：20200603142137499756
通知地址：http://karl-leo.imwork.net/common/test.json
通知报文：memberid=200399771&orderid=E20200603142136139518&transaction_id=20200603142137499756&amount=400.0000&datetime=20200614161048&returncode=00&sign=B8BC50B6FA3949D2059FAD28D5AC55F1&attach=1234|456
HTTP状态：
返回：

【2020-06-14 16:11:07】
订单号：20200603142137499756
通知地址：http://karl-leo.imwork.net/common/test.json
通知报文：memberid=200399771&orderid=E20200603142136139518&transaction_id=20200603142137499756&amount=400.0000&datetime=20200614161057&returncode=00&sign=C146E0430BE18ABB7FDCE80F61CA46CB&attach=1234|456
HTTP状态：
返回：

【2020-06-14 16:11:22】
订单号：20200603142137499756
通知地址：http://karl-leo.imwork.net/common/test.json
通知报文：memberid=200399771&orderid=E20200603142136139518&transaction_id=20200603142137499756&amount=400.0000&datetime=20200614161112&returncode=00&sign=31BF640AA50EF5EC7F0F54B1CAA71E61&attach=1234|456
HTTP状态：
返回：

【2020-06-14 16:11:37】
订单号：20200603142137499756
通知地址：http://karl-leo.imwork.net/common/test.json
通知报文：memberid=200399771&orderid=E20200603142136139518&transaction_id=20200603142137499756&amount=400.0000&datetime=20200614161127&returncode=00&sign=05AECB939B521665EA7D62C467A8F15E&attach=1234|456
HTTP状态：
返回：

【2020-06-14 16:12:11】
订单号：20200603142137499756
通知地址：http://karl-leo.imwork.net/common/test.json
通知报文：memberid=200399771&orderid=E20200603142136139518&transaction_id=20200603142137499756&amount=400.0000&datetime=20200614161201&returncode=00&sign=B317D715A82BAF2D054E8F09136EA81B&attach=1234|456
HTTP状态：
返回：

