【2020-03-27 16:36:45】
订单号：20200327163558101501
通知地址：http://karl-leo.imwork.net/common/test.json
通知报文：memberid=200399771&orderid=E20200327083556663316&transaction_id=20200327163558101501&amount=0.0100&datetime=20200327163635&returncode=00&sign=F9282E58C1578913A6FD12621153CDE1&attach=1234|456
HTTP状态：
返回：

【2020-03-27 16:37:01】
订单号：20200327163558101501
通知地址：http://karl-leo.imwork.net/common/test.json
通知报文：memberid=200399771&orderid=E20200327083556663316&transaction_id=20200327163558101501&amount=0.0100&datetime=20200327163651&returncode=00&sign=BFDE6EFADB97DE030966BA4734562FC2&attach=1234|456
HTTP状态：
返回：

【2020-03-27 16:37:14】
订单号：20200327163558101501
通知地址：http://karl-leo.imwork.net/common/test.json
通知报文：memberid=200399771&orderid=E20200327083556663316&transaction_id=20200327163558101501&amount=0.0100&datetime=20200327163707&returncode=00&sign=C64C0942BC5B08C519D76D7DE90B1644&attach=1234|456
HTTP状态：
返回：{"success":true,"code":"000000","message":null,"data":null}

【2020-03-27 16:37:38】
订单号：20200327163558101501
通知地址：http://karl-leo.imwork.net/common/test.json
通知报文：memberid=200399771&orderid=E20200327083556663316&transaction_id=20200327163558101501&amount=0.0100&datetime=20200327163738&returncode=00&sign=D3416EBB67C94CA1E90E8F448871CFF2&attach=1234|456
HTTP状态：
返回：{"success":true,"code":"000000","message":null,"data":null}

【2020-03-27 16:41:51】
订单号：20200327164108529899
通知地址：http://karl-leo.imwork.net/common/test.json
通知报文：memberid=200399771&orderid=E20200327084107699121&transaction_id=20200327164108529899&amount=0.0100&datetime=20200327164147&returncode=00&sign=02A78C9D9C261EBE3614A33C545ACC96&attach=1234|456
HTTP状态：
返回：OK

【2020-03-27 22:09:16】
订单号：20200327220846101101
通知地址：http://karl-leo.imwork.net/common/test.json
通知报文：memberid=200399771&orderid=E20200327140846777370&transaction_id=20200327220846101101&amount=0.0100&datetime=20200327220913&returncode=00&sign=11E429A032FE528347FBDFDB0CAF49D8&attach=1234|456
HTTP状态：
返回：OK

【2020-03-27 22:13:38】
订单号：20200327215708524950
通知地址：http://karl-leo.imwork.net/common/test.json
通知报文：memberid=200399771&orderid=E20200327135707108556&transaction_id=20200327215708524950&amount=0.0100&datetime=20200327221338&returncode=00&sign=20184B388055E493F2967538040AA0F8&attach=1234|456
HTTP状态：
返回：OK

