【2020-06-02 18:20:31】
订单号：20200602181519555154
通知地址：https://www.100000381.xyz/Pay_CsT1Zfb_notifyurlzfb.html
通知报文：memberid=200423453&orderid=202006021815111029959495&transaction_id=20200602181519555154&amount=881.0000&datetime=20200602182027&returncode=00&sign=DB07F93672A8790490E4C4AEBED16869&attach=1234|456
HTTP状态：
返回：ok

【2020-06-02 18:22:07】
订单号：20200602181329571011
通知地址：https://www.100000381.xyz/Pay_CsT1Zfb_notifyurlzfb.html
通知报文：memberid=200423453&orderid=202006021813225053103183&transaction_id=20200602181329571011&amount=1000.0000&datetime=20200602182205&returncode=00&sign=D1D4AE6066743D9836183CCB82942827&attach=1234|456
HTTP状态：
返回：ok

【2020-06-02 18:29:33】
订单号：20200602182502101529
通知地址：https://www.100000381.xyz/Pay_CsT1Zfb_notifyurlzfb.html
通知报文：memberid=200423453&orderid=202006021824545410052835&transaction_id=20200602182502101529&amount=2000.0000&datetime=20200602182930&returncode=00&sign=E31610B14E1F6A4AD573167E38EAC235&attach=1234|456
HTTP状态：
返回：ok

【2020-06-02 18:33:04】
订单号：20200602182945575148
通知地址：https://www.100000381.xyz/Pay_CsT1Zfb_notifyurlzfb.html
通知报文：memberid=200423453&orderid=202006021829374997995556&transaction_id=20200602182945575148&amount=1000.0000&datetime=20200602183302&returncode=00&sign=B6CA4467EAD7E0B992846EE291DEEB47&attach=1234|456
HTTP状态：
返回：ok

【2020-06-02 18:45:40】
订单号：20200602182632569749
通知地址：https://www.100000381.xyz/Pay_CsT1Zfb_notifyurlzfb.html
通知报文：memberid=200423453&orderid=202006021826254951536116&transaction_id=20200602182632569749&amount=2000.0000&datetime=20200602184538&returncode=00&sign=D3EFA04723B2A8E3F16A2CC3A9A7598E&attach=1234|456
HTTP状态：
返回：ok

【2020-06-02 18:46:06】
订单号：20200602183611981019
通知地址：https://www.100000381.xyz/Pay_CsT1Zfb_notifyurlzfb.html
通知报文：memberid=200423453&orderid=202006021836045255499166&transaction_id=20200602183611981019&amount=5000.0000&datetime=20200602184602&returncode=00&sign=68B98FBC7B820062067432D4ABC1B60A&attach=1234|456
HTTP状态：
返回：ok

【2020-06-02 18:54:05】
订单号：20200602184924529799
通知地址：https://www.100000381.xyz/Pay_CsT1Zfb_notifyurlzfb.html
通知报文：memberid=200423453&orderid=202006021849171005153713&transaction_id=20200602184924529799&amount=1500.0000&datetime=20200602185404&returncode=00&sign=0EC12775EFFCA5939DF3BAEB5FB80017&attach=1234|456
HTTP状态：
返回：ok

【2020-06-02 19:13:37】
订单号：20200602190805535155
通知地址：https://www.100000381.xyz/Pay_CsT1Zfb_notifyurlzfb.html
通知报文：memberid=200423453&orderid=202006021907571009859060&transaction_id=20200602190805535155&amount=800.0000&datetime=20200602191336&returncode=00&sign=137612323B5CFA80842991E376CDA018&attach=1234|456
HTTP状态：
返回：ok

【2020-06-02 19:13:43】
订单号：20200602190811984950
通知地址：https://www.100000381.xyz/Pay_CsT1Zfb_notifyurlzfb.html
通知报文：memberid=200423453&orderid=202006021908035197504205&transaction_id=20200602190811984950&amount=1000.0000&datetime=20200602191342&returncode=00&sign=812D314F96C739CCE126C97D39EB2F75&attach=1234|456
HTTP状态：
返回：ok

【2020-06-02 19:15:17】
订单号：20200602190553491015
通知地址：https://www.100000381.xyz/Pay_CsT1Zfb_notifyurlzfb.html
通知报文：memberid=200423453&orderid=202006021905469755542075&transaction_id=20200602190553491015&amount=1000.0000&datetime=20200602191516&returncode=00&sign=0D0760E72BA0B0B06DA16DE0DB81C6AE&attach=1234|456
HTTP状态：
返回：ok

【2020-06-02 19:18:55】
订单号：20200602190518101525
通知地址：https://www.100000381.xyz/Pay_CsT1Zfb_notifyurlzfb.html
通知报文：memberid=200423453&orderid=202006021905105410045538&transaction_id=20200602190518101525&amount=2000.0000&datetime=20200602191853&returncode=00&sign=354E498821CDBD04FFB828B4A621FD42&attach=1234|456
HTTP状态：
返回：ok

【2020-06-02 19:27:04】
订单号：20200602192616569752
通知地址：https://www.100000381.xyz/Pay_CsT1Zfb_notifyurlzfb.html
通知报文：memberid=200423453&orderid=202006021926094950101272&transaction_id=20200602192616569752&amount=3000.0000&datetime=20200602192703&returncode=00&sign=5D365A43D473A67101F50A77FC4427D7&attach=1234|456
HTTP状态：
返回：ok

【2020-06-02 19:30:21】
订单号：20200602190914975556
通知地址：https://www.100000381.xyz/Pay_CsT1Zfb_notifyurlzfb.html
通知报文：memberid=200423453&orderid=202006021909065049498350&transaction_id=20200602190914975556&amount=500.0000&datetime=20200602193013&returncode=00&sign=D8713F5FB720DE677B6EF94DA874A5B3&attach=1234|456
HTTP状态：
返回：ok

【2020-06-02 19:32:03】
订单号：20200602190524524853
通知地址：https://www.100000381.xyz/Pay_CsT1Zfb_notifyurlzfb.html
通知报文：memberid=200423453&orderid=202006021905169956571603&transaction_id=20200602190524524853&amount=1000.0000&datetime=20200602193156&returncode=00&sign=0C2F9B815A0AAF1AAE99CD05A6526D1B&attach=1234|456
HTTP状态：
返回：ok

【2020-06-02 19:54:48】
订单号：20200602191353499751
通知地址：https://www.100000381.xyz/Pay_CsT1Zfb_notifyurlzfb.html
通知报文：memberid=200423453&orderid=202006021913455751569181&transaction_id=20200602191353499751&amount=1000.0000&datetime=20200602195445&returncode=00&sign=6583E222356B5C4484D7CC85092D3945&attach=1234|456
HTTP状态：
返回：ok

【2020-06-02 19:58:57】
订单号：20200602184425575748
通知地址：https://www.100000381.xyz/Pay_CsT1Zfb_notifyurlzfb.html
通知报文：memberid=200423453&orderid=202006021844185050547458&transaction_id=20200602184425575748&amount=500.0000&datetime=20200602195855&returncode=00&sign=259CA49229BD3F3969104D022950F1C2&attach=1234|456
HTTP状态：
返回：ok

【2020-06-02 20:22:18】
订单号：20200602191652529849
通知地址：https://www.100000381.xyz/Pay_CsT1Zfb_notifyurlzfb.html
通知报文：memberid=200423453&orderid=202006021916451005119570&transaction_id=20200602191652529849&amount=1500.0000&datetime=20200602202216&returncode=00&sign=F97F0B94D19DCD72FE869F04C9128F6D&attach=1234|456
HTTP状态：
返回：ok

【2020-06-02 20:22:30】
订单号：20200602185418975499
通知地址：https://www.100000381.xyz/Pay_CsT1Zfb_notifyurlzfb.html
通知报文：memberid=200423453&orderid=202006021854105010245449&transaction_id=20200602185418975499&amount=1500.0000&datetime=20200602202229&returncode=00&sign=ED1DFA898A3DAD82D87D8B28D71701A5&attach=1234|456
HTTP状态：
返回：ok

