【2020-04-19 22:05:28】
订单号：20200419004604991011
通知地址：http://karl-leo.imwork.net/common/test.json
通知报文：memberid=200399771&orderid=E20200418164604586393&transaction_id=20200419004604991011&amount=0.0900&datetime=20200419220524&returncode=00&sign=2EF753050C7EC8B2F959E28A2C13CD44&attach=1234|456
HTTP状态：
返回：

【2020-04-19 22:05:37】
订单号：20200419004604991011
通知地址：http://karl-leo.imwork.net/common/test.json
通知报文：memberid=200399771&orderid=E20200418164604586393&transaction_id=20200419004604991011&amount=0.0900&datetime=20200419220527&returncode=00&sign=649D1790D387C4F13542229C3E918A84&attach=1234|456
HTTP状态：
返回：

【2020-04-19 22:05:38】
订单号：20200419004817495550
通知地址：http://karl-leo.imwork.net/common/test.json
通知报文：memberid=200399771&orderid=E20200418164816232784&transaction_id=20200419004817495550&amount=0.0900&datetime=20200419220528&returncode=00&sign=D5874098BDBE979781639C7BDD38D821&attach=1234|456
HTTP状态：
返回：

【2020-04-19 22:05:41】
订单号：20200419004817495550
通知地址：http://karl-leo.imwork.net/common/test.json
通知报文：memberid=200399771&orderid=E20200418164816232784&transaction_id=20200419004817495550&amount=0.0900&datetime=20200419220531&returncode=00&sign=D3C5C03CA87F2961660D137E8F21D54B&attach=1234|456
HTTP状态：
返回：

【2020-04-19 22:05:47】
订单号：20200419004817495550
通知地址：http://karl-leo.imwork.net/common/test.json
通知报文：memberid=200399771&orderid=E20200418164816232784&transaction_id=20200419004817495550&amount=0.0900&datetime=20200419220537&returncode=00&sign=9A5931A41F52FEA0B0685681C9FBB1A1&attach=1234|456
HTTP状态：
返回：

【2020-04-19 22:05:48】
订单号：20200419005015555599
通知地址：http://karl-leo.imwork.net/common/test.json
通知报文：memberid=200399771&orderid=E20200418165014843924&transaction_id=20200419005015555599&amount=0.0900&datetime=20200419220538&returncode=00&sign=085B90B85B0C412C36A66E474156BDBF&attach=1234|456
HTTP状态：
返回：

【2020-04-19 22:05:51】
订单号：20200419005015555599
通知地址：http://karl-leo.imwork.net/common/test.json
通知报文：memberid=200399771&orderid=E20200418165014843924&transaction_id=20200419005015555599&amount=0.0900&datetime=20200419220541&returncode=00&sign=2EB48FD175D9A0CE345BB2E33201F6E9&attach=1234|456
HTTP状态：
返回：

【2020-04-19 22:05:58】
订单号：20200419005015555599
通知地址：http://karl-leo.imwork.net/common/test.json
通知报文：memberid=200399771&orderid=E20200418165014843924&transaction_id=20200419005015555599&amount=0.0900&datetime=20200419220548&returncode=00&sign=294F120D021DD9ADC69E1F4F574257AF&attach=1234|456
HTTP状态：
返回：

【2020-04-19 22:05:59】
订单号：20200419005526101565
通知地址：http://karl-leo.imwork.net/common/test.json
通知报文：memberid=200399771&orderid=E20200418165525739930&transaction_id=20200419005526101565&amount=0.0900&datetime=20200419220549&returncode=00&sign=A382D77DE5FB4616379B4E218CB622B9&attach=1234|456
HTTP状态：
返回：

【2020-04-19 22:06:01】
订单号：20200419005526101565
通知地址：http://karl-leo.imwork.net/common/test.json
通知报文：memberid=200399771&orderid=E20200418165525739930&transaction_id=20200419005526101565&amount=0.0900&datetime=20200419220551&returncode=00&sign=3B66EA8651F932B9B565E52F7BF3C11E&attach=1234|456
HTTP状态：
返回：

【2020-04-19 22:06:08】
订单号：20200419005526101565
通知地址：http://karl-leo.imwork.net/common/test.json
通知报文：memberid=200399771&orderid=E20200418165525739930&transaction_id=20200419005526101565&amount=0.0900&datetime=20200419220558&returncode=00&sign=B75AE795CE410D818441EA7456B60C02&attach=1234|456
HTTP状态：
返回：

【2020-04-19 22:06:09】
订单号：20200419005734101484
通知地址：http://karl-leo.imwork.net/common/test.json
通知报文：memberid=200399771&orderid=E20200418165732176620&transaction_id=20200419005734101484&amount=0.0900&datetime=20200419220559&returncode=00&sign=3A1E8EB7019571A87BE85363AE77063D&attach=1234|456
HTTP状态：
返回：

【2020-04-19 22:06:11】
订单号：20200419005734101484
通知地址：http://karl-leo.imwork.net/common/test.json
通知报文：memberid=200399771&orderid=E20200418165732176620&transaction_id=20200419005734101484&amount=0.0900&datetime=20200419220601&returncode=00&sign=50D46A02A629EDBC5B170FC3D81C14C0&attach=1234|456
HTTP状态：
返回：

【2020-04-19 22:06:18】
订单号：20200419005734101484
通知地址：http://karl-leo.imwork.net/common/test.json
通知报文：memberid=200399771&orderid=E20200418165732176620&transaction_id=20200419005734101484&amount=0.0900&datetime=20200419220608&returncode=00&sign=A9FD5F19122E3E249CF2A0E5B8CA93CF&attach=1234|456
HTTP状态：
返回：

【2020-04-19 22:06:19】
订单号：20200419010844991025
通知地址：http://karl-leo.imwork.net/common/test.json
通知报文：memberid=200399771&orderid=E20200418170844779596&transaction_id=20200419010844991025&amount=0.0900&datetime=20200419220609&returncode=00&sign=A48A77CEFEC6015F6EEE0D3CA14EC32F&attach=1234|456
HTTP状态：
返回：

【2020-04-19 22:06:21】
订单号：20200419010844991025
通知地址：http://karl-leo.imwork.net/common/test.json
通知报文：memberid=200399771&orderid=E20200418170844779596&transaction_id=20200419010844991025&amount=0.0900&datetime=20200419220611&returncode=00&sign=0E5DDC0C0CCA5ACF83AAF6044EE7D57C&attach=1234|456
HTTP状态：
返回：

【2020-04-19 22:06:28】
订单号：20200419010844991025
通知地址：http://karl-leo.imwork.net/common/test.json
通知报文：memberid=200399771&orderid=E20200418170844779596&transaction_id=20200419010844991025&amount=0.0900&datetime=20200419220618&returncode=00&sign=AFD6CBCD209896CC85AF418B12424B3E&attach=1234|456
HTTP状态：
返回：

【2020-04-19 22:06:29】
订单号：20200419011114505551
通知地址：http://karl-leo.imwork.net/common/test.json
通知报文：memberid=200399771&orderid=E20200418171113832531&transaction_id=20200419011114505551&amount=0.0900&datetime=20200419220619&returncode=00&sign=67409D864308AD887A0A5ED9995B98FD&attach=1234|456
HTTP状态：
返回：

【2020-04-19 22:06:31】
订单号：20200419011114505551
通知地址：http://karl-leo.imwork.net/common/test.json
通知报文：memberid=200399771&orderid=E20200418171113832531&transaction_id=20200419011114505551&amount=0.0900&datetime=20200419220621&returncode=00&sign=F0AA2A657105BA73B91F6AA9ED2240FD&attach=1234|456
HTTP状态：
返回：

【2020-04-19 22:06:38】
订单号：20200419011114505551
通知地址：http://karl-leo.imwork.net/common/test.json
通知报文：memberid=200399771&orderid=E20200418171113832531&transaction_id=20200419011114505551&amount=0.0900&datetime=20200419220628&returncode=00&sign=BB680B3BCB672F183C3FED033F9E82ED&attach=1234|456
HTTP状态：
返回：

【2020-04-19 22:06:39】
订单号：20200419011336485056
通知地址：http://karl-leo.imwork.net/common/test.json
通知报文：memberid=200399771&orderid=E20200418171335236598&transaction_id=20200419011336485056&amount=0.0900&datetime=20200419220629&returncode=00&sign=C3CB647F295EB05D05AA73084DC6629C&attach=1234|456
HTTP状态：
返回：

【2020-04-19 22:06:42】
订单号：20200419011336485056
通知地址：http://karl-leo.imwork.net/common/test.json
通知报文：memberid=200399771&orderid=E20200418171335236598&transaction_id=20200419011336485056&amount=0.0900&datetime=20200419220632&returncode=00&sign=9E83FFFDA36F8A81E587EA884D3B68D5&attach=1234|456
HTTP状态：
返回：

【2020-04-19 22:06:48】
订单号：20200419011336485056
通知地址：http://karl-leo.imwork.net/common/test.json
通知报文：memberid=200399771&orderid=E20200418171335236598&transaction_id=20200419011336485056&amount=0.0900&datetime=20200419220638&returncode=00&sign=719A222C810BCF6A2364CD335A568656&attach=1234|456
HTTP状态：
返回：

【2020-04-19 22:06:49】
订单号：20200419011552561025
通知地址：http://karl-leo.imwork.net/common/test.json
通知报文：memberid=200399771&orderid=E20200418171552747678&transaction_id=20200419011552561025&amount=0.0900&datetime=20200419220639&returncode=00&sign=71D4C4C57077B41EEB08CC54887B387F&attach=1234|456
HTTP状态：
返回：

【2020-04-19 22:06:52】
订单号：20200419011552561025
通知地址：http://karl-leo.imwork.net/common/test.json
通知报文：memberid=200399771&orderid=E20200418171552747678&transaction_id=20200419011552561025&amount=0.0900&datetime=20200419220642&returncode=00&sign=463039C233426A9B5161C64894796BD7&attach=1234|456
HTTP状态：
返回：

【2020-04-19 22:06:58】
订单号：20200419011552561025
通知地址：http://karl-leo.imwork.net/common/test.json
通知报文：memberid=200399771&orderid=E20200418171552747678&transaction_id=20200419011552561025&amount=0.0900&datetime=20200419220648&returncode=00&sign=76A4BB53B4EC68BDA3C4E3B135F3B780&attach=1234|456
HTTP状态：
返回：

【2020-04-19 22:06:59】
订单号：20200419011747989897
通知地址：http://karl-leo.imwork.net/common/test.json
通知报文：memberid=200399771&orderid=E20200418171747195094&transaction_id=20200419011747989897&amount=0.0900&datetime=20200419220649&returncode=00&sign=64839B5768D4539811398B6A4551941B&attach=1234|456
HTTP状态：
返回：

【2020-04-19 22:07:02】
订单号：20200419011747989897
通知地址：http://karl-leo.imwork.net/common/test.json
通知报文：memberid=200399771&orderid=E20200418171747195094&transaction_id=20200419011747989897&amount=0.0900&datetime=20200419220652&returncode=00&sign=4A9C187190BF53A6DAC6B5C50BAA0999&attach=1234|456
HTTP状态：
返回：

【2020-04-19 22:07:08】
订单号：20200419011747989897
通知地址：http://karl-leo.imwork.net/common/test.json
通知报文：memberid=200399771&orderid=E20200418171747195094&transaction_id=20200419011747989897&amount=0.0900&datetime=20200419220658&returncode=00&sign=1B08A39915A15DBE312EF6FA05D483DB&attach=1234|456
HTTP状态：
返回：

