【2020-05-22 01:07:38】
订单号：20200522010705575648
通知地址：https://www.100000381.xyz/Pay_CsT1Zfb_notifyurlzfb.html
通知报文：memberid=200423453&orderid=202005220106495751107454&transaction_id=20200522010705575648&amount=2999.0000&datetime=20200522010733&returncode=00&sign=DE0D15703B313CCACFBCC5506D739896&attach=1234|456
HTTP状态：
返回：ok

【2020-05-22 01:09:27】
订单号：20200522010825574949
通知地址：https://www.100000381.xyz/Pay_CsT1Zfb_notifyurlzfb.html
通知报文：memberid=200423453&orderid=202005220108075599522127&transaction_id=20200522010825574949&amount=4999.0000&datetime=20200522010925&returncode=00&sign=5B58485CA9AC19C622DE8BF2A3FAD0EB&attach=1234|456
HTTP状态：
返回：ok

【2020-05-22 01:14:55】
订单号：20200522011405100504
通知地址：https://www.100000381.xyz/Pay_CsT1Zfb_notifyurlzfb.html
通知报文：memberid=200423453&orderid=202005220113489910098841&transaction_id=20200522011405100504&amount=2000.0000&datetime=20200522011454&returncode=00&sign=79DD74E0DDEF17884B4F5312AA44C493&attach=1234|456
HTTP状态：
返回：ok

【2020-05-22 01:21:20】
订单号：20200522012027985256
通知地址：https://www.100000381.xyz/Pay_CsT1Zfb_notifyurlzfb.html
通知报文：memberid=200423453&orderid=202005220120119848531919&transaction_id=20200522012027985256&amount=3500.0000&datetime=20200522012118&returncode=00&sign=A0C41AD3A8135A735FDADA4CB70770BA&attach=1234|456
HTTP状态：
返回：ok

【2020-05-22 01:25:12】
订单号：20200522012430101494
通知地址：https://www.100000381.xyz/Pay_CsT1Zfb_notifyurlzfb.html
通知报文：memberid=200423453&orderid=202005220124131009959793&transaction_id=20200522012430101494&amount=1000.0000&datetime=20200522012508&returncode=00&sign=D01FB348B72BB87A1BCA867A8940266B&attach=1234|456
HTTP状态：
返回：ok

【2020-05-22 01:26:07】
订单号：20200522012459985410
通知地址：https://www.100000381.xyz/Pay_CsT1Zfb_notifyurlzfb.html
通知报文：memberid=200423453&orderid=202005220124439851513652&transaction_id=20200522012459985410&amount=500.0000&datetime=20200522012603&returncode=00&sign=4A5334E584BBFCC8C4E26979AB01F8E9&attach=1234|456
HTTP状态：
返回：ok

【2020-05-22 01:26:44】
订单号：20200522012559559749
通知地址：https://www.100000381.xyz/Pay_CsT1Zfb_notifyurlzfb.html
通知报文：memberid=200423453&orderid=202005220125435554549252&transaction_id=20200522012559559749&amount=500.0000&datetime=20200522012642&returncode=00&sign=54653BE285E31CC9E5E60A190F7E2785&attach=1234|456
HTTP状态：
返回：ok

【2020-05-22 01:31:01】
订单号：20200522013029531005
通知地址：https://www.100000381.xyz/Pay_CsT1Zfb_notifyurlzfb.html
通知报文：memberid=200423453&orderid=202005220130135357489214&transaction_id=20200522013029531005&amount=1000.0000&datetime=20200522013100&returncode=00&sign=E31C680605F10BB6E7D2976C1EF407E9&attach=1234|456
HTTP状态：
返回：ok

【2020-05-22 01:31:38】
订单号：20200522013034979752
通知地址：https://www.100000381.xyz/Pay_CsT1Zfb_notifyurlzfb.html
通知报文：memberid=200423453&orderid=202005220130189754544227&transaction_id=20200522013034979752&amount=500.0000&datetime=20200522013136&returncode=00&sign=5F334DDB870A4CA51ECB4A6CBEAC9DAE&attach=1234|456
HTTP状态：
返回：ok

【2020-05-22 01:39:13】
订单号：20200522013814545110
通知地址：https://www.100000381.xyz/Pay_CsT1Zfb_notifyurlzfb.html
通知报文：memberid=200423453&orderid=202005220137575310197676&transaction_id=20200522013814545110&amount=500.0000&datetime=20200522013912&returncode=00&sign=9A5F7B3A41848200B46755F68C66945B&attach=1234|456
HTTP状态：
返回：ok

【2020-05-22 01:45:31】
订单号：20200522014433491015
通知地址：https://www.100000381.xyz/Pay_CsT1Zfb_notifyurlzfb.html
通知报文：memberid=200423453&orderid=202005220144174997576670&transaction_id=20200522014433491015&amount=900.0000&datetime=20200522014530&returncode=00&sign=E97F07D4AE2C5162A95AA472C980BB49&attach=1234|456
HTTP状态：
返回：ok

【2020-05-22 01:54:44】
订单号：20200522014952485297
通知地址：https://www.100000381.xyz/Pay_CsT1Zfb_notifyurlzfb.html
通知报文：memberid=200423453&orderid=202005220149364848972925&transaction_id=20200522014952485297&amount=700.0000&datetime=20200522015443&returncode=00&sign=2656068A2D368093EED52FCFDF4F5B46&attach=1234|456
HTTP状态：
返回：ok

【2020-05-22 02:02:06】
订单号：20200522015959102501
通知地址：https://www.100000381.xyz/Pay_CsT1Zfb_notifyurlzfb.html
通知报文：memberid=200423453&orderid=202005220159421011003049&transaction_id=20200522015959102501&amount=500.0000&datetime=20200522020204&returncode=00&sign=8F35614F6077BF68C9FBDA99E7D39BFC&attach=1234|456
HTTP状态：
返回：ok

【2020-05-22 02:06:38】
订单号：20200522020546975457
通知地址：https://www.100000381.xyz/Pay_CsT1Zfb_notifyurlzfb.html
通知报文：memberid=200423453&orderid=202005220205309749974678&transaction_id=20200522020546975457&amount=500.0000&datetime=20200522020634&returncode=00&sign=E8B7EEE0CA44FFBF92B42EA0F70B4A1F&attach=1234|456
HTTP状态：
返回：ok

【2020-05-22 02:11:22】
订单号：20200522020733531015
通知地址：https://www.100000381.xyz/Pay_CsT1Zfb_notifyurlzfb.html
通知报文：memberid=200423453&orderid=202005220207175397481700&transaction_id=20200522020733531015&amount=500.0000&datetime=20200522021119&returncode=00&sign=78F5CC28BC7536E8349699A8C33728E8&attach=1234|456
HTTP状态：
返回：ok

【2020-05-22 02:13:03】
订单号：20200522021206549910
通知地址：https://www.100000381.xyz/Pay_CsT1Zfb_notifyurlzfb.html
通知报文：memberid=200423453&orderid=202005220211505456491650&transaction_id=20200522021206549910&amount=500.0000&datetime=20200522021301&returncode=00&sign=FAED164F53E7E5F4FAB9E6A540943726&attach=1234|456
HTTP状态：
返回：ok

【2020-05-22 02:18:01】
订单号：20200522021643981005
通知地址：https://www.100000381.xyz/Pay_CsT1Zfb_notifyurlzfb.html
通知报文：memberid=200423453&orderid=202005220216279857492508&transaction_id=20200522021643981005&amount=2000.0000&datetime=20200522021758&returncode=00&sign=7A3489C56FF6C7EDFE668133EDAF7255&attach=1234|456
HTTP状态：
返回：ok

【2020-05-22 12:19:46】
订单号：20200522121817575610
通知地址：https://www.100000381.xyz/Pay_CsT1Zfb_notifyurlzfb.html
通知报文：memberid=200423453&orderid=202005221218005699538766&transaction_id=20200522121817575610&amount=600.0000&datetime=20200522121943&returncode=00&sign=E4542E1E53D30CD222B26640C0564918&attach=1234|456
HTTP状态：
返回：ok

【2020-05-22 12:25:05】
订单号：20200522122221100985
通知地址：https://www.100000381.xyz/Pay_CsT1Zfb_notifyurlzfb.html
通知报文：memberid=200423453&orderid=202005221222049910116783&transaction_id=20200522122221100985&amount=2000.0000&datetime=20200522122503&returncode=00&sign=E21C5456440C15442DD98E509CB7EB55&attach=1234|456
HTTP状态：
返回：ok

【2020-05-22 12:30:40】
订单号：20200522122957535053
通知地址：https://www.100000381.xyz/Pay_CsT1Zfb_notifyurlzfb.html
通知报文：memberid=200423453&orderid=202005221229405253507800&transaction_id=20200522122957535053&amount=5000.0000&datetime=20200522123037&returncode=00&sign=946DBB7897770F44B1CAA77F13BA0023&attach=1234|456
HTTP状态：
返回：ok

【2020-05-22 12:31:47】
订单号：20200522122835511015
通知地址：https://www.100000381.xyz/Pay_CsT1Zfb_notifyurlzfb.html
通知报文：memberid=200423453&orderid=202005221228195150486620&transaction_id=20200522122835511015&amount=700.0000&datetime=20200522123146&returncode=00&sign=718978D9675128D9CD258680B229984A&attach=1234|456
HTTP状态：
返回：ok

【2020-05-22 12:35:11】
订单号：20200522123330971005
通知地址：https://www.100000381.xyz/Pay_CsT1Zfb_notifyurlzfb.html
通知报文：memberid=200423453&orderid=202005221233149750483743&transaction_id=20200522123330971005&amount=1000.0000&datetime=20200522123511&returncode=00&sign=1C7CFB09BC57A9C6235E383376FC10F7&attach=1234|456
HTTP状态：
返回：ok

【2020-05-22 12:36:08】
订单号：20200522123427511015
通知地址：https://www.100000381.xyz/Pay_CsT1Zfb_notifyurlzfb.html
通知报文：memberid=200423453&orderid=202005221234115151542554&transaction_id=20200522123427511015&amount=500.0000&datetime=20200522123605&returncode=00&sign=17CD3F478664C9AE0FED7EFDF679D38E&attach=1234|456
HTTP状态：
返回：ok

【2020-05-22 12:36:20】
订单号：20200522122923515356
通知地址：https://www.100000381.xyz/Pay_CsT1Zfb_notifyurlzfb.html
通知报文：memberid=200423453&orderid=202005221229065057555095&transaction_id=20200522122923515356&amount=1300.0000&datetime=20200522123619&returncode=00&sign=7AC3FE0197FEC5331ADBAC44E46D1DAF&attach=1234|456
HTTP状态：
返回：ok

【2020-05-22 12:38:00】
订单号：20200522123530509810
通知地址：https://www.100000381.xyz/Pay_CsT1Zfb_notifyurlzfb.html
通知报文：memberid=200423453&orderid=202005221235145048992443&transaction_id=20200522123530509810&amount=2000.0000&datetime=20200522123759&returncode=00&sign=8013DA9E09929B2E731D4E4237E76D05&attach=1234|456
HTTP状态：
返回：ok

【2020-05-22 12:39:27】
订单号：20200522123836999910
通知地址：https://www.100000381.xyz/Pay_CsT1Zfb_notifyurlzfb.html
通知报文：memberid=200423453&orderid=202005221238199848998366&transaction_id=20200522123836999910&amount=1000.0000&datetime=20200522123926&returncode=00&sign=1F30CB5998B3C2603BBFBBEB2BB05443&attach=1234|456
HTTP状态：
返回：ok

【2020-05-22 12:59:25】
订单号：20200522125625575551
通知地址：https://www.100000381.xyz/Pay_CsT1Zfb_notifyurlzfb.html
通知报文：memberid=200423453&orderid=202005221256085698535978&transaction_id=20200522125625575551&amount=5000.0000&datetime=20200522125924&returncode=00&sign=01614F3AF682EAA2D0320AFDB3901544&attach=1234|456
HTTP状态：
返回：ok

【2020-05-22 13:08:40】
订单号：20200522130549100555
通知地址：https://www.100000381.xyz/Pay_CsT1Zfb_notifyurlzfb.html
通知报文：memberid=200423453&orderid=202005221305329997985850&transaction_id=20200522130549100555&amount=1500.0000&datetime=20200522130837&returncode=00&sign=2D594FC764C0B47219CD0CE317701D52&attach=1234|456
HTTP状态：
返回：ok

【2020-05-22 13:09:20】
订单号：20200522130852525010
通知地址：https://www.100000381.xyz/Pay_CsT1Zfb_notifyurlzfb.html
通知报文：memberid=200423453&orderid=202005221308355154971286&transaction_id=20200522130852525010&amount=1986.0000&datetime=20200522130919&returncode=00&sign=5157DA829E36BCAFB315EE8C8F75C538&attach=1234|456
HTTP状态：
返回：ok

【2020-05-22 13:17:50】
订单号：20200522131614101535
通知地址：https://www.100000381.xyz/Pay_CsT1Zfb_notifyurlzfb.html
通知报文：memberid=200423453&orderid=202005221315571005753575&transaction_id=20200522131614101535&amount=1500.0000&datetime=20200522131749&returncode=00&sign=CF57BBDCB82BFCE209907ABC51DF6CF8&attach=1234|456
HTTP状态：
返回：ok

【2020-05-22 13:23:16】
订单号：20200522132200564810
通知地址：https://www.100000381.xyz/Pay_CsT1Zfb_notifyurlzfb.html
通知报文：memberid=200423453&orderid=202005221321435553494556&transaction_id=20200522132200564810&amount=1000.0000&datetime=20200522132314&returncode=00&sign=765DE67AF61B43A30A5590D880747513&attach=1234|456
HTTP状态：
返回：ok

【2020-05-22 13:26:20】
订单号：20200522132449495749
通知地址：https://www.100000381.xyz/Pay_CsT1Zfb_notifyurlzfb.html
通知报文：memberid=200423453&orderid=202005221324324899537528&transaction_id=20200522132449495749&amount=1058.0000&datetime=20200522132617&returncode=00&sign=4F851103A7D7C659C997C9BB12384F4F&attach=1234|456
HTTP状态：
返回：ok

【2020-05-22 13:33:18】
订单号：20200522133217491009
通知地址：https://www.100000381.xyz/Pay_CsT1Zfb_notifyurlzfb.html
通知报文：memberid=200423453&orderid=202005221332014950513064&transaction_id=20200522133217491009&amount=1066.0000&datetime=20200522133314&returncode=00&sign=6C47DB73CB5126CD9B85E2C0827FC964&attach=1234|456
HTTP状态：
返回：ok

【2020-05-22 13:34:51】
订单号：20200522133408489948
通知地址：https://www.100000381.xyz/Pay_CsT1Zfb_notifyurlzfb.html
通知报文：memberid=200423453&orderid=202005221333524848565034&transaction_id=20200522133408489948&amount=1000.0000&datetime=20200522133450&returncode=00&sign=B444B8E818740BADB649E5A86F32771D&attach=1234|456
HTTP状态：
返回：ok

【2020-05-22 13:35:03】
订单号：20200522133342541001
通知地址：https://www.100000381.xyz/Pay_CsT1Zfb_notifyurlzfb.html
通知报文：memberid=200423453&orderid=202005221333265450537100&transaction_id=20200522133342541001&amount=1000.0000&datetime=20200522133459&returncode=00&sign=5EE5571F78CF26724E0A6FE7A1F1908A&attach=1234|456
HTTP状态：
返回：ok

【2020-05-22 13:37:20】
订单号：20200522131650509751
通知地址：https://www.100000381.xyz/Pay_CsT1Zfb_notifyurlzfb.html
通知报文：memberid=200423453&orderid=202005221316334910156188&transaction_id=20200522131650509751&amount=1000.0000&datetime=20200522133719&returncode=00&sign=779730D719B9F6CD036BC78C11F305CC&attach=1234|456
HTTP状态：
返回：ok

【2020-05-22 13:44:45】
订单号：20200522134306975457
通知地址：https://www.100000381.xyz/Pay_CsT1Zfb_notifyurlzfb.html
通知报文：memberid=200423453&orderid=202005221342495797517284&transaction_id=20200522134306975457&amount=1000.0000&datetime=20200522134444&returncode=00&sign=61E495E6D8A7C95B4A3EEDF9D00E7E02&attach=1234|456
HTTP状态：
返回：ok

【2020-05-22 13:47:41】
订单号：20200522134250971014
通知地址：https://www.100000381.xyz/Pay_CsT1Zfb_notifyurlzfb.html
通知报文：memberid=200423453&orderid=202005221342335750506217&transaction_id=20200522134250971014&amount=500.0000&datetime=20200522134736&returncode=00&sign=A26738E822D3F1FD18DC6E5345606DCE&attach=1234|456
HTTP状态：
返回：ok

【2020-05-22 13:49:42】
订单号：20200522134834505110
通知地址：https://www.100000381.xyz/Pay_CsT1Zfb_notifyurlzfb.html
通知报文：memberid=200423453&orderid=202005221348164855546957&transaction_id=20200522134834505110&amount=1001.0000&datetime=20200522134940&returncode=00&sign=CC4113ED54583F0D2CCCD6BE26E45B81&attach=1234|456
HTTP状态：
返回：ok

【2020-05-22 13:53:49】
订单号：20200522135248485048
通知地址：https://www.100000381.xyz/Pay_CsT1Zfb_notifyurlzfb.html
通知报文：memberid=200423453&orderid=202005221352311025352160&transaction_id=20200522135248485048&amount=5000.0000&datetime=20200522135346&returncode=00&sign=79C21CD6653398C3AAFB46E3847EC3EB&attach=1234|456
HTTP状态：
返回：ok

【2020-05-22 13:55:20】
订单号：20200522135348995310
通知地址：https://www.100000381.xyz/Pay_CsT1Zfb_notifyurlzfb.html
通知报文：memberid=200423453&orderid=202005221353319857514095&transaction_id=20200522135348995310&amount=2140.0000&datetime=20200522135518&returncode=00&sign=7609757039CED173BD8087CF7CFBC1C0&attach=1234|456
HTTP状态：
返回：ok

【2020-05-22 14:03:48】
订单号：20200522140209494948
通知地址：https://www.100000381.xyz/Pay_CsT1Zfb_notifyurlzfb.html
通知报文：memberid=200423453&orderid=202005221401524852494318&transaction_id=20200522140209494948&amount=1000.0000&datetime=20200522140347&returncode=00&sign=0C6033BFC9C00B6E2FB3ABA9BEEA5178&attach=1234|456
HTTP状态：
返回：ok

【2020-05-22 14:05:27】
订单号：20200522140430101519
通知地址：https://www.100000381.xyz/Pay_CsT1Zfb_notifyurlzfb.html
通知报文：memberid=200423453&orderid=202005221404131005419361&transaction_id=20200522140430101519&amount=1000.0000&datetime=20200522140526&returncode=00&sign=619DEDA84CB45C801917E6F8471776D0&attach=1234|456
HTTP状态：
返回：ok

【2020-05-22 14:11:03】
订单号：20200522141012525510
通知地址：https://www.100000381.xyz/Pay_CsT1Zfb_notifyurlzfb.html
通知报文：memberid=200423453&orderid=202005221409555198557656&transaction_id=20200522141012525510&amount=1000.0000&datetime=20200522141101&returncode=00&sign=9CEE0CE1091F283D3B60D1EF78FD3424&attach=1234|456
HTTP状态：
返回：ok

【2020-05-22 14:14:18】
订单号：20200522141325534850
通知地址：https://www.100000381.xyz/Pay_CsT1Zfb_notifyurlzfb.html
通知报文：memberid=200423453&orderid=202005221413085251579571&transaction_id=20200522141325534850&amount=1000.0000&datetime=20200522141417&returncode=00&sign=D49865CD91833AE4F2D743F8E9BCFBE1&attach=1234|456
HTTP状态：
返回：ok

【2020-05-22 14:17:58】
订单号：20200522141550545097
通知地址：https://www.100000381.xyz/Pay_CsT1Zfb_notifyurlzfb.html
通知报文：memberid=200423453&orderid=202005221415335353548326&transaction_id=20200522141550545097&amount=1000.0000&datetime=20200522141756&returncode=00&sign=D6A9F6B700E3380AEEF6EB58976BA648&attach=1234|456
HTTP状态：
返回：ok

【2020-05-22 14:20:16】
订单号：20200522141932524954
通知地址：https://www.100000381.xyz/Pay_CsT1Zfb_notifyurlzfb.html
通知报文：memberid=200423453&orderid=202005221419155152569315&transaction_id=20200522141932524954&amount=1000.0000&datetime=20200522142014&returncode=00&sign=A838838066BDFAAB6701351A08E61255&attach=1234|456
HTTP状态：
返回：ok

【2020-05-22 14:20:59】
订单号：20200522142005535550
通知地址：https://www.100000381.xyz/Pay_CsT1Zfb_notifyurlzfb.html
通知报文：memberid=200423453&orderid=202005221419485257998302&transaction_id=20200522142005535550&amount=1000.0000&datetime=20200522142057&returncode=00&sign=34109A73B06E5948A18F02ABCC184ABD&attach=1234|456
HTTP状态：
返回：ok

【2020-05-22 14:23:22】
订单号：20200522142234975449
通知地址：https://www.100000381.xyz/Pay_CsT1Zfb_notifyurlzfb.html
通知报文：memberid=200423453&orderid=202005221422175756981593&transaction_id=20200522142234975449&amount=5000.0000&datetime=20200522142321&returncode=00&sign=647BFA2D52160AEBC30D7CA32DF6295C&attach=1234|456
HTTP状态：
返回：ok

【2020-05-22 14:23:55】
订单号：20200522142240484810
通知地址：https://www.100000381.xyz/Pay_CsT1Zfb_notifyurlzfb.html
通知报文：memberid=200423453&orderid=202005221422231025248661&transaction_id=20200522142240484810&amount=1000.0000&datetime=20200522142355&returncode=00&sign=7720B187EB846AFF472B893583DE4992&attach=1234|456
HTTP状态：
返回：ok

【2020-05-22 14:25:18】
订单号：20200522142433495148
通知地址：https://www.100000381.xyz/Pay_CsT1Zfb_notifyurlzfb.html
通知报文：memberid=200423453&orderid=202005221424164853103636&transaction_id=20200522142433495148&amount=1000.0000&datetime=20200522142517&returncode=00&sign=BC487F853600FD4D9A65427F2E4559B7&attach=1234|456
HTTP状态：
返回：ok

【2020-05-22 14:26:50】
订单号：20200522142557539810
通知地址：https://www.100000381.xyz/Pay_CsT1Zfb_notifyurlzfb.html
通知报文：memberid=200423453&orderid=202005221425415348512499&transaction_id=20200522142557539810&amount=1000.0000&datetime=20200522142649&returncode=00&sign=ECD228880A91501500BE1B201A3D7FDA&attach=1234|456
HTTP状态：
返回：ok

【2020-05-22 14:29:50】
订单号：20200522142839555698
通知地址：https://www.100000381.xyz/Pay_CsT1Zfb_notifyurlzfb.html
通知报文：memberid=200423453&orderid=202005221428225499482625&transaction_id=20200522142839555698&amount=600.0000&datetime=20200522142948&returncode=00&sign=189669EF82D7F73845B91E2D1E4E1956&attach=1234|456
HTTP状态：
返回：ok

【2020-05-22 14:34:19】
订单号：20200522143338509998
通知地址：https://www.100000381.xyz/Pay_CsT1Zfb_notifyurlzfb.html
通知报文：memberid=200423453&orderid=202005221433225048537523&transaction_id=20200522143338509998&amount=1000.0000&datetime=20200522143419&returncode=00&sign=486CCF6EFB3E60030BFE7541BE04814C&attach=1234|456
HTTP状态：
返回：ok

【2020-05-22 14:37:49】
订单号：20200522143640565450
通知地址：https://www.100000381.xyz/Pay_CsT1Zfb_notifyurlzfb.html
通知报文：memberid=200423453&orderid=202005221436235557523289&transaction_id=20200522143640565450&amount=500.0000&datetime=20200522143747&returncode=00&sign=1378E7FB89235142FC3F3C93BFC5F545&attach=1234|456
HTTP状态：
返回：ok

【2020-05-22 14:41:11】
订单号：20200522143812521024
通知地址：https://www.100000381.xyz/Pay_CsT1Zfb_notifyurlzfb.html
通知报文：memberid=200423453&orderid=202005221437565251534766&transaction_id=20200522143812521024&amount=1000.0000&datetime=20200522144109&returncode=00&sign=9071A978DC49A24077E339A6B259CCA2&attach=1234|456
HTTP状态：
返回：ok

【2020-05-22 14:41:28】
订单号：20200522144050505297
通知地址：https://www.100000381.xyz/Pay_CsT1Zfb_notifyurlzfb.html
通知报文：memberid=200423453&orderid=202005221440334955485070&transaction_id=20200522144050505297&amount=500.0000&datetime=20200522144125&returncode=00&sign=399CB332CE1799E46930069F5946EFCA&attach=1234|456
HTTP状态：
返回：ok

【2020-05-22 14:47:20】
订单号：20200522144547985655
通知地址：https://www.100000381.xyz/Pay_CsT1Zfb_notifyurlzfb.html
通知报文：memberid=200423453&orderid=202005221445309798504275&transaction_id=20200522144547985655&amount=4999.0000&datetime=20200522144718&returncode=00&sign=EBE239A4BDC97586EF302F1E3A73AAD8&attach=1234|456
HTTP状态：
返回：ok

【2020-05-22 14:56:44】
订单号：20200522145428525010
通知地址：https://www.100000381.xyz/Pay_CsT1Zfb_notifyurlzfb.html
通知报文：memberid=200423453&orderid=202005221454115153103461&transaction_id=20200522145428525010&amount=1000.0000&datetime=20200522145641&returncode=00&sign=2D31773C4B65EC04CB8CE24381E175C7&attach=1234|456
HTTP状态：
返回：ok

【2020-05-22 15:24:51】
订单号：20200522152337579754
通知地址：https://www.100000381.xyz/Pay_CsT1Zfb_notifyurlzfb.html
通知报文：memberid=200423453&orderid=202005221523205699988341&transaction_id=20200522152337579754&amount=1000.0000&datetime=20200522152450&returncode=00&sign=E3880C082411E293C79C3C7B15304BD3&attach=1234|456
HTTP状态：
返回：ok

【2020-05-22 15:26:53】
订单号：20200522152533100555
通知地址：https://www.100000381.xyz/Pay_CsT1Zfb_notifyurlzfb.html
通知报文：memberid=200423453&orderid=202005221525159857108201&transaction_id=20200522152533100555&amount=2444.0000&datetime=20200522152651&returncode=00&sign=F9484AA9BE5DDB48401E3F5F67F0BEC6&attach=1234|456
HTTP状态：
返回：ok

【2020-05-22 15:32:56】
订单号：20200522152440565055
通知地址：https://www.100000381.xyz/Pay_CsT1Zfb_notifyurlzfb.html
通知报文：memberid=200423453&orderid=202005221524235552104763&transaction_id=20200522152440565055&amount=2000.0000&datetime=20200522153253&returncode=00&sign=A475032174F669A8A3DFF645E0D45E1B&attach=1234|456
HTTP状态：
返回：ok

【2020-05-22 15:35:41】
订单号：20200522153452991024
通知地址：https://www.100000381.xyz/Pay_CsT1Zfb_notifyurlzfb.html
通知报文：memberid=200423453&orderid=202005221534369950502524&transaction_id=20200522153452991024&amount=1000.0000&datetime=20200522153540&returncode=00&sign=58029D9D10BDA8D07E414CFBAB0398C7&attach=1234|456
HTTP状态：
返回：ok

【2020-05-22 15:38:03】
订单号：20200522153530501005
通知地址：https://www.100000381.xyz/Pay_CsT1Zfb_notifyurlzfb.html
通知报文：memberid=200423453&orderid=202005221535145048499455&transaction_id=20200522153530501005&amount=1500.0000&datetime=20200522153801&returncode=00&sign=97CCC8544710EDB7F3D382B364C2E56B&attach=1234|456
HTTP状态：
返回：ok

【2020-05-22 15:53:21】
订单号：20200522155154971015
通知地址：https://www.100000381.xyz/Pay_CsT1Zfb_notifyurlzfb.html
通知报文：memberid=200423453&orderid=202005221551389749483046&transaction_id=20200522155154971015&amount=2000.0000&datetime=20200522155321&returncode=00&sign=0F5644E4DE9DE3763BB5C9902707C794&attach=1234|456
HTTP状态：
返回：ok

【2020-05-22 15:53:40】
订单号：20200522155235515154
通知地址：https://www.100000381.xyz/Pay_CsT1Zfb_notifyurlzfb.html
通知报文：memberid=200423453&orderid=202005221552185054493449&transaction_id=20200522155235515154&amount=500.0000&datetime=20200522155338&returncode=00&sign=9D95EBC93B30244CD34ED82232EE7B25&attach=1234|456
HTTP状态：
返回：ok

【2020-05-22 15:56:21】
订单号：20200522154622101575
通知地址：https://www.100000381.xyz/Pay_CsT1Zfb_notifyurlzfb.html
通知报文：memberid=200423453&orderid=202005221546051009896896&transaction_id=20200522154622101575&amount=1000.0000&datetime=20200522155620&returncode=00&sign=ACA48EACCC23D303ABA1A7D5EDDA1B68&attach=1234|456
HTTP状态：
返回：ok

【2020-05-22 15:56:40】
订单号：20200522155455102501
通知地址：https://www.100000381.xyz/Pay_CsT1Zfb_notifyurlzfb.html
通知报文：memberid=200423453&orderid=202005221554381015214574&transaction_id=20200522155455102501&amount=1039.0000&datetime=20200522155637&returncode=00&sign=255ADF82F3BFA5C0474788B16580AF6F&attach=1234|456
HTTP状态：
返回：ok

【2020-05-22 16:04:20】
订单号：20200522160133100495
通知地址：https://www.100000381.xyz/Pay_CsT1Zfb_notifyurlzfb.html
通知报文：memberid=200423453&orderid=202005221601169951533992&transaction_id=20200522160133100495&amount=1000.0000&datetime=20200522160419&returncode=00&sign=BB9B6CD98B86B5C24211BA26B9553000&attach=1234|456
HTTP状态：
返回：ok

【2020-05-22 16:12:20】
订单号：20200522160940529710
通知地址：https://www.100000381.xyz/Pay_CsT1Zfb_notifyurlzfb.html
通知报文：memberid=200423453&orderid=202005221609235199491687&transaction_id=20200522160940529710&amount=1000.0000&datetime=20200522161218&returncode=00&sign=7F6F3FA35943F0BD48B6B0E233F5AAD4&attach=1234|456
HTTP状态：
返回：ok

【2020-05-22 16:14:55】
订单号：20200522161406101535
通知地址：https://www.100000381.xyz/Pay_CsT1Zfb_notifyurlzfb.html
通知报文：memberid=200423453&orderid=202005221613491005541377&transaction_id=20200522161406101535&amount=1500.0000&datetime=20200522161451&returncode=00&sign=7A6DDB3C04C925343C00996FDB2F5E22&attach=1234|456
HTTP状态：
返回：ok

【2020-05-22 16:18:11】
订单号：20200522161706504998
通知地址：https://www.100000381.xyz/Pay_CsT1Zfb_notifyurlzfb.html
通知报文：memberid=200423453&orderid=202005221616494951515810&transaction_id=20200522161706504998&amount=2000.0000&datetime=20200522161808&returncode=00&sign=C37ADFCBB856E4B75CC882714D3D48E4&attach=1234|456
HTTP状态：
返回：ok

【2020-05-22 16:30:26】
订单号：20200522162847102495
通知地址：https://www.100000381.xyz/Pay_CsT1Zfb_notifyurlzfb.html
通知报文：memberid=200423453&orderid=202005221628301015019717&transaction_id=20200522162847102495&amount=3000.0000&datetime=20200522163022&returncode=00&sign=CD10630DE67F6963694B6E21C8671E62&attach=1234|456
HTTP状态：
返回：ok

【2020-05-22 16:35:01】
订单号：20200522161733100995
通知地址：https://www.100000381.xyz/Pay_CsT1Zfb_notifyurlzfb.html
通知报文：memberid=200423453&orderid=202005221617169910056909&transaction_id=20200522161733100995&amount=1000.0000&datetime=20200522163458&returncode=00&sign=4E9B654256DFF33AE8B5362E896E580F&attach=1234|456
HTTP状态：
返回：ok

【2020-05-22 16:44:02】
订单号：20200522163825495554
通知地址：https://www.100000381.xyz/Pay_CsT1Zfb_notifyurlzfb.html
通知报文：memberid=200423453&orderid=202005221638084856994261&transaction_id=20200522163825495554&amount=1000.0000&datetime=20200522164401&returncode=00&sign=DC0F8FD14E88DC7DD1ECB9D9B1057B32&attach=1234|456
HTTP状态：
返回：ok

【2020-05-22 16:48:11】
订单号：20200522164451519750
通知地址：https://www.100000381.xyz/Pay_CsT1Zfb_notifyurlzfb.html
通知报文：memberid=200423453&orderid=202005221644345098573499&transaction_id=20200522164451519750&amount=1000.0000&datetime=20200522164809&returncode=00&sign=27DE6482DE4421DEE9FC8DB083B6053C&attach=1234|456
HTTP状态：
返回：ok

【2020-05-22 16:57:51】
订单号：20200522165537575052
通知地址：https://www.100000381.xyz/Pay_CsT1Zfb_notifyurlzfb.html
通知报文：memberid=200423453&orderid=202005221655205651535181&transaction_id=20200522165537575052&amount=3000.1000&datetime=20200522165747&returncode=00&sign=2CC638E2FA7A2700CD24F0BFB4A5EBBA&attach=1234|456
HTTP状态：
返回：ok

【2020-05-22 17:32:15】
订单号：20200522173115515453
通知地址：https://www.100000381.xyz/Pay_CsT1Zfb_notifyurlzfb.html
通知报文：memberid=200423453&orderid=202005221730585055485938&transaction_id=20200522173115515453&amount=1000.0000&datetime=20200522173212&returncode=00&sign=1BDB10338F0C38EB44D18F787C0A948D&attach=1234|456
HTTP状态：
返回：ok

【2020-05-22 17:45:21】
订单号：20200522174335555155
通知地址：https://www.100000381.xyz/Pay_CsT1Zfb_notifyurlzfb.html
通知报文：memberid=200423453&orderid=202005221743185452987470&transaction_id=20200522174335555155&amount=500.0000&datetime=20200522174518&returncode=00&sign=C5DF4698EB496172234DA14E7E5619B0&attach=1234|456
HTTP状态：
返回：ok

【2020-05-22 17:45:37】
订单号：20200522174447102499
通知地址：https://www.100000381.xyz/Pay_CsT1Zfb_notifyurlzfb.html
通知报文：memberid=200423453&orderid=202005221744301015056111&transaction_id=20200522174447102499&amount=3588.0000&datetime=20200522174536&returncode=00&sign=E1397EB0AE28235E91B35F871B0E3F5D&attach=1234|456
HTTP状态：
返回：ok

【2020-05-22 18:01:38】
订单号：20200522180039555754
通知地址：https://www.100000381.xyz/Pay_CsT1Zfb_notifyurlzfb.html
通知报文：memberid=200423453&orderid=202005221800225457998709&transaction_id=20200522180039555754&amount=500.0000&datetime=20200522180136&returncode=00&sign=D0B2396AF1443B67B2F4FEE27BDD4CE9&attach=1234|456
HTTP状态：
返回：ok

【2020-05-22 18:06:36】
订单号：20200522175228994854
通知地址：https://www.100000381.xyz/Pay_CsT1Zfb_notifyurlzfb.html
通知报文：memberid=200423453&orderid=202005221752119849997973&transaction_id=20200522175228994854&amount=3000.0000&datetime=20200522180635&returncode=00&sign=0A76F66B319D47D5D967FA257F1C86D4&attach=1234|456
HTTP状态：
返回：ok

【2020-05-22 18:14:00】
订单号：20200522181252529949
通知地址：https://www.100000381.xyz/Pay_CsT1Zfb_notifyurlzfb.html
通知报文：memberid=200423453&orderid=202005221812355199548084&transaction_id=20200522181252529949&amount=500.0000&datetime=20200522181358&returncode=00&sign=4F5D358453F8A8E9BEAB6302A39DF59B&attach=1234|456
HTTP状态：
返回：ok

【2020-05-22 18:14:42】
订单号：20200522181345575053
通知地址：https://www.100000381.xyz/Pay_CsT1Zfb_notifyurlzfb.html
通知报文：memberid=200423453&orderid=202005221813285651517609&transaction_id=20200522181345575053&amount=1000.0000&datetime=20200522181438&returncode=00&sign=D6DA4AFD93C6E845C6596566DDDEF8AE&attach=1234|456
HTTP状态：
返回：ok

【2020-05-22 18:15:40】
订单号：20200522181442505054
通知地址：https://www.100000381.xyz/Pay_CsT1Zfb_notifyurlzfb.html
通知报文：memberid=200423453&orderid=202005221814254951563755&transaction_id=20200522181442505054&amount=3800.0000&datetime=20200522181539&returncode=00&sign=6B01A1044FB636E27B0AFBC36A1A4A14&attach=1234|456
HTTP状态：
返回：ok

【2020-05-22 18:16:18】
订单号：20200522181525100100
通知地址：https://www.100000381.xyz/Pay_CsT1Zfb_notifyurlzfb.html
通知报文：memberid=200423453&orderid=202005221815089910155862&transaction_id=20200522181525100100&amount=500.0000&datetime=20200522181617&returncode=00&sign=B49BB19842044BDD0F406313D1F3EFAB&attach=1234|456
HTTP状态：
返回：ok

【2020-05-22 18:17:03】
订单号：20200522181617491014
通知地址：https://www.100000381.xyz/Pay_CsT1Zfb_notifyurlzfb.html
通知报文：memberid=200423453&orderid=202005221816004810159417&transaction_id=20200522181617491014&amount=1000.0000&datetime=20200522181659&returncode=00&sign=10B224A2AD681AED9FCE8321F417C1FF&attach=1234|456
HTTP状态：
返回：ok

【2020-05-22 18:27:10】
订单号：20200522182449494854
通知地址：https://www.100000381.xyz/Pay_CsT1Zfb_notifyurlzfb.html
通知报文：memberid=200423453&orderid=202005221824324848982887&transaction_id=20200522182449494854&amount=1000.0000&datetime=20200522182708&returncode=00&sign=5477BC508D41E99C8CC3CB874869628F&attach=1234|456
HTTP状态：
返回：ok

【2020-05-22 18:27:45】
订单号：20200522182605100521
通知地址：https://www.100000381.xyz/Pay_CsT1Zfb_notifyurlzfb.html
通知报文：memberid=200423453&orderid=202005221825489953562084&transaction_id=20200522182605100521&amount=4999.0000&datetime=20200522182744&returncode=00&sign=9315D533D0D92BCC70E392B38E47B0D4&attach=1234|456
HTTP状态：
返回：ok

【2020-05-22 18:29:07】
订单号：20200522182821535149
通知地址：https://www.100000381.xyz/Pay_CsT1Zfb_notifyurlzfb.html
通知报文：memberid=200423453&orderid=202005221828045251104479&transaction_id=20200522182821535149&amount=800.0000&datetime=20200522182906&returncode=00&sign=CB4E6D5F8AEEAB428045E6097BD640EB&attach=1234|456
HTTP状态：
返回：ok

【2020-05-22 18:29:14】
订单号：20200522182808561011
通知地址：https://www.100000381.xyz/Pay_CsT1Zfb_notifyurlzfb.html
通知报文：memberid=200423453&orderid=202005221827515648484567&transaction_id=20200522182808561011&amount=2000.0000&datetime=20200522182913&returncode=00&sign=C84EEF32BC6BDE660D23C21A6461F716&attach=1234|456
HTTP状态：
返回：ok

【2020-05-22 18:29:37】
订单号：20200522182848481015
通知地址：https://www.100000381.xyz/Pay_CsT1Zfb_notifyurlzfb.html
通知报文：memberid=200423453&orderid=202005221828311021023388&transaction_id=20200522182848481015&amount=500.0000&datetime=20200522182936&returncode=00&sign=96CCA2A50F220341FD9FA12D8E9A48AD&attach=1234|456
HTTP状态：
返回：ok

【2020-05-22 18:40:32】
订单号：20200522183911102515
通知地址：https://www.100000381.xyz/Pay_CsT1Zfb_notifyurlzfb.html
通知报文：memberid=200423453&orderid=202005221838541015195642&transaction_id=20200522183911102515&amount=500.0000&datetime=20200522184031&returncode=00&sign=7BF2B22D18F0A31A8AD6DE67A44BB9D2&attach=1234|456
HTTP状态：
返回：ok

【2020-05-22 18:40:58】
订单号：20200522183947515199
通知地址：https://www.100000381.xyz/Pay_CsT1Zfb_notifyurlzfb.html
通知报文：memberid=200423453&orderid=202005221839294951109301&transaction_id=20200522183947515199&amount=1000.0000&datetime=20200522184058&returncode=00&sign=D7559979EB2045F2EAFED157D5E107D8&attach=1234|456
HTTP状态：
返回：ok

【2020-05-22 18:45:08】
订单号：20200522184418504856
通知地址：https://www.100000381.xyz/Pay_CsT1Zfb_notifyurlzfb.html
通知报文：memberid=200423453&orderid=202005221844014949577620&transaction_id=20200522184418504856&amount=500.0000&datetime=20200522184504&returncode=00&sign=CDCB5D83A1B86E31429F07BDD45195AB&attach=1234|456
HTTP状态：
返回：ok

【2020-05-22 18:58:14】
订单号：20200522185652525057
通知地址：https://www.100000381.xyz/Pay_CsT1Zfb_notifyurlzfb.html
通知报文：memberid=200423453&orderid=202005221856355150987191&transaction_id=20200522185652525057&amount=4001.0000&datetime=20200522185809&returncode=00&sign=B45A1920326257922562D9EAB15DFB9C&attach=1234|456
HTTP状态：
返回：ok

【2020-05-22 19:04:41】
订单号：20200522185226975398
通知地址：https://www.100000381.xyz/Pay_CsT1Zfb_notifyurlzfb.html
通知报文：memberid=200423453&orderid=202005221852095750101484&transaction_id=20200522185226975398&amount=500.0000&datetime=20200522190438&returncode=00&sign=54C0DC31AB8C261FF62CB8EDABBDD550&attach=1234|456
HTTP状态：
返回：ok

【2020-05-22 19:15:26】
订单号：20200522191334101579
通知地址：https://www.100000381.xyz/Pay_CsT1Zfb_notifyurlzfb.html
通知报文：memberid=200423453&orderid=202005221913171009753528&transaction_id=20200522191334101579&amount=1000.0000&datetime=20200522191525&returncode=00&sign=5346BCD2B44D54F9A4BEBCE81238F45A&attach=1234|456
HTTP状态：
返回：ok

【2020-05-22 19:17:13】
订单号：20200522191551555655
通知地址：https://www.100000381.xyz/Pay_CsT1Zfb_notifyurlzfb.html
通知报文：memberid=200423453&orderid=202005221915345456107564&transaction_id=20200522191551555655&amount=4800.0000&datetime=20200522191712&returncode=00&sign=B023E11A15A1331DCC6954A3769403D9&attach=1234|456
HTTP状态：
返回：ok

【2020-05-22 19:27:16】
订单号：20200522192445100100
通知地址：https://www.100000381.xyz/Pay_CsT1Zfb_notifyurlzfb.html
通知报文：memberid=200423453&orderid=202005221924289910058129&transaction_id=20200522192445100100&amount=1000.0000&datetime=20200522192716&returncode=00&sign=8F6108284F740DC9AA8E41B3A94E28DB&attach=1234|456
HTTP状态：
返回：ok

【2020-05-22 21:30:37】
订单号：20200522212540521011
通知地址：http://app.easy-stock.pw/index/pay/xun_notify.html
通知报文：memberid=200542507&orderid=116791590153940174868&transaction_id=20200522212540521011&amount=308.0000&datetime=20200522213037&returncode=00&sign=22A6286A49513CDAB10BF897923D2677&attach=11679_江兰伟
HTTP状态：
返回：error:appid

【2020-05-22 21:34:19】
订单号：20200522212540521011
通知地址：http://app.easy-stock.pw/index/pay/xun_notify.html
通知报文：memberid=200542507&orderid=116791590153940174868&transaction_id=20200522212540521011&amount=308.0000&datetime=20200522213418&returncode=00&sign=7847D4DAAFADC92CE32EC2B360CD9ECA&attach=11679_江兰伟
HTTP状态：
返回：error:appid

【2020-05-22 21:42:13】
订单号：20200522213150545154
通知地址：http://app.easy-stock.pw/index/pay/xun_notify.html
通知报文：memberid=200542507&orderid=116791590154310168560&transaction_id=20200522213150545154&amount=505.0000&datetime=20200522214213&returncode=00&sign=7B7F2AB9F6154DBA1C5144F4AEA0F990&attach=11679_江兰伟
HTTP状态：
返回：OK

【2020-05-22 21:42:22】
订单号：20200522212540521011
通知地址：http://app.easy-stock.pw/index/pay/xun_notify.html
通知报文：memberid=200542507&orderid=116791590153940174868&transaction_id=20200522212540521011&amount=308.0000&datetime=20200522214222&returncode=00&sign=7F8DA4F964EC4C2722C7EB7F142EEA61&attach=11679_江兰伟
HTTP状态：
返回：OK

