【2020-06-20 01:05:52】
订单号：20200620010533100101
通知地址：http://pay.yanwujing.cn/callback.php
通知报文：memberid=200681214&orderid=I1592586333063&transaction_id=20200620010533100101&amount=5000.0000&datetime=20200620010552&returncode=00&sign=9C3003BB3DC75016661090DFE55FB8D5&attach=200681214
HTTP状态：
返回：ok

【2020-06-20 01:20:49】
订单号：20200620012029100995
通知地址：http://pay.yanwujing.cn/callback.php
通知报文：memberid=200681214&orderid=G1592587228887&transaction_id=20200620012029100995&amount=5000.0000&datetime=20200620012049&returncode=00&sign=045F72E88BF6970AA8E5F5D6C44BE4CF&attach=200681214
HTTP状态：
返回：ok

【2020-06-20 01:31:16】
订单号：20200620013051985453
通知地址：http://pay.yanwujing.cn/callback.php
通知报文：memberid=200681214&orderid=B1592587850504&transaction_id=20200620013051985453&amount=5000.0000&datetime=20200620013116&returncode=00&sign=459F2CB78F1B5EF92E999CEB6D0B698A&attach=200681214
HTTP状态：
返回：ok

【2020-06-20 01:44:14】
订单号：20200620014358101535
通知地址：http://pay.yanwujing.cn/callback.php
通知报文：memberid=200681214&orderid=I1592588637420&transaction_id=20200620014358101535&amount=3000.0000&datetime=20200620014414&returncode=00&sign=B87D5D5A6172D37DA07D8B5C97E4488B&attach=200681214
HTTP状态：
返回：ok

【2020-06-20 02:01:17】
订单号：20200620020051515350
通知地址：http://pay.yanwujing.cn/callback.php
通知报文：memberid=200681214&orderid=H1592589650331&transaction_id=20200620020051515350&amount=5000.0000&datetime=20200620020117&returncode=00&sign=3A06418F78EE40A9B15BF10C2EA85238&attach=200681214
HTTP状态：
返回：ok

【2020-06-20 02:10:18】
订单号：20200620020953495749
通知地址：http://pay.yanwujing.cn/callback.php
通知报文：memberid=200681214&orderid=J1592590192660&transaction_id=20200620020953495749&amount=3000.0000&datetime=20200620021018&returncode=00&sign=BB5E441E1F7693925CA9D3D03DBCE76D&attach=200681214
HTTP状态：
返回：ok

【2020-06-20 02:39:39】
订单号：20200620023924995750
通知地址：http://pay.yanwujing.cn/callback.php
通知报文：memberid=200681214&orderid=E1592591963569&transaction_id=20200620023924995750&amount=5000.0000&datetime=20200620023939&returncode=00&sign=EE4D16D2F6FD4FB5AF36EA3BF8539075&attach=200681214
HTTP状态：
返回：ok

【2020-06-20 02:43:30】
订单号：20200620024312489810
通知地址：http://pay.yanwujing.cn/callback.php
通知报文：memberid=200681214&orderid=J1592592191824&transaction_id=20200620024312489810&amount=5000.0000&datetime=20200620024330&returncode=00&sign=8092BFB59D5D9DD15E04A552561953EF&attach=200681214
HTTP状态：
返回：ok

【2020-06-20 02:46:35】
订单号：20200620024611515157
通知地址：http://pay.yanwujing.cn/callback.php
通知报文：memberid=200681214&orderid=E1592592370209&transaction_id=20200620024611515157&amount=10000.0000&datetime=20200620024635&returncode=00&sign=63D3C8AFF52FEB7201544F2F24166785&attach=200681214
HTTP状态：
返回：ok

【2020-06-20 02:51:56】
订单号：20200620025139981014
通知地址：http://pay.yanwujing.cn/callback.php
通知报文：memberid=200681214&orderid=E1592592698888&transaction_id=20200620025139981014&amount=3000.0000&datetime=20200620025156&returncode=00&sign=6339AABBB16F5DDECD766C1A4013A9C0&attach=200681214
HTTP状态：
返回：ok

【2020-06-20 02:55:12】
订单号：20200620025445539999
通知地址：http://pay.yanwujing.cn/callback.php
通知报文：memberid=200681214&orderid=B1592592884880&transaction_id=20200620025445539999&amount=2000.0000&datetime=20200620025512&returncode=00&sign=19723F8345E6E2C5CDECBDD8293199FB&attach=200681214
HTTP状态：
返回：ok

【2020-06-20 02:56:07】
订单号：20200620025549535110
通知地址：http://pay.yanwujing.cn/callback.php
通知报文：memberid=200681214&orderid=B1592592948295&transaction_id=20200620025549535110&amount=5000.0000&datetime=20200620025607&returncode=00&sign=FB65EB5C47CD58DD8B71507D90657E50&attach=200681214
HTTP状态：
返回：ok

【2020-06-20 03:00:53】
订单号：20200620030038545798
通知地址：http://pay.yanwujing.cn/callback.php
通知报文：memberid=200681214&orderid=D1592593237676&transaction_id=20200620030038545798&amount=3000.0000&datetime=20200620030053&returncode=00&sign=83A7CA2D210B44F3829EF8AE17C20795&attach=200681214
HTTP状态：
返回：ok

【2020-06-20 14:43:09】
订单号：20200620144247559954
通知地址：http://pay.yanwujing.cn/callback.php
通知报文：memberid=200681214&orderid=C1592635399523&transaction_id=20200620144247559954&amount=7000.0000&datetime=20200620144309&returncode=00&sign=415E7C6B53E67EBD5C1C2AAE3250DF4F&attach=200681214
HTTP状态：
返回：ok

【2020-06-20 14:47:25】
订单号：20200620144652995253
通知地址：http://pay.yanwujing.cn/callback.php
通知报文：memberid=200681214&orderid=C1592635643923&transaction_id=20200620144652995253&amount=5000.0000&datetime=20200620144724&returncode=00&sign=9BE8BBEEF1F0EE5A869173378917A386&attach=200681214
HTTP状态：
返回：ok

【2020-06-20 14:48:50】
订单号：20200620144757100995
通知地址：http://pay.yanwujing.cn/callback.php
通知报文：memberid=200681214&orderid=J1592635709538&transaction_id=20200620144757100995&amount=10000.0000&datetime=20200620144850&returncode=00&sign=6FF95DCE6FD96409293835F3E67DC2B2&attach=200681214
HTTP状态：
返回：ok

【2020-06-20 14:53:26】
订单号：20200620145228995049
通知地址：http://pay.yanwujing.cn/callback.php
通知报文：memberid=200681214&orderid=B1592635979842&transaction_id=20200620145228995049&amount=3000.0000&datetime=20200620145326&returncode=00&sign=A164D2AC7B214536E2A80A178345FDF0&attach=200681214
HTTP状态：
返回：ok

【2020-06-20 14:55:42】
订单号：20200620145434975554
通知地址：http://pay.yanwujing.cn/callback.php
通知报文：memberid=200681214&orderid=I1592636106210&transaction_id=20200620145434975554&amount=8000.0000&datetime=20200620145542&returncode=00&sign=E1C3D3E6B74DFEE1D9BAEAB900469F72&attach=200681214
HTTP状态：
返回：ok

【2020-06-20 14:59:43】
订单号：20200620145907985155
通知地址：http://pay.yanwujing.cn/callback.php
通知报文：memberid=200681214&orderid=C1592636378842&transaction_id=20200620145907985155&amount=10000.0000&datetime=20200620145943&returncode=00&sign=3F63C23C298F74286B55BCB041B9EEA1&attach=200681214
HTTP状态：
返回：ok

【2020-06-20 15:01:08】
订单号：20200620150048485551
通知地址：http://pay.yanwujing.cn/callback.php
通知报文：memberid=200681214&orderid=J1592636480154&transaction_id=20200620150048485551&amount=5000.0000&datetime=20200620150108&returncode=00&sign=2EC84CD73EBB073416DD2C70170E02CB&attach=200681214
HTTP状态：
返回：ok

【2020-06-20 15:20:10】
订单号：20200620151957100971
通知地址：http://pay.yanwujing.cn/callback.php
通知报文：memberid=200681214&orderid=D1592637596345&transaction_id=20200620151957100971&amount=4000.0000&datetime=20200620152010&returncode=00&sign=DF8940E781C302DA6D6A7D9B99BCBFE6&attach=200681214
HTTP状态：
返回：ok

【2020-06-20 15:20:45】
订单号：20200620152011985055
通知地址：http://pay.yanwujing.cn/callback.php
通知报文：memberid=200681214&orderid=H1592637642895&transaction_id=20200620152011985055&amount=8000.0000&datetime=20200620152045&returncode=00&sign=FC73C5D9FB2358847143B1EB12BFA7F6&attach=200681214
HTTP状态：
返回：ok

【2020-06-20 15:21:15】
订单号：20200620152037539851
通知地址：http://pay.yanwujing.cn/callback.php
通知报文：memberid=200681214&orderid=G1592637669445&transaction_id=20200620152037539851&amount=7000.0000&datetime=20200620152115&returncode=00&sign=70CA75804797BA5E5CB3C125BE80265A&attach=200681214
HTTP状态：
返回：ok

【2020-06-20 15:22:20】
订单号：20200620152210505599
通知地址：http://pay.yanwujing.cn/callback.php
通知报文：memberid=200681214&orderid=B1592637729120&transaction_id=20200620152210505599&amount=500.0000&datetime=20200620152220&returncode=00&sign=48AC48DAF69CB37805EAD7C852B45956&attach=200681214
HTTP状态：
返回：ok

【2020-06-20 15:22:30】
订单号：20200620152206101565
通知地址：http://pay.yanwujing.cn/callback.php
通知报文：memberid=200681214&orderid=G1592637758291&transaction_id=20200620152206101565&amount=5000.0000&datetime=20200620152230&returncode=00&sign=28A992C8067C0F9BD91F82A5B3034194&attach=200681214
HTTP状态：
返回：ok

【2020-06-20 15:22:52】
订单号：20200620152240485756
通知地址：http://pay.yanwujing.cn/callback.php
通知报文：memberid=200681214&orderid=F1592637759240&transaction_id=20200620152240485756&amount=5000.0000&datetime=20200620152252&returncode=00&sign=9F8EF2661ADCCCD0FB2BF65CF238AC4E&attach=200681214
HTTP状态：
返回：ok

【2020-06-20 15:23:26】
订单号：20200620152314505149
通知地址：http://pay.yanwujing.cn/callback.php
通知报文：memberid=200681214&orderid=F1592637792777&transaction_id=20200620152314505149&amount=2500.0000&datetime=20200620152326&returncode=00&sign=CB960C35B53002A8DED5A99C4F59DF41&attach=200681214
HTTP状态：
返回：ok

【2020-06-20 15:24:16】
订单号：20200620152326101539
通知地址：http://pay.yanwujing.cn/callback.php
通知报文：memberid=200681214&orderid=D1592637838039&transaction_id=20200620152326101539&amount=8000.0000&datetime=20200620152416&returncode=00&sign=DED79EAFB30038F3AFDE33A123B72F64&attach=200681214
HTTP状态：
返回：ok

【2020-06-20 15:24:51】
订单号：20200620152435515050
通知地址：http://pay.yanwujing.cn/callback.php
通知报文：memberid=200681214&orderid=I1592637873736&transaction_id=20200620152435515050&amount=8000.0000&datetime=20200620152451&returncode=00&sign=3097E93755DCA64CFEC86BABA04FCE14&attach=200681214
HTTP状态：
返回：ok

【2020-06-20 15:25:26】
订单号：20200620152501100559
通知地址：http://pay.yanwujing.cn/callback.php
通知报文：memberid=200681214&orderid=G1592637933244&transaction_id=20200620152501100559&amount=2000.0000&datetime=20200620152526&returncode=00&sign=CBB4912587128435B64931D6F8968E69&attach=200681214
HTTP状态：
返回：ok

【2020-06-20 15:26:07】
订单号：20200620152543555052
通知地址：http://pay.yanwujing.cn/callback.php
通知报文：memberid=200681214&orderid=C1592637974883&transaction_id=20200620152543555052&amount=6000.0000&datetime=20200620152607&returncode=00&sign=C9AD5B99E10681E9B1F0E9A348AC8E03&attach=200681214
HTTP状态：
返回：ok

【2020-06-20 15:27:07】
订单号：20200620152652995398
通知地址：http://pay.yanwujing.cn/callback.php
通知报文：memberid=200681214&orderid=C1592638044114&transaction_id=20200620152652995398&amount=4000.0000&datetime=20200620152707&returncode=00&sign=5A27A87DAA2C2F399A6D462DF718C83F&attach=200681214
HTTP状态：
返回：ok

【2020-06-20 15:27:51】
订单号：20200620152719555397
通知地址：http://pay.yanwujing.cn/callback.php
通知报文：memberid=200681214&orderid=H1592638071107&transaction_id=20200620152719555397&amount=10000.0000&datetime=20200620152751&returncode=00&sign=A5D4ABD7148D58A6BF834A3077755AAB&attach=200681214
HTTP状态：
返回：ok

【2020-06-20 15:28:32】
订单号：20200620152806541004
通知地址：http://pay.yanwujing.cn/callback.php
通知报文：memberid=200681214&orderid=H1592638118585&transaction_id=20200620152806541004&amount=2000.0000&datetime=20200620152832&returncode=00&sign=579507FB8A8E2E5774BCB1AFF5FE260D&attach=200681214
HTTP状态：
返回：ok

【2020-06-20 15:29:37】
订单号：20200620152913575150
通知地址：http://pay.yanwujing.cn/callback.php
通知报文：memberid=200681214&orderid=F1592638184948&transaction_id=20200620152913575150&amount=5000.0000&datetime=20200620152937&returncode=00&sign=8FC7FD99EB26AEBE4EE7C92D7337E98E&attach=200681214
HTTP状态：
返回：ok

【2020-06-20 15:30:17】
订单号：20200620152951102529
通知地址：http://pay.yanwujing.cn/callback.php
通知报文：memberid=200681214&orderid=I1592638223040&transaction_id=20200620152951102529&amount=4000.0000&datetime=20200620153017&returncode=00&sign=604FE1E4211B523C3AC5059CE4D3A292&attach=200681214
HTTP状态：
返回：ok

【2020-06-20 15:30:57】
订单号：20200620153036995649
通知地址：http://pay.yanwujing.cn/callback.php
通知报文：memberid=200681214&orderid=D1592638268267&transaction_id=20200620153036995649&amount=2000.0000&datetime=20200620153057&returncode=00&sign=57276BC4A08D78479AE6BF1BF2ADA8BE&attach=200681214
HTTP状态：
返回：ok

【2020-06-20 15:33:18】
订单号：20200620153109100535
通知地址：http://pay.yanwujing.cn/callback.php
通知报文：memberid=200681214&orderid=F1592638301092&transaction_id=20200620153109100535&amount=4000.0000&datetime=20200620153318&returncode=00&sign=881F8A91B79FDBA483E726ACB6264DAA&attach=200681214
HTTP状态：
返回：ok

【2020-06-20 15:42:15】
订单号：20200620152125534951
通知地址：http://pay.yanwujing.cn/callback.php
通知报文：memberid=200681214&orderid=D1592637716809&transaction_id=20200620152125534951&amount=10000.0000&datetime=20200620154215&returncode=00&sign=F42AA3EBC3F13848BC145D06BA33A760&attach=200681214
HTTP状态：
返回：ok

【2020-06-20 18:08:33】
订单号：20200620180410975452
通知地址：http://pay.yanwujing.cn/callback.php
通知报文：memberid=200678139&orderid=J1592647482160&transaction_id=20200620180410975452&amount=1000.0000&datetime=20200620180833&returncode=00&sign=C5A34E894372FA5649ACCD8BD82977E2&attach=200678139
HTTP状态：
返回：ok

【2020-06-20 18:18:35】
订单号：20200620181531515310
通知地址：http://pay.yanwujing.cn/callback.php
通知报文：memberid=200678139&orderid=J1592648163136&transaction_id=20200620181531515310&amount=1500.0000&datetime=20200620181835&returncode=00&sign=40BC6A749DB6E25B2E379B55D8F75D9E&attach=200678139
HTTP状态：
返回：ok

【2020-06-20 18:28:00】
订单号：20200620182507519849
通知地址：http://pay.yanwujing.cn/callback.php
通知报文：memberid=200678139&orderid=H1592648739463&transaction_id=20200620182507519849&amount=2000.0000&datetime=20200620182800&returncode=00&sign=7D383866F0D66FD8D5FF920B82B65DF6&attach=200678139
HTTP状态：
返回：ok

【2020-06-20 18:32:14】
订单号：20200620182934101555
通知地址：http://pay.yanwujing.cn/callback.php
通知报文：memberid=200678139&orderid=E1592649006208&transaction_id=20200620182934101555&amount=1500.0000&datetime=20200620183214&returncode=00&sign=E98605B2449758EA6375AE3A60B21578&attach=200678139
HTTP状态：
返回：ok

【2020-06-20 18:35:06】
订单号：20200620183230101484
通知地址：http://pay.yanwujing.cn/callback.php
通知报文：memberid=200678139&orderid=G1592649181743&transaction_id=20200620183230101484&amount=500.0000&datetime=20200620183506&returncode=00&sign=1087B32713945D5F9477A53877CFAD13&attach=200678139
HTTP状态：
返回：ok

【2020-06-20 18:42:31】
订单号：20200620184000484850
通知地址：http://pay.yanwujing.cn/callback.php
通知报文：memberid=200678139&orderid=A1592649631743&transaction_id=20200620184000484850&amount=1000.0000&datetime=20200620184231&returncode=00&sign=D9BFCCC39B9F24EB093E2D7E40A9D951&attach=200678139
HTTP状态：
返回：ok

【2020-06-20 18:50:37】
订单号：20200620184725100991
通知地址：http://pay.yanwujing.cn/callback.php
通知报文：memberid=200678139&orderid=D1592650077606&transaction_id=20200620184725100991&amount=5000.0000&datetime=20200620185037&returncode=00&sign=81D8214433985B7D82717B3EB1C7FC26&attach=200678139
HTTP状态：
返回：ok

【2020-06-20 19:04:37】
订单号：20200620190119102984
通知地址：http://pay.yanwujing.cn/callback.php
通知报文：memberid=200678139&orderid=E1592650911487&transaction_id=20200620190119102984&amount=500.0000&datetime=20200620190437&returncode=00&sign=5061965B60041D9A34AFC610859F3D4F&attach=200678139
HTTP状态：
返回：ok

【2020-06-20 19:12:33】
订单号：20200620190938505454
通知地址：http://pay.yanwujing.cn/callback.php
通知报文：memberid=200678139&orderid=E1592651410181&transaction_id=20200620190938505454&amount=2500.0000&datetime=20200620191233&returncode=00&sign=6555F9177E45AA6B78562E36307E9476&attach=200678139
HTTP状态：
返回：ok

【2020-06-20 19:38:36】
订单号：20200620150459985355
通知地址：http://pay.yanwujing.cn/callback.php
通知报文：memberid=200668573&orderid=F1592636697968&transaction_id=20200620150459985355&amount=2500.0000&datetime=20200620193836&returncode=00&sign=A115FBF7151C9132AE441C6456CE53D0&attach=200668573
HTTP状态：
返回：ok

【2020-06-20 19:42:12】
订单号：20200620193556994897
通知地址：http://pay.yanwujing.cn/callback.php
通知报文：memberid=200678139&orderid=A1592652987829&transaction_id=20200620193556994897&amount=500.0000&datetime=20200620194212&returncode=00&sign=01828683AE6ADE86470DA0A912EB7EFE&attach=200678139
HTTP状态：
返回：ok

【2020-06-20 20:21:49】
订单号：20200620201842505610
通知地址：http://pay.yanwujing.cn/callback.php
通知报文：memberid=200678139&orderid=G1592655554370&transaction_id=20200620201842505610&amount=1000.0000&datetime=20200620202149&returncode=00&sign=23A09FB7B19E74B8EA5E36FBD3E67DF5&attach=200678139
HTTP状态：
返回：ok

【2020-06-20 20:47:31】
订单号：20200620204441579798
通知地址：http://pay.yanwujing.cn/callback.php
通知报文：memberid=200678139&orderid=F1592657113488&transaction_id=20200620204441579798&amount=1000.0000&datetime=20200620204731&returncode=00&sign=54F7068F099818C7F6D8BAA2B3026819&attach=200678139
HTTP状态：
返回：ok

【2020-06-20 20:55:31】
订单号：20200620205518545154
通知地址：http://pay1.4001cdn.com/DTPP/Money_27117/ServerCallback
通知报文：memberid=200694197&orderid=63614989&transaction_id=20200620205518545154&amount=200.0000&datetime=20200620205529&returncode=00&sign=E5149CD6B1E98CA3BEEBF609BECE38C8&attach=
HTTP状态：
返回：OK

【2020-06-20 20:56:15】
订单号：20200620205601495649
通知地址：http://pay1.4001cdn.com/DTPP/Money_27117/ServerCallback
通知报文：memberid=200694197&orderid=63615048&transaction_id=20200620205601495649&amount=1000.0000&datetime=20200620205613&returncode=00&sign=7C73A8E0FBC00FCC527FF3D95DB06381&attach=
HTTP状态：
返回：OK

【2020-06-20 20:58:31】
订单号：20200620205821100511
通知地址：http://pay1.4001cdn.com/DTPP/Money_27117/ServerCallback
通知报文：memberid=200694197&orderid=63615221&transaction_id=20200620205821100511&amount=200.0000&datetime=20200620205831&returncode=00&sign=6C953B3C7A75407EC6A6C239DD0C4897&attach=
HTTP状态：
返回：OK

【2020-06-20 20:58:44】
订单号：20200620205835985653
通知地址：http://pay1.4001cdn.com/DTPP/Money_27117/ServerCallback
通知报文：memberid=200694197&orderid=63615242&transaction_id=20200620205835985653&amount=200.0000&datetime=20200620205844&returncode=00&sign=97A6E41445FD72A9D9976DD034F35E37&attach=
HTTP状态：
返回：OK

【2020-06-20 20:59:06】
订单号：20200620205856485449
通知地址：http://pay1.4001cdn.com/DTPP/Money_27117/ServerCallback
通知报文：memberid=200694197&orderid=63615279&transaction_id=20200620205856485449&amount=200.0000&datetime=20200620205904&returncode=00&sign=4EBAB5A4DDD463A262D79C19C68F8A16&attach=
HTTP状态：
返回：OK

【2020-06-20 20:59:24】
订单号：20200620205914505551
通知地址：http://pay1.4001cdn.com/DTPP/Money_27117/ServerCallback
通知报文：memberid=200694197&orderid=63615313&transaction_id=20200620205914505551&amount=200.0000&datetime=20200620205924&returncode=00&sign=41D2D63D0D5E96F9A952A78E8C744E04&attach=
HTTP状态：
返回：OK

【2020-06-20 20:59:29】
订单号：20200620205918549752
通知地址：http://pay1.4001cdn.com/DTPP/Money_27117/ServerCallback
通知报文：memberid=200694197&orderid=63615322&transaction_id=20200620205918549752&amount=200.0000&datetime=20200620205929&returncode=00&sign=A3CB15664EEABEDC38E425BC7138A0E5&attach=
HTTP状态：
返回：OK

【2020-06-20 21:00:31】
订单号：20200620210020529799
通知地址：http://pay1.4001cdn.com/DTPP/Money_27117/ServerCallback
通知报文：memberid=200694197&orderid=63615408&transaction_id=20200620210020529799&amount=1000.0000&datetime=20200620210030&returncode=00&sign=03EB33242B5A95BB3FC8BAD029A0D8B2&attach=
HTTP状态：
返回：OK

【2020-06-20 21:01:38】
订单号：20200620210128565499
通知地址：http://pay1.4001cdn.com/DTPP/Money_27117/ServerCallback
通知报文：memberid=200694197&orderid=63615502&transaction_id=20200620210128565499&amount=500.0000&datetime=20200620210138&returncode=00&sign=555D1BC597B9DD1C7ECDF234CE42AD20&attach=
HTTP状态：
返回：OK

【2020-06-20 21:04:47】
订单号：20200620210433494810
通知地址：http://pay1.4001cdn.com/DTPP/Money_27117/ServerCallback
通知报文：memberid=200694197&orderid=63615712&transaction_id=20200620210433494810&amount=300.0000&datetime=20200620210442&returncode=00&sign=53AAEC8DB80EE95C9144724E3F2096AD&attach=
HTTP状态：
返回：OK

【2020-06-20 21:04:50】
订单号：20200620210433494810
通知地址：http://pay1.4001cdn.com/DTPP/Money_27117/ServerCallback
通知报文：memberid=200694197&orderid=63615712&transaction_id=20200620210433494810&amount=300.0000&datetime=20200620210447&returncode=00&sign=663C195E42C2B6CAC3A1B33C35F540DD&attach=
HTTP状态：
返回：OK

【2020-06-20 21:05:26】
订单号：20200620210516995051
通知地址：http://pay1.4001cdn.com/DTPP/Money_27117/ServerCallback
通知报文：memberid=200694197&orderid=63615773&transaction_id=20200620210516995051&amount=500.0000&datetime=20200620210525&returncode=00&sign=6EDE842206D0153413465F57460C4BE7&attach=
HTTP状态：
返回：OK

【2020-06-20 21:06:06】
订单号：20200620210555511005
通知地址：http://pay1.4001cdn.com/DTPP/Money_27117/ServerCallback
通知报文：memberid=200694197&orderid=63615836&transaction_id=20200620210555511005&amount=300.0000&datetime=20200620210604&returncode=00&sign=7526A88C9CBC28A2F43DA082C5FB7344&attach=
HTTP状态：
返回：OK

【2020-06-20 21:06:08】
订单号：20200620210532999750
通知地址：http://pay1.4001cdn.com/DTPP/Money_27117/ServerCallback
通知报文：memberid=200694197&orderid=63615783&transaction_id=20200620210532999750&amount=900.0000&datetime=20200620210608&returncode=00&sign=C333E4FC94DDD6BFCF012624318CD8E4&attach=
HTTP状态：
返回：OK

【2020-06-20 21:06:49】
订单号：20200620210638101554
通知地址：http://pay1.4001cdn.com/DTPP/Money_27117/ServerCallback
通知报文：memberid=200694197&orderid=63615892&transaction_id=20200620210638101554&amount=300.0000&datetime=20200620210648&returncode=00&sign=19702F346F9C70FC66C5EFA7DE190311&attach=
HTTP状态：
返回：OK

【2020-06-20 21:06:59】
订单号：20200620210645535054
通知地址：http://pay1.4001cdn.com/DTPP/Money_27117/ServerCallback
通知报文：memberid=200694197&orderid=63615905&transaction_id=20200620210645535054&amount=301.0000&datetime=20200620210658&returncode=00&sign=7DA9EB38003D129E5400C83DD96592A0&attach=
HTTP状态：
返回：OK

【2020-06-20 21:07:25】
订单号：20200620210706974950
通知地址：http://pay1.4001cdn.com/DTPP/Money_27117/ServerCallback
通知报文：memberid=200694197&orderid=63615937&transaction_id=20200620210706974950&amount=300.0000&datetime=20200620210723&returncode=00&sign=5EE5DB6E930B78BFA46EE94D887EAA84&attach=
HTTP状态：
返回：OK

【2020-06-20 21:08:11】
订单号：20200620210759102485
通知地址：http://pay1.4001cdn.com/DTPP/Money_27117/ServerCallback
通知报文：memberid=200694197&orderid=63616004&transaction_id=20200620210759102485&amount=300.0000&datetime=20200620210811&returncode=00&sign=1E69AF87739A12122EA07790012F064E&attach=
HTTP状态：
返回：OK

【2020-06-20 21:08:32】
订单号：20200620210820521015
通知地址：http://pay1.4001cdn.com/DTPP/Money_27117/ServerCallback
通知报文：memberid=200694197&orderid=63616034&transaction_id=20200620210820521015&amount=300.0000&datetime=20200620210832&returncode=00&sign=61B503DFD879D5967EC78ADE7619DCC0&attach=
HTTP状态：
返回：OK

【2020-06-20 21:08:35】
订单号：20200620210825579899
通知地址：http://pay1.4001cdn.com/DTPP/Money_27117/ServerCallback
通知报文：memberid=200694197&orderid=63616039&transaction_id=20200620210825579899&amount=1000.0000&datetime=20200620210834&returncode=00&sign=EF5C27EF3111C8A3E05C06362ABCB42B&attach=
HTTP状态：
返回：OK

【2020-06-20 21:09:40】
订单号：20200620210927551015
通知地址：http://pay1.4001cdn.com/DTPP/Money_27117/ServerCallback
通知报文：memberid=200694197&orderid=63616143&transaction_id=20200620210927551015&amount=500.0000&datetime=20200620210939&returncode=00&sign=EC91C281F4EE96A7470D1D5CA47CDF0B&attach=
HTTP状态：
返回：OK

【2020-06-20 21:09:48】
订单号：20200620210935102100
通知地址：http://pay1.4001cdn.com/DTPP/Money_27117/ServerCallback
通知报文：memberid=200694197&orderid=63616155&transaction_id=20200620210935102100&amount=302.0000&datetime=20200620210945&returncode=00&sign=F24BE9B90D5DC15479889818670D3D14&attach=
HTTP状态：
返回：OK

【2020-06-20 21:09:55】
订单号：20200620210947981015
通知地址：http://pay1.4001cdn.com/DTPP/Money_27117/ServerCallback
通知报文：memberid=200694197&orderid=63616176&transaction_id=20200620210947981015&amount=500.0000&datetime=20200620210954&returncode=00&sign=DD6864870D23E6900FC0C3A350579521&attach=
HTTP状态：
返回：OK

【2020-06-20 21:10:05】
订单号：20200620210955515048
通知地址：http://pay1.4001cdn.com/DTPP/Money_27117/ServerCallback
通知报文：memberid=200694197&orderid=63616191&transaction_id=20200620210955515048&amount=300.0000&datetime=20200620211004&returncode=00&sign=014743DCA59D93FECD6C9072E1CD9F3D&attach=
HTTP状态：
返回：OK

【2020-06-20 21:11:27】
订单号：20200620211103555257
通知地址：http://pay1.4001cdn.com/DTPP/Money_27117/ServerCallback
通知报文：memberid=200694197&orderid=63616291&transaction_id=20200620211103555257&amount=300.0000&datetime=20200620211126&returncode=00&sign=22ECC1A4E0DFE0519FDB5AFBFDBE4643&attach=
HTTP状态：
返回：OK

【2020-06-20 21:11:37】
订单号：20200620211126101574
通知地址：http://pay1.4001cdn.com/DTPP/Money_27117/ServerCallback
通知报文：memberid=200694197&orderid=63616334&transaction_id=20200620211126101574&amount=300.0000&datetime=20200620211136&returncode=00&sign=49F1F138F8C41B604BA1629B564C3F7B&attach=
HTTP状态：
返回：OK

【2020-06-20 21:11:54】
订单号：20200620211131511015
通知地址：http://pay1.4001cdn.com/DTPP/Money_27117/ServerCallback
通知报文：memberid=200694197&orderid=63616343&transaction_id=20200620211131511015&amount=600.0000&datetime=20200620211154&returncode=00&sign=8B87536AAAAB83BFCA6C5DDB5214DFD4&attach=
HTTP状态：
返回：OK

【2020-06-20 21:11:55】
订单号：20200620211145494952
通知地址：http://pay1.4001cdn.com/DTPP/Money_27117/ServerCallback
通知报文：memberid=200694197&orderid=63616364&transaction_id=20200620211145494952&amount=300.0000&datetime=20200620211155&returncode=00&sign=687813741407D80214DE2E75E936A031&attach=
HTTP状态：
返回：OK

【2020-06-20 21:12:08】
订单号：20200620211154975498
通知地址：http://pay1.4001cdn.com/DTPP/Money_27117/ServerCallback
通知报文：memberid=200694197&orderid=63616388&transaction_id=20200620211154975498&amount=300.0000&datetime=20200620211208&returncode=00&sign=5618D5AA3F4BBD0E7471043E1033023D&attach=
HTTP状态：
返回：OK

【2020-06-20 21:12:33】
订单号：20200620211223555552
通知地址：http://pay1.4001cdn.com/DTPP/Money_27117/ServerCallback
通知报文：memberid=200694197&orderid=63616434&transaction_id=20200620211223555552&amount=300.0000&datetime=20200620211232&returncode=00&sign=6D5AD12AC9A79642AAC765B258D1F064&attach=
HTTP状态：
返回：OK

【2020-06-20 21:14:48】
订单号：20200620211440481001
通知地址：http://pay1.4001cdn.com/DTPP/Money_27117/ServerCallback
通知报文：memberid=200694197&orderid=63616625&transaction_id=20200620211440481001&amount=500.0000&datetime=20200620211447&returncode=00&sign=6EC86E5946F76E3AA97E672728ABD613&attach=
HTTP状态：
返回：OK

【2020-06-20 21:15:49】
订单号：20200620211536561005
通知地址：http://pay1.4001cdn.com/DTPP/Money_27117/ServerCallback
通知报文：memberid=200694197&orderid=63616706&transaction_id=20200620211536561005&amount=300.0000&datetime=20200620211549&returncode=00&sign=2351C8AB09519D2A653D0AD88FD851F4&attach=
HTTP状态：
返回：OK

【2020-06-20 21:16:36】
订单号：20200620211624564998
通知地址：http://pay1.4001cdn.com/DTPP/Money_27117/ServerCallback
通知报文：memberid=200694197&orderid=63616775&transaction_id=20200620211624564998&amount=300.0000&datetime=20200620211635&returncode=00&sign=57C67614A6215FCC7D0AE7181971EA40&attach=
HTTP状态：
返回：OK

【2020-06-20 21:17:18】
订单号：20200620211658979849
通知地址：http://pay1.4001cdn.com/DTPP/Money_27117/ServerCallback
通知报文：memberid=200694197&orderid=63616829&transaction_id=20200620211658979849&amount=1000.0000&datetime=20200620211718&returncode=00&sign=B15085531DC3D7B872EE98EBE8E2F5F5&attach=
HTTP状态：
返回：OK

【2020-06-20 21:17:22】
订单号：20200620211659981025
通知地址：http://pay1.4001cdn.com/DTPP/Money_27117/ServerCallback
通知报文：memberid=200694197&orderid=63616831&transaction_id=20200620211659981025&amount=300.0000&datetime=20200620211721&returncode=00&sign=CCAB8A9A983DBA751ED98EF640C03915&attach=
HTTP状态：
返回：OK

【2020-06-20 21:18:15】
订单号：20200620211727559799
通知地址：http://pay1.4001cdn.com/DTPP/Money_27117/ServerCallback
通知报文：memberid=200694197&orderid=63616882&transaction_id=20200620211727559799&amount=300.0000&datetime=20200620211814&returncode=00&sign=11BF4F3DDD653303C2A0554898120065&attach=
HTTP状态：
返回：OK

【2020-06-20 21:18:53】
订单号：20200620211843515657
通知地址：http://pay1.4001cdn.com/DTPP/Money_27117/ServerCallback
通知报文：memberid=200694197&orderid=63617007&transaction_id=20200620211843515657&amount=300.0000&datetime=20200620211852&returncode=00&sign=2F1968BF01D161676A8852E3CDC4617B&attach=
HTTP状态：
返回：OK

【2020-06-20 21:19:13】
订单号：20200620211905574899
通知地址：http://pay1.4001cdn.com/DTPP/Money_27117/ServerCallback
通知报文：memberid=200694197&orderid=63617026&transaction_id=20200620211905574899&amount=300.0000&datetime=20200620211913&returncode=00&sign=2A271F04A6F414A29EBD2A9FB1638F54&attach=
HTTP状态：
返回：OK

【2020-06-20 21:21:34】
订单号：20200620212123515548
通知地址：http://pay1.4001cdn.com/DTPP/Money_27117/ServerCallback
通知报文：memberid=200694197&orderid=63617208&transaction_id=20200620212123515548&amount=300.0000&datetime=20200620212133&returncode=00&sign=05309A377C86AE3297103CD2FE74A66D&attach=
HTTP状态：
返回：OK

【2020-06-20 21:22:32】
订单号：20200620212218971015
通知地址：http://pay1.4001cdn.com/DTPP/Money_27117/ServerCallback
通知报文：memberid=200694197&orderid=63617256&transaction_id=20200620212218971015&amount=500.0000&datetime=20200620212232&returncode=00&sign=278D63F4C3523A4E95208EF5D3572A19&attach=
HTTP状态：
返回：OK

【2020-06-20 21:23:29】
订单号：20200620212316524810
通知地址：http://pay1.4001cdn.com/DTPP/Money_27117/ServerCallback
通知报文：memberid=200694197&orderid=63617320&transaction_id=20200620212316524810&amount=500.0000&datetime=20200620212328&returncode=00&sign=7DF6412D17B5AA57A4AB9BB111E1DDCC&attach=
HTTP状态：
返回：OK

【2020-06-20 21:23:39】
订单号：20200620212311102985
通知地址：http://pay1.4001cdn.com/DTPP/Money_27117/ServerCallback
通知报文：memberid=200694197&orderid=63617314&transaction_id=20200620212311102985&amount=300.0000&datetime=20200620212338&returncode=00&sign=F7C2A24E250851A77914DF0F5FA36053&attach=
HTTP状态：
返回：OK

【2020-06-20 21:24:38】
订单号：20200620212428995252
通知地址：http://pay1.4001cdn.com/DTPP/Money_27117/ServerCallback
通知报文：memberid=200694197&orderid=63617420&transaction_id=20200620212428995252&amount=300.0000&datetime=20200620212437&returncode=00&sign=A630F47C6CDA9090C0D61079E6BC142D&attach=
HTTP状态：
返回：OK

【2020-06-20 21:25:02】
订单号：20200620212451515652
通知地址：http://pay1.4001cdn.com/DTPP/Money_27117/ServerCallback
通知报文：memberid=200694197&orderid=63617449&transaction_id=20200620212451515652&amount=500.0000&datetime=20200620212502&returncode=00&sign=C59D9B9765B576C976B817415BE8AFA7&attach=
HTTP状态：
返回：OK

【2020-06-20 21:25:03】
订单号：20200620212447102541
通知地址：http://pay1.4001cdn.com/DTPP/Money_27117/ServerCallback
通知报文：memberid=200694197&orderid=63617445&transaction_id=20200620212447102541&amount=300.0000&datetime=20200620212503&returncode=00&sign=35CC99049D8BA8BFF8730AB3E3BA6F26&attach=
HTTP状态：
返回：OK

【2020-06-20 21:25:34】
订单号：20200620212522509854
通知地址：http://pay1.4001cdn.com/DTPP/Money_27117/ServerCallback
通知报文：memberid=200694197&orderid=63617484&transaction_id=20200620212522509854&amount=500.0000&datetime=20200620212533&returncode=00&sign=81BAC0901F3D5B090A141F1C57718C73&attach=
HTTP状态：
返回：OK

【2020-06-20 21:26:03】
订单号：20200620212556525657
通知地址：http://pay1.4001cdn.com/DTPP/Money_27117/ServerCallback
通知报文：memberid=200694197&orderid=63617527&transaction_id=20200620212556525657&amount=300.0000&datetime=20200620212603&returncode=00&sign=3ACA0E114DF16E0437548F1685D207FF&attach=
HTTP状态：
返回：OK

【2020-06-20 21:26:17】
订单号：20200620212606101559
通知地址：http://pay1.4001cdn.com/DTPP/Money_27117/ServerCallback
通知报文：memberid=200694197&orderid=63617538&transaction_id=20200620212606101559&amount=1000.0000&datetime=20200620212616&returncode=00&sign=6DC93889C1204AAB99DA80EE150DF11E&attach=
HTTP状态：
返回：OK

【2020-06-20 21:27:44】
订单号：20200620212731519997
通知地址：http://pay1.4001cdn.com/DTPP/Money_27117/ServerCallback
通知报文：memberid=200694197&orderid=63617637&transaction_id=20200620212731519997&amount=300.0000&datetime=20200620212744&returncode=00&sign=F573650EBBB2A1DB8422D851212C0363&attach=
HTTP状态：
返回：OK

