【2020-06-26 00:31:46】
订单号：20200603142137499756
通知地址：http://karl-leo.imwork.net/common/test.json
通知报文：memberid=200399771&orderid=E20200603142136139518&transaction_id=20200603142137499756&amount=400.0000&datetime=20200626003146&returncode=00&sign=192082B8767CA72CEE754EAEB3C58B6B&attach=1234|456
HTTP状态：
返回：<html>
<head><title>404 Not Found</title></head>
<body bgcolor="white">
<center><h1>404 Not Found</h1></center>
<hr><center>nginx/1.12.1</center>
</body>
</html>


【2020-06-26 00:31:54】
订单号：20200603142137499756
通知地址：http://karl-leo.imwork.net/common/test.json
通知报文：memberid=200399771&orderid=E20200603142136139518&transaction_id=20200603142137499756&amount=400.0000&datetime=20200626003154&returncode=00&sign=86232279CCA54381A162221FB775CE38&attach=1234|456
HTTP状态：
返回：<html>
<head><title>404 Not Found</title></head>
<body bgcolor="white">
<center><h1>404 Not Found</h1></center>
<hr><center>nginx/1.12.1</center>
</body>
</html>


【2020-06-26 00:34:38】
订单号：20200603142137499756
通知地址：http://karl-leo.imwork.net/common/test.json
通知报文：memberid=200399771&orderid=E20200603142136139518&transaction_id=20200603142137499756&amount=400.0000&datetime=20200626003437&returncode=00&sign=E3B4952DBC33BE1A9552C6BE8CF4A0BE&attach=1234|456
HTTP状态：
返回：<html>
<head><title>404 Not Found</title></head>
<body bgcolor="white">
<center><h1>404 Not Found</h1></center>
<hr><center>nginx/1.12.1</center>
</body>
</html>


【2020-06-26 00:35:14】
订单号：20200603142137499756
通知地址：http://karl-leo.imwork.net/common/test.json
通知报文：memberid=200399771&orderid=E20200603142136139518&transaction_id=20200603142137499756&amount=400.0000&datetime=20200626003513&returncode=00&sign=783FE3F76B589E19E4A3225B4AE200C9&attach=1234|456
HTTP状态：
返回：<html>
<head><title>404 Not Found</title></head>
<body bgcolor="white">
<center><h1>404 Not Found</h1></center>
<hr><center>nginx/1.12.1</center>
</body>
</html>


【2020-06-26 00:35:39】
订单号：20200603142137499756
通知地址：http://karl-leo.imwork.net/common/test.json
通知报文：memberid=200399771&orderid=E20200603142136139518&transaction_id=20200603142137499756&amount=400.0000&datetime=20200626003539&returncode=00&sign=014F43EF052E8B4609D0478AFCEFD418&attach=1234|456
HTTP状态：
返回：<html>
<head><title>404 Not Found</title></head>
<body bgcolor="white">
<center><h1>404 Not Found</h1></center>
<hr><center>nginx/1.12.1</center>
</body>
</html>


【2020-06-26 00:38:14】
订单号：20200603142137499756
通知地址：http://karl-leo.imwork.net/common/test.json
通知报文：memberid=200399771&orderid=E20200603142136139518&transaction_id=20200603142137499756&amount=400.0000&datetime=20200626003814&returncode=00&sign=D7EE6DE00E22B80202584E5FA5A8FA4F&attach=1234|456
HTTP状态：
返回：<html>
<head><title>404 Not Found</title></head>
<body bgcolor="white">
<center><h1>404 Not Found</h1></center>
<hr><center>nginx/1.12.1</center>
</body>
</html>


【2020-06-26 00:38:34】
订单号：20200603142137499756
通知地址：http://karl-leo.imwork.net/common/test.json
通知报文：memberid=200399771&orderid=E20200603142136139518&transaction_id=20200603142137499756&amount=400.0000&datetime=20200626003834&returncode=00&sign=2F53ED12FD66B02380A6B03A1C846EBF&attach=1234|456
HTTP状态：
返回：<html>
<head><title>404 Not Found</title></head>
<body bgcolor="white">
<center><h1>404 Not Found</h1></center>
<hr><center>nginx/1.12.1</center>
</body>
</html>


【2020-06-26 00:38:48】
订单号：20200603142137499756
通知地址：http://karl-leo.imwork.net/common/test.json
通知报文：memberid=200399771&orderid=E20200603142136139518&transaction_id=20200603142137499756&amount=400.0000&datetime=20200626003847&returncode=00&sign=5E6382582DC0418E64E44A9B64AA3F10&attach=1234|456
HTTP状态：
返回：<html>
<head><title>404 Not Found</title></head>
<body bgcolor="white">
<center><h1>404 Not Found</h1></center>
<hr><center>nginx/1.12.1</center>
</body>
</html>


【2020-06-26 00:38:54】
订单号：20200603142137499756
通知地址：http://karl-leo.imwork.net/common/test.json
通知报文：memberid=200399771&orderid=E20200603142136139518&transaction_id=20200603142137499756&amount=400.0000&datetime=20200626003854&returncode=00&sign=BAA9C67CFC014B5EA6F13B5B8BF8DF03&attach=1234|456
HTTP状态：
返回：<html>
<head><title>404 Not Found</title></head>
<body bgcolor="white">
<center><h1>404 Not Found</h1></center>
<hr><center>nginx/1.12.1</center>
</body>
</html>


【2020-06-26 00:39:05】
订单号：20200603142137499756
通知地址：http://karl-leo.imwork.net/common/test.json
通知报文：memberid=200399771&orderid=E20200603142136139518&transaction_id=20200603142137499756&amount=400.0000&datetime=20200626003905&returncode=00&sign=CE8BC7422BE32378D35DF32291145251&attach=1234|456
HTTP状态：
返回：<html>
<head><title>404 Not Found</title></head>
<body bgcolor="white">
<center><h1>404 Not Found</h1></center>
<hr><center>nginx/1.12.1</center>
</body>
</html>


【2020-06-26 00:39:46】
订单号：20200603142137499756
通知地址：http://karl-leo.imwork.net/common/test.json
通知报文：memberid=200399771&orderid=E20200603142136139518&transaction_id=20200603142137499756&amount=400.0000&datetime=20200626003946&returncode=00&sign=302F446D5C6994122E0DD74B2F341E16&attach=1234|456
HTTP状态：
返回：<html>
<head><title>404 Not Found</title></head>
<body bgcolor="white">
<center><h1>404 Not Found</h1></center>
<hr><center>nginx/1.12.1</center>
</body>
</html>


