【2020-06-05 01:04:56】
订单号：20200605010312485156
通知地址：https://www.100000381.xyz/Pay_CsT1Zfb_notifyurlzfb.html
通知报文：memberid=200423453&orderid=202006050103025457975076&transaction_id=20200605010312485156&amount=3000.0000&datetime=20200605010450&returncode=00&sign=569368224D1BB631D3817683904E4A67&attach=1234|456
HTTP状态：
返回：ok

【2020-06-05 01:11:10】
订单号：20200605011014545198
通知地址：https://www.100000381.xyz/Pay_CsT1Zfb_notifyurlzfb.html
通知报文：memberid=200423453&orderid=202006050110049957521367&transaction_id=20200605011014545198&amount=600.0000&datetime=20200605011107&returncode=00&sign=640E6FDE864BB795C5B02A03360C7E24&attach=1234|456
HTTP状态：
返回：ok

【2020-06-05 01:11:58】
订单号：20200605011052995753
通知地址：https://www.100000381.xyz/Pay_CsT1Zfb_notifyurlzfb.html
通知报文：memberid=200423453&orderid=202006050110435148519618&transaction_id=20200605011052995753&amount=300.0000&datetime=20200605011156&returncode=00&sign=64AFB00F4A7F22CA1D496D907DF93D71&attach=1234|456
HTTP状态：
返回：ok

【2020-06-05 01:14:16】
订单号：20200605010202979798
通知地址：https://www.100000381.xyz/Pay_CsT1Zfb_notifyurlzfb.html
通知报文：memberid=200423453&orderid=202006050101534948984778&transaction_id=20200605010202979798&amount=2000.0000&datetime=20200605011413&returncode=00&sign=86DDB488C5D982EB24F00E18B9B85A71&attach=1234|456
HTTP状态：
返回：ok

【2020-06-05 01:14:55】
订单号：20200605011347985250
通知地址：https://www.100000381.xyz/Pay_CsT1Zfb_notifyurlzfb.html
通知报文：memberid=200423453&orderid=202006050113374997506649&transaction_id=20200605011347985250&amount=300.0000&datetime=20200605011454&returncode=00&sign=5CAB9D86A5AE9AB8CD0A99CD5031CAD2&attach=1234|456
HTTP状态：
返回：ok

【2020-06-05 01:16:44】
订单号：20200605011351102494
通知地址：https://www.100000381.xyz/Pay_CsT1Zfb_notifyurlzfb.html
通知报文：memberid=200423453&orderid=202006050113415355565643&transaction_id=20200605011351102494&amount=300.0000&datetime=20200605011643&returncode=00&sign=99AB4D32A93376E32A6022A754C44E2E&attach=1234|456
HTTP状态：
返回：ok

【2020-06-05 01:17:16】
订单号：20200605011547515354
通知地址：https://www.100000381.xyz/Pay_CsT1Zfb_notifyurlzfb.html
通知报文：memberid=200423453&orderid=202006050115375797539274&transaction_id=20200605011547515354&amount=3000.0000&datetime=20200605011715&returncode=00&sign=51F91EDC1377A39811B46C591FB307E8&attach=1234|456
HTTP状态：
返回：ok

【2020-06-05 01:19:46】
订单号：20200605011822101100
通知地址：https://www.100000381.xyz/Pay_CsT1Zfb_notifyurlzfb.html
通知报文：memberid=200423453&orderid=202006050118135352481473&transaction_id=20200605011822101100&amount=500.0000&datetime=20200605011946&returncode=00&sign=3D26E5E6D824AFFCDF26D2D232902C4E&attach=1234|456
HTTP状态：
返回：ok

【2020-06-05 01:25:52】
订单号：20200605011248489949
通知地址：https://www.100000381.xyz/Pay_CsT1Zfb_notifyurlzfb.html
通知报文：memberid=200423453&orderid=202006050112395551501555&transaction_id=20200605011248489949&amount=300.0000&datetime=20200605012551&returncode=00&sign=0CD27B0F80A047C126E9844582ABAA81&attach=1234|456
HTTP状态：
返回：ok

【2020-06-05 01:28:19】
订单号：20200605012708995551
通知地址：https://www.100000381.xyz/Pay_CsT1Zfb_notifyurlzfb.html
通知报文：memberid=200423453&orderid=202006050126585010042990&transaction_id=20200605012708995551&amount=700.0000&datetime=20200605012819&returncode=00&sign=D6AB15EFD05EB3A2E1F153097ABB73B4&attach=1234|456
HTTP状态：
返回：ok

【2020-06-05 01:28:58】
订单号：20200605012453535110
通知地址：https://www.100000381.xyz/Pay_CsT1Zfb_notifyurlzfb.html
通知报文：memberid=200423453&orderid=202006050124429757103980&transaction_id=20200605012453535110&amount=600.0000&datetime=20200605012858&returncode=00&sign=7F4C374A1DDCF0E3660E49AF82FCDB41&attach=1234|456
HTTP状态：
返回：ok

【2020-06-05 01:30:24】
订单号：20200605012909535210
通知地址：https://www.100000381.xyz/Pay_CsT1Zfb_notifyurlzfb.html
通知报文：memberid=200423453&orderid=202006050128599898517431&transaction_id=20200605012909535210&amount=5000.0000&datetime=20200605013023&returncode=00&sign=ECD08E5F68772BFF3E6623FAF3F41500&attach=1234|456
HTTP状态：
返回：ok

【2020-06-05 01:31:13】
订单号：20200605012959555297
通知地址：https://www.100000381.xyz/Pay_CsT1Zfb_notifyurlzfb.html
通知报文：memberid=200423453&orderid=202006050129491009859359&transaction_id=20200605012959555297&amount=300.0000&datetime=20200605013103&returncode=00&sign=8B8E4FAC8D6C0987AE1D8D1BC11464A8&attach=1234|456
HTTP状态：
返回：

【2020-06-05 01:31:30】
订单号：20200605013004995449
通知地址：https://www.100000381.xyz/Pay_CsT1Zfb_notifyurlzfb.html
通知报文：memberid=200423453&orderid=202006050129545099561520&transaction_id=20200605013004995449&amount=300.0000&datetime=20200605013130&returncode=00&sign=D31E3AB89AF2798856AE38D80B7E7ED2&attach=1234|456
HTTP状态：
返回：ok

【2020-06-05 01:39:41】
订单号：20200605013830545398
通知地址：https://www.100000381.xyz/Pay_CsT1Zfb_notifyurlzfb.html
通知报文：memberid=200423453&orderid=202006050138209998569894&transaction_id=20200605013830545398&amount=500.0000&datetime=20200605013939&returncode=00&sign=645772917A98FADC41850D6A1C58AB94&attach=1234|456
HTTP状态：
返回：ok

【2020-06-05 01:39:46】
订单号：20200605013832569951
通知地址：https://www.100000381.xyz/Pay_CsT1Zfb_notifyurlzfb.html
通知报文：memberid=200423453&orderid=202006050138231025011579&transaction_id=20200605013832569951&amount=500.0000&datetime=20200605013945&returncode=00&sign=141F422A087726068C8C273AD9E5D64B&attach=1234|456
HTTP状态：
返回：ok

【2020-06-05 01:43:46】
订单号：20200605013935555299
通知地址：https://www.100000381.xyz/Pay_CsT1Zfb_notifyurlzfb.html
通知报文：memberid=200423453&orderid=202006050139251009855791&transaction_id=20200605013935555299&amount=2000.0000&datetime=20200605014343&returncode=00&sign=40624139204A2B7DDB852ABDF70CDD5D&attach=1234|456
HTTP状态：
返回：ok

【2020-06-05 01:51:01】
订单号：20200605015015555555
通知地址：https://www.100000381.xyz/Pay_CsT1Zfb_notifyurlzfb.html
通知报文：memberid=200423453&orderid=202006050150051009959190&transaction_id=20200605015015555555&amount=300.0000&datetime=20200605015101&returncode=00&sign=D8C207EEF18408AD8EE56C52F3E42E90&attach=1234|456
HTTP状态：
返回：ok

【2020-06-05 02:11:38】
订单号：20200605021049575350
通知地址：https://www.100000381.xyz/Pay_CsT1Zfb_notifyurlzfb.html
通知报文：memberid=200423453&orderid=202006050210391029711783&transaction_id=20200605021049575350&amount=500.0000&datetime=20200605021135&returncode=00&sign=B5C27D8617A6A190ACAA18AFD73BCE9E&attach=1234|456
HTTP状态：
返回：ok

【2020-06-05 02:12:35】
订单号：20200605020143551014
通知地址：https://www.100000381.xyz/Pay_CsT1Zfb_notifyurlzfb.html
通知报文：memberid=200423453&orderid=202006050201341015257248&transaction_id=20200605020143551014&amount=1000.0000&datetime=20200605021233&returncode=00&sign=A3B3631BDDBD6E0316427A46E42CDA70&attach=1234|456
HTTP状态：
返回：ok

【2020-06-05 02:14:29】
订单号：20200605021145499757
通知地址：https://www.100000381.xyz/Pay_CsT1Zfb_notifyurlzfb.html
通知报文：memberid=200423453&orderid=202006050211365649515810&transaction_id=20200605021145499757&amount=500.0000&datetime=20200605021427&returncode=00&sign=8D07C709225170E4D47F2345079F42D0&attach=1234|456
HTTP状态：
返回：ok

【2020-06-05 02:16:13】
订单号：20200605012959555297
通知地址：https://www.100000381.xyz/Pay_CsT1Zfb_notifyurlzfb.html
通知报文：memberid=200423453&orderid=202006050129491009859359&transaction_id=20200605012959555297&amount=300.0000&datetime=20200605021611&returncode=00&sign=A67FBD710F03858D48E957F1E91ED869&attach=1234|456
HTTP状态：
返回：ok

【2020-06-05 02:16:13】
订单号：20200605012959555297
通知地址：https://www.100000381.xyz/Pay_CsT1Zfb_notifyurlzfb.html
通知报文：memberid=200423453&orderid=202006050129491009859359&transaction_id=20200605012959555297&amount=300.0000&datetime=20200605021613&returncode=00&sign=19F44652A0AC9780D124656779E3DB89&attach=1234|456
HTTP状态：
返回：fail

【2020-06-05 02:16:29】
订单号：20200605021521575357
通知地址：https://www.100000381.xyz/Pay_CsT1Zfb_notifyurlzfb.html
通知报文：memberid=200423453&orderid=202006050215101019843628&transaction_id=20200605021521575357&amount=500.0000&datetime=20200605021626&returncode=00&sign=E0609CB557C9A919E010881788CFA2CA&attach=1234|456
HTTP状态：
返回：ok

【2020-06-05 02:17:55】
订单号：20200605021531519855
通知地址：https://www.100000381.xyz/Pay_CsT1Zfb_notifyurlzfb.html
通知报文：memberid=200423453&orderid=202006050215229749983060&transaction_id=20200605021531519855&amount=300.0000&datetime=20200605021754&returncode=00&sign=4834A30B98F0D8391A89C4822F3DB236&attach=1234|456
HTTP状态：
返回：ok

【2020-06-05 02:19:51】
订单号：20200605021759555110
通知地址：https://www.100000381.xyz/Pay_CsT1Zfb_notifyurlzfb.html
通知报文：memberid=200423453&orderid=202006050217491005755380&transaction_id=20200605021759555110&amount=500.0000&datetime=20200605021950&returncode=00&sign=EC107E6C88033336A5C6D6AF8E425422&attach=1234|456
HTTP状态：
返回：ok

【2020-06-05 13:28:54】
订单号：20200605132811989855
通知地址：https://www.100000381.xyz/Pay_CsT1Zfb_notifyurlzfb.html
通知报文：memberid=200423453&orderid=202006051328014997551435&transaction_id=20200605132811989855&amount=500.0000&datetime=20200605132848&returncode=00&sign=C10998B4FAD8E6579317E68BFCB59526&attach=1234|456
HTTP状态：
返回：ok

【2020-06-05 13:38:37】
订单号：20200605133622544954
通知地址：https://www.100000381.xyz/Pay_CsT1Zfb_notifyurlzfb.html
通知报文：memberid=200423453&orderid=202006051336119810251392&transaction_id=20200605133622544954&amount=3000.0000&datetime=20200605133834&returncode=00&sign=9541E55AEAB1A30808877AEFE77C604C&attach=1234|456
HTTP状态：
返回：ok

【2020-06-05 13:43:46】
订单号：20200605134250975457
通知地址：https://www.100000381.xyz/Pay_CsT1Zfb_notifyurlzfb.html
通知报文：memberid=200423453&orderid=202006051342404852562934&transaction_id=20200605134250975457&amount=500.0000&datetime=20200605134343&returncode=00&sign=D8BCDC2AEEDC4C61C05E5A88059C31DD&attach=1234|456
HTTP状态：
返回：ok

【2020-06-05 13:49:30】
订单号：20200605134847102495
通知地址：https://www.100000381.xyz/Pay_CsT1Zfb_notifyurlzfb.html
通知报文：memberid=200423453&orderid=202006051348365210154662&transaction_id=20200605134847102495&amount=3000.0000&datetime=20200605134929&returncode=00&sign=9E9A77C22AC393AA84163C908556173F&attach=1234|456
HTTP状态：
返回：ok

【2020-06-05 14:34:34】
订单号：20200605133010505610
通知地址：https://www.100000381.xyz/Pay_CsT1Zfb_notifyurlzfb.html
通知报文：memberid=200423453&orderid=202006051330005655538570&transaction_id=20200605133010505610&amount=500.0000&datetime=20200605143424&returncode=00&sign=DAE9BD94014DA60D81E899D2AC1A49C4&attach=1234|456
HTTP状态：
返回：

【2020-06-05 14:37:18】
订单号：20200605143520569810
通知地址：https://www.100000381.xyz/Pay_CsT1Zfb_notifyurlzfb.html
通知报文：memberid=200423453&orderid=202006051435101015692501&transaction_id=20200605143520569810&amount=1000.0000&datetime=20200605143714&returncode=00&sign=D9330023794BC08F0AB1011C6411EA02&attach=1234|456
HTTP状态：
返回：ok

【2020-06-05 15:00:26】
订单号：20200605144906509852
通知地址：https://www.100000381.xyz/Pay_CsT1Zfb_notifyurlzfb.html
通知报文：memberid=200423453&orderid=202006051448565656102061&transaction_id=20200605144906509852&amount=500.0000&datetime=20200605150023&returncode=00&sign=930E07EA403EFD8138F79BB6FEBCDD2C&attach=1234|456
HTTP状态：
返回：ok

