【2020-06-18 01:52:08】
订单号：20200618015119555753
通知地址：http://pay.yanwujing.cn/callback.php
通知报文：memberid=200399771&orderid=J1592416291122&transaction_id=20200618015119555753&amount=500.0000&datetime=20200618015207&returncode=00&sign=40B6FF1B2C1A616C341A950BEC6D353E&attach=200399771
HTTP状态：
返回：ok

【2020-06-18 01:54:49】
订单号：20200618015322505353
通知地址：http://pay.yanwujing.cn/callback.php
通知报文：memberid=200399771&orderid=A1592416413851&transaction_id=20200618015322505353&amount=500.0000&datetime=20200618015449&returncode=00&sign=D4642E1D5793F655E1E0CA77D5CA0E3E&attach=200399771
HTTP状态：
返回：ok

【2020-06-18 02:17:07】
订单号：20200618021556995756
通知地址：http://pay.yanwujing.cn/callback.php
通知报文：memberid=200399771&orderid=A1592417768066&transaction_id=20200618021556995756&amount=500.0000&datetime=20200618021707&returncode=00&sign=3CE8B1347BE974F2D3002CF9F2428CA8&attach=200399771
HTTP状态：
返回：ok

【2020-06-18 02:19:06】
订单号：20200618021728561015
通知地址：http://pay.yanwujing.cn/callback.php
通知报文：memberid=200399771&orderid=B1592417860331&transaction_id=20200618021728561015&amount=500.0000&datetime=20200618021906&returncode=00&sign=63133D9D3B9ACF316BFC5F7A1424E2EB&attach=200399771
HTTP状态：
返回：ok

【2020-06-18 02:23:42】
订单号：20200618022232569810
通知地址：http://pay.yanwujing.cn/callback.php
通知报文：memberid=200399771&orderid=J1592418164203&transaction_id=20200618022232569810&amount=500.0000&datetime=20200618022342&returncode=00&sign=B014B6946CF4939314D5C004BD06B9DC&attach=200399771
HTTP状态：
返回：ok

【2020-06-18 02:26:59】
订单号：20200618022615554855
通知地址：http://pay.yanwujing.cn/callback.php
通知报文：memberid=200399771&orderid=A1592418385860&transaction_id=20200618022615554855&amount=500.0000&datetime=20200618022659&returncode=00&sign=3F9A8BF96F6EDFC158C392E27E0B0099&attach=200399771
HTTP状态：
返回：ok

【2020-06-18 02:37:22】
订单号：20200618023558101100
通知地址：http://pay.yanwujing.cn/callback.php
通知报文：memberid=200399771&orderid=C1592418969668&transaction_id=20200618023558101100&amount=500.0000&datetime=20200618023722&returncode=00&sign=7198AF6A21DC2AC4F6196F96C93FC989&attach=200399771
HTTP状态：
返回：ok

【2020-06-18 02:40:34】
订单号：20200618023933539751
通知地址：http://pay.yanwujing.cn/callback.php
通知报文：memberid=200399771&orderid=I1592419185052&transaction_id=20200618023933539751&amount=500.0000&datetime=20200618024034&returncode=00&sign=8ECF4C98148991C705146666996A6E39&attach=200399771
HTTP状态：
返回：ok

【2020-06-18 03:00:36】
订单号：20200618025930505252
通知地址：http://pay.yanwujing.cn/callback.php
通知报文：memberid=200399771&orderid=I1592420381491&transaction_id=20200618025930505252&amount=500.0000&datetime=20200618030036&returncode=00&sign=646EB212FC37D33CEB8A5673138D902B&attach=200399771
HTTP状态：
返回：ok

【2020-06-18 03:07:40】
订单号：20200618030646541011
通知地址：http://pay.yanwujing.cn/callback.php
通知报文：memberid=200399771&orderid=F1592420818299&transaction_id=20200618030646541011&amount=500.0000&datetime=20200618030740&returncode=00&sign=D54079BF13D44C064F4C8F95D861B10D&attach=200399771
HTTP状态：
返回：ok

【2020-06-18 03:12:19】
订单号：20200618031110101555
通知地址：http://pay.yanwujing.cn/callback.php
通知报文：memberid=200399771&orderid=F1592421080850&transaction_id=20200618031110101555&amount=500.0000&datetime=20200618031219&returncode=00&sign=C674FC0D41223B0421F6CC355997E67B&attach=200399771
HTTP状态：
返回：ok

【2020-06-18 11:32:21】
订单号：20200618113009494952
通知地址：http://pay.yanwujing.cn/callback.php
通知报文：memberid=200625124&orderid=C1592451022034&transaction_id=20200618113009494952&amount=600.0000&datetime=20200618113221&returncode=00&sign=8CD75BCECF7B001676A44B6E32A960E4&attach=200625124
HTTP状态：
返回：ok

【2020-06-18 11:35:20】
订单号：20200618113311555548
通知地址：http://pay.yanwujing.cn/callback.php
通知报文：memberid=200625124&orderid=D1592451204396&transaction_id=20200618113311555548&amount=600.0000&datetime=20200618113520&returncode=00&sign=40B5D84A0E08161B5BE46B92BAECA2F9&attach=200625124
HTTP状态：
返回：ok

【2020-06-18 12:25:38】
订单号：20200618122444995410
通知地址：http://pay.yanwujing.cn/callback.php
通知报文：memberid=200625124&orderid=G1592454296972&transaction_id=20200618122444995410&amount=800.0000&datetime=20200618122538&returncode=00&sign=890C5B144D4C1185D0DF18EA541A2AB0&attach=200625124
HTTP状态：
返回：ok

【2020-06-18 21:31:59】
订单号：20200618213144484810
通知地址：http://pay1.4001cdn.com/DTPP/Money_27103/ServerCallback
通知报文：memberid=200694197&orderid=63425883&transaction_id=20200618213144484810&amount=500.0000&datetime=20200618213156&returncode=00&sign=14022FDBF95DC8FA42336AB213357137&attach=
HTTP状态：
返回：OK

【2020-06-18 22:01:00】
订单号：20200618220032481024
通知地址：http://karl-leo.imwork.net/common/test.json
通知报文：memberid=200399771&orderid=E20200618220031128346&transaction_id=20200618220032481024&amount=1.0000&datetime=20200618220057&returncode=00&sign=870F5179F0CC862EC17018C239884B19&attach=1234|456
HTTP状态：
返回：

【2020-06-18 22:01:44】
订单号：20200618214620994853
通知地址：http://karl-leo.imwork.net/common/test.json
通知报文：memberid=200399771&orderid=E20200618214618130187&transaction_id=20200618214620994853&amount=1.0000&datetime=20200618220134&returncode=00&sign=3A647434B0B2DD6BC6BFB2BB8261F6AD&attach=1234|456
HTTP状态：
返回：

【2020-06-18 22:02:13】
订单号：20200618215734101579
通知地址：http://karl-leo.imwork.net/common/test.json
通知报文：memberid=200399771&orderid=E20200618215733103062&transaction_id=20200618215734101579&amount=1.0000&datetime=20200618220203&returncode=00&sign=340EF8ABECDA6844B2C96B9D4D2F3CDC&attach=1234|456
HTTP状态：
返回：

【2020-06-18 22:04:54】
订单号：20200618220442975397
通知地址：http://pay1.4001cdn.com/DTPP/Money_27117/ServerCallback
通知报文：memberid=200694197&orderid=63428200&transaction_id=20200618220442975397&amount=200.0000&datetime=20200618220452&returncode=00&sign=BE653855197D659A4F581CD61434BCC0&attach=
HTTP状态：
返回：OK

【2020-06-18 22:07:30】
订单号：20200618220716525054
通知地址：http://pay1.4001cdn.com/DTPP/Money_27117/ServerCallback
通知报文：memberid=200694197&orderid=63428375&transaction_id=20200618220716525054&amount=500.0000&datetime=20200618220729&returncode=00&sign=7830B531D042CC17147BE33219424AC3&attach=
HTTP状态：
返回：OK

【2020-06-18 22:07:45】
订单号：20200618220733535010
通知地址：http://pay1.4001cdn.com/DTPP/Money_27117/ServerCallback
通知报文：memberid=200694197&orderid=63428401&transaction_id=20200618220733535010&amount=500.0000&datetime=20200618220743&returncode=00&sign=D74245F7DCB1513364845509E52F62B2&attach=
HTTP状态：
返回：OK

【2020-06-18 22:07:47】
订单号：20200618220740991004
通知地址：http://pay1.4001cdn.com/DTPP/Money_27117/ServerCallback
通知报文：memberid=200694197&orderid=63428413&transaction_id=20200618220740991004&amount=200.0000&datetime=20200618220747&returncode=00&sign=9E5FAC7B971216749CBFDFCE7CD5476F&attach=
HTTP状态：
返回：OK

【2020-06-18 22:08:14】
订单号：20200618215336485010
通知地址：http://karl-leo.imwork.net/common/test.json
通知报文：memberid=200399771&orderid=E20200618215335237044&transaction_id=20200618215336485010&amount=1.0000&datetime=20200618220804&returncode=00&sign=3C419CC79E83941432930BC7813B8E6C&attach=1234|456
HTTP状态：
返回：

【2020-06-18 22:08:38】
订单号：20200618213302101971
通知地址：http://karl-leo.imwork.net/common/test.json
通知报文：memberid=200399771&orderid=E20200618213301570066&transaction_id=20200618213302101971&amount=1.0000&datetime=20200618220828&returncode=00&sign=A39BF2B3B031D363D063311C8BA27375&attach=1234|456
HTTP状态：
返回：

【2020-06-18 22:08:43】
订单号：20200618213302101971
通知地址：http://karl-leo.imwork.net/common/test.json
通知报文：memberid=200399771&orderid=E20200618213301570066&transaction_id=20200618213302101971&amount=1.0000&datetime=20200618220833&returncode=00&sign=D8C0FD2550CF9E1E59575C35C13E779F&attach=1234|456
HTTP状态：
返回：

【2020-06-18 22:08:59】
订单号：20200618220850505757
通知地址：http://pay1.4001cdn.com/DTPP/Money_27117/ServerCallback
通知报文：memberid=200694197&orderid=63428485&transaction_id=20200618220850505757&amount=500.0000&datetime=20200618220859&returncode=00&sign=34FD033FD397DC4C95E0531B74DED7DE&attach=
HTTP状态：
返回：OK

【2020-06-18 22:09:43】
订单号：20200618220928565357
通知地址：http://pay1.4001cdn.com/DTPP/Money_27117/ServerCallback
通知报文：memberid=200694197&orderid=63428513&transaction_id=20200618220928565357&amount=700.0000&datetime=20200618220940&returncode=00&sign=34E75EC625D51356DC06E0B2508B427A&attach=
HTTP状态：
返回：OK

【2020-06-18 22:09:59】
订单号：20200618220946979710
通知地址：http://pay1.4001cdn.com/DTPP/Money_27117/ServerCallback
通知报文：memberid=200694197&orderid=63428531&transaction_id=20200618220946979710&amount=300.0000&datetime=20200618220959&returncode=00&sign=6532C1A2B276949006375D8AC5210BC7&attach=
HTTP状态：
返回：OK

【2020-06-18 22:10:00】
订单号：20200618220950101975
通知地址：http://pay1.4001cdn.com/DTPP/Money_27117/ServerCallback
通知报文：memberid=200694197&orderid=63428535&transaction_id=20200618220950101975&amount=200.0000&datetime=20200618221000&returncode=00&sign=DD7C4AD1AD39E6B4031D7955E5C12752&attach=
HTTP状态：
返回：OK

【2020-06-18 22:10:02】
订单号：20200618220946974852
通知地址：http://pay1.4001cdn.com/DTPP/Money_27117/ServerCallback
通知报文：memberid=200694197&orderid=63428528&transaction_id=20200618220946974852&amount=500.0000&datetime=20200618221002&returncode=00&sign=A2D86B940EF6E121804948F5C74A6B8B&attach=
HTTP状态：
返回：OK

【2020-06-18 22:11:29】
订单号：20200618221114501005
通知地址：http://pay1.4001cdn.com/DTPP/Money_27117/ServerCallback
通知报文：memberid=200694197&orderid=63428621&transaction_id=20200618221114501005&amount=500.0000&datetime=20200618221128&returncode=00&sign=B5C174B7C7F298EFD5F1256705682AF6&attach=
HTTP状态：
返回：OK

【2020-06-18 22:12:14】
订单号：20200618215734101579
通知地址：http://karl-leo.imwork.net/common/test.json
通知报文：memberid=200399771&orderid=E20200618215733103062&transaction_id=20200618215734101579&amount=1.0000&datetime=20200618221204&returncode=00&sign=B6B60A22473525189DAB2A29FCD989B1&attach=1234|456
HTTP状态：
返回：

【2020-06-18 22:13:19】
订单号：20200618221311554998
通知地址：http://pay1.4001cdn.com/DTPP/Money_27117/ServerCallback
通知报文：memberid=200694197&orderid=63428741&transaction_id=20200618221311554998&amount=300.0000&datetime=20200618221318&returncode=00&sign=29550E8350195AFA28F026BA705BE01E&attach=
HTTP状态：
返回：OK

【2020-06-18 22:14:51】
订单号：20200618221440485049
通知地址：http://pay1.4001cdn.com/DTPP/Money_27117/ServerCallback
通知报文：memberid=200694197&orderid=63428842&transaction_id=20200618221440485049&amount=1000.0000&datetime=20200618221451&returncode=00&sign=C47944F1A37DFED5068BB93787C6A4A8&attach=
HTTP状态：
返回：OK

【2020-06-18 22:15:55】
订单号：20200618221541100100
通知地址：http://pay1.4001cdn.com/DTPP/Money_27117/ServerCallback
通知报文：memberid=200694197&orderid=63428906&transaction_id=20200618221541100100&amount=600.0000&datetime=20200618221554&returncode=00&sign=D604DA1A2BB49DF5EA62EAAEB190BB24&attach=
HTTP状态：
返回：OK

【2020-06-18 22:16:26】
订单号：20200618221615102535
通知地址：http://pay1.4001cdn.com/DTPP/Money_27117/ServerCallback
通知报文：memberid=200694197&orderid=63428927&transaction_id=20200618221615102535&amount=200.0000&datetime=20200618221625&returncode=00&sign=1728A61C705B22520BC6E48D9D4F5F8D&attach=
HTTP状态：
返回：OK

【2020-06-18 22:16:55】
订单号：20200618221640569910
通知地址：http://pay1.4001cdn.com/DTPP/Money_27117/ServerCallback
通知报文：memberid=200694197&orderid=63428956&transaction_id=20200618221640569910&amount=200.0000&datetime=20200618221655&returncode=00&sign=2A988E026064FC7AB0B85801F908AC48&attach=
HTTP状态：
返回：OK

【2020-06-18 22:17:37】
订单号：20200618221728565550
通知地址：http://pay1.4001cdn.com/DTPP/Money_27117/ServerCallback
通知报文：memberid=200694197&orderid=63429007&transaction_id=20200618221728565550&amount=200.0000&datetime=20200618221737&returncode=00&sign=82AD43AABE70D6C1A972549F702FDCA0&attach=
HTTP状态：
返回：OK

【2020-06-18 22:18:57】
订单号：20200618221846544949
通知地址：http://pay1.4001cdn.com/DTPP/Money_27117/ServerCallback
通知报文：memberid=200694197&orderid=63429104&transaction_id=20200618221846544949&amount=200.0000&datetime=20200618221856&returncode=00&sign=1D3BA7DE009D5A351E7FA3EA74EC9CAE&attach=
HTTP状态：
返回：OK

【2020-06-18 22:18:58】
订单号：20200618221848564957
通知地址：http://pay1.4001cdn.com/DTPP/Money_27117/ServerCallback
通知报文：memberid=200694197&orderid=63429106&transaction_id=20200618221848564957&amount=200.0000&datetime=20200618221856&returncode=00&sign=F4E91508396401AF29670FE5BD5D6524&attach=
HTTP状态：
返回：OK

【2020-06-18 22:19:36】
订单号：20200618221925100559
通知地址：http://pay1.4001cdn.com/DTPP/Money_27117/ServerCallback
通知报文：memberid=200694197&orderid=63429164&transaction_id=20200618221925100559&amount=300.0000&datetime=20200618221934&returncode=00&sign=62AD88F788C59EBAD115935164027C0C&attach=
HTTP状态：
返回：OK

【2020-06-18 22:20:05】
订单号：20200618221942101100
通知地址：http://pay1.4001cdn.com/DTPP/Money_27117/ServerCallback
通知报文：memberid=200694197&orderid=63429176&transaction_id=20200618221942101100&amount=500.0000&datetime=20200618222003&returncode=00&sign=7475B95C77457038EF75650320E3D3AC&attach=
HTTP状态：
返回：OK

【2020-06-18 22:21:45】
订单号：20200618214620994853
通知地址：http://karl-leo.imwork.net/common/test.json
通知报文：memberid=200399771&orderid=E20200618214618130187&transaction_id=20200618214620994853&amount=1.0000&datetime=20200618222135&returncode=00&sign=B8D3906288C3EA0404997D270FA9E977&attach=1234|456
HTTP状态：
返回：

【2020-06-18 22:28:15】
订单号：20200618215336485010
通知地址：http://karl-leo.imwork.net/common/test.json
通知报文：memberid=200399771&orderid=E20200618215335237044&transaction_id=20200618215336485010&amount=1.0000&datetime=20200618222805&returncode=00&sign=DA4748697AB7BFB9267A60A8145A6441&attach=1234|456
HTTP状态：
返回：

【2020-06-18 22:32:15】
订单号：20200618215734101579
通知地址：http://karl-leo.imwork.net/common/test.json
通知报文：memberid=200399771&orderid=E20200618215733103062&transaction_id=20200618215734101579&amount=1.0000&datetime=20200618223205&returncode=00&sign=A15DCBF721404118B47972AB3DD75594&attach=1234|456
HTTP状态：
返回：

【2020-06-18 22:38:40】
订单号：20200618213302101971
通知地址：http://karl-leo.imwork.net/common/test.json
通知报文：memberid=200399771&orderid=E20200618213301570066&transaction_id=20200618213302101971&amount=1.0000&datetime=20200618223830&returncode=00&sign=CCFFED04A7E574935FA956250850C0BF&attach=1234|456
HTTP状态：
返回：

【2020-06-18 22:38:44】
订单号：20200618213302101971
通知地址：http://karl-leo.imwork.net/common/test.json
通知报文：memberid=200399771&orderid=E20200618213301570066&transaction_id=20200618213302101971&amount=1.0000&datetime=20200618223834&returncode=00&sign=305ED84BFC0CE7658E53525D0AA7E0F8&attach=1234|456
HTTP状态：
返回：

【2020-06-18 22:51:46】
订单号：20200618214620994853
通知地址：http://karl-leo.imwork.net/common/test.json
通知报文：memberid=200399771&orderid=E20200618214618130187&transaction_id=20200618214620994853&amount=1.0000&datetime=20200618225136&returncode=00&sign=4C078EFDBC4CFE196FE89681635A1F8D&attach=1234|456
HTTP状态：
返回：

【2020-06-18 22:58:17】
订单号：20200618215336485010
通知地址：http://karl-leo.imwork.net/common/test.json
通知报文：memberid=200399771&orderid=E20200618215335237044&transaction_id=20200618215336485010&amount=1.0000&datetime=20200618225807&returncode=00&sign=0B62868A150AF2E2B2D8B6A093E01F61&attach=1234|456
HTTP状态：
返回：

【2020-06-18 23:02:16】
订单号：20200618215734101579
通知地址：http://karl-leo.imwork.net/common/test.json
通知报文：memberid=200399771&orderid=E20200618215733103062&transaction_id=20200618215734101579&amount=1.0000&datetime=20200618230206&returncode=00&sign=85FB6261C2136A9C385447BC6C4A181C&attach=1234|456
HTTP状态：
返回：

【2020-06-18 23:08:41】
订单号：20200618213302101971
通知地址：http://karl-leo.imwork.net/common/test.json
通知报文：memberid=200399771&orderid=E20200618213301570066&transaction_id=20200618213302101971&amount=1.0000&datetime=20200618230831&returncode=00&sign=13DAA43FA5988211005D06317ECF4BC2&attach=1234|456
HTTP状态：
返回：

【2020-06-18 23:08:45】
订单号：20200618213302101971
通知地址：http://karl-leo.imwork.net/common/test.json
通知报文：memberid=200399771&orderid=E20200618213301570066&transaction_id=20200618213302101971&amount=1.0000&datetime=20200618230835&returncode=00&sign=9AE8D2C112428A8789772B08ACAD001F&attach=1234|456
HTTP状态：
返回：

【2020-06-18 23:15:28】
订单号：20200618231214101561
通知地址：http://pay.yanwujing.cn/callback.php
通知报文：memberid=200399771&orderid=B1592493135383&transaction_id=20200618231214101561&amount=600.0000&datetime=20200618231528&returncode=00&sign=22DE041058E849D4AFD16B694B075E4C&attach=200399771
HTTP状态：
返回：ok

【2020-06-18 23:15:53】
订单号：20200618231214101561
通知地址：http://pay.yanwujing.cn/callback.php
通知报文：memberid=200399771&orderid=B1592493135383&transaction_id=20200618231214101561&amount=600.0000&datetime=20200618231553&returncode=00&sign=DABC75F84BE576EAD7FC5ACECB83D5AD&attach=200399771
HTTP状态：
返回：ok

【2020-06-18 23:21:40】
订单号：20200618214620994853
通知地址：http://karl-leo.imwork.net/common/test.json
通知报文：memberid=200399771&orderid=E20200618214618130187&transaction_id=20200618214620994853&amount=1.0000&datetime=20200618232137&returncode=00&sign=1A62E8E1AEB8F998CD652F41B44E24D4&attach=1234|456
HTTP状态：
返回：

【2020-06-18 23:28:17】
订单号：20200618215336485010
通知地址：http://karl-leo.imwork.net/common/test.json
通知报文：memberid=200399771&orderid=E20200618215335237044&transaction_id=20200618215336485010&amount=1.0000&datetime=20200618232807&returncode=00&sign=87A35D7E8F4B547C164E2031C346DA26&attach=1234|456
HTTP状态：
返回：

【2020-06-18 23:32:16】
订单号：20200618215734101579
通知地址：http://karl-leo.imwork.net/common/test.json
通知报文：memberid=200399771&orderid=E20200618215733103062&transaction_id=20200618215734101579&amount=1.0000&datetime=20200618233206&returncode=00&sign=9149DC60C3AB0D0CEE56F7AA4ED86379&attach=1234|456
HTTP状态：
返回：

【2020-06-18 23:38:46】
订单号：20200618213302101971
通知地址：http://karl-leo.imwork.net/common/test.json
通知报文：memberid=200399771&orderid=E20200618213301570066&transaction_id=20200618213302101971&amount=1.0000&datetime=20200618233836&returncode=00&sign=05DB6BAB6645E14E5E8BDD3920AA8609&attach=1234|456
HTTP状态：
返回：

【2020-06-18 23:58:18】
订单号：20200618215336485010
通知地址：http://karl-leo.imwork.net/common/test.json
通知报文：memberid=200399771&orderid=E20200618215335237044&transaction_id=20200618215336485010&amount=1.0000&datetime=20200618235808&returncode=00&sign=77EE8F7E2B2502EBB27D87D41F98325F&attach=1234|456
HTTP状态：
返回：

