【2020-05-31 19:18:24】
订单号：20200531191720481015
通知地址：https://www.100000381.xyz/Pay_CsT1Zfb_notifyurlzfb.html
通知报文：memberid=200423453&orderid=202005311917159851993578&transaction_id=20200531191720481015&amount=1000.0000&datetime=20200531191818&returncode=00&sign=F9F11CBC5E9957121A6D147A70C948DE&attach=1234|456
HTTP状态：
返回：ok

【2020-05-31 19:19:34】
订单号：20200531191828524948
通知地址：https://www.100000381.xyz/Pay_CsT1Zfb_notifyurlzfb.html
通知报文：memberid=200423453&orderid=202005311918221015559436&transaction_id=20200531191828524948&amount=4999.0000&datetime=20200531191931&returncode=00&sign=58EDF3077EE76188F556DB7A3C9383C0&attach=1234|456
HTTP状态：
返回：ok

【2020-05-31 19:24:07】
订单号：20200531191941100994
通知地址：https://www.100000381.xyz/Pay_CsT1Zfb_notifyurlzfb.html
通知报文：memberid=200423453&orderid=202005311919365651507763&transaction_id=20200531191941100994&amount=3000.0000&datetime=20200531192406&returncode=00&sign=56353F07C08FD9914ECD857C4BC30510&attach=1234|456
HTTP状态：
返回：ok

【2020-05-31 19:26:01】
订单号：20200531192401495010
通知地址：https://www.100000381.xyz/Pay_CsT1Zfb_notifyurlzfb.html
通知报文：memberid=200423453&orderid=202005311923559857993481&transaction_id=20200531192401495010&amount=500.0000&datetime=20200531192600&returncode=00&sign=0F35AED0DEE1EAF08FBE66FF90567937&attach=1234|456
HTTP状态：
返回：ok

【2020-05-31 19:26:01】
订单号：20200531192128561015
通知地址：https://www.100000381.xyz/Pay_CsT1Zfb_notifyurlzfb.html
通知报文：memberid=200423453&orderid=202005311921235154528458&transaction_id=20200531192128561015&amount=600.0000&datetime=20200531192559&returncode=00&sign=21E2C4D1AB46776002DD6AE38D717510&attach=1234|456
HTTP状态：
返回：ok

【2020-05-31 19:29:45】
订单号：20200531192847102485
通知地址：https://www.100000381.xyz/Pay_CsT1Zfb_notifyurlzfb.html
通知报文：memberid=200423453&orderid=202005311928415754102443&transaction_id=20200531192847102485&amount=500.0000&datetime=20200531192944&returncode=00&sign=B7B6B76EB62408EC478FF065B4E427CC&attach=1234|456
HTTP状态：
返回：ok

【2020-05-31 19:34:18】
订单号：20200531193321499797
通知地址：https://www.100000381.xyz/Pay_CsT1Zfb_notifyurlzfb.html
通知报文：memberid=200423453&orderid=202005311933169950532762&transaction_id=20200531193321499797&amount=500.0000&datetime=20200531193416&returncode=00&sign=8564CEB7E3588065A177C7D2C0D4E736&attach=1234|456
HTTP状态：
返回：ok

【2020-05-31 19:38:27】
订单号：20200531193709534956
通知地址：https://www.100000381.xyz/Pay_CsT1Zfb_notifyurlzfb.html
通知报文：memberid=200423453&orderid=202005311937031025654283&transaction_id=20200531193709534956&amount=2999.0000&datetime=20200531193825&returncode=00&sign=43743C1C0D03B553491FAC83851583F0&attach=1234|456
HTTP状态：
返回：ok

【2020-05-31 19:42:26】
订单号：20200531194127551009
通知地址：https://www.100000381.xyz/Pay_CsT1Zfb_notifyurlzfb.html
通知报文：memberid=200423453&orderid=202005311941225052983664&transaction_id=20200531194127551009&amount=500.0000&datetime=20200531194225&returncode=00&sign=D2BEB3DAFFC85407E5C899028D8A1559&attach=1234|456
HTTP状态：
返回：ok

【2020-05-31 19:48:32】
订单号：20200531194727102561
通知地址：https://www.100000381.xyz/Pay_CsT1Zfb_notifyurlzfb.html
通知报文：memberid=200423453&orderid=202005311947215710254802&transaction_id=20200531194727102561&amount=1863.0000&datetime=20200531194830&returncode=00&sign=A608380CEC64734B88ED4763A84C9BAA&attach=1234|456
HTTP状态：
返回：ok

【2020-05-31 19:58:56】
订单号：20200531195653534852
通知地址：https://www.100000381.xyz/Pay_CsT1Zfb_notifyurlzfb.html
通知报文：memberid=200423453&orderid=202005311956471025452835&transaction_id=20200531195653534852&amount=2000.0000&datetime=20200531195855&returncode=00&sign=F6C6B57EAF7990477D5CE9B966AA97B7&attach=1234|456
HTTP状态：
返回：ok

【2020-05-31 20:02:33】
订单号：20200531200144564810
通知地址：https://www.100000381.xyz/Pay_CsT1Zfb_notifyurlzfb.html
通知报文：memberid=200423453&orderid=202005312001385054507687&transaction_id=20200531200144564810&amount=2800.0000&datetime=20200531200231&returncode=00&sign=25B071F5DA07F488E365AB7F2C3B432B&attach=1234|456
HTTP状态：
返回：ok

【2020-05-31 20:05:55】
订单号：20200531200455559956
通知地址：https://www.100000381.xyz/Pay_CsT1Zfb_notifyurlzfb.html
通知报文：memberid=200423453&orderid=202005312004505051527053&transaction_id=20200531200455559956&amount=1000.0000&datetime=20200531200554&returncode=00&sign=4C6BEA9C3C1AAAC1C9F05EF09CA3DD62&attach=1234|456
HTTP状态：
返回：ok

【2020-05-31 20:10:38】
订单号：20200531200717539754
通知地址：https://www.100000381.xyz/Pay_CsT1Zfb_notifyurlzfb.html
通知报文：memberid=200423453&orderid=202005312007124848516217&transaction_id=20200531200717539754&amount=1200.0000&datetime=20200531201038&returncode=00&sign=3E473BA3A35CE852808026EB6002E5BE&attach=1234|456
HTTP状态：
返回：ok

【2020-05-31 20:11:49】
订单号：20200531201015555251
通知地址：https://www.100000381.xyz/Pay_CsT1Zfb_notifyurlzfb.html
通知报文：memberid=200423453&orderid=202005312010094997554018&transaction_id=20200531201015555251&amount=4999.0000&datetime=20200531201147&returncode=00&sign=0AD702E1C5CFBF679C015F4FC01F1099&attach=1234|456
HTTP状态：
返回：ok

【2020-05-31 20:15:09】
订单号：20200531201408485310
通知地址：https://www.100000381.xyz/Pay_CsT1Zfb_notifyurlzfb.html
通知报文：memberid=200423453&orderid=202005312014029799974920&transaction_id=20200531201408485310&amount=1000.0000&datetime=20200531201509&returncode=00&sign=780B32B5E1835176B2FD358F154C129F&attach=1234|456
HTTP状态：
返回：ok

【2020-05-31 20:21:49】
订单号：20200531202039554856
通知地址：https://www.100000381.xyz/Pay_CsT1Zfb_notifyurlzfb.html
通知报文：memberid=200423453&orderid=202005312020334954983037&transaction_id=20200531202039554856&amount=501.1000&datetime=20200531202147&returncode=00&sign=CBD6BD18243753EC617ADD53367A05AD&attach=1234|456
HTTP状态：
返回：ok

【2020-05-31 20:25:24】
订单号：20200531202430101101
通知地址：https://www.100000381.xyz/Pay_CsT1Zfb_notifyurlzfb.html
通知报文：memberid=200423453&orderid=202005312024255753985632&transaction_id=20200531202430101101&amount=3000.0000&datetime=20200531202523&returncode=00&sign=216C4C74A48AFAC775CDBB5AB3BCB0DE&attach=1234|456
HTTP状态：
返回：ok

【2020-05-31 20:26:39】
订单号：20200531201509100485
通知地址：https://www.100000381.xyz/Pay_CsT1Zfb_notifyurlzfb.html
通知报文：memberid=200423453&orderid=202005312015035554107712&transaction_id=20200531201509100485&amount=1000.0000&datetime=20200531202638&returncode=00&sign=DD323F62AC5381ECDDBD0303D7E4B20D&attach=1234|456
HTTP状态：
返回：ok

【2020-05-31 20:28:13】
订单号：20200531202345495010
通知地址：https://www.100000381.xyz/Pay_CsT1Zfb_notifyurlzfb.html
通知报文：memberid=200423453&orderid=202005312023399857516798&transaction_id=20200531202345495010&amount=1000.0000&datetime=20200531202812&returncode=00&sign=19C03D36CB365F2101AF2BE3451F9DAB&attach=1234|456
HTTP状态：
返回：ok

【2020-05-31 20:30:10】
订单号：20200531202906505755
通知地址：https://www.100000381.xyz/Pay_CsT1Zfb_notifyurlzfb.html
通知报文：memberid=200423453&orderid=202005312029009910196713&transaction_id=20200531202906505755&amount=1000.0000&datetime=20200531203008&returncode=00&sign=B0A0117C9A30114DF3F3492F2AC14210&attach=1234|456
HTTP状态：
返回：ok

【2020-05-31 20:38:42】
订单号：20200531203633494910
通知地址：https://www.100000381.xyz/Pay_CsT1Zfb_notifyurlzfb.html
通知报文：memberid=200423453&orderid=202005312036279855987580&transaction_id=20200531203633494910&amount=900.0000&datetime=20200531203840&returncode=00&sign=FE1D22983C8E4075190F59684508798A&attach=1234|456
HTTP状态：
返回：ok

