【2020-06-19 00:02:17】
订单号：20200618215734101579
通知地址：http://karl-leo.imwork.net/common/test.json
通知报文：memberid=200399771&orderid=E20200618215733103062&transaction_id=20200618215734101579&amount=1.0000&datetime=20200619000207&returncode=00&sign=593FD72ADE3703291A5530214A130B87&attach=1234|456
HTTP状态：
返回：

【2020-06-19 00:08:42】
订单号：20200618213302101971
通知地址：http://karl-leo.imwork.net/common/test.json
通知报文：memberid=200399771&orderid=E20200618213301570066&transaction_id=20200618213302101971&amount=1.0000&datetime=20200619000832&returncode=00&sign=200ACFFBE9FE0A7228C693D7929CB0B7&attach=1234|456
HTTP状态：
返回：

【2020-06-19 00:28:20】
订单号：20200618215336485010
通知地址：http://karl-leo.imwork.net/common/test.json
通知报文：memberid=200399771&orderid=E20200618215335237044&transaction_id=20200618215336485010&amount=1.0000&datetime=20200619002810&returncode=00&sign=249CFA191BE147A4F25DB23AF99120C1&attach=1234|456
HTTP状态：
返回：

【2020-06-19 00:32:18】
订单号：20200618215734101579
通知地址：http://karl-leo.imwork.net/common/test.json
通知报文：memberid=200399771&orderid=E20200618215733103062&transaction_id=20200618215734101579&amount=1.0000&datetime=20200619003208&returncode=00&sign=0B34C49D64366D8CB75A25FF927F7D6F&attach=1234|456
HTTP状态：
返回：

【2020-06-19 00:38:47】
订单号：20200618213302101971
通知地址：http://karl-leo.imwork.net/common/test.json
通知报文：memberid=200399771&orderid=E20200618213301570066&transaction_id=20200618213302101971&amount=1.0000&datetime=20200619003837&returncode=00&sign=4A6F8DFE6AF5BDF89A9B800DE4EC62CC&attach=1234|456
HTTP状态：
返回：

【2020-06-19 00:58:19】
订单号：20200618215336485010
通知地址：http://karl-leo.imwork.net/common/test.json
通知报文：memberid=200399771&orderid=E20200618215335237044&transaction_id=20200618215336485010&amount=1.0000&datetime=20200619005809&returncode=00&sign=95816BD879D856867B0CAA22BC2F843E&attach=1234|456
HTTP状态：
返回：

【2020-06-19 01:02:18】
订单号：20200618215734101579
通知地址：http://karl-leo.imwork.net/common/test.json
通知报文：memberid=200399771&orderid=E20200618215733103062&transaction_id=20200618215734101579&amount=1.0000&datetime=20200619010208&returncode=00&sign=F6C653B60EEAF804C555A63DB1CA5E0F&attach=1234|456
HTTP状态：
返回：

【2020-06-19 02:30:12】
订单号：20200619022859989797
通知地址：http://pay.yanwujing.cn/callback.php
通知报文：memberid=200399771&orderid=C1592504939739&transaction_id=20200619022859989797&amount=600.0000&datetime=20200619023012&returncode=00&sign=814D78AD726EB0E8E3B10BEE9C3A7F21&attach=200399771
HTTP状态：
返回：ok

【2020-06-19 03:08:43】
订单号：20200618213302101971
通知地址：http://karl-leo.imwork.net/common/test.json
通知报文：memberid=200399771&orderid=E20200618213301570066&transaction_id=20200618213302101971&amount=1.0000&datetime=20200619030833&returncode=00&sign=A35FE7F8CC1B61B075759D76C2724A5B&attach=1234|456
HTTP状态：
返回：

【2020-06-19 03:28:21】
订单号：20200618215336485010
通知地址：http://karl-leo.imwork.net/common/test.json
通知报文：memberid=200399771&orderid=E20200618215335237044&transaction_id=20200618215336485010&amount=1.0000&datetime=20200619032811&returncode=00&sign=FE760E2DD06B1C0C73163E711F7D1987&attach=1234|456
HTTP状态：
返回：

【2020-06-19 03:32:19】
订单号：20200618215734101579
通知地址：http://karl-leo.imwork.net/common/test.json
通知报文：memberid=200399771&orderid=E20200618215733103062&transaction_id=20200618215734101579&amount=1.0000&datetime=20200619033209&returncode=00&sign=B61271912E0A8DECE11FE76F769C17EF&attach=1234|456
HTTP状态：
返回：

【2020-06-19 03:38:48】
订单号：20200618213302101971
通知地址：http://karl-leo.imwork.net/common/test.json
通知报文：memberid=200399771&orderid=E20200618213301570066&transaction_id=20200618213302101971&amount=1.0000&datetime=20200619033838&returncode=00&sign=892551D34457AA3675DD82B25ABA7B45&attach=1234|456
HTTP状态：
返回：

【2020-06-19 03:58:20】
订单号：20200618215336485010
通知地址：http://karl-leo.imwork.net/common/test.json
通知报文：memberid=200399771&orderid=E20200618215335237044&transaction_id=20200618215336485010&amount=1.0000&datetime=20200619035810&returncode=00&sign=1D6D8E400C38BCD5FFB07EBA7DB88293&attach=1234|456
HTTP状态：
返回：

【2020-06-19 04:02:19】
订单号：20200618215734101579
通知地址：http://karl-leo.imwork.net/common/test.json
通知报文：memberid=200399771&orderid=E20200618215733103062&transaction_id=20200618215734101579&amount=1.0000&datetime=20200619040209&returncode=00&sign=1206239A9699981C424EA5C0EBEA3A80&attach=1234|456
HTTP状态：
返回：

【2020-06-19 06:08:44】
订单号：20200618213302101971
通知地址：http://karl-leo.imwork.net/common/test.json
通知报文：memberid=200399771&orderid=E20200618213301570066&transaction_id=20200618213302101971&amount=1.0000&datetime=20200619060834&returncode=00&sign=94C8E096C82800B6099D893C9B3ACAF0&attach=1234|456
HTTP状态：
返回：

【2020-06-19 06:28:22】
订单号：20200618215336485010
通知地址：http://karl-leo.imwork.net/common/test.json
通知报文：memberid=200399771&orderid=E20200618215335237044&transaction_id=20200618215336485010&amount=1.0000&datetime=20200619062812&returncode=00&sign=A04639602359FD2E01D2DD4FE27B1D98&attach=1234|456
HTTP状态：
返回：

【2020-06-19 06:32:20】
订单号：20200618215734101579
通知地址：http://karl-leo.imwork.net/common/test.json
通知报文：memberid=200399771&orderid=E20200618215733103062&transaction_id=20200618215734101579&amount=1.0000&datetime=20200619063210&returncode=00&sign=F72537870DBBDEAB721385FBB5A4BB84&attach=1234|456
HTTP状态：
返回：

【2020-06-19 06:38:49】
订单号：20200618213302101971
通知地址：http://karl-leo.imwork.net/common/test.json
通知报文：memberid=200399771&orderid=E20200618213301570066&transaction_id=20200618213302101971&amount=1.0000&datetime=20200619063839&returncode=00&sign=ABD836CB389C59568204D817AC0F690D&attach=1234|456
HTTP状态：
返回：

【2020-06-19 06:58:21】
订单号：20200618215336485010
通知地址：http://karl-leo.imwork.net/common/test.json
通知报文：memberid=200399771&orderid=E20200618215335237044&transaction_id=20200618215336485010&amount=1.0000&datetime=20200619065811&returncode=00&sign=3CFDA266998600C087EA97A182925B46&attach=1234|456
HTTP状态：
返回：

【2020-06-19 07:02:20】
订单号：20200618215734101579
通知地址：http://karl-leo.imwork.net/common/test.json
通知报文：memberid=200399771&orderid=E20200618215733103062&transaction_id=20200618215734101579&amount=1.0000&datetime=20200619070210&returncode=00&sign=7EB1DA8564A1C23A6BF8A43A744C966B&attach=1234|456
HTTP状态：
返回：

【2020-06-19 09:08:45】
订单号：20200618213302101971
通知地址：http://karl-leo.imwork.net/common/test.json
通知报文：memberid=200399771&orderid=E20200618213301570066&transaction_id=20200618213302101971&amount=1.0000&datetime=20200619090835&returncode=00&sign=1E467175942605604A9F3FBA9B473503&attach=1234|456
HTTP状态：
返回：

【2020-06-19 09:28:23】
订单号：20200618215336485010
通知地址：http://karl-leo.imwork.net/common/test.json
通知报文：memberid=200399771&orderid=E20200618215335237044&transaction_id=20200618215336485010&amount=1.0000&datetime=20200619092813&returncode=00&sign=F2CBCA444AE5561D633E5FA27AF5170A&attach=1234|456
HTTP状态：
返回：

【2020-06-19 09:32:22】
订单号：20200618215734101579
通知地址：http://karl-leo.imwork.net/common/test.json
通知报文：memberid=200399771&orderid=E20200618215733103062&transaction_id=20200618215734101579&amount=1.0000&datetime=20200619093212&returncode=00&sign=CC2A16A19DC02CB5632167042B6A17C9&attach=1234|456
HTTP状态：
返回：

【2020-06-19 09:38:50】
订单号：20200618213302101971
通知地址：http://karl-leo.imwork.net/common/test.json
通知报文：memberid=200399771&orderid=E20200618213301570066&transaction_id=20200618213302101971&amount=1.0000&datetime=20200619093840&returncode=00&sign=CA580906527096CFAD08BC2261475123&attach=1234|456
HTTP状态：
返回：

【2020-06-19 09:58:22】
订单号：20200618215336485010
通知地址：http://karl-leo.imwork.net/common/test.json
通知报文：memberid=200399771&orderid=E20200618215335237044&transaction_id=20200618215336485010&amount=1.0000&datetime=20200619095812&returncode=00&sign=F00AD9E308B247F3693AC5A6CFDEAC48&attach=1234|456
HTTP状态：
返回：

【2020-06-19 10:02:21】
订单号：20200618215734101579
通知地址：http://karl-leo.imwork.net/common/test.json
通知报文：memberid=200399771&orderid=E20200618215733103062&transaction_id=20200618215734101579&amount=1.0000&datetime=20200619100211&returncode=00&sign=F7D4B7AB1AFB0DF1402AD91E3B21EDB7&attach=1234|456
HTTP状态：
返回：

【2020-06-19 12:39:58】
订单号：20200619123717100991
通知地址：http://pay.yanwujing.cn/callback.php
通知报文：memberid=200668573&orderid=E1592541436579&transaction_id=20200619123717100991&amount=2000.0000&datetime=20200619123958&returncode=00&sign=063A9A1B3525131D957B6ED53A36ECC8&attach=200668573
HTTP状态：
返回：ok

【2020-06-19 12:43:58】
订单号：20200619124129575253
通知地址：http://pay.yanwujing.cn/callback.php
通知报文：memberid=200668573&orderid=J1592541687758&transaction_id=20200619124129575253&amount=1500.0000&datetime=20200619124358&returncode=00&sign=D0816905C6804FAC16FCB5535E540809&attach=200668573
HTTP状态：
返回：ok

【2020-06-19 12:47:23】
订单号：20200619124009574952
通知地址：http://pay.yanwujing.cn/callback.php
通知报文：memberid=200668573&orderid=I1592541607534&transaction_id=20200619124009574952&amount=1000.0000&datetime=20200619124723&returncode=00&sign=1E4F1B279E6A3C134B59975B6C1723BD&attach=200668573
HTTP状态：
返回：ok

【2020-06-19 12:55:08】
订单号：20200619125216485649
通知地址：http://pay.yanwujing.cn/callback.php
通知报文：memberid=200668573&orderid=D1592542336378&transaction_id=20200619125216485649&amount=1000.0000&datetime=20200619125508&returncode=00&sign=6720D7334EF5C19D18E894DBCDFD4818&attach=200668573
HTTP状态：
返回：ok

【2020-06-19 12:57:53】
订单号：20200619125422101501
通知地址：http://pay.yanwujing.cn/callback.php
通知报文：memberid=200668573&orderid=I1592542462013&transaction_id=20200619125422101501&amount=1500.0000&datetime=20200619125753&returncode=00&sign=F0A8B82E4659016601E5A0E6E3DCAA7F&attach=200668573
HTTP状态：
返回：ok

【2020-06-19 13:05:30】
订单号：20200619130112565550
通知地址：http://pay.yanwujing.cn/callback.php
通知报文：memberid=200668573&orderid=J1592542872267&transaction_id=20200619130112565550&amount=1500.0000&datetime=20200619130530&returncode=00&sign=0F6CE0EBDA6D8ACA91CC53096A9AE7A0&attach=200668573
HTTP状态：
返回：ok

【2020-06-19 13:06:09】
订单号：20200619130304565054
通知地址：http://pay.yanwujing.cn/callback.php
通知报文：memberid=200668573&orderid=A1592542984025&transaction_id=20200619130304565054&amount=2000.0000&datetime=20200619130609&returncode=00&sign=7F972EA2A9EEF1D3D3ADB9708868D8E6&attach=200668573
HTTP状态：
返回：ok

【2020-06-19 13:11:11】
订单号：20200619130817495649
通知地址：http://pay.yanwujing.cn/callback.php
通知报文：memberid=200668573&orderid=C1592543296633&transaction_id=20200619130817495649&amount=3000.0000&datetime=20200619131111&returncode=00&sign=FE21528BE78688D70CC38B3E112E1E0A&attach=200668573
HTTP状态：
返回：ok

【2020-06-19 13:14:23】
订单号：20200619131020995753
通知地址：http://pay.yanwujing.cn/callback.php
通知报文：memberid=200668573&orderid=I1592543420302&transaction_id=20200619131020995753&amount=2000.0000&datetime=20200619131423&returncode=00&sign=C8E0DC2C1736E1BFBCF9C65CF1976982&attach=200668573
HTTP状态：
返回：ok

【2020-06-19 13:19:04】
订单号：20200619131539989951
通知地址：http://pay.yanwujing.cn/callback.php
通知报文：memberid=200668573&orderid=B1592543738474&transaction_id=20200619131539989951&amount=2000.0000&datetime=20200619131904&returncode=00&sign=A28E1084D262D470E40E564DFBA647F0&attach=200668573
HTTP状态：
返回：ok

【2020-06-19 13:31:00】
订单号：20200619132641495150
通知地址：http://pay.yanwujing.cn/callback.php
通知报文：memberid=200399771&orderid=I1592544401717&transaction_id=20200619132641495150&amount=600.0000&datetime=20200619133100&returncode=00&sign=A571E39E4AD25E1FD80469F1B6BCF3CE&attach=200399771
HTTP状态：
返回：ok

【2020-06-19 13:37:52】
订单号：20200619133312565350
通知地址：http://pay.yanwujing.cn/callback.php
通知报文：memberid=200668573&orderid=J1592544791199&transaction_id=20200619133312565350&amount=5000.0000&datetime=20200619133752&returncode=00&sign=67FBD90FB35D453985A017E9FBBAE53B&attach=200668573
HTTP状态：
返回：ok

【2020-06-19 14:30:29】
订单号：20200619142919102975
通知地址：http://pay.yanwujing.cn/callback.php
通知报文：memberid=200681214&orderid=C1592548161006&transaction_id=20200619142919102975&amount=3000.0000&datetime=20200619143029&returncode=00&sign=201887C3DC8EAD1F9A8C0B01E450741B&attach=200681214
HTTP状态：
返回：ok

【2020-06-19 14:31:41】
订单号：20200619143001575049
通知地址：http://pay.yanwujing.cn/callback.php
通知报文：memberid=200681214&orderid=D1592548202461&transaction_id=20200619143001575049&amount=1000.0000&datetime=20200619143141&returncode=00&sign=FA6D5FB2AC453F6A2C9B8018BD7352E2&attach=200681214
HTTP状态：
返回：ok

【2020-06-19 14:37:32】
订单号：20200619143707515310
通知地址：http://pay.yanwujing.cn/callback.php
通知报文：memberid=200681214&orderid=C1592548628638&transaction_id=20200619143707515310&amount=1000.0000&datetime=20200619143732&returncode=00&sign=2F78F9BE19BAA60447328BA402B38564&attach=200681214
HTTP状态：
返回：ok

【2020-06-19 14:41:15】
订单号：20200619142607102491
通知地址：http://pay.yanwujing.cn/callback.php
通知报文：memberid=200668573&orderid=C1592547964876&transaction_id=20200619142607102491&amount=6000.0000&datetime=20200619144115&returncode=00&sign=194836DEF73103776C6BC1C9DB2EBF22&attach=200668573
HTTP状态：
返回：ok

【2020-06-19 15:08:47】
订单号：20200618213302101971
通知地址：http://karl-leo.imwork.net/common/test.json
通知报文：memberid=200399771&orderid=E20200618213301570066&transaction_id=20200618213302101971&amount=1.0000&datetime=20200619150837&returncode=00&sign=FBFE975BC577E26B027499050E39DB21&attach=1234|456
HTTP状态：
返回：

【2020-06-19 15:15:10】
订单号：20200619151450979999
通知地址：http://pay.yanwujing.cn/callback.php
通知报文：memberid=200681214&orderid=F1592550922287&transaction_id=20200619151450979999&amount=7000.0000&datetime=20200619151510&returncode=00&sign=2FEE4197FBEF43D531E95970DF774A11&attach=200681214
HTTP状态：
返回：ok

【2020-06-19 15:21:51】
订单号：20200619151807102995
通知地址：http://pay.yanwujing.cn/callback.php
通知报文：memberid=200668573&orderid=F1592551087605&transaction_id=20200619151807102995&amount=3000.0000&datetime=20200619152151&returncode=00&sign=E4DA93DFFF8C2D6D3D1C1606ED786FFB&attach=200668573
HTTP状态：
返回：ok

【2020-06-19 15:28:25】
订单号：20200618215336485010
通知地址：http://karl-leo.imwork.net/common/test.json
通知报文：memberid=200399771&orderid=E20200618215335237044&transaction_id=20200618215336485010&amount=1.0000&datetime=20200619152815&returncode=00&sign=874F84439D090895BB96FAB7A8892880&attach=1234|456
HTTP状态：
返回：

【2020-06-19 15:32:23】
订单号：20200618215734101579
通知地址：http://karl-leo.imwork.net/common/test.json
通知报文：memberid=200399771&orderid=E20200618215733103062&transaction_id=20200618215734101579&amount=1.0000&datetime=20200619153213&returncode=00&sign=F9AB0CE0CA5D4A0806F42897140E5FDD&attach=1234|456
HTTP状态：
返回：

【2020-06-19 15:38:51】
订单号：20200618213302101971
通知地址：http://karl-leo.imwork.net/common/test.json
通知报文：memberid=200399771&orderid=E20200618213301570066&transaction_id=20200618213302101971&amount=1.0000&datetime=20200619153841&returncode=00&sign=CEC68B88746A6B464AEFA87B88EC5AD9&attach=1234|456
HTTP状态：
返回：

【2020-06-19 15:53:23】
订单号：20200619155207555597
通知地址：http://pay.yanwujing.cn/callback.php
通知报文：memberid=200681214&orderid=F1592553158925&transaction_id=20200619155207555597&amount=1000.0000&datetime=20200619155323&returncode=00&sign=9BAC345328638E97FAE6399DFE6FFA76&attach=200681214
HTTP状态：
返回：ok

【2020-06-19 15:53:48】
订单号：20200619155332995310
通知地址：http://pay.yanwujing.cn/callback.php
通知报文：memberid=200681214&orderid=B1592553243829&transaction_id=20200619155332995310&amount=2000.0000&datetime=20200619155348&returncode=00&sign=42E4260E3A8968D9B199A0EE21A3A162&attach=200681214
HTTP状态：
返回：ok

【2020-06-19 15:54:43】
订单号：20200619155426505755
通知地址：http://pay.yanwujing.cn/callback.php
通知报文：memberid=200681214&orderid=H1592553298046&transaction_id=20200619155426505755&amount=1500.0000&datetime=20200619155443&returncode=00&sign=F6296B358EF6AD73CEF91138A3B89E6E&attach=200681214
HTTP状态：
返回：ok

【2020-06-19 15:55:43】
订单号：20200619155522979997
通知地址：http://pay.yanwujing.cn/callback.php
通知报文：memberid=200681214&orderid=H1592553354293&transaction_id=20200619155522979997&amount=3000.0000&datetime=20200619155543&returncode=00&sign=FB30CEFAC9D288D0C23BAC53F0DEBF34&attach=200681214
HTTP状态：
返回：ok

【2020-06-19 15:58:23】
订单号：20200618215336485010
通知地址：http://karl-leo.imwork.net/common/test.json
通知报文：memberid=200399771&orderid=E20200618215335237044&transaction_id=20200618215336485010&amount=1.0000&datetime=20200619155813&returncode=00&sign=027624A7EAF4BBAB58B683D9C778CEE2&attach=1234|456
HTTP状态：
返回：

【2020-06-19 16:01:44】
订单号：20200619160124524853
通知地址：http://pay.yanwujing.cn/callback.php
通知报文：memberid=200681214&orderid=D1592553715477&transaction_id=20200619160124524853&amount=3000.0000&datetime=20200619160144&returncode=00&sign=A91D1FB1A3A3EDC0ED24A566C6C85FE2&attach=200681214
HTTP状态：
返回：ok

【2020-06-19 16:02:22】
订单号：20200618215734101579
通知地址：http://karl-leo.imwork.net/common/test.json
通知报文：memberid=200399771&orderid=E20200618215733103062&transaction_id=20200618215734101579&amount=1.0000&datetime=20200619160212&returncode=00&sign=7A552A8743BEF677744A136E6EEFFE2B&attach=1234|456
HTTP状态：
返回：

【2020-06-19 16:06:36】
订单号：20200619160618975110
通知地址：http://pay.yanwujing.cn/callback.php
通知报文：memberid=200681214&orderid=H1592554009676&transaction_id=20200619160618975110&amount=8000.0000&datetime=20200619160636&returncode=00&sign=B1D21AF9D01BF872D189CD2608404C76&attach=200681214
HTTP状态：
返回：ok

【2020-06-19 16:07:11】
订单号：20200619160657495250
通知地址：http://pay.yanwujing.cn/callback.php
通知报文：memberid=200681214&orderid=I1592554048719&transaction_id=20200619160657495250&amount=10000.0000&datetime=20200619160711&returncode=00&sign=194282C1CDA2E30E07FAC6763EF3B163&attach=200681214
HTTP状态：
返回：ok

【2020-06-19 16:10:22】
订单号：20200619161004994810
通知地址：http://pay.yanwujing.cn/callback.php
通知报文：memberid=200681214&orderid=H1592554235469&transaction_id=20200619161004994810&amount=5000.0000&datetime=20200619161022&returncode=00&sign=5C1A09BBD6E4F4CEBB2BC4D30E7DC807&attach=200681214
HTTP状态：
返回：ok

【2020-06-19 16:11:07】
订单号：20200619161048569951
通知地址：http://pay.yanwujing.cn/callback.php
通知报文：memberid=200681214&orderid=A1592554280252&transaction_id=20200619161048569951&amount=4000.0000&datetime=20200619161107&returncode=00&sign=5ECF4E9B1F131E892F68B199E513C553&attach=200681214
HTTP状态：
返回：ok

【2020-06-19 16:20:29】
订单号：20200619162003519950
通知地址：http://pay.yanwujing.cn/callback.php
通知报文：memberid=200681214&orderid=C1592554835260&transaction_id=20200619162003519950&amount=7000.0000&datetime=20200619162029&returncode=00&sign=04DE52ADDECBCBDF3CD959D92E40FAED&attach=200681214
HTTP状态：
返回：ok

【2020-06-19 16:33:28】
订单号：20200619162039555255
通知地址：http://pay.yanwujing.cn/callback.php
通知报文：memberid=200681214&orderid=B1592554870766&transaction_id=20200619162039555255&amount=5000.0000&datetime=20200619163327&returncode=00&sign=5462E2777568F75C6500C3A0057E54E7&attach=200681214
HTTP状态：
返回：ok

【2020-06-19 16:43:44】
订单号：20200619164323981024
通知地址：http://pay.yanwujing.cn/callback.php
通知报文：memberid=200681214&orderid=J1592556235435&transaction_id=20200619164323981024&amount=3000.0000&datetime=20200619164344&returncode=00&sign=E318444EAACAE9F2BF947FCF20374770&attach=200681214
HTTP状态：
返回：ok

【2020-06-19 16:49:41】
订单号：20200619164917100101
通知地址：http://pay.yanwujing.cn/callback.php
通知报文：memberid=200681214&orderid=G1592556589379&transaction_id=20200619164917100101&amount=7000.0000&datetime=20200619164941&returncode=00&sign=9EB3EB120428F672079B0F0B912BB713&attach=200681214
HTTP状态：
返回：ok

【2020-06-19 16:56:17】
订单号：20200619165557100994
通知地址：http://pay.yanwujing.cn/callback.php
通知报文：memberid=200681214&orderid=G1592556989226&transaction_id=20200619165557100994&amount=10000.0000&datetime=20200619165617&returncode=00&sign=3E2DD07126EB5BD83F98AF1AE5498149&attach=200681214
HTTP状态：
返回：ok

【2020-06-19 17:18:42】
订单号：20200619171807102494
通知地址：http://pay.yanwujing.cn/callback.php
通知报文：memberid=200681214&orderid=G1592558318497&transaction_id=20200619171807102494&amount=2000.0000&datetime=20200619171842&returncode=00&sign=0C7B1AD8BF2CE7A3A612E14CA0516D6D&attach=200681214
HTTP状态：
返回：ok

【2020-06-19 17:19:17】
订单号：20200619171904561009
通知地址：http://pay.yanwujing.cn/callback.php
通知报文：memberid=200681214&orderid=D1592558376345&transaction_id=20200619171904561009&amount=10000.0000&datetime=20200619171917&returncode=00&sign=BA95F2F28F73D12998118A2590FB324F&attach=200681214
HTTP状态：
返回：ok

【2020-06-19 17:32:24】
订单号：20200619173038101485
通知地址：http://pay.yanwujing.cn/callback.php
通知报文：memberid=200681214&orderid=H1592559069480&transaction_id=20200619173038101485&amount=1000.0000&datetime=20200619173224&returncode=00&sign=7D1AF7293BB3F9045C2B50386F26DDFF&attach=200681214
HTTP状态：
返回：ok

【2020-06-19 17:46:32】
订单号：20200619174600565052
通知地址：http://pay.yanwujing.cn/callback.php
通知报文：memberid=200681214&orderid=B1592559959387&transaction_id=20200619174600565052&amount=1500.0000&datetime=20200619174632&returncode=00&sign=8CDE7EF7172A7A1BA058217C54FDB6E3&attach=200681214
HTTP状态：
返回：ok

【2020-06-19 17:58:19】
订单号：20200619175753491024
通知地址：http://pay.yanwujing.cn/callback.php
通知报文：memberid=200681214&orderid=H1592560673226&transaction_id=20200619175753491024&amount=1500.0000&datetime=20200619175819&returncode=00&sign=8DBC83248E5A8FCA20A86A40E1FBC1AC&attach=200681214
HTTP状态：
返回：ok

【2020-06-19 18:31:11】
订单号：20200619183039102485
通知地址：http://pay.yanwujing.cn/callback.php
通知报文：memberid=200681214&orderid=B1592562638251&transaction_id=20200619183039102485&amount=3000.0000&datetime=20200619183111&returncode=00&sign=7B484A4CA53F98CA245BD4310C825FCD&attach=200681214
HTTP状态：
返回：ok

【2020-06-19 18:45:41】
订单号：20200619184326101485
通知地址：http://pay.yanwujing.cn/callback.php
通知报文：memberid=200681214&orderid=I1592563405242&transaction_id=20200619184326101485&amount=5000.0000&datetime=20200619184541&returncode=00&sign=07DA5516D61BD3B43AE956FFCAAE6F72&attach=200681214
HTTP状态：
返回：ok

【2020-06-19 18:54:01】
订单号：20200619185328565756
通知地址：http://pay.yanwujing.cn/callback.php
通知报文：memberid=200681214&orderid=I1592564039698&transaction_id=20200619185328565756&amount=10000.0000&datetime=20200619185401&returncode=00&sign=F4E941B3AD1F76DA3B42771540BB25AD&attach=200681214
HTTP状态：
返回：ok

【2020-06-19 19:09:05】
订单号：20200619190843985551
通知地址：http://pay.yanwujing.cn/callback.php
通知报文：memberid=200681214&orderid=C1592564954552&transaction_id=20200619190843985551&amount=5000.0000&datetime=20200619190904&returncode=00&sign=5CE82F1DD60DD7F5AE9D45817E7A14DE&attach=200681214
HTTP状态：
返回：ok

【2020-06-19 19:11:40】
订单号：20200619191120565398
通知地址：http://pay.yanwujing.cn/callback.php
通知报文：memberid=200681214&orderid=G1592565079565&transaction_id=20200619191120565398&amount=9000.0000&datetime=20200619191140&returncode=00&sign=A38AB28E0DC7D9D684CA35AE9C121CA8&attach=200681214
HTTP状态：
返回：ok

【2020-06-19 19:14:40】
订单号：20200619191419985098
通知地址：http://pay.yanwujing.cn/callback.php
通知报文：memberid=200681214&orderid=B1592565258413&transaction_id=20200619191419985098&amount=4000.0000&datetime=20200619191440&returncode=00&sign=4BDE7FB9F66D200013674DE418618B8C&attach=200681214
HTTP状态：
返回：ok

【2020-06-19 19:18:26】
订单号：20200619191801575653
通知地址：http://pay.yanwujing.cn/callback.php
通知报文：memberid=200681214&orderid=F1592565480781&transaction_id=20200619191801575653&amount=5000.0000&datetime=20200619191826&returncode=00&sign=37682FE780B1ECBF427F28D21170C28E&attach=200681214
HTTP状态：
返回：ok

【2020-06-19 19:20:31】
订单号：20200619192010979910
通知地址：http://pay.yanwujing.cn/callback.php
通知报文：memberid=200681214&orderid=E1592565610077&transaction_id=20200619192010979910&amount=3000.0000&datetime=20200619192031&returncode=00&sign=351D4770DF43181CF69E117E925BDF41&attach=200681214
HTTP状态：
返回：ok

【2020-06-19 19:21:21】
订单号：20200619192013100515
通知地址：http://pay.yanwujing.cn/callback.php
通知报文：memberid=200681214&orderid=G1592565644288&transaction_id=20200619192013100515&amount=10000.0000&datetime=20200619192121&returncode=00&sign=E8180FA1CC576F1F45B697D74364C9C5&attach=200681214
HTTP状态：
返回：ok

【2020-06-19 19:21:46】
订单号：20200619192131985355
通知地址：http://pay.yanwujing.cn/callback.php
通知报文：memberid=200681214&orderid=I1592565690588&transaction_id=20200619192131985355&amount=2000.0000&datetime=20200619192146&returncode=00&sign=EC8AEDEEE401EE6E96754405640FF88B&attach=200681214
HTTP状态：
返回：ok

【2020-06-19 19:23:02】
订单号：20200619192245539797
通知地址：http://pay.yanwujing.cn/callback.php
通知报文：memberid=200681214&orderid=H1592565764933&transaction_id=20200619192245539797&amount=2000.0000&datetime=20200619192302&returncode=00&sign=ECA032DCF3C006A09D37878A94CF3505&attach=200681214
HTTP状态：
返回：ok

【2020-06-19 19:27:53】
订单号：20200619192731515548
通知地址：http://pay.yanwujing.cn/callback.php
通知报文：memberid=200681214&orderid=A1592566050692&transaction_id=20200619192731515548&amount=5000.0000&datetime=20200619192753&returncode=00&sign=05F77E6C4B7CAE1E74A51911DCBD2F1C&attach=200681214
HTTP状态：
返回：ok

【2020-06-19 19:29:08】
订单号：20200619192846101545
通知地址：http://pay.yanwujing.cn/callback.php
通知报文：memberid=200681214&orderid=D1592566125660&transaction_id=20200619192846101545&amount=3000.0000&datetime=20200619192908&returncode=00&sign=354127434252095EF7EB165C22D9399E&attach=200681214
HTTP状态：
返回：ok

【2020-06-19 19:30:03】
订单号：20200619192156525499
通知地址：http://pay.yanwujing.cn/callback.php
通知报文：memberid=200681214&orderid=B1592565747519&transaction_id=20200619192156525499&amount=10000.0000&datetime=20200619193003&returncode=00&sign=7AFDA1EC83121130A682E747428C7240&attach=200681214
HTTP状态：
返回：ok

【2020-06-19 19:35:46】
订单号：20200619193217494955
通知地址：http://pay.yanwujing.cn/callback.php
通知报文：memberid=200681214&orderid=G1592566336276&transaction_id=20200619193217494955&amount=5000.0000&datetime=20200619193546&returncode=00&sign=71C53A91E9F41708646533D88EBC7F20&attach=200681214
HTTP状态：
返回：ok

【2020-06-19 21:08:08】
订单号：20200619210420525451
通知地址：http://pay.yanwujing.cn/callback.php
通知报文：memberid=200668573&orderid=E1592571860250&transaction_id=20200619210420525451&amount=1000.0000&datetime=20200619210808&returncode=00&sign=3229C443EBBA5CC988A28603FDAD9F32&attach=200668573
HTTP状态：
返回：ok

【2020-06-19 21:08:48】
订单号：20200618213302101971
通知地址：http://karl-leo.imwork.net/common/test.json
通知报文：memberid=200399771&orderid=E20200618213301570066&transaction_id=20200618213302101971&amount=1.0000&datetime=20200619210838&returncode=00&sign=27B149300CBAFAE5684C098A0FC55C1C&attach=1234|456
HTTP状态：
返回：

【2020-06-19 21:11:40】
订单号：20200619211120564957
通知地址：http://pay.yanwujing.cn/callback.php
通知报文：memberid=200681214&orderid=G1592572279221&transaction_id=20200619211120564957&amount=1000.0000&datetime=20200619211140&returncode=00&sign=FEC2FBF6D8012DA15D576E5F05AFC1A9&attach=200681214
HTTP状态：
返回：ok

【2020-06-19 21:17:27】
订单号：20200619211523989810
通知地址：http://pay.yanwujing.cn/callback.php
通知报文：memberid=200681214&orderid=B1592572522967&transaction_id=20200619211523989810&amount=1000.0000&datetime=20200619211727&returncode=00&sign=97771D8862126FE3E6F0937BB09F997F&attach=200681214
HTTP状态：
返回：ok

【2020-06-19 21:19:26】
订单号：20200619211906979950
通知地址：http://pay.yanwujing.cn/callback.php
通知报文：memberid=200681214&orderid=E1592572745972&transaction_id=20200619211906979950&amount=1500.0000&datetime=20200619211926&returncode=00&sign=D44AE1D7E2FD9637A8E684C01317887C&attach=200681214
HTTP状态：
返回：ok

【2020-06-19 21:20:57】
订单号：20200619212029100524
通知地址：http://pay.yanwujing.cn/callback.php
通知报文：memberid=200681214&orderid=B1592572828445&transaction_id=20200619212029100524&amount=2500.0000&datetime=20200619212057&returncode=00&sign=AB2A56FA4610DEB41C665B2F3483E56F&attach=200681214
HTTP状态：
返回：ok

【2020-06-19 21:22:07】
订单号：20200619212158545054
通知地址：http://pay1.4001cdn.com/DTPP/Money_27117/ServerCallback
通知报文：memberid=200694197&orderid=63522922&transaction_id=20200619212158545054&amount=500.0000&datetime=20200619212204&returncode=00&sign=D216998E72D680DD53580C48F2F31367&attach=
HTTP状态：
返回：OK

【2020-06-19 21:23:06】
订单号：20200619212250975355
通知地址：http://pay1.4001cdn.com/DTPP/Money_27117/ServerCallback
通知报文：memberid=200694197&orderid=63522970&transaction_id=20200619212250975355&amount=200.0000&datetime=20200619212304&returncode=00&sign=00839096B929064B78BC34B6ED651550&attach=
HTTP状态：
返回：OK

【2020-06-19 21:23:08】
订单号：20200619212257494898
通知地址：http://pay1.4001cdn.com/DTPP/Money_27117/ServerCallback
通知报文：memberid=200694197&orderid=63522974&transaction_id=20200619212257494898&amount=500.0000&datetime=20200619212306&returncode=00&sign=800F58B841F8849B2CEAB36FE4E311B0&attach=
HTTP状态：
返回：OK

【2020-06-19 21:23:29】
订单号：20200619212310101565
通知地址：http://pay1.4001cdn.com/DTPP/Money_27117/ServerCallback
通知报文：memberid=200694197&orderid=63522989&transaction_id=20200619212310101565&amount=200.0000&datetime=20200619212327&returncode=00&sign=97C85E0A6D84D1C78CF0C8D9500DF2DB&attach=
HTTP状态：
返回：OK

【2020-06-19 21:24:01】
订单号：20200619212348521011
通知地址：http://pay1.4001cdn.com/DTPP/Money_27117/ServerCallback
通知报文：memberid=200694197&orderid=63523050&transaction_id=20200619212348521011&amount=200.0000&datetime=20200619212401&returncode=00&sign=AE233F6DF6269EA239602BE62D2A4312&attach=
HTTP状态：
返回：OK

【2020-06-19 21:25:22】
订单号：20200619212511554910
通知地址：http://pay1.4001cdn.com/DTPP/Money_27117/ServerCallback
通知报文：memberid=200694197&orderid=63523157&transaction_id=20200619212511554910&amount=200.0000&datetime=20200619212521&returncode=00&sign=BA513176D8C9AA31DFA0CEA3577E24EB&attach=
HTTP状态：
返回：OK

【2020-06-19 21:25:58】
订单号：20200619212540524951
通知地址：http://pay.yanwujing.cn/callback.php
通知报文：memberid=200681214&orderid=J1592573139261&transaction_id=20200619212540524951&amount=1000.0000&datetime=20200619212558&returncode=00&sign=1065A712B5EED55B83704BDC36FB3502&attach=200681214
HTTP状态：
返回：ok

【2020-06-19 21:26:28】
订单号：20200619212351555250
通知地址：http://pay.yanwujing.cn/callback.php
通知报文：memberid=200681214&orderid=G1592573030453&transaction_id=20200619212351555250&amount=1000.0000&datetime=20200619212626&returncode=00&sign=FE8996720F9FD925ACCFECAE89FAF3A7&attach=200681214
HTTP状态：
返回：ok

【2020-06-19 21:28:26】
订单号：20200618215336485010
通知地址：http://karl-leo.imwork.net/common/test.json
通知报文：memberid=200399771&orderid=E20200618215335237044&transaction_id=20200618215336485010&amount=1.0000&datetime=20200619212816&returncode=00&sign=9544EDDEE6B6902A4BE60EBC1BDD79E5&attach=1234|456
HTTP状态：
返回：

【2020-06-19 21:28:59】
订单号：20200619212830101491
通知地址：http://pay.yanwujing.cn/callback.php
通知报文：memberid=200681214&orderid=I1592573309301&transaction_id=20200619212830101491&amount=2000.0000&datetime=20200619212859&returncode=00&sign=19A60BD76F6E2D8C1312867476CEF5A9&attach=200681214
HTTP状态：
返回：ok

【2020-06-19 21:29:01】
订单号：20200619212850504910
通知地址：http://pay1.4001cdn.com/DTPP/Money_27117/ServerCallback
通知报文：memberid=200694197&orderid=63523410&transaction_id=20200619212850504910&amount=200.0000&datetime=20200619212901&returncode=00&sign=A344F9DC4933A0F10AB5083A6DC8E5DF&attach=
HTTP状态：
返回：OK

【2020-06-19 21:29:49】
订单号：20200619212924521025
通知地址：http://pay.yanwujing.cn/callback.php
通知报文：memberid=200681214&orderid=J1592573364174&transaction_id=20200619212924521025&amount=1500.0000&datetime=20200619212949&returncode=00&sign=A8EB4D72D04DFA727CC184990908380C&attach=200681214
HTTP状态：
返回：ok

【2020-06-19 21:30:44】
订单号：20200619213027515255
通知地址：http://pay.yanwujing.cn/callback.php
通知报文：memberid=200681214&orderid=I1592573426468&transaction_id=20200619213027515255&amount=1000.0000&datetime=20200619213044&returncode=00&sign=133EB00764A9ED74D98011696F6EACFE&attach=200681214
HTTP状态：
返回：ok

【2020-06-19 21:31:45】
订单号：20200619213132529957
通知地址：http://pay1.4001cdn.com/DTPP/Money_27117/ServerCallback
通知报文：memberid=200694197&orderid=63523590&transaction_id=20200619213132529957&amount=200.0000&datetime=20200619213144&returncode=00&sign=D6EC198538FC0774BD0D5AB0D28896FF&attach=
HTTP状态：
返回：OK

【2020-06-19 21:32:24】
订单号：20200618215734101579
通知地址：http://karl-leo.imwork.net/common/test.json
通知报文：memberid=200399771&orderid=E20200618215733103062&transaction_id=20200618215734101579&amount=1.0000&datetime=20200619213214&returncode=00&sign=00F9F123E2A99CB186B317D0CC5F2562&attach=1234|456
HTTP状态：
返回：

【2020-06-19 21:32:29】
订单号：20200619213209579848
通知地址：http://pay.yanwujing.cn/callback.php
通知报文：memberid=200681214&orderid=E1592573528892&transaction_id=20200619213209579848&amount=3000.0000&datetime=20200619213229&returncode=00&sign=28621002EE93F5F17219F4D4E7B65A19&attach=200681214
HTTP状态：
返回：ok

【2020-06-19 21:32:40】
订单号：20200619213230101995
通知地址：http://pay1.4001cdn.com/DTPP/Money_27117/ServerCallback
通知报文：memberid=200694197&orderid=63523652&transaction_id=20200619213230101995&amount=200.0000&datetime=20200619213240&returncode=00&sign=6F4670FD75E3F505386CF8245C9F58C3&attach=
HTTP状态：
返回：OK

【2020-06-19 21:33:04】
订单号：20200619213253539755
通知地址：http://pay1.4001cdn.com/DTPP/Money_27117/ServerCallback
通知报文：memberid=200694197&orderid=63523688&transaction_id=20200619213253539755&amount=400.0000&datetime=20200619213303&returncode=00&sign=7F9C2E2138EE15794290471D55D0E496&attach=
HTTP状态：
返回：OK

【2020-06-19 21:33:09】
订单号：20200619213253535354
通知地址：http://pay1.4001cdn.com/DTPP/Money_27117/ServerCallback
通知报文：memberid=200694197&orderid=63523687&transaction_id=20200619213253535354&amount=200.0000&datetime=20200619213309&returncode=00&sign=26347DC1422330BAB95B14B4A53A53CB&attach=
HTTP状态：
返回：OK

【2020-06-19 21:33:22】
订单号：20200619213315989797
通知地址：http://pay1.4001cdn.com/DTPP/Money_27117/ServerCallback
通知报文：memberid=200694197&orderid=63523720&transaction_id=20200619213315989797&amount=300.0000&datetime=20200619213322&returncode=00&sign=5E68A92E81ED3E2A3EA4296502A3860F&attach=
HTTP状态：
返回：OK

【2020-06-19 21:33:26】
订单号：20200619213257575797
通知地址：http://pay1.4001cdn.com/DTPP/Money_27117/ServerCallback
通知报文：memberid=200694197&orderid=63523698&transaction_id=20200619213257575797&amount=1000.0000&datetime=20200619213325&returncode=00&sign=49E4DE71D304E9B59875F9610D71D93A&attach=
HTTP状态：
返回：OK

【2020-06-19 21:33:44】
订单号：20200619213331985110
通知地址：http://pay1.4001cdn.com/DTPP/Money_27117/ServerCallback
通知报文：memberid=200694197&orderid=63523753&transaction_id=20200619213331985110&amount=200.0000&datetime=20200619213343&returncode=00&sign=B65E72FB98E09CF722208BB7BBF86608&attach=
HTTP状态：
返回：OK

【2020-06-19 21:33:44】
订单号：20200619213320485053
通知地址：http://pay.yanwujing.cn/callback.php
通知报文：memberid=200681214&orderid=D1592573599324&transaction_id=20200619213320485053&amount=2500.0000&datetime=20200619213344&returncode=00&sign=699283216DE0EC17E44D07F14FC14DCC&attach=200681214
HTTP状态：
返回：ok

【2020-06-19 21:34:22】
订单号：20200619213404994953
通知地址：http://pay1.4001cdn.com/DTPP/Money_27117/ServerCallback
通知报文：memberid=200694197&orderid=63523795&transaction_id=20200619213404994953&amount=200.0000&datetime=20200619213422&returncode=00&sign=F1C8F72F8401AE344286BB8127A793B1&attach=
HTTP状态：
返回：OK

【2020-06-19 21:34:55】
订单号：20200619213444525257
通知地址：http://pay1.4001cdn.com/DTPP/Money_27117/ServerCallback
通知报文：memberid=200694197&orderid=63523871&transaction_id=20200619213444525257&amount=200.0000&datetime=20200619213454&returncode=00&sign=34B5CCAD2E4B99AB3FA5513BACA11B40&attach=
HTTP状态：
返回：OK

【2020-06-19 21:35:08】
订单号：20200619213456485151
通知地址：http://pay1.4001cdn.com/DTPP/Money_27117/ServerCallback
通知报文：memberid=200694197&orderid=63523894&transaction_id=20200619213456485151&amount=200.0000&datetime=20200619213508&returncode=00&sign=361D2FD8ED13DFAB3D5C7A32A573EDD5&attach=
HTTP状态：
返回：OK

【2020-06-19 21:35:32】
订单号：20200619213523985053
通知地址：http://pay1.4001cdn.com/DTPP/Money_27117/ServerCallback
通知报文：memberid=200694197&orderid=63523952&transaction_id=20200619213523985053&amount=200.0000&datetime=20200619213531&returncode=00&sign=0CCC5D0928A1BF9C5420BDD7229ED40E&attach=
HTTP状态：
返回：OK

【2020-06-19 21:35:44】
订单号：20200619213524991005
通知地址：http://pay.yanwujing.cn/callback.php
通知报文：memberid=200681214&orderid=C1592573724044&transaction_id=20200619213524991005&amount=1000.0000&datetime=20200619213544&returncode=00&sign=7E9CBE4661E5A1274257CAD3C22166AA&attach=200681214
HTTP状态：
返回：ok

【2020-06-19 21:37:10】
订单号：20200619213657579951
通知地址：http://pay1.4001cdn.com/DTPP/Money_27117/ServerCallback
通知报文：memberid=200694197&orderid=63524115&transaction_id=20200619213657579951&amount=300.0000&datetime=20200619213709&returncode=00&sign=54A9CB1147BC8305686C5955361E25BF&attach=
HTTP状态：
返回：OK

【2020-06-19 21:37:11】
订单号：20200619213641579898
通知地址：http://pay1.4001cdn.com/DTPP/Money_27117/ServerCallback
通知报文：memberid=200694197&orderid=63524085&transaction_id=20200619213641579898&amount=200.0000&datetime=20200619213710&returncode=00&sign=FF8F6A256F1D374597ADB4296F390D42&attach=
HTTP状态：
返回：OK

【2020-06-19 21:37:19】
订单号：20200619213659985197
通知地址：http://pay.yanwujing.cn/callback.php
通知报文：memberid=200681214&orderid=B1592573818412&transaction_id=20200619213659985197&amount=7000.0000&datetime=20200619213719&returncode=00&sign=A4AB56D14FBC7E622A3DC8C2508C6514&attach=200681214
HTTP状态：
返回：ok

【2020-06-19 21:38:16】
订单号：20200619213805100505
通知地址：http://pay1.4001cdn.com/DTPP/Money_27117/ServerCallback
通知报文：memberid=200694197&orderid=63524257&transaction_id=20200619213805100505&amount=200.0000&datetime=20200619213816&returncode=00&sign=461168FCBD174AC97194BE7425447D10&attach=
HTTP状态：
返回：OK

【2020-06-19 21:38:17】
订单号：20200619213808485410
通知地址：http://pay1.4001cdn.com/DTPP/Money_27117/ServerCallback
通知报文：memberid=200694197&orderid=63524263&transaction_id=20200619213808485410&amount=200.0000&datetime=20200619213817&returncode=00&sign=598C6B78BD166EAA466405F7476E9F50&attach=
HTTP状态：
返回：OK

【2020-06-19 21:38:24】
订单号：20200619213813534851
通知地址：http://pay1.4001cdn.com/DTPP/Money_27117/ServerCallback
通知报文：memberid=200694197&orderid=63524269&transaction_id=20200619213813534851&amount=300.0000&datetime=20200619213824&returncode=00&sign=03F2BDB4313795B2CC5139D85E493F01&attach=
HTTP状态：
返回：OK

【2020-06-19 21:38:36】
订单号：20200619213823102515
通知地址：http://pay1.4001cdn.com/DTPP/Money_27117/ServerCallback
通知报文：memberid=200694197&orderid=63524282&transaction_id=20200619213823102515&amount=200.0000&datetime=20200619213835&returncode=00&sign=5E167F9F549F58A5B38D2690F20149DC&attach=
HTTP状态：
返回：OK

【2020-06-19 21:40:14】
订单号：20200619214007555210
通知地址：http://pay1.4001cdn.com/DTPP/Money_27117/ServerCallback
通知报文：memberid=200694197&orderid=63524509&transaction_id=20200619214007555210&amount=200.0000&datetime=20200619214014&returncode=00&sign=7887E6E81C226E4D997A933803581B02&attach=
HTTP状态：
返回：OK

【2020-06-19 21:40:15】
订单号：20200619213955985150
通知地址：http://pay.yanwujing.cn/callback.php
通知报文：memberid=200681214&orderid=H1592573994364&transaction_id=20200619213955985150&amount=1500.0000&datetime=20200619214015&returncode=00&sign=B26F90CAE82DB12E992189775B0A154E&attach=200681214
HTTP状态：
返回：ok

【2020-06-19 21:40:49】
订单号：20200619214034509753
通知地址：http://pay1.4001cdn.com/DTPP/Money_27117/ServerCallback
通知报文：memberid=200694197&orderid=63524561&transaction_id=20200619214034509753&amount=200.0000&datetime=20200619214049&returncode=00&sign=BF7C29F39F192454F54C4641AC778EDB&attach=
HTTP状态：
返回：OK

【2020-06-19 21:41:06】
订单号：20200619214059985256
通知地址：http://pay1.4001cdn.com/DTPP/Money_27117/ServerCallback
通知报文：memberid=200694197&orderid=63524602&transaction_id=20200619214059985256&amount=200.0000&datetime=20200619214106&returncode=00&sign=12A52EC9C5F58EF4A319F9907032C3D9&attach=
HTTP状态：
返回：OK

【2020-06-19 21:41:27】
订单号：20200619214119102995
通知地址：http://pay1.4001cdn.com/DTPP/Money_27117/ServerCallback
通知报文：memberid=200694197&orderid=63524640&transaction_id=20200619214119102995&amount=228.0000&datetime=20200619214127&returncode=00&sign=739A96FBBD6F3616FB7F0544689962D2&attach=
HTTP状态：
返回：OK

【2020-06-19 21:41:55】
订单号：20200619214141535154
通知地址：http://pay1.4001cdn.com/DTPP/Money_27117/ServerCallback
通知报文：memberid=200694197&orderid=63524677&transaction_id=20200619214141535154&amount=200.0000&datetime=20200619214152&returncode=00&sign=37C0918F6C9DD551804AB9356B65BFEF&attach=
HTTP状态：
返回：OK

【2020-06-19 21:42:11】
订单号：20200619214159555052
通知地址：http://pay1.4001cdn.com/DTPP/Money_27117/ServerCallback
通知报文：memberid=200694197&orderid=63524704&transaction_id=20200619214159555052&amount=200.0000&datetime=20200619214209&returncode=00&sign=943C5E45EC33CDC0304A1C7F56E2853B&attach=
HTTP状态：
返回：OK

【2020-06-19 21:42:46】
订单号：20200619214122505350
通知地址：http://pay.yanwujing.cn/callback.php
通知报文：memberid=200681214&orderid=B1592574081501&transaction_id=20200619214122505350&amount=1500.0000&datetime=20200619214246&returncode=00&sign=F89BEBECCA17FBA8EA0468749839B929&attach=200681214
HTTP状态：
返回：ok

【2020-06-19 21:43:54】
订单号：20200619214340999897
通知地址：http://pay1.4001cdn.com/DTPP/Money_27117/ServerCallback
通知报文：memberid=200694197&orderid=63524878&transaction_id=20200619214340999897&amount=200.0000&datetime=20200619214352&returncode=00&sign=C744841145162E8E235EAFA25A84CA70&attach=
HTTP状态：
返回：OK

【2020-06-19 21:44:08】
订单号：20200619214358101525
通知地址：http://pay1.4001cdn.com/DTPP/Money_27117/ServerCallback
通知报文：memberid=200694197&orderid=63524912&transaction_id=20200619214358101525&amount=250.0000&datetime=20200619214407&returncode=00&sign=5B759FA1E52BC0042331B433A3B7E89B&attach=
HTTP状态：
返回：OK

【2020-06-19 21:45:23】
订单号：20200619214512561024
通知地址：http://pay1.4001cdn.com/DTPP/Money_27117/ServerCallback
通知报文：memberid=200694197&orderid=63525040&transaction_id=20200619214512561024&amount=200.0000&datetime=20200619214522&returncode=00&sign=1B229BDB904C64E7FAA8F844C0625FC4&attach=
HTTP状态：
返回：OK

【2020-06-19 21:45:25】
订单号：20200619211358549898
通知地址：http://pay.yanwujing.cn/callback.php
通知报文：memberid=200681214&orderid=D1592572437949&transaction_id=20200619211358549898&amount=5000.0000&datetime=20200619214525&returncode=00&sign=0D164995328F509F76564D0A6E4123C1&attach=200681214
HTTP状态：
返回：ok

【2020-06-19 21:46:23】
订单号：20200619214610509799
通知地址：http://pay1.4001cdn.com/DTPP/Money_27117/ServerCallback
通知报文：memberid=200694197&orderid=63525114&transaction_id=20200619214610509799&amount=200.0000&datetime=20200619214623&returncode=00&sign=379C0DF697B515234B7BF47FA9814FA1&attach=
HTTP状态：
返回：OK

【2020-06-19 21:47:06】
订单号：20200619214655102525
通知地址：http://pay1.4001cdn.com/DTPP/Money_27117/ServerCallback
通知报文：memberid=200694197&orderid=63525180&transaction_id=20200619214655102525&amount=500.0000&datetime=20200619214705&returncode=00&sign=55C6E1C92274A0A7B723B341465CFBA9&attach=
HTTP状态：
返回：OK

【2020-06-19 21:47:17】
订单号：20200619214705579954
通知地址：http://pay1.4001cdn.com/DTPP/Money_27117/ServerCallback
通知报文：memberid=200694197&orderid=63525195&transaction_id=20200619214705579954&amount=200.0000&datetime=20200619214716&returncode=00&sign=E7D6B5EC17D90131DB3272094936AA20&attach=
HTTP状态：
返回：OK

【2020-06-19 21:47:27】
订单号：20200619214716525598
通知地址：http://pay1.4001cdn.com/DTPP/Money_27117/ServerCallback
通知报文：memberid=200694197&orderid=63525210&transaction_id=20200619214716525598&amount=300.0000&datetime=20200619214726&returncode=00&sign=65B424354F75059B9CAD0B57F3630742&attach=
HTTP状态：
返回：OK

【2020-06-19 21:48:39】
订单号：20200619214829100100
通知地址：http://pay1.4001cdn.com/DTPP/Money_27117/ServerCallback
通知报文：memberid=200694197&orderid=63525316&transaction_id=20200619214829100100&amount=450.0000&datetime=20200619214839&returncode=00&sign=CC675B82D9C2B46AAB172B82ADBABB99&attach=
HTTP状态：
返回：OK

【2020-06-19 21:48:53】
订单号：20200619214844991005
通知地址：http://pay1.4001cdn.com/DTPP/Money_27117/ServerCallback
通知报文：memberid=200694197&orderid=63525337&transaction_id=20200619214844991005&amount=200.0000&datetime=20200619214852&returncode=00&sign=DBEE7241104D3F72C347140B0180B887&attach=
HTTP状态：
返回：OK

【2020-06-19 21:49:31】
订单号：20200619214923515150
通知地址：http://pay1.4001cdn.com/DTPP/Money_27117/ServerCallback
通知报文：memberid=200694197&orderid=63525400&transaction_id=20200619214923515150&amount=300.0000&datetime=20200619214931&returncode=00&sign=C118A268A95E50EC3BC9B645D2676521&attach=
HTTP状态：
返回：OK

【2020-06-19 21:49:54】
订单号：20200619214944565048
通知地址：http://pay1.4001cdn.com/DTPP/Money_27117/ServerCallback
通知报文：memberid=200694197&orderid=63525433&transaction_id=20200619214944565048&amount=200.0000&datetime=20200619214954&returncode=00&sign=C718747E497355EBF938BBE994ADB1DD&attach=
HTTP状态：
返回：OK

【2020-06-19 21:50:19】
订单号：20200619215012524899
通知地址：http://pay1.4001cdn.com/DTPP/Money_27117/ServerCallback
通知报文：memberid=200694197&orderid=63525481&transaction_id=20200619215012524899&amount=200.0000&datetime=20200619215018&returncode=00&sign=185DD575BE8006B5FA03E019FC1C3F29&attach=
HTTP状态：
返回：OK

【2020-06-19 21:50:31】
订单号：20200619215020991009
通知地址：http://pay1.4001cdn.com/DTPP/Money_27117/ServerCallback
通知报文：memberid=200694197&orderid=63525501&transaction_id=20200619215020991009&amount=500.0000&datetime=20200619215031&returncode=00&sign=CB1A0E4FB4C91D11EC936A10867A0720&attach=
HTTP状态：
返回：OK

【2020-06-19 21:50:45】
订单号：20200619215034975456
通知地址：http://pay1.4001cdn.com/DTPP/Money_27117/ServerCallback
通知报文：memberid=200694197&orderid=63525526&transaction_id=20200619215034975456&amount=200.0000&datetime=20200619215045&returncode=00&sign=325A7963D5E8D254C9294011B5E3B4F3&attach=
HTTP状态：
返回：OK

【2020-06-19 21:53:21】
订单号：20200619215312561015
通知地址：http://pay1.4001cdn.com/DTPP/Money_27117/ServerCallback
通知报文：memberid=200694197&orderid=63525781&transaction_id=20200619215312561015&amount=200.0000&datetime=20200619215321&returncode=00&sign=F098B3F514DAC590D27E76CA88E862A3&attach=
HTTP状态：
返回：OK

【2020-06-19 21:53:53】
订单号：20200619215332995610
通知地址：http://pay1.4001cdn.com/DTPP/Money_27117/ServerCallback
通知报文：memberid=200694197&orderid=63525808&transaction_id=20200619215332995610&amount=500.0000&datetime=20200619215353&returncode=00&sign=83CC86BB4C93F518595E48D654395167&attach=
HTTP状态：
返回：OK

【2020-06-19 21:53:57】
订单号：20200619215338501019
通知地址：http://pay.yanwujing.cn/callback.php
通知报文：memberid=200681214&orderid=D1592574818107&transaction_id=20200619215338501019&amount=2000.0000&datetime=20200619215357&returncode=00&sign=0E9E542DEA3DABC582A2483EA0107E37&attach=200681214
HTTP状态：
返回：ok

【2020-06-19 21:54:12】
订单号：20200619215404991015
通知地址：http://pay1.4001cdn.com/DTPP/Money_27117/ServerCallback
通知报文：memberid=200694197&orderid=63525866&transaction_id=20200619215404991015&amount=500.0000&datetime=20200619215411&returncode=00&sign=F881DD29D90F857BFC2A7B6F27909556&attach=
HTTP状态：
返回：OK

【2020-06-19 21:54:34】
订单号：20200619215425495610
通知地址：http://pay1.4001cdn.com/DTPP/Money_27117/ServerCallback
通知报文：memberid=200694197&orderid=63525896&transaction_id=20200619215425495610&amount=200.0000&datetime=20200619215434&returncode=00&sign=772623283B8CD000893A15C527DC0B15&attach=
HTTP状态：
返回：OK

【2020-06-19 21:54:42】
订单号：20200619215431555453
通知地址：http://pay1.4001cdn.com/DTPP/Money_27117/ServerCallback
通知报文：memberid=200694197&orderid=63525905&transaction_id=20200619215431555453&amount=200.0000&datetime=20200619215441&returncode=00&sign=DE4D375B4DB433B189C6800F5EC97D1D&attach=
HTTP状态：
返回：OK

【2020-06-19 21:54:53】
订单号：20200619215431554851
通知地址：http://pay.yanwujing.cn/callback.php
通知报文：memberid=200681214&orderid=F1592574870178&transaction_id=20200619215431554851&amount=2500.0000&datetime=20200619215453&returncode=00&sign=64FD4AAAF1F79AE6DE7F718B4DD22C8D&attach=200681214
HTTP状态：
返回：ok

【2020-06-19 21:57:28】
订单号：20200619215631102505
通知地址：http://pay.yanwujing.cn/callback.php
通知报文：memberid=200681214&orderid=F1592574990333&transaction_id=20200619215631102505&amount=3000.0000&datetime=20200619215728&returncode=00&sign=E074C06D59FDC1F91B24947B5112B3C2&attach=200681214
HTTP状态：
返回：ok

【2020-06-19 22:02:33】
订单号：20200619214746505310
通知地址：http://pay.yanwujing.cn/callback.php
通知报文：memberid=200681214&orderid=I1592574465556&transaction_id=20200619214746505310&amount=1000.0000&datetime=20200619220233&returncode=00&sign=1117BF9040EF7DD5E5A9F5EDF0FCF321&attach=200681214
HTTP状态：
返回：ok

【2020-06-19 22:04:24】
订单号：20200619220404529754
通知地址：http://pay.yanwujing.cn/callback.php
通知报文：memberid=200681214&orderid=E1592575443842&transaction_id=20200619220404529754&amount=5000.0000&datetime=20200619220424&returncode=00&sign=C8B3FED85A0E354EE001E12349FF659C&attach=200681214
HTTP状态：
返回：ok

【2020-06-19 22:09:56】
订单号：20200619220937491001
通知地址：http://pay.yanwujing.cn/callback.php
通知报文：memberid=200681214&orderid=B1592575777074&transaction_id=20200619220937491001&amount=1000.0000&datetime=20200619220956&returncode=00&sign=DA7609E5C39C123BAC55A1C96E295052&attach=200681214
HTTP状态：
返回：ok

【2020-06-19 22:10:51】
订单号：20200619221037100515
通知地址：http://pay.yanwujing.cn/callback.php
通知报文：memberid=200681214&orderid=A1592575836394&transaction_id=20200619221037100515&amount=5000.0000&datetime=20200619221051&returncode=00&sign=7E8862F2462B17A6403772B1B4836ABD&attach=200681214
HTTP状态：
返回：ok

【2020-06-19 22:12:21】
订单号：20200619221158101485
通知地址：http://pay.yanwujing.cn/callback.php
通知报文：memberid=200681214&orderid=E1592575917169&transaction_id=20200619221158101485&amount=2500.0000&datetime=20200619221221&returncode=00&sign=A4F9A33C6B25B93E3718712B0C3AC55A&attach=200681214
HTTP状态：
返回：ok

