【2020-07-01 20:14:44】
订单号：20200701201434975198
通知地址：http://pay1.4001cdn.com/DTPP/Money_27117/ServerCallback
通知报文：memberid=200694197&orderid=64549816&transaction_id=20200701201434975198&amount=300.0000&datetime=20200701201441&returncode=00&sign=3E7152307DE318191ADDE8D91AE5E902&attach=
HTTP状态：
返回：OK

【2020-07-01 20:14:52】
订单号：20200701201440485556
通知地址：http://pay1.4001cdn.com/DTPP/Money_27117/ServerCallback
通知报文：memberid=200694197&orderid=64549820&transaction_id=20200701201440485556&amount=1000.0000&datetime=20200701201452&returncode=00&sign=D58881624D0F86112AEC16775F407B8D&attach=
HTTP状态：
返回：OK

【2020-07-01 20:15:28】
订单号：20200701201518541015
通知地址：http://pay1.4001cdn.com/DTPP/Money_27117/ServerCallback
通知报文：memberid=200694197&orderid=64549853&transaction_id=20200701201518541015&amount=300.0000&datetime=20200701201527&returncode=00&sign=F2C2A39F03160573E1C6260B791FBFA2&attach=
HTTP状态：
返回：OK

【2020-07-01 20:16:52】
订单号：20200701201637539799
通知地址：http://pay1.4001cdn.com/DTPP/Money_27117/ServerCallback
通知报文：memberid=200694197&orderid=64549908&transaction_id=20200701201637539799&amount=800.0000&datetime=20200701201650&returncode=00&sign=444377AD0C76324A40DE17325652C8AF&attach=
HTTP状态：
返回：OK

【2020-07-01 20:17:18】
订单号：20200701201707515310
通知地址：http://pay1.4001cdn.com/DTPP/Money_27117/ServerCallback
通知报文：memberid=200694197&orderid=64549934&transaction_id=20200701201707515310&amount=300.0000&datetime=20200701201718&returncode=00&sign=A4506C2C6AD28BACD10AC0560CAA31DE&attach=
HTTP状态：
返回：OK

【2020-07-01 20:17:34】
订单号：20200701201725535256
通知地址：http://pay1.4001cdn.com/DTPP/Money_27117/ServerCallback
通知报文：memberid=200694197&orderid=64549945&transaction_id=20200701201725535256&amount=600.0000&datetime=20200701201733&returncode=00&sign=3E24B4647963920B49124BE58DD24F66&attach=
HTTP状态：
返回：OK

【2020-07-01 20:24:59】
订单号：20200701202449495298
通知地址：http://pay1.4001cdn.com/DTPP/Money_27117/ServerCallback
通知报文：memberid=200694197&orderid=64550236&transaction_id=20200701202449495298&amount=1000.0000&datetime=20200701202458&returncode=00&sign=86563D446685A0F8FDDFED8C956A4016&attach=
HTTP状态：
返回：OK

【2020-07-01 20:25:11】
订单号：20200701202502101102
通知地址：http://pay1.4001cdn.com/DTPP/Money_27117/ServerCallback
通知报文：memberid=200694197&orderid=64550244&transaction_id=20200701202502101102&amount=500.0000&datetime=20200701202510&returncode=00&sign=DED10928EC45D69CB963BC50DD1FB417&attach=
HTTP状态：
返回：OK

【2020-07-01 20:28:02】
订单号：20200701202753579848
通知地址：http://pay1.4001cdn.com/DTPP/Money_27117/ServerCallback
通知报文：memberid=200694197&orderid=64550366&transaction_id=20200701202753579848&amount=300.0000&datetime=20200701202802&returncode=00&sign=AA8394CF12562AE1AE6DF37539336F27&attach=
HTTP状态：
返回：OK

【2020-07-01 20:40:02】
订单号：20200701203943102102
通知地址：http://pay1.4001cdn.com/DTPP/Money_27117/ServerCallback
通知报文：memberid=200694197&orderid=64550918&transaction_id=20200701203943102102&amount=500.0000&datetime=20200701204000&returncode=00&sign=1207CA6B84352C6469BF2FA5AF30DA01&attach=
HTTP状态：
返回：OK

【2020-07-01 20:40:13】
订单号：20200701204002505457
通知地址：http://pay1.4001cdn.com/DTPP/Money_27117/ServerCallback
通知报文：memberid=200694197&orderid=64550931&transaction_id=20200701204002505457&amount=500.0000&datetime=20200701204012&returncode=00&sign=EA597B27327A1CA38FF56123DE243F35&attach=
HTTP状态：
返回：OK

【2020-07-01 20:40:55】
订单号：20200701204046101525
通知地址：http://pay1.4001cdn.com/DTPP/Money_27117/ServerCallback
通知报文：memberid=200694197&orderid=64550981&transaction_id=20200701204046101525&amount=300.0000&datetime=20200701204054&returncode=00&sign=F6A7A8E68D9BDD1B96E20536C8AD9F2F&attach=
HTTP状态：
返回：OK

【2020-07-01 20:41:15】
订单号：20200701204058974852
通知地址：http://pay1.4001cdn.com/DTPP/Money_27117/ServerCallback
通知报文：memberid=200694197&orderid=64550991&transaction_id=20200701204058974852&amount=500.0000&datetime=20200701204114&returncode=00&sign=59EA382296A3BDBF0DFD79D595147A4E&attach=
HTTP状态：
返回：OK

【2020-07-01 20:46:53】
订单号：20200701204644525352
通知地址：http://pay1.4001cdn.com/DTPP/Money_27117/ServerCallback
通知报文：memberid=200694197&orderid=64551285&transaction_id=20200701204644525352&amount=500.0000&datetime=20200701204653&returncode=00&sign=5589D24D9783830AFCEADEB9E923F8C8&attach=
HTTP状态：
返回：OK

【2020-07-01 20:50:18】
订单号：20200701205009495349
通知地址：http://pay1.4001cdn.com/DTPP/Money_27117/ServerCallback
通知报文：memberid=200694197&orderid=64551438&transaction_id=20200701205009495349&amount=900.0000&datetime=20200701205017&returncode=00&sign=F7506E85D2FE9215A8D3814FEDF40083&attach=
HTTP状态：
返回：OK

【2020-07-01 20:51:49】
订单号：20200701205131515050
通知地址：http://pay1.4001cdn.com/DTPP/Money_27117/ServerCallback
通知报文：memberid=200694197&orderid=64551508&transaction_id=20200701205131515050&amount=300.0000&datetime=20200701205147&returncode=00&sign=ADCDCDE85E230235B62EA65EA569AED3&attach=
HTTP状态：
返回：OK

【2020-07-01 20:52:42】
订单号：20200701205234501001
通知地址：http://pay1.4001cdn.com/DTPP/Money_27117/ServerCallback
通知报文：memberid=200694197&orderid=64551558&transaction_id=20200701205234501001&amount=1000.0000&datetime=20200701205242&returncode=00&sign=1C9EAC0CF47EF4E1D37D5095CFB223A7&attach=
HTTP状态：
返回：OK

【2020-07-01 21:12:26】
订单号：20200701211217499751
通知地址：http://pay.yanwujing.cn/Pay_Charges_notify.html
通知报文：memberid=200399771&orderid=C20200701211217850473&transaction_id=20200701211217499751&amount=10.0000&datetime=20200701211225&returncode=00&sign=6E7A76F372A544A2F56CC65CD647F346&attach=
HTTP状态：
返回：OK

