【2020-05-24 01:32:57】
订单号：20200524011213100539
通知地址：http://karl-leo.imwork.net/common/test.json
通知报文：memberid=200399771&orderid=E20200524011212481092&transaction_id=20200524011213100539&amount=300.0000&datetime=20200524013255&returncode=00&sign=0FA7AF0BAEA2373F39FB57C9241A6791&attach=1234|456
HTTP状态：
返回：<!DOCTYPE html PUBLIC "-//W3C//DTD XHTML 1.0 Transitional//EN" "http://www.w3.org/TR/xhtml1/DTD/xhtml1-transitional.dtd">
<html xmlns="http://www.w3.org/1999/xhtml"><head>
<meta content="text/html; charset=utf-8" http-equiv="Content-Type">
<title>系统发生错误</title>
<style type="text/css">
*{ padding: 0; margin: 0; }
html{ overflow-y: scroll; }
body{ background: #fff; font-family: '微软雅黑'; color: #333; font-size: 16px; }
img{ border: 0; }
.error{ padding: 24px 48px; }
.face{ font-size: 100px; font-weight: normal; line-height: 120px; margin-bottom: 12px; }
h1{ font-size: 32px; line-height: 48px; }
.error .content{ padding-top: 10px}
.error .info{ margin-bottom: 12px; }
.error .info .title{ margin-bottom: 3px; }
.error .info .title h3{ color: #000; font-weight: 700; font-size: 16px; }
.error .info .text{ line-height: 24px; }
.copyright{ padding: 12px 48px; color: #999; }
.copyright a{ color: #000; text-decoration: none; }
</style>
</head>
<body>
<div class="error">
<p class="face">:(</p>
<h1>模板不存在:./Application/Home/View/view4/Index/sls.html</h1>
<div class="content">
	<div class="info">
		<div class="title">
			<h3>错误位置</h3>
		</div>
		<div class="text">
			<p>FILE: /var/www/waimai/core/Library/Think/View.class.php &#12288;LINE: 112</p>
		</div>
	</div>
	<div class="info">
		<div class="title">
			<h3>TRACE</h3>
		</div>
		<div class="text">
			<p>#0 /var/www/waimai/core/Library/Think/View.class.php(112): E('\xE6\xA8\xA1\xE6\x9D\xBF\xE4\xB8\x8D\xE5\xAD\x98\xE5\x9C\xA8...')<br />
#1 /var/www/waimai/core/Library/Think/View.class.php(73): Think\View->fetch('Index/sls', '', '')<br />
#2 /var/www/waimai/core/Library/Think/Controller.class.php(56): Think\View->display('Index/sls', '', '', '', '')<br />
#3 /var/www/waimai/Application/Home/Controller/EmptyController.class.php(19): Think\Controller->display('Index/sls')<br />
#4 [internal function]: Home\Controller\EmptyController->index()<br />
#5 /var/www/waimai/core/Library/Think/App.class.php(173): ReflectionMethod->invoke(Object(Home\Controller\EmptyController))<br />
#6 /var/www/waimai/core/Library/Think/App.class.php(110): Think\App::invokeAction(Object(Home\Controller\EmptyController), 'index')<br />
#7 /var/www/waimai/core/Library/Think/App.class.php(204): Think\App::exec()<br />
#8 /var/www/waimai/core/Library/Think/Think.class.php(120): Think\App::run()<br />
#9 /var/www/waimai/core/ThinkPHP.php(97): Think\Think::start()<br />
#10 /var/www/waimai/index.php(13): require('/var/www/waimai...')<br />
#11 {main}</p>
		</div>
	</div>
</div>
</div>
<div class="copyright">
<p><a title="官方网站" href="http://www.thinkphp.cn">ThinkPHP</a><sup>3.2.3</sup> { Fast & Simple OOP PHP Framework } -- [ WE CAN DO IT JUST THINK ]</p>
</div>
</body>
</html>


【2020-05-24 01:33:07】
订单号：20200524011213100539
通知地址：http://karl-leo.imwork.net/common/test.json
通知报文：memberid=200399771&orderid=E20200524011212481092&transaction_id=20200524011213100539&amount=300.0000&datetime=20200524013306&returncode=00&sign=E93CBCA8521DA788770D8C0941C35B74&attach=1234|456
HTTP状态：
返回：<!DOCTYPE html PUBLIC "-//W3C//DTD XHTML 1.0 Transitional//EN" "http://www.w3.org/TR/xhtml1/DTD/xhtml1-transitional.dtd">
<html xmlns="http://www.w3.org/1999/xhtml"><head>
<meta content="text/html; charset=utf-8" http-equiv="Content-Type">
<title>系统发生错误</title>
<style type="text/css">
*{ padding: 0; margin: 0; }
html{ overflow-y: scroll; }
body{ background: #fff; font-family: '微软雅黑'; color: #333; font-size: 16px; }
img{ border: 0; }
.error{ padding: 24px 48px; }
.face{ font-size: 100px; font-weight: normal; line-height: 120px; margin-bottom: 12px; }
h1{ font-size: 32px; line-height: 48px; }
.error .content{ padding-top: 10px}
.error .info{ margin-bottom: 12px; }
.error .info .title{ margin-bottom: 3px; }
.error .info .title h3{ color: #000; font-weight: 700; font-size: 16px; }
.error .info .text{ line-height: 24px; }
.copyright{ padding: 12px 48px; color: #999; }
.copyright a{ color: #000; text-decoration: none; }
</style>
</head>
<body>
<div class="error">
<p class="face">:(</p>
<h1>模板不存在:./Application/Home/View/view4/Index/sls.html</h1>
<div class="content">
	<div class="info">
		<div class="title">
			<h3>错误位置</h3>
		</div>
		<div class="text">
			<p>FILE: /var/www/waimai/core/Library/Think/View.class.php &#12288;LINE: 112</p>
		</div>
	</div>
	<div class="info">
		<div class="title">
			<h3>TRACE</h3>
		</div>
		<div class="text">
			<p>#0 /var/www/waimai/core/Library/Think/View.class.php(112): E('\xE6\xA8\xA1\xE6\x9D\xBF\xE4\xB8\x8D\xE5\xAD\x98\xE5\x9C\xA8...')<br />
#1 /var/www/waimai/core/Library/Think/View.class.php(73): Think\View->fetch('Index/sls', '', '')<br />
#2 /var/www/waimai/core/Library/Think/Controller.class.php(56): Think\View->display('Index/sls', '', '', '', '')<br />
#3 /var/www/waimai/Application/Home/Controller/EmptyController.class.php(19): Think\Controller->display('Index/sls')<br />
#4 [internal function]: Home\Controller\EmptyController->index()<br />
#5 /var/www/waimai/core/Library/Think/App.class.php(173): ReflectionMethod->invoke(Object(Home\Controller\EmptyController))<br />
#6 /var/www/waimai/core/Library/Think/App.class.php(110): Think\App::invokeAction(Object(Home\Controller\EmptyController), 'index')<br />
#7 /var/www/waimai/core/Library/Think/App.class.php(204): Think\App::exec()<br />
#8 /var/www/waimai/core/Library/Think/Think.class.php(120): Think\App::run()<br />
#9 /var/www/waimai/core/ThinkPHP.php(97): Think\Think::start()<br />
#10 /var/www/waimai/index.php(13): require('/var/www/waimai...')<br />
#11 {main}</p>
		</div>
	</div>
</div>
</div>
<div class="copyright">
<p><a title="官方网站" href="http://www.thinkphp.cn">ThinkPHP</a><sup>3.2.3</sup> { Fast & Simple OOP PHP Framework } -- [ WE CAN DO IT JUST THINK ]</p>
</div>
</body>
</html>


【2020-05-24 01:34:54】
订单号：20200524013339511005
通知地址：http://karl-leo.imwork.net/common/test.json
通知报文：memberid=200399771&orderid=E20200524013338627573&transaction_id=20200524013339511005&amount=300.0000&datetime=20200524013453&returncode=00&sign=8C66A4C4395346F05BBCF276625FBEAA&attach=1234|456
HTTP状态：
返回：<!DOCTYPE html PUBLIC "-//W3C//DTD XHTML 1.0 Transitional//EN" "http://www.w3.org/TR/xhtml1/DTD/xhtml1-transitional.dtd">
<html xmlns="http://www.w3.org/1999/xhtml"><head>
<meta content="text/html; charset=utf-8" http-equiv="Content-Type">
<title>系统发生错误</title>
<style type="text/css">
*{ padding: 0; margin: 0; }
html{ overflow-y: scroll; }
body{ background: #fff; font-family: '微软雅黑'; color: #333; font-size: 16px; }
img{ border: 0; }
.error{ padding: 24px 48px; }
.face{ font-size: 100px; font-weight: normal; line-height: 120px; margin-bottom: 12px; }
h1{ font-size: 32px; line-height: 48px; }
.error .content{ padding-top: 10px}
.error .info{ margin-bottom: 12px; }
.error .info .title{ margin-bottom: 3px; }
.error .info .title h3{ color: #000; font-weight: 700; font-size: 16px; }
.error .info .text{ line-height: 24px; }
.copyright{ padding: 12px 48px; color: #999; }
.copyright a{ color: #000; text-decoration: none; }
</style>
</head>
<body>
<div class="error">
<p class="face">:(</p>
<h1>模板不存在:./Application/Home/View/view4/Index/sls.html</h1>
<div class="content">
	<div class="info">
		<div class="title">
			<h3>错误位置</h3>
		</div>
		<div class="text">
			<p>FILE: /var/www/waimai/core/Library/Think/View.class.php &#12288;LINE: 112</p>
		</div>
	</div>
	<div class="info">
		<div class="title">
			<h3>TRACE</h3>
		</div>
		<div class="text">
			<p>#0 /var/www/waimai/core/Library/Think/View.class.php(112): E('\xE6\xA8\xA1\xE6\x9D\xBF\xE4\xB8\x8D\xE5\xAD\x98\xE5\x9C\xA8...')<br />
#1 /var/www/waimai/core/Library/Think/View.class.php(73): Think\View->fetch('Index/sls', '', '')<br />
#2 /var/www/waimai/core/Library/Think/Controller.class.php(56): Think\View->display('Index/sls', '', '', '', '')<br />
#3 /var/www/waimai/Application/Home/Controller/EmptyController.class.php(19): Think\Controller->display('Index/sls')<br />
#4 [internal function]: Home\Controller\EmptyController->index()<br />
#5 /var/www/waimai/core/Library/Think/App.class.php(173): ReflectionMethod->invoke(Object(Home\Controller\EmptyController))<br />
#6 /var/www/waimai/core/Library/Think/App.class.php(110): Think\App::invokeAction(Object(Home\Controller\EmptyController), 'index')<br />
#7 /var/www/waimai/core/Library/Think/App.class.php(204): Think\App::exec()<br />
#8 /var/www/waimai/core/Library/Think/Think.class.php(120): Think\App::run()<br />
#9 /var/www/waimai/core/ThinkPHP.php(97): Think\Think::start()<br />
#10 /var/www/waimai/index.php(13): require('/var/www/waimai...')<br />
#11 {main}</p>
		</div>
	</div>
</div>
</div>
<div class="copyright">
<p><a title="官方网站" href="http://www.thinkphp.cn">ThinkPHP</a><sup>3.2.3</sup> { Fast & Simple OOP PHP Framework } -- [ WE CAN DO IT JUST THINK ]</p>
</div>
</body>
</html>


【2020-05-24 01:36:06】
订单号：20200524013519555310
通知地址：http://karl-leo.imwork.net/common/test.json
通知报文：memberid=200399771&orderid=E20200524013518125025&transaction_id=20200524013519555310&amount=300.0000&datetime=20200524013606&returncode=00&sign=ECC929EA016089E38A97302F197945D8&attach=1234|456
HTTP状态：
返回：<!DOCTYPE html PUBLIC "-//W3C//DTD XHTML 1.0 Transitional//EN" "http://www.w3.org/TR/xhtml1/DTD/xhtml1-transitional.dtd">
<html xmlns="http://www.w3.org/1999/xhtml"><head>
<meta content="text/html; charset=utf-8" http-equiv="Content-Type">
<title>系统发生错误</title>
<style type="text/css">
*{ padding: 0; margin: 0; }
html{ overflow-y: scroll; }
body{ background: #fff; font-family: '微软雅黑'; color: #333; font-size: 16px; }
img{ border: 0; }
.error{ padding: 24px 48px; }
.face{ font-size: 100px; font-weight: normal; line-height: 120px; margin-bottom: 12px; }
h1{ font-size: 32px; line-height: 48px; }
.error .content{ padding-top: 10px}
.error .info{ margin-bottom: 12px; }
.error .info .title{ margin-bottom: 3px; }
.error .info .title h3{ color: #000; font-weight: 700; font-size: 16px; }
.error .info .text{ line-height: 24px; }
.copyright{ padding: 12px 48px; color: #999; }
.copyright a{ color: #000; text-decoration: none; }
</style>
</head>
<body>
<div class="error">
<p class="face">:(</p>
<h1>模板不存在:./Application/Home/View/view4/Index/sls.html</h1>
<div class="content">
	<div class="info">
		<div class="title">
			<h3>错误位置</h3>
		</div>
		<div class="text">
			<p>FILE: /var/www/waimai/core/Library/Think/View.class.php &#12288;LINE: 112</p>
		</div>
	</div>
	<div class="info">
		<div class="title">
			<h3>TRACE</h3>
		</div>
		<div class="text">
			<p>#0 /var/www/waimai/core/Library/Think/View.class.php(112): E('\xE6\xA8\xA1\xE6\x9D\xBF\xE4\xB8\x8D\xE5\xAD\x98\xE5\x9C\xA8...')<br />
#1 /var/www/waimai/core/Library/Think/View.class.php(73): Think\View->fetch('Index/sls', '', '')<br />
#2 /var/www/waimai/core/Library/Think/Controller.class.php(56): Think\View->display('Index/sls', '', '', '', '')<br />
#3 /var/www/waimai/Application/Home/Controller/EmptyController.class.php(19): Think\Controller->display('Index/sls')<br />
#4 [internal function]: Home\Controller\EmptyController->index()<br />
#5 /var/www/waimai/core/Library/Think/App.class.php(173): ReflectionMethod->invoke(Object(Home\Controller\EmptyController))<br />
#6 /var/www/waimai/core/Library/Think/App.class.php(110): Think\App::invokeAction(Object(Home\Controller\EmptyController), 'index')<br />
#7 /var/www/waimai/core/Library/Think/App.class.php(204): Think\App::exec()<br />
#8 /var/www/waimai/core/Library/Think/Think.class.php(120): Think\App::run()<br />
#9 /var/www/waimai/core/ThinkPHP.php(97): Think\Think::start()<br />
#10 /var/www/waimai/index.php(13): require('/var/www/waimai...')<br />
#11 {main}</p>
		</div>
	</div>
</div>
</div>
<div class="copyright">
<p><a title="官方网站" href="http://www.thinkphp.cn">ThinkPHP</a><sup>3.2.3</sup> { Fast & Simple OOP PHP Framework } -- [ WE CAN DO IT JUST THINK ]</p>
</div>
</body>
</html>


【2020-05-24 01:39:22】
订单号：20200524013904565153
通知地址：http://karl-leo.imwork.net/common/test.json
通知报文：memberid=200399771&orderid=E20200524013902854893&transaction_id=20200524013904565153&amount=300.0000&datetime=20200524013921&returncode=00&sign=07C3CD24E3D1BD89B4D3E474CC0EF5EA&attach=1234|456
HTTP状态：
返回：<!DOCTYPE html PUBLIC "-//W3C//DTD XHTML 1.0 Transitional//EN" "http://www.w3.org/TR/xhtml1/DTD/xhtml1-transitional.dtd">
<html xmlns="http://www.w3.org/1999/xhtml"><head>
<meta content="text/html; charset=utf-8" http-equiv="Content-Type">
<title>系统发生错误</title>
<style type="text/css">
*{ padding: 0; margin: 0; }
html{ overflow-y: scroll; }
body{ background: #fff; font-family: '微软雅黑'; color: #333; font-size: 16px; }
img{ border: 0; }
.error{ padding: 24px 48px; }
.face{ font-size: 100px; font-weight: normal; line-height: 120px; margin-bottom: 12px; }
h1{ font-size: 32px; line-height: 48px; }
.error .content{ padding-top: 10px}
.error .info{ margin-bottom: 12px; }
.error .info .title{ margin-bottom: 3px; }
.error .info .title h3{ color: #000; font-weight: 700; font-size: 16px; }
.error .info .text{ line-height: 24px; }
.copyright{ padding: 12px 48px; color: #999; }
.copyright a{ color: #000; text-decoration: none; }
</style>
</head>
<body>
<div class="error">
<p class="face">:(</p>
<h1>模板不存在:./Application/Home/View/view4/Index/sls.html</h1>
<div class="content">
	<div class="info">
		<div class="title">
			<h3>错误位置</h3>
		</div>
		<div class="text">
			<p>FILE: /var/www/waimai/core/Library/Think/View.class.php &#12288;LINE: 112</p>
		</div>
	</div>
	<div class="info">
		<div class="title">
			<h3>TRACE</h3>
		</div>
		<div class="text">
			<p>#0 /var/www/waimai/core/Library/Think/View.class.php(112): E('\xE6\xA8\xA1\xE6\x9D\xBF\xE4\xB8\x8D\xE5\xAD\x98\xE5\x9C\xA8...')<br />
#1 /var/www/waimai/core/Library/Think/View.class.php(73): Think\View->fetch('Index/sls', '', '')<br />
#2 /var/www/waimai/core/Library/Think/Controller.class.php(56): Think\View->display('Index/sls', '', '', '', '')<br />
#3 /var/www/waimai/Application/Home/Controller/EmptyController.class.php(19): Think\Controller->display('Index/sls')<br />
#4 [internal function]: Home\Controller\EmptyController->index()<br />
#5 /var/www/waimai/core/Library/Think/App.class.php(173): ReflectionMethod->invoke(Object(Home\Controller\EmptyController))<br />
#6 /var/www/waimai/core/Library/Think/App.class.php(110): Think\App::invokeAction(Object(Home\Controller\EmptyController), 'index')<br />
#7 /var/www/waimai/core/Library/Think/App.class.php(204): Think\App::exec()<br />
#8 /var/www/waimai/core/Library/Think/Think.class.php(120): Think\App::run()<br />
#9 /var/www/waimai/core/ThinkPHP.php(97): Think\Think::start()<br />
#10 /var/www/waimai/index.php(13): require('/var/www/waimai...')<br />
#11 {main}</p>
		</div>
	</div>
</div>
</div>
<div class="copyright">
<p><a title="官方网站" href="http://www.thinkphp.cn">ThinkPHP</a><sup>3.2.3</sup> { Fast & Simple OOP PHP Framework } -- [ WE CAN DO IT JUST THINK ]</p>
</div>
</body>
</html>


【2020-05-24 01:49:39】
订单号：20200524014922501009
通知地址：http://karl-leo.imwork.net/common/test.json
通知报文：memberid=200399771&orderid=E20200524014921305830&transaction_id=20200524014922501009&amount=300.0000&datetime=20200524014939&returncode=00&sign=EE8D4DC49303249467560951F7375A60&attach=1234|456
HTTP状态：
返回：<!DOCTYPE html PUBLIC "-//W3C//DTD XHTML 1.0 Transitional//EN" "http://www.w3.org/TR/xhtml1/DTD/xhtml1-transitional.dtd">
<html xmlns="http://www.w3.org/1999/xhtml"><head>
<meta content="text/html; charset=utf-8" http-equiv="Content-Type">
<title>系统发生错误</title>
<style type="text/css">
*{ padding: 0; margin: 0; }
html{ overflow-y: scroll; }
body{ background: #fff; font-family: '微软雅黑'; color: #333; font-size: 16px; }
img{ border: 0; }
.error{ padding: 24px 48px; }
.face{ font-size: 100px; font-weight: normal; line-height: 120px; margin-bottom: 12px; }
h1{ font-size: 32px; line-height: 48px; }
.error .content{ padding-top: 10px}
.error .info{ margin-bottom: 12px; }
.error .info .title{ margin-bottom: 3px; }
.error .info .title h3{ color: #000; font-weight: 700; font-size: 16px; }
.error .info .text{ line-height: 24px; }
.copyright{ padding: 12px 48px; color: #999; }
.copyright a{ color: #000; text-decoration: none; }
</style>
</head>
<body>
<div class="error">
<p class="face">:(</p>
<h1>模板不存在:./Application/Home/View/view4/Index/sls.html</h1>
<div class="content">
	<div class="info">
		<div class="title">
			<h3>错误位置</h3>
		</div>
		<div class="text">
			<p>FILE: /var/www/waimai/core/Library/Think/View.class.php &#12288;LINE: 112</p>
		</div>
	</div>
	<div class="info">
		<div class="title">
			<h3>TRACE</h3>
		</div>
		<div class="text">
			<p>#0 /var/www/waimai/core/Library/Think/View.class.php(112): E('\xE6\xA8\xA1\xE6\x9D\xBF\xE4\xB8\x8D\xE5\xAD\x98\xE5\x9C\xA8...')<br />
#1 /var/www/waimai/core/Library/Think/View.class.php(73): Think\View->fetch('Index/sls', '', '')<br />
#2 /var/www/waimai/core/Library/Think/Controller.class.php(56): Think\View->display('Index/sls', '', '', '', '')<br />
#3 /var/www/waimai/Application/Home/Controller/EmptyController.class.php(19): Think\Controller->display('Index/sls')<br />
#4 [internal function]: Home\Controller\EmptyController->index()<br />
#5 /var/www/waimai/core/Library/Think/App.class.php(173): ReflectionMethod->invoke(Object(Home\Controller\EmptyController))<br />
#6 /var/www/waimai/core/Library/Think/App.class.php(110): Think\App::invokeAction(Object(Home\Controller\EmptyController), 'index')<br />
#7 /var/www/waimai/core/Library/Think/App.class.php(204): Think\App::exec()<br />
#8 /var/www/waimai/core/Library/Think/Think.class.php(120): Think\App::run()<br />
#9 /var/www/waimai/core/ThinkPHP.php(97): Think\Think::start()<br />
#10 /var/www/waimai/index.php(13): require('/var/www/waimai...')<br />
#11 {main}</p>
		</div>
	</div>
</div>
</div>
<div class="copyright">
<p><a title="官方网站" href="http://www.thinkphp.cn">ThinkPHP</a><sup>3.2.3</sup> { Fast & Simple OOP PHP Framework } -- [ WE CAN DO IT JUST THINK ]</p>
</div>
</body>
</html>


【2020-05-24 01:51:59】
订单号：20200524015153575148
通知地址：http://karl-leo.imwork.net/common/test.json
通知报文：memberid=200399771&orderid=E20200524015152354811&transaction_id=20200524015153575148&amount=300.0000&datetime=20200524015159&returncode=00&sign=5EAB0CF997681A8ACEEB56BD902AC42D&attach=1234|456
HTTP状态：
返回：<!DOCTYPE html PUBLIC "-//W3C//DTD XHTML 1.0 Transitional//EN" "http://www.w3.org/TR/xhtml1/DTD/xhtml1-transitional.dtd">
<html xmlns="http://www.w3.org/1999/xhtml"><head>
<meta content="text/html; charset=utf-8" http-equiv="Content-Type">
<title>系统发生错误</title>
<style type="text/css">
*{ padding: 0; margin: 0; }
html{ overflow-y: scroll; }
body{ background: #fff; font-family: '微软雅黑'; color: #333; font-size: 16px; }
img{ border: 0; }
.error{ padding: 24px 48px; }
.face{ font-size: 100px; font-weight: normal; line-height: 120px; margin-bottom: 12px; }
h1{ font-size: 32px; line-height: 48px; }
.error .content{ padding-top: 10px}
.error .info{ margin-bottom: 12px; }
.error .info .title{ margin-bottom: 3px; }
.error .info .title h3{ color: #000; font-weight: 700; font-size: 16px; }
.error .info .text{ line-height: 24px; }
.copyright{ padding: 12px 48px; color: #999; }
.copyright a{ color: #000; text-decoration: none; }
</style>
</head>
<body>
<div class="error">
<p class="face">:(</p>
<h1>模板不存在:./Application/Home/View/view4/Index/sls.html</h1>
<div class="content">
	<div class="info">
		<div class="title">
			<h3>错误位置</h3>
		</div>
		<div class="text">
			<p>FILE: /var/www/waimai/core/Library/Think/View.class.php &#12288;LINE: 112</p>
		</div>
	</div>
	<div class="info">
		<div class="title">
			<h3>TRACE</h3>
		</div>
		<div class="text">
			<p>#0 /var/www/waimai/core/Library/Think/View.class.php(112): E('\xE6\xA8\xA1\xE6\x9D\xBF\xE4\xB8\x8D\xE5\xAD\x98\xE5\x9C\xA8...')<br />
#1 /var/www/waimai/core/Library/Think/View.class.php(73): Think\View->fetch('Index/sls', '', '')<br />
#2 /var/www/waimai/core/Library/Think/Controller.class.php(56): Think\View->display('Index/sls', '', '', '', '')<br />
#3 /var/www/waimai/Application/Home/Controller/EmptyController.class.php(19): Think\Controller->display('Index/sls')<br />
#4 [internal function]: Home\Controller\EmptyController->index()<br />
#5 /var/www/waimai/core/Library/Think/App.class.php(173): ReflectionMethod->invoke(Object(Home\Controller\EmptyController))<br />
#6 /var/www/waimai/core/Library/Think/App.class.php(110): Think\App::invokeAction(Object(Home\Controller\EmptyController), 'index')<br />
#7 /var/www/waimai/core/Library/Think/App.class.php(204): Think\App::exec()<br />
#8 /var/www/waimai/core/Library/Think/Think.class.php(120): Think\App::run()<br />
#9 /var/www/waimai/core/ThinkPHP.php(97): Think\Think::start()<br />
#10 /var/www/waimai/index.php(13): require('/var/www/waimai...')<br />
#11 {main}</p>
		</div>
	</div>
</div>
</div>
<div class="copyright">
<p><a title="官方网站" href="http://www.thinkphp.cn">ThinkPHP</a><sup>3.2.3</sup> { Fast & Simple OOP PHP Framework } -- [ WE CAN DO IT JUST THINK ]</p>
</div>
</body>
</html>


【2020-05-24 01:53:46】
订单号：20200524015340521015
通知地址：http://karl-leo.imwork.net/common/test.json
通知报文：memberid=200399771&orderid=E20200524015340340169&transaction_id=20200524015340521015&amount=300.0000&datetime=20200524015346&returncode=00&sign=9DB58AE185D046AF101B360E1800ACC6&attach=1234|456
HTTP状态：
返回：<!DOCTYPE html PUBLIC "-//W3C//DTD XHTML 1.0 Transitional//EN" "http://www.w3.org/TR/xhtml1/DTD/xhtml1-transitional.dtd">
<html xmlns="http://www.w3.org/1999/xhtml"><head>
<meta content="text/html; charset=utf-8" http-equiv="Content-Type">
<title>系统发生错误</title>
<style type="text/css">
*{ padding: 0; margin: 0; }
html{ overflow-y: scroll; }
body{ background: #fff; font-family: '微软雅黑'; color: #333; font-size: 16px; }
img{ border: 0; }
.error{ padding: 24px 48px; }
.face{ font-size: 100px; font-weight: normal; line-height: 120px; margin-bottom: 12px; }
h1{ font-size: 32px; line-height: 48px; }
.error .content{ padding-top: 10px}
.error .info{ margin-bottom: 12px; }
.error .info .title{ margin-bottom: 3px; }
.error .info .title h3{ color: #000; font-weight: 700; font-size: 16px; }
.error .info .text{ line-height: 24px; }
.copyright{ padding: 12px 48px; color: #999; }
.copyright a{ color: #000; text-decoration: none; }
</style>
</head>
<body>
<div class="error">
<p class="face">:(</p>
<h1>模板不存在:./Application/Home/View/view4/Index/sls.html</h1>
<div class="content">
	<div class="info">
		<div class="title">
			<h3>错误位置</h3>
		</div>
		<div class="text">
			<p>FILE: /var/www/waimai/core/Library/Think/View.class.php &#12288;LINE: 112</p>
		</div>
	</div>
	<div class="info">
		<div class="title">
			<h3>TRACE</h3>
		</div>
		<div class="text">
			<p>#0 /var/www/waimai/core/Library/Think/View.class.php(112): E('\xE6\xA8\xA1\xE6\x9D\xBF\xE4\xB8\x8D\xE5\xAD\x98\xE5\x9C\xA8...')<br />
#1 /var/www/waimai/core/Library/Think/View.class.php(73): Think\View->fetch('Index/sls', '', '')<br />
#2 /var/www/waimai/core/Library/Think/Controller.class.php(56): Think\View->display('Index/sls', '', '', '', '')<br />
#3 /var/www/waimai/Application/Home/Controller/EmptyController.class.php(19): Think\Controller->display('Index/sls')<br />
#4 [internal function]: Home\Controller\EmptyController->index()<br />
#5 /var/www/waimai/core/Library/Think/App.class.php(173): ReflectionMethod->invoke(Object(Home\Controller\EmptyController))<br />
#6 /var/www/waimai/core/Library/Think/App.class.php(110): Think\App::invokeAction(Object(Home\Controller\EmptyController), 'index')<br />
#7 /var/www/waimai/core/Library/Think/App.class.php(204): Think\App::exec()<br />
#8 /var/www/waimai/core/Library/Think/Think.class.php(120): Think\App::run()<br />
#9 /var/www/waimai/core/ThinkPHP.php(97): Think\Think::start()<br />
#10 /var/www/waimai/index.php(13): require('/var/www/waimai...')<br />
#11 {main}</p>
		</div>
	</div>
</div>
</div>
<div class="copyright">
<p><a title="官方网站" href="http://www.thinkphp.cn">ThinkPHP</a><sup>3.2.3</sup> { Fast & Simple OOP PHP Framework } -- [ WE CAN DO IT JUST THINK ]</p>
</div>
</body>
</html>


