【2020-05-21 00:37:40】
订单号：20200521002301539852
通知地址：https://www.100000381.xyz/Pay_CsT1Zfb_notifyurlzfb.html
通知报文：memberid=200423453&orderid=202005210022465453105768&transaction_id=20200521002301539852&amount=1500.0000&datetime=20200521003738&returncode=00&sign=DF653014261509D154C28DBD9B21D594&attach=1234|456
HTTP状态：
返回：ok

【2020-05-21 00:38:16】
订单号：20200521003659989999
通知地址：https://www.100000381.xyz/Pay_CsT1Zfb_notifyurlzfb.html
通知报文：memberid=200423453&orderid=202005210036449956496407&transaction_id=20200521003659989999&amount=2800.0000&datetime=20200521003815&returncode=00&sign=EC11299D1A068F1E92A315A7FB28BB8A&attach=1234|456
HTTP状态：
返回：ok

【2020-05-21 00:39:07】
订单号：20200521002700525250
通知地址：https://www.100000381.xyz/Pay_CsT1Zfb_notifyurlzfb.html
通知报文：memberid=200423453&orderid=202005210026445210194878&transaction_id=20200521002700525250&amount=1700.0000&datetime=20200521003903&returncode=00&sign=6AE1395FE3BA1C8304D6AFFE6BDFAEC2&attach=1234|456
HTTP状态：
返回：ok

【2020-05-21 00:39:57】
订单号：20200521003458505597
通知地址：https://www.100000381.xyz/Pay_CsT1Zfb_notifyurlzfb.html
通知报文：memberid=200423453&orderid=202005210034435150109407&transaction_id=20200521003458505597&amount=3000.0000&datetime=20200521003955&returncode=00&sign=2ADD97A975B40CD7FB9BB789A1B4DA48&attach=1234|456
HTTP状态：
返回：ok

【2020-05-21 00:43:26】
订单号：20200521004211515352
通知地址：https://www.100000381.xyz/Pay_CsT1Zfb_notifyurlzfb.html
通知报文：memberid=200423453&orderid=202005210041565248988041&transaction_id=20200521004211515352&amount=1000.0000&datetime=20200521004324&returncode=00&sign=2C1B045997E32BB9451E202EF2D8B071&attach=1234|456
HTTP状态：
返回：ok

【2020-05-21 00:45:21】
订单号：20200521004416484853
通知地址：https://www.100000381.xyz/Pay_CsT1Zfb_notifyurlzfb.html
通知报文：memberid=200423453&orderid=202005210044004898491511&transaction_id=20200521004416484853&amount=2000.0000&datetime=20200521004519&returncode=00&sign=286FA2F4C32F36A029C3882D0AC1C542&attach=1234|456
HTTP状态：
返回：ok

【2020-05-21 00:48:01】
订单号：20200521004703555752
通知地址：https://www.100000381.xyz/Pay_CsT1Zfb_notifyurlzfb.html
通知报文：memberid=200423453&orderid=202005210046485653512704&transaction_id=20200521004703555752&amount=1600.0000&datetime=20200521004801&returncode=00&sign=0F102927C983274F297C6D73A8640588&attach=1234|456
HTTP状态：
返回：ok

【2020-05-21 00:50:33】
订单号：20200521004913575757
通知地址：https://www.100000381.xyz/Pay_CsT1Zfb_notifyurlzfb.html
通知报文：memberid=200423453&orderid=202005210048589753516876&transaction_id=20200521004913575757&amount=1000.0000&datetime=20200521005031&returncode=00&sign=423CF38047D91DECA25BD1BDFBD1E9B0&attach=1234|456
HTTP状态：
返回：ok

【2020-05-21 01:32:09】
订单号：20200521004813100525
通知地址：https://www.100000381.xyz/Pay_CsT1Zfb_notifyurlzfb.html
通知报文：memberid=200423453&orderid=202005210047571001023987&transaction_id=20200521004813100525&amount=3000.0000&datetime=20200521013208&returncode=00&sign=45FA6754F59EB18389A60CB22DB5A42A&attach=1234|456
HTTP状态：
返回：ok

【2020-05-21 11:48:12】
订单号：20200520194610514848
通知地址：https://www.100000381.xyz/Pay_CsT1Zfb_notifyurlzfb.html
通知报文：memberid=200423453&orderid=202005201945555110054261&transaction_id=20200520194610514848&amount=1000.0000&datetime=20200521114806&returncode=00&sign=0F90E2E69DD850033D77F779E171B13C&attach=1234|456
HTTP状态：
返回：ok

【2020-05-21 13:59:45】
订单号：20200521135739515397
通知地址：https://www.100000381.xyz/Pay_CsT1Zfb_notifyurlzfb.html
通知报文：memberid=200423453&orderid=202005211357235156529576&transaction_id=20200521135739515397&amount=500.0000&datetime=20200521135942&returncode=00&sign=13C3B75FCBAB773C3FFA3DCE97C83450&attach=1234|456
HTTP状态：
返回：ok

【2020-05-21 14:11:13】
订单号：20200521140945579798
通知地址：https://www.100000381.xyz/Pay_CsT1Zfb_notifyurlzfb.html
通知报文：memberid=200423453&orderid=202005211409295799996383&transaction_id=20200521140945579798&amount=1000.0000&datetime=20200521141110&returncode=00&sign=98CA93B18A86606E073ACF9A743CDCF4&attach=1234|456
HTTP状态：
返回：ok

【2020-05-21 14:12:39】
订单号：20200521141120564999
通知地址：https://www.100000381.xyz/Pay_CsT1Zfb_notifyurlzfb.html
通知报文：memberid=200423453&orderid=202005211411045652512332&transaction_id=20200521141120564999&amount=4999.0000&datetime=20200521141234&returncode=00&sign=08024AF82AF6DDC583A1991CCC718D17&attach=1234|456
HTTP状态：
返回：ok

【2020-05-21 14:15:31】
订单号：20200521140613539752
通知地址：https://www.100000381.xyz/Pay_CsT1Zfb_notifyurlzfb.html
通知报文：memberid=200423453&orderid=202005211405565299564116&transaction_id=20200521140613539752&amount=1200.0000&datetime=20200521141529&returncode=00&sign=8A692E559DAD19DF399388E714042866&attach=1234|456
HTTP状态：
返回：ok

【2020-05-21 14:19:34】
订单号：20200521141815555057
通知地址：https://www.100000381.xyz/Pay_CsT1Zfb_notifyurlzfb.html
通知报文：memberid=200423453&orderid=202005211417595552104766&transaction_id=20200521141815555057&amount=1000.0000&datetime=20200521141934&returncode=00&sign=EC69D46C97FF5A31A20D610AA1FF640D&attach=1234|456
HTTP状态：
返回：ok

【2020-05-21 14:26:33】
订单号：20200521142451519955
通知地址：https://www.100000381.xyz/Pay_CsT1Zfb_notifyurlzfb.html
通知报文：memberid=200423453&orderid=202005211424355110148632&transaction_id=20200521142451519955&amount=1000.0000&datetime=20200521142631&returncode=00&sign=58331C12DC9C1E1777D77336E2F32EC3&attach=1234|456
HTTP状态：
返回：ok

【2020-05-21 14:36:12】
订单号：20200521143256564810
通知地址：https://www.100000381.xyz/Pay_CsT1Zfb_notifyurlzfb.html
通知报文：memberid=200423453&orderid=202005211432395551528353&transaction_id=20200521143256564810&amount=3460.0000&datetime=20200521143610&returncode=00&sign=457FC3D6B26A8011A19A23D22CA71539&attach=1234|456
HTTP状态：
返回：ok

【2020-05-21 14:36:48】
订单号：20200521143540995756
通知地址：https://www.100000381.xyz/Pay_CsT1Zfb_notifyurlzfb.html
通知报文：memberid=200423453&orderid=202005211435249997997237&transaction_id=20200521143540995756&amount=4000.0000&datetime=20200521143646&returncode=00&sign=0B341D2D63D233F8840FEEA93016D564&attach=1234|456
HTTP状态：
返回：ok

【2020-05-21 14:42:45】
订单号：20200521144008565210
通知地址：https://www.100000381.xyz/Pay_CsT1Zfb_notifyurlzfb.html
通知报文：memberid=200423453&orderid=202005211439525654101486&transaction_id=20200521144008565210&amount=3000.0000&datetime=20200521144244&returncode=00&sign=2F770007546531A1DEDE830037637A44&attach=1234|456
HTTP状态：
返回：ok

【2020-05-21 14:49:35】
订单号：20200521144722974997
通知地址：https://www.100000381.xyz/Pay_CsT1Zfb_notifyurlzfb.html
通知报文：memberid=200423453&orderid=202005211447069751532698&transaction_id=20200521144722974997&amount=3000.0000&datetime=20200521144934&returncode=00&sign=7BE0AF1E1EE7668ED29C2BDBC370CC4D&attach=1234|456
HTTP状态：
返回：ok

【2020-05-21 14:55:12】
订单号：20200521145312565753
通知地址：https://www.100000381.xyz/Pay_CsT1Zfb_notifyurlzfb.html
通知报文：memberid=200423453&orderid=202005211452565698986044&transaction_id=20200521145312565753&amount=1000.0000&datetime=20200521145510&returncode=00&sign=A16297A4DF280F50B83F93CE669E97B9&attach=1234|456
HTTP状态：
返回：ok

【2020-05-21 15:03:09】
订单号：20200521150110545310
通知地址：https://www.100000381.xyz/Pay_CsT1Zfb_notifyurlzfb.html
通知报文：memberid=200423453&orderid=202005211500545454971649&transaction_id=20200521150110545310&amount=1000.0000&datetime=20200521150307&returncode=00&sign=7F3FAFDF3FFE33C30A4396C6BB7EF20A&attach=1234|456
HTTP状态：
返回：ok

【2020-05-21 15:03:12】
订单号：20200521150214549752
通知地址：https://www.100000381.xyz/Pay_CsT1Zfb_notifyurlzfb.html
通知报文：memberid=200423453&orderid=202005211501585498996798&transaction_id=20200521150214549752&amount=1000.0000&datetime=20200521150311&returncode=00&sign=852264A6CE9A91B317DD5E6C1CDF9AD5&attach=1234|456
HTTP状态：
返回：ok

【2020-05-21 15:10:43】
订单号：20200521150930975497
通知地址：https://www.100000381.xyz/Pay_CsT1Zfb_notifyurlzfb.html
通知报文：memberid=200423453&orderid=202005211509149755102937&transaction_id=20200521150930975497&amount=500.0000&datetime=20200521151041&returncode=00&sign=935ED2B5EFD391CD3822A45FF2E7DFBD&attach=1234|456
HTTP状态：
返回：ok

【2020-05-21 15:13:59】
订单号：20200521151119554856
通知地址：https://www.100000381.xyz/Pay_CsT1Zfb_notifyurlzfb.html
通知报文：memberid=200423453&orderid=202005211511035550523447&transaction_id=20200521151119554856&amount=1000.0000&datetime=20200521151355&returncode=00&sign=D822BBF29D09D9C34D4532B3AA4E1072&attach=1234|456
HTTP状态：
返回：ok

【2020-05-21 15:20:38】
订单号：20200521151939985355
通知地址：https://www.100000381.xyz/Pay_CsT1Zfb_notifyurlzfb.html
通知报文：memberid=200423453&orderid=202005211519239855563889&transaction_id=20200521151939985355&amount=500.0000&datetime=20200521152036&returncode=00&sign=6D5EC9E22BBD9698CD8286B1CF33F646&attach=1234|456
HTTP状态：
返回：ok

【2020-05-21 15:22:15】
订单号：20200521152026975152
通知地址：https://www.100000381.xyz/Pay_CsT1Zfb_notifyurlzfb.html
通知报文：memberid=200423453&orderid=202005211520109752109164&transaction_id=20200521152026975152&amount=700.0000&datetime=20200521152213&returncode=00&sign=5F21C1D9BA2D08764BF1904B9F7622F8&attach=1234|456
HTTP状态：
返回：ok

【2020-05-21 15:26:34】
订单号：20200521152527559898
通知地址：https://www.100000381.xyz/Pay_CsT1Zfb_notifyurlzfb.html
通知报文：memberid=200423453&orderid=202005211525115510057531&transaction_id=20200521152527559898&amount=2000.0000&datetime=20200521152633&returncode=00&sign=AD05A0A48D053838AB913B8A1C3384F6&attach=1234|456
HTTP状态：
返回：ok

【2020-05-21 15:29:16】
订单号：20200521152431102994
通知地址：https://www.100000381.xyz/Pay_CsT1Zfb_notifyurlzfb.html
通知报文：memberid=200423453&orderid=202005211524151021005255&transaction_id=20200521152431102994&amount=1300.0000&datetime=20200521152914&returncode=00&sign=D5FB4E200DC3D88B020232B00E1058CA&attach=1234|456
HTTP状态：
返回：ok

【2020-05-21 15:30:19】
订单号：20200521152750549855
通知地址：https://www.100000381.xyz/Pay_CsT1Zfb_notifyurlzfb.html
通知报文：memberid=200423453&orderid=202005211527345499103213&transaction_id=20200521152750549855&amount=2000.0000&datetime=20200521153017&returncode=00&sign=2BC025A056D353A3C64F81BAE4BDCE24&attach=1234|456
HTTP状态：
返回：ok

【2020-05-21 15:32:43】
订单号：20200521140948999855
通知地址：https://www.100000381.xyz/Pay_CsT1Zfb_notifyurlzfb.html
通知报文：memberid=200423453&orderid=202005211409319810017241&transaction_id=20200521140948999855&amount=500.0000&datetime=20200521153242&returncode=00&sign=77D9A1D0F3CA0CDDC2B94E84C4C76CFC&attach=1234|456
HTTP状态：
返回：ok

【2020-05-21 15:37:18】
订单号：20200521153558101505
通知地址：https://www.100000381.xyz/Pay_CsT1Zfb_notifyurlzfb.html
通知报文：memberid=200423453&orderid=202005211535421015156848&transaction_id=20200521153558101505&amount=500.0000&datetime=20200521153717&returncode=00&sign=0483A81795AB752D7E2E23C5510F6A94&attach=1234|456
HTTP状态：
返回：ok

【2020-05-21 15:41:01】
订单号：20200521153824481005
通知地址：https://www.100000381.xyz/Pay_CsT1Zfb_notifyurlzfb.html
通知报文：memberid=200423453&orderid=202005211538094948496878&transaction_id=20200521153824481005&amount=1000.0000&datetime=20200521154101&returncode=00&sign=3C76774683BB990D795B762C28A4ECA2&attach=1234|456
HTTP状态：
返回：ok

【2020-05-21 15:41:05】
订单号：20200521153954974910
通知地址：https://www.100000381.xyz/Pay_CsT1Zfb_notifyurlzfb.html
通知报文：memberid=200423453&orderid=202005211539389752486309&transaction_id=20200521153954974910&amount=1000.0000&datetime=20200521154104&returncode=00&sign=E9192FE74565C993CD7CBF91CF6591ED&attach=1234|456
HTTP状态：
返回：ok

【2020-05-21 15:41:46】
订单号：20200521154051519898
通知地址：https://www.100000381.xyz/Pay_CsT1Zfb_notifyurlzfb.html
通知报文：memberid=200423453&orderid=202005211540355110043985&transaction_id=20200521154051519898&amount=1000.0000&datetime=20200521154144&returncode=00&sign=CA3CFFF6C2A04EA2ED744518EAD38216&attach=1234|456
HTTP状态：
返回：ok

【2020-05-21 15:44:02】
订单号：20200521154304561014
通知地址：https://www.100000381.xyz/Pay_CsT1Zfb_notifyurlzfb.html
通知报文：memberid=200423453&orderid=202005211542495748509459&transaction_id=20200521154304561014&amount=2000.0000&datetime=20200521154400&returncode=00&sign=FD39711FDFFF92517B5C058F5EEE7216&attach=1234|456
HTTP状态：
返回：ok

【2020-05-21 15:44:19】
订单号：20200521154304569757
通知地址：https://www.100000381.xyz/Pay_CsT1Zfb_notifyurlzfb.html
通知报文：memberid=200423453&orderid=202005211542485699488798&transaction_id=20200521154304569757&amount=2000.0000&datetime=20200521154419&returncode=00&sign=817B2498E5813314F4ECE918E404DD94&attach=1234|456
HTTP状态：
返回：ok

【2020-05-21 15:46:55】
订单号：20200521154447102515
通知地址：https://www.100000381.xyz/Pay_CsT1Zfb_notifyurlzfb.html
通知报文：memberid=200423453&orderid=202005211544301015356478&transaction_id=20200521154447102515&amount=1000.0000&datetime=20200521154654&returncode=00&sign=F5EADD533DCBD84BC63AA756A4E9B5FA&attach=1234|456
HTTP状态：
返回：ok

【2020-05-21 15:47:12】
订单号：20200521154600565050
通知地址：https://www.100000381.xyz/Pay_CsT1Zfb_notifyurlzfb.html
通知报文：memberid=200423453&orderid=202005211545445650577822&transaction_id=20200521154600565050&amount=1500.0000&datetime=20200521154711&returncode=00&sign=CDA6BC2F9B8168D0C199AC2997FAD5BC&attach=1234|456
HTTP状态：
返回：ok

【2020-05-21 15:48:25】
订单号：20200521154737571005
通知地址：https://www.100000381.xyz/Pay_CsT1Zfb_notifyurlzfb.html
通知报文：memberid=200423453&orderid=202005211547219748482545&transaction_id=20200521154737571005&amount=3500.0000&datetime=20200521154824&returncode=00&sign=11FCD50112917C0F9F9D0FA587662C0C&attach=1234|456
HTTP状态：
返回：ok

【2020-05-21 15:50:49】
订单号：20200521154809571001
通知地址：https://www.100000381.xyz/Pay_CsT1Zfb_notifyurlzfb.html
通知报文：memberid=200423453&orderid=202005211547549748979374&transaction_id=20200521154809571001&amount=500.0000&datetime=20200521155047&returncode=00&sign=1869802972AAF760BFAD1BB1A2353DB0&attach=1234|456
HTTP状态：
返回：ok

【2020-05-21 15:51:24】
订单号：20200521154904485310
通知地址：https://www.100000381.xyz/Pay_CsT1Zfb_notifyurlzfb.html
通知报文：memberid=200423453&orderid=202005211548484855563048&transaction_id=20200521154904485310&amount=3200.0000&datetime=20200521155123&returncode=00&sign=3962B3CB1AA33A440776D10911A5B4A3&attach=1234|456
HTTP状态：
返回：ok

【2020-05-21 16:05:18】
订单号：20200521155724524856
通知地址：https://www.100000381.xyz/Pay_CsT1Zfb_notifyurlzfb.html
通知报文：memberid=200423453&orderid=202005211557085249521329&transaction_id=20200521155724524856&amount=1000.0000&datetime=20200521160516&returncode=00&sign=3A386E71396DE87DEB1D3F4EF965657E&attach=1234|456
HTTP状态：
返回：ok

【2020-05-21 16:06:10】
订单号：20200521155126101551
通知地址：https://www.100000381.xyz/Pay_CsT1Zfb_notifyurlzfb.html
通知报文：memberid=200423453&orderid=202005211551101015791281&transaction_id=20200521155126101551&amount=1600.0000&datetime=20200521160607&returncode=00&sign=DD900C354E522D0099E737543CC92242&attach=1234|456
HTTP状态：
返回：ok

【2020-05-21 16:06:59】
订单号：20200521160557535210
通知地址：https://www.100000381.xyz/Pay_CsT1Zfb_notifyurlzfb.html
通知报文：memberid=200423453&orderid=202005211605405253104522&transaction_id=20200521160557535210&amount=3000.0000&datetime=20200521160658&returncode=00&sign=8E6EB06E078B27BAF17D8810A1CE7E08&attach=1234|456
HTTP状态：
返回：ok

【2020-05-21 16:07:56】
订单号：20200521155735102515
通知地址：https://www.100000381.xyz/Pay_CsT1Zfb_notifyurlzfb.html
通知报文：memberid=200423453&orderid=202005211557191025251169&transaction_id=20200521155735102515&amount=1500.0000&datetime=20200521160755&returncode=00&sign=288EF1829FEE09BCB045C5B31E485BAB&attach=1234|456
HTTP状态：
返回：ok

【2020-05-21 16:13:23】
订单号：20200521161204521025
通知地址：https://www.100000381.xyz/Pay_CsT1Zfb_notifyurlzfb.html
通知报文：memberid=200423453&orderid=202005211611495348104345&transaction_id=20200521161204521025&amount=1301.0000&datetime=20200521161320&returncode=00&sign=742A00AD6B26138CAB2F55BB8947793F&attach=1234|456
HTTP状态：
返回：ok

【2020-05-21 16:20:24】
订单号：20200521161840489710
通知地址：https://www.100000381.xyz/Pay_CsT1Zfb_notifyurlzfb.html
通知报文：memberid=200423453&orderid=202005211618231029952738&transaction_id=20200521161840489710&amount=2000.0000&datetime=20200521162023&returncode=00&sign=302598B4A32E8828D68E9A39C16C1B19&attach=1234|456
HTTP状态：
返回：ok

【2020-05-21 16:28:26】
订单号：20200521162723989997
通知地址：https://www.100000381.xyz/Pay_CsT1Zfb_notifyurlzfb.html
通知报文：memberid=200423453&orderid=202005211627079810059022&transaction_id=20200521162723989997&amount=2000.0000&datetime=20200521162825&returncode=00&sign=A48CD627996596D8CDDE9E30850D6288&attach=1234|456
HTTP状态：
返回：ok

【2020-05-21 16:36:05】
订单号：20200521163522974810
通知地址：https://www.100000381.xyz/Pay_CsT1Zfb_notifyurlzfb.html
通知报文：memberid=200423453&orderid=202005211635069749569071&transaction_id=20200521163522974810&amount=2000.0000&datetime=20200521163605&returncode=00&sign=BB94B3DEDED27A010D0F8052EBAC1E59&attach=1234|456
HTTP状态：
返回：ok

【2020-05-21 16:38:47】
订单号：20200521163038101525
通知地址：https://www.100000381.xyz/Pay_CsT1Zfb_notifyurlzfb.html
通知报文：memberid=200423453&orderid=202005211630221015357032&transaction_id=20200521163038101525&amount=1000.0000&datetime=20200521163845&returncode=00&sign=FAD65EE85619B8804F7B7A7ECD861580&attach=1234|456
HTTP状态：
返回：ok

【2020-05-21 16:39:21】
订单号：20200521163503555056
通知地址：http://karl-leo.imwork.net/common/test.json
通知报文：memberid=200399771&orderid=E20200521083502124914&transaction_id=20200521163503555056&amount=300.0000&datetime=20200521163919&returncode=00&sign=0F6D9DAA247AE1D4705E860B6C7C98C4&attach=1234|456
HTTP状态：
返回：<html>
<head><title>404 Not Found</title></head>
<body bgcolor="white">
<center><h1>404 Not Found</h1></center>
<hr><center>nginx/1.12.1</center>
</body>
</html>


【2020-05-21 16:41:47】
订单号：20200521163959102491
通知地址：https://www.100000381.xyz/Pay_CsT1Zfb_notifyurlzfb.html
通知报文：memberid=200423453&orderid=202005211639431025041133&transaction_id=20200521163959102491&amount=1000.0000&datetime=20200521164146&returncode=00&sign=0CC42077FF5A74C31AA6D0E337060871&attach=1234|456
HTTP状态：
返回：ok

【2020-05-21 16:57:11】
订单号：20200521165253535552
通知地址：https://www.100000381.xyz/Pay_CsT1Zfb_notifyurlzfb.html
通知报文：memberid=200423453&orderid=202005211652375355102955&transaction_id=20200521165253535552&amount=500.0000&datetime=20200521165707&returncode=00&sign=B0ADCFFC188EEE270A41EE1DDD6FBAC0&attach=1234|456
HTTP状态：
返回：ok

【2020-05-21 16:59:16】
订单号：20200521165649495210
通知地址：https://www.100000381.xyz/Pay_CsT1Zfb_notifyurlzfb.html
通知报文：memberid=200423453&orderid=202005211656334954513175&transaction_id=20200521165649495210&amount=1000.0000&datetime=20200521165914&returncode=00&sign=A6E0AD0495E02203CA69BF7E6C03A92A&attach=1234|456
HTTP状态：
返回：ok

【2020-05-21 17:08:07】
订单号：20200521170718549952
通知地址：https://www.100000381.xyz/Pay_CsT1Zfb_notifyurlzfb.html
通知报文：memberid=200423453&orderid=202005211707025499552399&transaction_id=20200521170718549952&amount=500.0000&datetime=20200521170806&returncode=00&sign=09F59B34ED5F45DAD2FFBAABF7A659F7&attach=1234|456
HTTP状态：
返回：ok

【2020-05-21 17:23:08】
订单号：20200521171408485048
通知地址：https://www.100000381.xyz/Pay_CsT1Zfb_notifyurlzfb.html
通知报文：memberid=200423453&orderid=202005211713524850101393&transaction_id=20200521171408485048&amount=500.0000&datetime=20200521172307&returncode=00&sign=64FC08AC6973D33F5131F1C138FC0FCA&attach=1234|456
HTTP状态：
返回：ok

【2020-05-21 17:26:06】
订单号：20200521172521499954
通知地址：https://www.100000381.xyz/Pay_CsT1Zfb_notifyurlzfb.html
通知报文：memberid=200423453&orderid=202005211725054910042429&transaction_id=20200521172521499954&amount=3000.0000&datetime=20200521172602&returncode=00&sign=DBCB846416131914DAA7702DF9B68511&attach=1234|456
HTTP状态：
返回：ok

【2020-05-21 17:33:43】
订单号：20200521171824484899
通知地址：https://www.100000381.xyz/Pay_CsT1Zfb_notifyurlzfb.html
通知报文：memberid=200423453&orderid=202005211718084849534264&transaction_id=20200521171824484899&amount=500.0000&datetime=20200521173341&returncode=00&sign=5FDCEDB217E62643CD2A133E00D85BC6&attach=1234|456
HTTP状态：
返回：ok

【2020-05-21 17:39:59】
订单号：20200521173814541024
通知地址：https://www.100000381.xyz/Pay_CsT1Zfb_notifyurlzfb.html
通知报文：memberid=200423453&orderid=202005211737585448547305&transaction_id=20200521173814541024&amount=1000.0000&datetime=20200521173956&returncode=00&sign=CDB95229839D8C76978CF024014903C8&attach=1234|456
HTTP状态：
返回：ok

【2020-05-21 17:46:26】
订单号：20200521174501100989
通知地址：https://www.100000381.xyz/Pay_CsT1Zfb_notifyurlzfb.html
通知报文：memberid=200423453&orderid=202005211744449998577608&transaction_id=20200521174501100989&amount=1000.0000&datetime=20200521174626&returncode=00&sign=3E19C94CCC0DC5A97781BDF067DD66F5&attach=1234|456
HTTP状态：
返回：ok

【2020-05-21 17:56:43】
订单号：20200521174151102541
通知地址：https://www.100000381.xyz/Pay_CsT1Zfb_notifyurlzfb.html
通知报文：memberid=200423453&orderid=202005211741351025492231&transaction_id=20200521174151102541&amount=1000.0000&datetime=20200521175639&returncode=00&sign=78914AF31324F1F28D16EE9D912CFF31&attach=1234|456
HTTP状态：
返回：ok

【2020-05-21 18:03:14】
订单号：20200521180124529748
通知地址：https://www.100000381.xyz/Pay_CsT1Zfb_notifyurlzfb.html
通知报文：memberid=200423453&orderid=202005211801085257982112&transaction_id=20200521180124529748&amount=800.0000&datetime=20200521180311&returncode=00&sign=5A203B8D9CF7779595EB466023CA6A28&attach=1234|456
HTTP状态：
返回：ok

【2020-05-21 18:04:08】
订单号：20200521180311102505
通知地址：https://www.100000381.xyz/Pay_CsT1Zfb_notifyurlzfb.html
通知报文：memberid=200423453&orderid=202005211802551025059970&transaction_id=20200521180311102505&amount=2000.0000&datetime=20200521180405&returncode=00&sign=C4D716F62ECC78789B5E74509425FB3E&attach=1234|456
HTTP状态：
返回：ok

【2020-05-21 18:11:15】
订单号：20200521181015559797
通知地址：https://www.100000381.xyz/Pay_CsT1Zfb_notifyurlzfb.html
通知报文：memberid=200423453&orderid=202005211809595597554657&transaction_id=20200521181015559797&amount=1000.0000&datetime=20200521181113&returncode=00&sign=D7794C0335DEFCFCE3A6FF5FA44487A1&attach=1234|456
HTTP状态：
返回：ok

【2020-05-21 18:19:42】
订单号：20200521180210501009
通知地址：https://www.100000381.xyz/Pay_CsT1Zfb_notifyurlzfb.html
通知报文：memberid=200423453&orderid=202005211801545010014281&transaction_id=20200521180210501009&amount=1666.0000&datetime=20200521181939&returncode=00&sign=2D9D34F97DB2CE1B7D4B65C6A9377F87&attach=1234|456
HTTP状态：
返回：ok

【2020-05-21 18:21:00】
订单号：20200521181945494849
通知地址：https://www.100000381.xyz/Pay_CsT1Zfb_notifyurlzfb.html
通知报文：memberid=200423453&orderid=202005211819284810119443&transaction_id=20200521181945494849&amount=2779.0000&datetime=20200521182100&returncode=00&sign=2E9BC894BE1BFCDC4ACB68F5E94F9A2B&attach=1234|456
HTTP状态：
返回：ok

【2020-05-21 18:27:19】
订单号：20200521182601579954
通知地址：https://www.100000381.xyz/Pay_CsT1Zfb_notifyurlzfb.html
通知报文：memberid=200423453&orderid=202005211825455799555305&transaction_id=20200521182601579954&amount=3800.0000&datetime=20200521182718&returncode=00&sign=18F369E77E41F2DC513F8C15043DB31E&attach=1234|456
HTTP状态：
返回：ok

【2020-05-21 18:33:32】
订单号：20200521183217491001
通知地址：https://www.100000381.xyz/Pay_CsT1Zfb_notifyurlzfb.html
通知报文：memberid=200423453&orderid=202005211832014910016153&transaction_id=20200521183217491001&amount=1000.0000&datetime=20200521183329&returncode=00&sign=53E9AA53571E45E90433D682DA29E165&attach=1234|456
HTTP状态：
返回：ok

【2020-05-21 18:53:37】
订单号：20200521185250501015
通知地址：https://www.100000381.xyz/Pay_CsT1Zfb_notifyurlzfb.html
通知报文：memberid=200423453&orderid=202005211852345010051320&transaction_id=20200521185250501015&amount=3000.0000&datetime=20200521185336&returncode=00&sign=758B2F1CA7781BE26B60DFECCC58BE71&attach=1234|456
HTTP状态：
返回：ok

【2020-05-21 19:02:34】
订单号：20200521190158549797
通知地址：https://www.100000381.xyz/Pay_CsT1Zfb_notifyurlzfb.html
通知报文：memberid=200423453&orderid=202005211901425457108312&transaction_id=20200521190158549797&amount=1000.0000&datetime=20200521190229&returncode=00&sign=3C647F3D9D219DDB2CBD53576A815714&attach=1234|456
HTTP状态：
返回：ok

【2020-05-21 19:08:53】
订单号：20200521190734545755
通知地址：https://www.100000381.xyz/Pay_CsT1Zfb_notifyurlzfb.html
通知报文：memberid=200423453&orderid=202005211907185455988975&transaction_id=20200521190734545755&amount=1000.0000&datetime=20200521190851&returncode=00&sign=03CD15D5E1DEFA36077FAB77EB735EFD&attach=1234|456
HTTP状态：
返回：ok

【2020-05-21 19:12:43】
订单号：20200521190943555549
通知地址：https://www.100000381.xyz/Pay_CsT1Zfb_notifyurlzfb.html
通知报文：memberid=200423453&orderid=202005211909275554486361&transaction_id=20200521190943555549&amount=4999.0000&datetime=20200521191242&returncode=00&sign=7CD79A7D35ACF11A9E9902142EE7D471&attach=1234|456
HTTP状态：
返回：ok

【2020-05-21 19:22:17】
订单号：20200521192153494955
通知地址：https://www.100000381.xyz/Pay_CsT1Zfb_notifyurlzfb.html
通知报文：memberid=200423453&orderid=202005211921374948987381&transaction_id=20200521192153494955&amount=1000.0000&datetime=20200521192214&returncode=00&sign=C3ADFA5C585285D2781F40C714242C0D&attach=1234|456
HTTP状态：
返回：ok

【2020-05-21 19:23:04】
订单号：20200521192126541009
通知地址：https://www.100000381.xyz/Pay_CsT1Zfb_notifyurlzfb.html
通知报文：memberid=200423453&orderid=202005211921105499102535&transaction_id=20200521192126541009&amount=1000.0000&datetime=20200521192302&returncode=00&sign=85151EE548582AB03332A4D55E7651E1&attach=1234|456
HTTP状态：
返回：ok

【2020-05-21 19:25:51】
订单号：20200521192447102100
通知地址：https://www.100000381.xyz/Pay_CsT1Zfb_notifyurlzfb.html
通知报文：memberid=200423453&orderid=202005211924311029897284&transaction_id=20200521192447102100&amount=1000.0000&datetime=20200521192549&returncode=00&sign=6B66116EA4829574B90FD91A8588E00C&attach=1234|456
HTTP状态：
返回：ok

【2020-05-21 19:30:54】
订单号：20200521192858979852
通知地址：https://www.100000381.xyz/Pay_CsT1Zfb_notifyurlzfb.html
通知报文：memberid=200423453&orderid=202005211928429757536664&transaction_id=20200521192858979852&amount=1000.0000&datetime=20200521193052&returncode=00&sign=22F0CF309423975CF498A92B1F4FD770&attach=1234|456
HTTP状态：
返回：ok

【2020-05-21 19:37:31】
订单号：20200521193637535449
通知地址：https://www.100000381.xyz/Pay_CsT1Zfb_notifyurlzfb.html
通知报文：memberid=200423453&orderid=202005211936215353556148&transaction_id=20200521193637535449&amount=500.0000&datetime=20200521193729&returncode=00&sign=80A633DD66929258A32C3BC31A8A0ED9&attach=1234|456
HTTP状态：
返回：ok

【2020-05-21 19:46:56】
订单号：20200521194419515348
通知地址：https://www.100000381.xyz/Pay_CsT1Zfb_notifyurlzfb.html
通知报文：memberid=200423453&orderid=202005211944035152487802&transaction_id=20200521194419515348&amount=2001.0000&datetime=20200521194653&returncode=00&sign=444446856D28CC70661E7DD80B1134BE&attach=1234|456
HTTP状态：
返回：ok

【2020-05-21 20:00:32】
订单号：20200521195857495454
通知地址：https://www.100000381.xyz/Pay_CsT1Zfb_notifyurlzfb.html
通知报文：memberid=200423453&orderid=202005211958414952986900&transaction_id=20200521195857495454&amount=500.0000&datetime=20200521200031&returncode=00&sign=BBF83759DB17856572182B227821E60D&attach=1234|456
HTTP状态：
返回：ok

【2020-05-21 20:06:50】
订单号：20200521200358101534
通知地址：https://www.100000381.xyz/Pay_CsT1Zfb_notifyurlzfb.html
通知报文：memberid=200423453&orderid=202005212003421015119655&transaction_id=20200521200358101534&amount=701.0000&datetime=20200521200647&returncode=00&sign=10DA009E94BEB8D5557391C2914C5DF6&attach=1234|456
HTTP状态：
返回：ok

【2020-05-21 20:08:10】
订单号：20200521200615555652
通知地址：https://www.100000381.xyz/Pay_CsT1Zfb_notifyurlzfb.html
通知报文：memberid=200423453&orderid=202005212005595555564019&transaction_id=20200521200615555652&amount=1000.0000&datetime=20200521200807&returncode=00&sign=8D4AD18945001487CAEF102C3B24978E&attach=1234|456
HTTP状态：
返回：ok

【2020-05-21 20:11:38】
订单号：20200521200944561014
通知地址：https://www.100000381.xyz/Pay_CsT1Zfb_notifyurlzfb.html
通知报文：memberid=200423453&orderid=202005212009285610052057&transaction_id=20200521200944561014&amount=1500.0000&datetime=20200521201137&returncode=00&sign=447455C431D76FA2B3A3FC2E6D92CEEB&attach=1234|456
HTTP状态：
返回：ok

【2020-05-21 20:21:18】
订单号：20200521201410505048
通知地址：https://www.100000381.xyz/Pay_CsT1Zfb_notifyurlzfb.html
通知报文：memberid=200423453&orderid=202005212013545048532749&transaction_id=20200521201410505048&amount=1000.0000&datetime=20200521202117&returncode=00&sign=20A1FE2390957E36472FCF90BF82E517&attach=1234|456
HTTP状态：
返回：ok

【2020-05-21 20:21:55】
订单号：20200521202021535610
通知地址：https://www.100000381.xyz/Pay_CsT1Zfb_notifyurlzfb.html
通知报文：memberid=200423453&orderid=202005212020055355572218&transaction_id=20200521202021535610&amount=4000.0000&datetime=20200521202153&returncode=00&sign=40E61911E380E1E61D2CBC3E67D2E34B&attach=1234|456
HTTP状态：
返回：ok

【2020-05-21 20:22:37】
订单号：20200521201933535649
通知地址：https://www.100000381.xyz/Pay_CsT1Zfb_notifyurlzfb.html
通知报文：memberid=200423453&orderid=202005212019175354527148&transaction_id=20200521201933535649&amount=1900.0000&datetime=20200521202236&returncode=00&sign=4324B4EC1125E53A678FF17D2F511269&attach=1234|456
HTTP状态：
返回：ok

【2020-05-21 20:24:09】
订单号：20200521202308995448
通知地址：https://www.100000381.xyz/Pay_CsT1Zfb_notifyurlzfb.html
通知报文：memberid=200423453&orderid=202005212022529953529870&transaction_id=20200521202308995448&amount=1000.0000&datetime=20200521202406&returncode=00&sign=7F7A6B0A4B3D27540E8930009514EA4D&attach=1234|456
HTTP状态：
返回：ok

【2020-05-21 20:24:48】
订单号：20200521202407555410
通知地址：https://www.100000381.xyz/Pay_CsT1Zfb_notifyurlzfb.html
通知报文：memberid=200423453&orderid=202005212023515553576792&transaction_id=20200521202407555410&amount=2000.0000&datetime=20200521202444&returncode=00&sign=B8EC0FC1FE8015EC5926D65ECE7CA224&attach=1234|456
HTTP状态：
返回：ok

【2020-05-21 20:32:40】
订单号：20200521203143102100
通知地址：https://www.100000381.xyz/Pay_CsT1Zfb_notifyurlzfb.html
通知报文：memberid=200423453&orderid=202005212031271029858692&transaction_id=20200521203143102100&amount=3000.0000&datetime=20200521203239&returncode=00&sign=AD7E9AA5C27F0E2F6DB9E1859CBCCDAD&attach=1234|456
HTTP状态：
返回：ok

【2020-05-21 20:41:51】
订单号：20200521203937571024
通知地址：https://www.100000381.xyz/Pay_CsT1Zfb_notifyurlzfb.html
通知报文：memberid=200423453&orderid=202005212039215710097144&transaction_id=20200521203937571024&amount=1000.0000&datetime=20200521204148&returncode=00&sign=5444710E6950A3D3117C004DFA074A9C&attach=1234|456
HTTP状态：
返回：ok

【2020-05-21 20:57:15】
订单号：20200521200918101985
通知地址：https://www.100000381.xyz/Pay_CsT1Zfb_notifyurlzfb.html
通知报文：memberid=200423453&orderid=202005212009021019754422&transaction_id=20200521200918101985&amount=500.0000&datetime=20200521205713&returncode=00&sign=D78787A61A9E2A25AC8FCD62BBBF81F7&attach=1234|456
HTTP状态：
返回：ok

【2020-05-21 21:10:00】
订单号：20200521210843985656
通知地址：https://www.100000381.xyz/Pay_CsT1Zfb_notifyurlzfb.html
通知报文：memberid=200423453&orderid=202005212108279853573530&transaction_id=20200521210843985656&amount=1000.0000&datetime=20200521210956&returncode=00&sign=3E0AFA80BFA7BFB0ADBD02051CE9C4CA&attach=1234|456
HTTP状态：
返回：ok

【2020-05-21 21:13:54】
订单号：20200521211203515253
通知地址：https://www.100000381.xyz/Pay_CsT1Zfb_notifyurlzfb.html
通知报文：memberid=200423453&orderid=202005212111475150973216&transaction_id=20200521211203515253&amount=1000.0000&datetime=20200521211352&returncode=00&sign=3E60684F76ADB58E2C86A45F3165DFF0&attach=1234|456
HTTP状态：
返回：ok

【2020-05-21 21:27:21】
订单号：20200521212608481019
通知地址：https://www.100000381.xyz/Pay_CsT1Zfb_notifyurlzfb.html
通知报文：memberid=200423453&orderid=202005212125524899994158&transaction_id=20200521212608481019&amount=2000.0000&datetime=20200521212720&returncode=00&sign=3A6068515E20EA866D7A20446B11A1B2&attach=1234|456
HTTP状态：
返回：ok

【2020-05-21 21:30:10】
订单号：20200521212840564899
通知地址：https://www.100000381.xyz/Pay_CsT1Zfb_notifyurlzfb.html
通知报文：memberid=200423453&orderid=202005212128235510015039&transaction_id=20200521212840564899&amount=1000.0000&datetime=20200521213005&returncode=00&sign=57B694E46BD3E3F8A693873C8462AF7F&attach=1234|456
HTTP状态：
返回：ok

【2020-05-21 21:55:09】
订单号：20200521215251515452
通知地址：https://www.100000381.xyz/Pay_CsT1Zfb_notifyurlzfb.html
通知报文：memberid=200423453&orderid=202005212152355151542035&transaction_id=20200521215251515452&amount=1000.0000&datetime=20200521215503&returncode=00&sign=8EFD642872616BF32CC34C09C111E744&attach=1234|456
HTTP状态：
返回：ok

【2020-05-21 22:17:14】
订单号：20200521221232489850
通知地址：https://www.100000381.xyz/Pay_CsT1Zfb_notifyurlzfb.html
通知报文：memberid=200423453&orderid=202005212212164855993824&transaction_id=20200521221232489850&amount=1000.0000&datetime=20200521221712&returncode=00&sign=DE0F8373F53FEC8F886C739F9748A397&attach=1234|456
HTTP状态：
返回：ok

【2020-05-21 22:24:47】
订单号：20200521221733100971
通知地址：https://www.100000381.xyz/Pay_CsT1Zfb_notifyurlzfb.html
通知报文：memberid=200423453&orderid=202005212217171005655903&transaction_id=20200521221733100971&amount=1000.0000&datetime=20200521222445&returncode=00&sign=AB9A711D7855144DC081EC99A2A34536&attach=1234|456
HTTP状态：
返回：ok

【2020-05-21 22:25:47】
订单号：20200521222509534998
通知地址：https://www.100000381.xyz/Pay_CsT1Zfb_notifyurlzfb.html
通知报文：memberid=200423453&orderid=202005212224505010146755&transaction_id=20200521222509534998&amount=500.0000&datetime=20200521222545&returncode=00&sign=3C2FFB90251FD69D3B83AF976F473E96&attach=1234|456
HTTP状态：
返回：ok

【2020-05-21 22:35:35】
订单号：20200521223453100525
通知地址：https://www.100000381.xyz/Pay_CsT1Zfb_notifyurlzfb.html
通知报文：memberid=200423453&orderid=202005212234371004955590&transaction_id=20200521223453100525&amount=1000.0000&datetime=20200521223531&returncode=00&sign=B5085A3192C15AC647B6DD009508F4F3&attach=1234|456
HTTP状态：
返回：ok

【2020-05-21 22:37:40】
订单号：20200521223535551015
通知地址：https://www.100000381.xyz/Pay_CsT1Zfb_notifyurlzfb.html
通知报文：memberid=200423453&orderid=202005212235195599552978&transaction_id=20200521223535551015&amount=688.0000&datetime=20200521223739&returncode=00&sign=FE846F16D8642E631C0F3BD926B32241&attach=1234|456
HTTP状态：
返回：ok

【2020-05-21 22:39:39】
订单号：20200521223859515410
通知地址：https://www.100000381.xyz/Pay_CsT1Zfb_notifyurlzfb.html
通知报文：memberid=200423453&orderid=202005212238435152997784&transaction_id=20200521223859515410&amount=2000.0000&datetime=20200521223936&returncode=00&sign=4F7E219ED725F38C9C139C739A0E1D29&attach=1234|456
HTTP状态：
返回：ok

【2020-05-21 22:44:51】
订单号：20200521224400485598
通知地址：https://www.100000381.xyz/Pay_CsT1Zfb_notifyurlzfb.html
通知报文：memberid=200423453&orderid=202005212243444853515052&transaction_id=20200521224400485598&amount=1800.0000&datetime=20200521224447&returncode=00&sign=969769789ED80D0B582EC7A1957369B3&attach=1234|456
HTTP状态：
返回：ok

【2020-05-21 22:56:09】
订单号：20200521225518544950
通知地址：https://www.100000381.xyz/Pay_CsT1Zfb_notifyurlzfb.html
通知报文：memberid=200423453&orderid=202005212255015310097400&transaction_id=20200521225518544950&amount=1000.0000&datetime=20200521225608&returncode=00&sign=A04A2DFFA4A2F047693D481A20247F47&attach=1234|456
HTTP状态：
返回：ok

【2020-05-21 22:56:22】
订单号：20200521225503559999
通知地址：https://www.100000381.xyz/Pay_CsT1Zfb_notifyurlzfb.html
通知报文：memberid=200423453&orderid=202005212254475597538985&transaction_id=20200521225503559999&amount=1300.0000&datetime=20200521225620&returncode=00&sign=54DB6E96C7EA7A80DD1C971DE8580F0E&attach=1234|456
HTTP状态：
返回：ok

【2020-05-21 23:05:45】
订单号：20200521230432485357
通知地址：https://www.100000381.xyz/Pay_CsT1Zfb_notifyurlzfb.html
通知报文：memberid=200423453&orderid=202005212304164851523929&transaction_id=20200521230432485357&amount=500.0000&datetime=20200521230541&returncode=00&sign=6AD4E164E4D189A4B08377B1054F8AA5&attach=1234|456
HTTP状态：
返回：ok

【2020-05-21 23:07:42】
订单号：20200521230510545051
通知地址：https://www.100000381.xyz/Pay_CsT1Zfb_notifyurlzfb.html
通知报文：memberid=200423453&orderid=202005212304535310154925&transaction_id=20200521230510545051&amount=1000.0000&datetime=20200521230741&returncode=00&sign=384A51D9CC1FF392CEE65D40C3660B23&attach=1234|456
HTTP状态：
返回：ok

【2020-05-21 23:08:43】
订单号：20200521230528565098
通知地址：https://www.100000381.xyz/Pay_CsT1Zfb_notifyurlzfb.html
通知报文：memberid=200423453&orderid=202005212305125648538443&transaction_id=20200521230528565098&amount=1000.0000&datetime=20200521230843&returncode=00&sign=460627764C4F51E9104BDF029BACE0D5&attach=1234|456
HTTP状态：
返回：ok

【2020-05-21 23:11:16】
订单号：20200521231008485110
通知地址：https://www.100000381.xyz/Pay_CsT1Zfb_notifyurlzfb.html
通知报文：memberid=200423453&orderid=202005212309501011016938&transaction_id=20200521231008485110&amount=1000.0000&datetime=20200521231116&returncode=00&sign=4D51CE145CB217B4369F8B5EAC32A0AC&attach=1234|456
HTTP状态：
返回：ok

【2020-05-21 23:13:17】
订单号：20200521231224569898
通知地址：https://www.100000381.xyz/Pay_CsT1Zfb_notifyurlzfb.html
通知报文：memberid=200423453&orderid=202005212312085656567530&transaction_id=20200521231224569898&amount=680.0000&datetime=20200521231315&returncode=00&sign=30FD0CA9776F8EEA7A8C4324E53F1A00&attach=1234|456
HTTP状态：
返回：ok

【2020-05-21 23:13:47】
订单号：20200521231233495456
通知地址：https://www.100000381.xyz/Pay_CsT1Zfb_notifyurlzfb.html
通知报文：memberid=200423453&orderid=202005212312174950999093&transaction_id=20200521231233495456&amount=500.0000&datetime=20200521231346&returncode=00&sign=303807C4A491F1C0D99B44271D0C6244&attach=1234|456
HTTP状态：
返回：ok

【2020-05-21 23:16:09】
订单号：20200521231507985452
通知地址：https://www.100000381.xyz/Pay_CsT1Zfb_notifyurlzfb.html
通知报文：memberid=200423453&orderid=202005212314519851988131&transaction_id=20200521231507985452&amount=500.0000&datetime=20200521231606&returncode=00&sign=1AAB2A9F59C73D1D7B701E76759AA1BD&attach=1234|456
HTTP状态：
返回：ok

【2020-05-21 23:17:03】
订单号：20200521231302101569
通知地址：https://www.100000381.xyz/Pay_CsT1Zfb_notifyurlzfb.html
通知报文：memberid=200423453&orderid=202005212312451005214428&transaction_id=20200521231302101569&amount=500.0000&datetime=20200521231659&returncode=00&sign=679EBF2283200CC0388217FBE2291174&attach=1234|456
HTTP状态：
返回：ok

