【2020-06-21 13:11:18】
订单号：20200603142137499756
通知地址：http://karl-leo.imwork.net/common/test.json
通知报文：memberid=200399771&orderid=E20200603142136139518&transaction_id=20200603142137499756&amount=400.0000&datetime=20200621131116&returncode=00&sign=1BD9F30FDA2DAD77AB3712922FA76AD1&attach=1234|456
HTTP状态：
返回：<html>
<head><title>404 Not Found</title></head>
<body bgcolor="white">
<center><h1>404 Not Found</h1></center>
<hr><center>nginx/1.12.1</center>
</body>
</html>


【2020-06-21 13:11:30】
订单号：20200603142137499756
通知地址：http://karl-leo.imwork.net/common/test.json
通知报文：memberid=200399771&orderid=E20200603142136139518&transaction_id=20200603142137499756&amount=400.0000&datetime=20200621131129&returncode=00&sign=705C517D53D6A012D9A44F1CB4EF293F&attach=1234|456
HTTP状态：
返回：<html>
<head><title>404 Not Found</title></head>
<body bgcolor="white">
<center><h1>404 Not Found</h1></center>
<hr><center>nginx/1.12.1</center>
</body>
</html>


【2020-06-21 13:13:16】
订单号：20200603142137499756
通知地址：http://karl-leo.imwork.net/common/test.json
通知报文：memberid=200399771&orderid=E20200603142136139518&transaction_id=20200603142137499756&amount=400.0000&datetime=20200621131314&returncode=00&sign=21872BA9044FB8973B41F77EF215844B&attach=1234|456
HTTP状态：
返回：<html>
<head><title>404 Not Found</title></head>
<body bgcolor="white">
<center><h1>404 Not Found</h1></center>
<hr><center>nginx/1.12.1</center>
</body>
</html>


【2020-06-21 13:14:09】
订单号：20200603142137499756
通知地址：http://karl-leo.imwork.net/common/test.json
通知报文：memberid=200399771&orderid=E20200603142136139518&transaction_id=20200603142137499756&amount=400.0000&datetime=20200621131407&returncode=00&sign=B4346D6302DFB934187AEF6B9C9E9F8E&attach=1234|456
HTTP状态：
返回：<html>
<head><title>404 Not Found</title></head>
<body bgcolor="white">
<center><h1>404 Not Found</h1></center>
<hr><center>nginx/1.12.1</center>
</body>
</html>


【2020-06-21 13:14:27】
订单号：20200603142137499756
通知地址：http://karl-leo.imwork.net/common/test.json
通知报文：memberid=200399771&orderid=E20200603142136139518&transaction_id=20200603142137499756&amount=400.0000&datetime=20200621131427&returncode=00&sign=6DC0A723F062D0F6BC5EAC34EB6AEFCF&attach=1234|456
HTTP状态：
返回：<html>
<head><title>404 Not Found</title></head>
<body bgcolor="white">
<center><h1>404 Not Found</h1></center>
<hr><center>nginx/1.12.1</center>
</body>
</html>


【2020-06-21 13:16:57】
订单号：20200603142137499756
通知地址：http://karl-leo.imwork.net/common/test.json
通知报文：memberid=200399771&orderid=E20200603142136139518&transaction_id=20200603142137499756&amount=400.0000&datetime=20200621131657&returncode=00&sign=A6BF29115037FA70B630B43259EB4DE7&attach=1234|456
HTTP状态：
返回：<html>
<head><title>404 Not Found</title></head>
<body bgcolor="white">
<center><h1>404 Not Found</h1></center>
<hr><center>nginx/1.12.1</center>
</body>
</html>


【2020-06-21 13:17:12】
订单号：20200603142137499756
通知地址：http://karl-leo.imwork.net/common/test.json
通知报文：memberid=200399771&orderid=E20200603142136139518&transaction_id=20200603142137499756&amount=400.0000&datetime=20200621131712&returncode=00&sign=481F3535C31A3DC66A06BD30DC2DC34B&attach=1234|456
HTTP状态：
返回：<html>
<head><title>404 Not Found</title></head>
<body bgcolor="white">
<center><h1>404 Not Found</h1></center>
<hr><center>nginx/1.12.1</center>
</body>
</html>


【2020-06-21 13:17:25】
订单号：20200603142137499756
通知地址：http://karl-leo.imwork.net/common/test.json
通知报文：memberid=200399771&orderid=E20200603142136139518&transaction_id=20200603142137499756&amount=400.0000&datetime=20200621131725&returncode=00&sign=C60F2B4D1A1C6ED83631AEEC4CD741B2&attach=1234|456
HTTP状态：
返回：<html>
<head><title>404 Not Found</title></head>
<body bgcolor="white">
<center><h1>404 Not Found</h1></center>
<hr><center>nginx/1.12.1</center>
</body>
</html>


【2020-06-21 13:17:42】
订单号：20200603142137499756
通知地址：http://karl-leo.imwork.net/common/test.json
通知报文：memberid=200399771&orderid=E20200603142136139518&transaction_id=20200603142137499756&amount=400.0000&datetime=20200621131742&returncode=00&sign=A29FB659D8D90157FB7DC18D674E2F33&attach=1234|456
HTTP状态：
返回：<html>
<head><title>404 Not Found</title></head>
<body bgcolor="white">
<center><h1>404 Not Found</h1></center>
<hr><center>nginx/1.12.1</center>
</body>
</html>


【2020-06-21 13:17:51】
订单号：20200603142137499756
通知地址：http://karl-leo.imwork.net/common/test.json
通知报文：memberid=200399771&orderid=E20200603142136139518&transaction_id=20200603142137499756&amount=400.0000&datetime=20200621131751&returncode=00&sign=EDD5FADE3D068194DF1257303E223F69&attach=1234|456
HTTP状态：
返回：<html>
<head><title>404 Not Found</title></head>
<body bgcolor="white">
<center><h1>404 Not Found</h1></center>
<hr><center>nginx/1.12.1</center>
</body>
</html>


【2020-06-21 13:18:26】
订单号：20200603142137499756
通知地址：http://karl-leo.imwork.net/common/test.json
通知报文：memberid=200399771&orderid=E20200603142136139518&transaction_id=20200603142137499756&amount=400.0000&datetime=20200621131826&returncode=00&sign=14033FB17393397B1B088F495E562A25&attach=1234|456
HTTP状态：
返回：<html>
<head><title>404 Not Found</title></head>
<body bgcolor="white">
<center><h1>404 Not Found</h1></center>
<hr><center>nginx/1.12.1</center>
</body>
</html>


【2020-06-21 17:02:21】
订单号：20200621165914505699
通知地址：http://pay.yanwujing.cn/callback.php
通知报文：memberid=200678139&orderid=F1592729985797&transaction_id=20200621165914505699&amount=1000.0000&datetime=20200621170221&returncode=00&sign=A7A529FA00129265E8D98263C9DD070F&attach=200678139
HTTP状态：
返回：ok

【2020-06-21 17:24:55】
订单号：20200621172138505148
通知地址：http://pay.yanwujing.cn/callback.php
通知报文：memberid=200678139&orderid=E1592731329427&transaction_id=20200621172138505148&amount=500.0000&datetime=20200621172454&returncode=00&sign=78129BC91DD3C9409B44FDE532BA9BD9&attach=200678139
HTTP状态：
返回：ok

【2020-06-21 17:38:19】
订单号：20200621173455102101
通知地址：http://pay.yanwujing.cn/callback.php
通知报文：memberid=200678139&orderid=J1592732127178&transaction_id=20200621173455102101&amount=1000.0000&datetime=20200621173818&returncode=00&sign=1C68E4456EF0871C4D71A746E15F6281&attach=200678139
HTTP状态：
返回：ok

【2020-06-21 17:56:07】
订单号：20200621175230101495
通知地址：http://pay.yanwujing.cn/callback.php
通知报文：memberid=200678139&orderid=J1592733181322&transaction_id=20200621175230101495&amount=2000.0000&datetime=20200621175607&returncode=00&sign=5A5BFDBA5BEB2AC9D4B4B94BD2AC862C&attach=200678139
HTTP状态：
返回：ok

【2020-06-21 17:58:54】
订单号：20200621174406545510
通知地址：http://pay.yanwujing.cn/callback.php
通知报文：memberid=200678139&orderid=A1592732677756&transaction_id=20200621174406545510&amount=3000.0000&datetime=20200621175854&returncode=00&sign=06D5DC47D8593B05593EBFB1EC29C70F&attach=200678139
HTTP状态：
返回：ok

【2020-06-21 18:08:48】
订单号：20200621180612524948
通知地址：http://pay.yanwujing.cn/callback.php
通知报文：memberid=200678139&orderid=J1592734003305&transaction_id=20200621180612524948&amount=3000.0000&datetime=20200621180848&returncode=00&sign=65EE10825650CCA51AE170FFDE58638B&attach=200678139
HTTP状态：
返回：ok

【2020-06-21 21:55:39】
订单号：20200621215523981004
通知地址：http://pay1.4001cdn.com/DTPP/Money_27117/ServerCallback
通知报文：memberid=200694197&orderid=63713066&transaction_id=20200621215523981004&amount=500.0000&datetime=20200621215534&returncode=00&sign=17150D6BC4EA8BCBFC84B1C95F269053&attach=
HTTP状态：
返回：OK

【2020-06-21 21:55:42】
订单号：20200621215523981004
通知地址：http://pay1.4001cdn.com/DTPP/Money_27117/ServerCallback
通知报文：memberid=200694197&orderid=63713066&transaction_id=20200621215523981004&amount=500.0000&datetime=20200621215539&returncode=00&sign=D38224B0E5BD91F6231530D5A8140138&attach=
HTTP状态：
返回：OK

【2020-06-21 21:56:28】
订单号：20200621215614101545
通知地址：http://pay1.4001cdn.com/DTPP/Money_27117/ServerCallback
通知报文：memberid=200694197&orderid=63713142&transaction_id=20200621215614101545&amount=300.0000&datetime=20200621215625&returncode=00&sign=14601208FF9703D42B41E9687D634179&attach=
HTTP状态：
返回：OK

【2020-06-21 21:56:34】
订单号：20200621215623555599
通知地址：http://pay1.4001cdn.com/DTPP/Money_27117/ServerCallback
通知报文：memberid=200694197&orderid=63713151&transaction_id=20200621215623555599&amount=300.0000&datetime=20200621215634&returncode=00&sign=FCDC04CA5ED227F696A4BF66BFB04BFF&attach=
HTTP状态：
返回：OK

【2020-06-21 21:57:13】
订单号：20200621215703102559
通知地址：http://pay1.4001cdn.com/DTPP/Money_27117/ServerCallback
通知报文：memberid=200694197&orderid=63713191&transaction_id=20200621215703102559&amount=300.0000&datetime=20200621215712&returncode=00&sign=409B32DB0C01E0540E7ADCC1727203DE&attach=
HTTP状态：
返回：OK

【2020-06-21 21:57:25】
订单号：20200621215715981005
通知地址：http://pay1.4001cdn.com/DTPP/Money_27117/ServerCallback
通知报文：memberid=200694197&orderid=63713203&transaction_id=20200621215715981005&amount=500.0000&datetime=20200621215725&returncode=00&sign=B2F6BF94144DAA1CA740FE8197218679&attach=
HTTP状态：
返回：OK

【2020-06-21 21:57:47】
订单号：20200621215736481009
通知地址：http://pay1.4001cdn.com/DTPP/Money_27117/ServerCallback
通知报文：memberid=200694197&orderid=63713236&transaction_id=20200621215736481009&amount=300.0000&datetime=20200621215746&returncode=00&sign=E059558B932893BDFF7B4ED28448EA58&attach=
HTTP状态：
返回：OK

【2020-06-21 21:58:09】
订单号：20200621215801574810
通知地址：http://pay1.4001cdn.com/DTPP/Money_27117/ServerCallback
通知报文：memberid=200694197&orderid=63713266&transaction_id=20200621215801574810&amount=1000.0000&datetime=20200621215809&returncode=00&sign=BDDBF3411681D53A88C5C184AB072085&attach=
HTTP状态：
返回：OK

【2020-06-21 21:58:22】
订单号：20200621215812529751
通知地址：http://pay1.4001cdn.com/DTPP/Money_27117/ServerCallback
通知报文：memberid=200694197&orderid=63713282&transaction_id=20200621215812529751&amount=800.0000&datetime=20200621215821&returncode=00&sign=B02E9D55E9D58250FBB074FA0EBC14D9&attach=
HTTP状态：
返回：OK

【2020-06-21 21:59:20】
订单号：20200621215909100495
通知地址：http://pay1.4001cdn.com/DTPP/Money_27117/ServerCallback
通知报文：memberid=200694197&orderid=63713351&transaction_id=20200621215909100495&amount=300.0000&datetime=20200621215919&returncode=00&sign=BD9B57496FDB1023F7BD24452AF642F8&attach=
HTTP状态：
返回：OK

【2020-06-21 21:59:55】
订单号：20200621215949534999
通知地址：http://pay1.4001cdn.com/DTPP/Money_27117/ServerCallback
通知报文：memberid=200694197&orderid=63713406&transaction_id=20200621215949534999&amount=300.0000&datetime=20200621215955&returncode=00&sign=EE8A7871BA286ACF7E21973BF6657C9A&attach=
HTTP状态：
返回：OK

【2020-06-21 22:00:06】
订单号：20200621215938975355
通知地址：http://pay1.4001cdn.com/DTPP/Money_27117/ServerCallback
通知报文：memberid=200694197&orderid=63713390&transaction_id=20200621215938975355&amount=300.0000&datetime=20200621220006&returncode=00&sign=17E3FD0D778B824BFFFEF120D65692A1&attach=
HTTP状态：
返回：OK

