【2020-06-03 14:25:21】
订单号：20200603142348525052
通知地址：https://www.100000381.xyz/Pay_CsT1Zfb_notifyurlzfb.html
通知报文：memberid=200423453&orderid=202006031423389710055003&transaction_id=20200603142348525052&amount=500.0000&datetime=20200603142516&returncode=00&sign=E728877771EA7618C9CBA47DC72DE149&attach=1234|456
HTTP状态：
返回：ok

【2020-06-03 14:32:42】
订单号：20200603142959559910
通知地址：https://www.100000381.xyz/Pay_CsT1Zfb_notifyurlzfb.html
通知报文：memberid=200423453&orderid=202006031429511025451010&transaction_id=20200603142959559910&amount=4000.0000&datetime=20200603143241&returncode=00&sign=447465B0913C7038E86DAFA61B188DE1&attach=1234|456
HTTP状态：
返回：ok

【2020-06-03 14:48:58】
订单号：20200603144747519854
通知地址：https://www.100000381.xyz/Pay_CsT1Zfb_notifyurlzfb.html
通知报文：memberid=200423453&orderid=202006031447389755102502&transaction_id=20200603144747519854&amount=2000.0000&datetime=20200603144854&returncode=00&sign=92CA9EAACF08295F5973390A6C9D9999&attach=1234|456
HTTP状态：
返回：ok

【2020-06-03 15:00:32】
订单号：20200603145747985057
通知地址：https://www.100000381.xyz/Pay_CsT1Zfb_notifyurlzfb.html
通知报文：memberid=200423453&orderid=202006031457385010151608&transaction_id=20200603145747985057&amount=500.0000&datetime=20200603150028&returncode=00&sign=5D127D180491C5C0B955A2CC232B02E1&attach=1234|456
HTTP状态：
返回：ok

【2020-06-03 15:07:14】
订单号：20200603150602975157
通知地址：https://www.100000381.xyz/Pay_CsT1Zfb_notifyurlzfb.html
通知报文：memberid=200423453&orderid=202006031505534910017981&transaction_id=20200603150602975157&amount=2000.0000&datetime=20200603150712&returncode=00&sign=AE620C41C61FC1EBD3E0E10BFEA8E221&attach=1234|456
HTTP状态：
返回：ok

【2020-06-03 15:12:24】
订单号：20200603151045531005
通知地址：https://www.100000381.xyz/Pay_CsT1Zfb_notifyurlzfb.html
通知报文：memberid=200423453&orderid=202006031510371005757663&transaction_id=20200603151045531005&amount=500.0000&datetime=20200603151223&returncode=00&sign=DDF054A4727F7659BE4431C448608342&attach=1234|456
HTTP状态：
返回：ok

【2020-06-03 15:12:30】
订单号：20200603150951102509
通知地址：https://www.100000381.xyz/Pay_CsT1Zfb_notifyurlzfb.html
通知报文：memberid=200423453&orderid=202006031509425497985966&transaction_id=20200603150951102509&amount=500.0000&datetime=20200603151229&returncode=00&sign=28BAD6EE01A6C146FF12CF7D68F78499&attach=1234|456
HTTP状态：
返回：ok

【2020-06-03 15:12:36】
订单号：20200603150634974856
通知地址：https://www.100000381.xyz/Pay_CsT1Zfb_notifyurlzfb.html
通知报文：memberid=200423453&orderid=202006031506254998102896&transaction_id=20200603150634974856&amount=500.0000&datetime=20200603151235&returncode=00&sign=86A0DB075CE57C8013D3F76C8BDC8BB0&attach=1234|456
HTTP状态：
返回：ok

【2020-06-03 15:21:06】
订单号：20200603151949535554
通知地址：https://www.100000381.xyz/Pay_CsT1Zfb_notifyurlzfb.html
通知报文：memberid=200423453&orderid=202006031519411005153616&transaction_id=20200603151949535554&amount=500.0000&datetime=20200603152104&returncode=00&sign=89BAB852050A26F3D84E82341B037F88&attach=1234|456
HTTP状态：
返回：ok

【2020-06-03 15:24:18】
订单号：20200603152304561005
通知地址：https://www.100000381.xyz/Pay_CsT1Zfb_notifyurlzfb.html
通知报文：memberid=200423453&orderid=202006031522564856562034&transaction_id=20200603152304561005&amount=500.0000&datetime=20200603152417&returncode=00&sign=6E2843B6DD65A77A7D9D159034167CE8&attach=1234|456
HTTP状态：
返回：ok

【2020-06-03 15:25:30】
订单号：20200603152433491014
通知地址：https://www.100000381.xyz/Pay_CsT1Zfb_notifyurlzfb.html
通知报文：memberid=200423453&orderid=202006031524255797512432&transaction_id=20200603152433491014&amount=500.0000&datetime=20200603152528&returncode=00&sign=1F2A784C157ECBF83CC57B77E5B9EB8D&attach=1234|456
HTTP状态：
返回：ok

【2020-06-03 15:41:50】
订单号：20200603142137499756
通知地址：http://karl-leo.imwork.net/common/test.json
通知报文：memberid=200399771&orderid=E20200603142136139518&transaction_id=20200603142137499756&amount=400.0000&datetime=20200603154146&returncode=00&sign=4D40DDAE2A11BA3E7717CE94C46DF817&attach=1234|456
HTTP状态：
返回：

【2020-06-03 15:50:55】
订单号：20200603154930979949
通知地址：https://www.100000381.xyz/Pay_CsT1Zfb_notifyurlzfb.html
通知报文：memberid=200423453&orderid=202006031549214955561206&transaction_id=20200603154930979949&amount=3000.0000&datetime=20200603155052&returncode=00&sign=F31654E2CB91F909CBBC56B74326B461&attach=1234|456
HTTP状态：
返回：ok

【2020-06-03 16:03:39】
订单号：20200603160223102495
通知地址：https://www.100000381.xyz/Pay_CsT1Zfb_notifyurlzfb.html
通知报文：memberid=200423453&orderid=202006031602145499503863&transaction_id=20200603160223102495&amount=2000.0000&datetime=20200603160337&returncode=00&sign=C5F0A5996BC9F333C523FCD2C8CDE82C&attach=1234|456
HTTP状态：
返回：ok

【2020-06-03 16:03:59】
订单号：20200603160128561005
通知地址：https://www.100000381.xyz/Pay_CsT1Zfb_notifyurlzfb.html
通知报文：memberid=200423453&orderid=202006031601204857516270&transaction_id=20200603160128561005&amount=500.0000&datetime=20200603160358&returncode=00&sign=77E3936EBA0AA3C9BE9F872018432F85&attach=1234|456
HTTP状态：
返回：ok

【2020-06-03 16:09:48】
订单号：20200603160823555510
通知地址：https://www.100000381.xyz/Pay_CsT1Zfb_notifyurlzfb.html
通知报文：memberid=200423453&orderid=202006031608151025094836&transaction_id=20200603160823555510&amount=1000.0000&datetime=20200603160946&returncode=00&sign=CC4B2030DED2CBDCF68F14459FD54134&attach=1234|456
HTTP状态：
返回：ok

【2020-06-03 16:10:14】
订单号：20200603160919102505
通知地址：https://www.100000381.xyz/Pay_CsT1Zfb_notifyurlzfb.html
通知报文：memberid=200423453&orderid=202006031609105410046247&transaction_id=20200603160919102505&amount=1000.0000&datetime=20200603161011&returncode=00&sign=D8507EA6D47E53775D7622074FA3478A&attach=1234|456
HTTP状态：
返回：ok

【2020-06-03 16:19:42】
订单号：20200603161758544949
通知地址：https://www.100000381.xyz/Pay_CsT1Zfb_notifyurlzfb.html
通知报文：memberid=200423453&orderid=202006031617491009895152&transaction_id=20200603161758544949&amount=1000.0000&datetime=20200603161941&returncode=00&sign=A8779C424244C15FF989DADFDCFE3FC4&attach=1234|456
HTTP状态：
返回：ok

【2020-06-03 16:23:58】
订单号：20200603162234971001
通知地址：https://www.100000381.xyz/Pay_CsT1Zfb_notifyurlzfb.html
通知报文：memberid=200423453&orderid=202006031622265055108973&transaction_id=20200603162234971001&amount=1000.0000&datetime=20200603162357&returncode=00&sign=462CF5F37009A0B66D7C7F08E9664FA4&attach=1234|456
HTTP状态：
返回：ok

【2020-06-03 16:24:49】
订单号：20200603162015102515
通知地址：https://www.100000381.xyz/Pay_CsT1Zfb_notifyurlzfb.html
通知报文：memberid=200423453&orderid=202006031620065410016977&transaction_id=20200603162015102515&amount=1000.0000&datetime=20200603162445&returncode=00&sign=7914ECE01DB037150A0AA571067C21EF&attach=1234|456
HTTP状态：
返回：ok

【2020-06-03 16:31:43】
订单号：20200603162900999853
通知地址：https://www.100000381.xyz/Pay_CsT1Zfb_notifyurlzfb.html
通知报文：memberid=200423453&orderid=202006031628525254514689&transaction_id=20200603162900999853&amount=2000.0000&datetime=20200603163142&returncode=00&sign=0666AE4D7AB0CE87B26AEA620F2F1099&attach=1234|456
HTTP状态：
返回：ok

【2020-06-03 16:38:06】
订单号：20200603163154971015
通知地址：https://www.100000381.xyz/Pay_CsT1Zfb_notifyurlzfb.html
通知报文：memberid=200423453&orderid=202006031631465057988990&transaction_id=20200603163154971015&amount=2800.0000&datetime=20200603163804&returncode=00&sign=7B1E69D4DC0F4D8D525220EFBA57F8FD&attach=1234|456
HTTP状态：
返回：ok

【2020-06-03 16:42:02】
订单号：20200603163718101974
通知地址：https://www.100000381.xyz/Pay_CsT1Zfb_notifyurlzfb.html
通知报文：memberid=200423453&orderid=202006031637105453498885&transaction_id=20200603163718101974&amount=1999.0000&datetime=20200603164201&returncode=00&sign=36ABD0EFEF2CADA4E17BAC99A79880B1&attach=1234|456
HTTP状态：
返回：ok

【2020-06-03 16:43:04】
订单号：20200603164037535156
通知地址：https://www.100000381.xyz/Pay_CsT1Zfb_notifyurlzfb.html
通知报文：memberid=200423453&orderid=202006031640289910019850&transaction_id=20200603164037535156&amount=720.0000&datetime=20200603164303&returncode=00&sign=86E53F1F1F9407C4AAE60C2976A2A4F6&attach=1234|456
HTTP状态：
返回：ok

【2020-06-03 16:45:44】
订单号：20200603164122501005
通知地址：https://www.100000381.xyz/Pay_CsT1Zfb_notifyurlzfb.html
通知报文：memberid=200423453&orderid=202006031641149756102822&transaction_id=20200603164122501005&amount=500.0000&datetime=20200603164541&returncode=00&sign=CC4B79CED7C77102CC67C3026C91D1E4&attach=1234|456
HTTP状态：
返回：ok

【2020-06-03 16:46:17】
订单号：20200603164447102501
通知地址：https://www.100000381.xyz/Pay_CsT1Zfb_notifyurlzfb.html
通知报文：memberid=200423453&orderid=202006031644385410056385&transaction_id=20200603164447102501&amount=1000.0000&datetime=20200603164616&returncode=00&sign=100F16174E2B83409A0AF3970CDC38AF&attach=1234|456
HTTP状态：
返回：ok

【2020-06-03 16:48:31】
订单号：20200603164654101535
通知地址：https://www.100000381.xyz/Pay_CsT1Zfb_notifyurlzfb.html
通知报文：memberid=200423453&orderid=202006031646465448481119&transaction_id=20200603164654101535&amount=600.0000&datetime=20200603164828&returncode=00&sign=7F1E23908E6580D36686C9EF755442BB&attach=1234|456
HTTP状态：
返回：ok

【2020-06-03 16:50:34】
订单号：20200603164708999999
通知地址：https://www.100000381.xyz/Pay_CsT1Zfb_notifyurlzfb.html
通知报文：memberid=200423453&orderid=202006031647005255102534&transaction_id=20200603164708999999&amount=1000.0000&datetime=20200603165033&returncode=00&sign=D1ABF5165A068C08561F8D588C9690F4&attach=1234|456
HTTP状态：
返回：ok

【2020-06-03 16:59:33】
订单号：20200603165322505353
通知地址：https://www.100000381.xyz/Pay_CsT1Zfb_notifyurlzfb.html
通知报文：memberid=200423453&orderid=202006031653149748565108&transaction_id=20200603165322505353&amount=500.0000&datetime=20200603165930&returncode=00&sign=468BF0A26BF84F0BE6F8734A5D356AC9&attach=1234|456
HTTP状态：
返回：ok

【2020-06-03 17:06:01】
订单号：20200603170331511009
通知地址：https://www.100000381.xyz/Pay_CsT1Zfb_notifyurlzfb.html
通知报文：memberid=200423453&orderid=202006031703239856545062&transaction_id=20200603170331511009&amount=500.0000&datetime=20200603170600&returncode=00&sign=6EB7DDC793C571FD82530FDC5DA279AC&attach=1234|456
HTTP状态：
返回：ok

【2020-06-03 17:08:57】
订单号：20200603170758101485
通知地址：https://www.100000381.xyz/Pay_CsT1Zfb_notifyurlzfb.html
通知报文：memberid=200423453&orderid=202006031707495397109998&transaction_id=20200603170758101485&amount=1000.0000&datetime=20200603170851&returncode=00&sign=A34D67B716C3F64FE8F5ECCA8CF0E6A0&attach=1234|456
HTTP状态：
返回：ok

【2020-06-03 17:09:06】
订单号：20200603170734545652
通知地址：https://www.100000381.xyz/Pay_CsT1Zfb_notifyurlzfb.html
通知报文：memberid=200423453&orderid=202006031707261015116919&transaction_id=20200603170734545652&amount=600.0000&datetime=20200603170904&returncode=00&sign=B6C08E15F57D7293A3A2C95AA863E1C8&attach=1234|456
HTTP状态：
返回：ok

【2020-06-03 17:18:38】
订单号：20200603171655559810
通知地址：https://www.100000381.xyz/Pay_CsT1Zfb_notifyurlzfb.html
通知报文：memberid=200423453&orderid=202006031716471025451954&transaction_id=20200603171655559810&amount=500.0000&datetime=20200603171836&returncode=00&sign=36C7E7BE2531C364558F5F12D566852F&attach=1234|456
HTTP状态：
返回：ok

【2020-06-03 17:25:52】
订单号：20200603172349539899
通知地址：https://www.100000381.xyz/Pay_CsT1Zfb_notifyurlzfb.html
通知报文：memberid=200423453&orderid=202006031723411005545830&transaction_id=20200603172349539899&amount=1000.0000&datetime=20200603172550&returncode=00&sign=6703EF9EB04B192681A8C36840B42218&attach=1234|456
HTTP状态：
返回：ok

【2020-06-03 17:34:56】
订单号：20200603173051985754
通知地址：https://www.100000381.xyz/Pay_CsT1Zfb_notifyurlzfb.html
通知报文：memberid=200423453&orderid=202006031730435152482383&transaction_id=20200603173051985754&amount=500.0000&datetime=20200603173454&returncode=00&sign=1296628ECF0CB81E0820BA81FF6C400D&attach=1234|456
HTTP状态：
返回：ok

【2020-06-03 17:38:41】
订单号：20200603173316999951
通知地址：https://www.100000381.xyz/Pay_CsT1Zfb_notifyurlzfb.html
通知报文：memberid=200423453&orderid=202006031733085253108858&transaction_id=20200603173316999951&amount=1500.0000&datetime=20200603173839&returncode=00&sign=967F834CC5A185796CEC5096ACE9B7DD&attach=1234|456
HTTP状态：
返回：ok

【2020-06-03 17:44:44】
订单号：20200603174328485353
通知地址：https://www.100000381.xyz/Pay_CsT1Zfb_notifyurlzfb.html
通知报文：memberid=200423453&orderid=202006031743205648481002&transaction_id=20200603174328485353&amount=1000.0000&datetime=20200603174443&returncode=00&sign=B7848AF781F8F0B5D6B26C856B14F7A3&attach=1234|456
HTTP状态：
返回：ok

【2020-06-03 18:07:51】
订单号：20200603180617575010
通知地址：https://www.100000381.xyz/Pay_CsT1Zfb_notifyurlzfb.html
通知报文：memberid=200423453&orderid=202006031806084899971655&transaction_id=20200603180617575010&amount=620.0000&datetime=20200603180750&returncode=00&sign=FBBE3458351899EA47172F1420FE6789&attach=1234|456
HTTP状态：
返回：ok

【2020-06-03 18:13:11】
订单号：20200603180154505455
通知地址：https://www.100000381.xyz/Pay_CsT1Zfb_notifyurlzfb.html
通知报文：memberid=200423453&orderid=202006031801469748106716&transaction_id=20200603180154505455&amount=500.0000&datetime=20200603181308&returncode=00&sign=8880E845F0808A763F28F6E5734A52E6&attach=1234|456
HTTP状态：
返回：ok

【2020-06-03 18:22:24】
订单号：20200603181955985349
通知地址：https://www.100000381.xyz/Pay_CsT1Zfb_notifyurlzfb.html
通知报文：memberid=200423453&orderid=202006031819465010154452&transaction_id=20200603181955985349&amount=2000.0000&datetime=20200603182223&returncode=00&sign=B6DF97BC0C56A2B10C7D6696160A65A8&attach=1234|456
HTTP状态：
返回：ok

【2020-06-03 18:24:26】
订单号：20200603181904565353
通知地址：https://www.100000381.xyz/Pay_CsT1Zfb_notifyurlzfb.html
通知报文：memberid=200423453&orderid=202006031818551021012936&transaction_id=20200603181904565353&amount=2000.0000&datetime=20200603182424&returncode=00&sign=F6B4F9941B426AC078BA8C25C687F0F4&attach=1234|456
HTTP状态：
返回：ok

【2020-06-03 19:00:26】
订单号：20200603185857495256
通知地址：https://www.100000381.xyz/Pay_CsT1Zfb_notifyurlzfb.html
通知报文：memberid=200423453&orderid=202006031858485610016553&transaction_id=20200603185857495256&amount=1500.0000&datetime=20200603190023&returncode=00&sign=D05174130B7110612988806A9DC22F21&attach=1234|456
HTTP状态：
返回：ok

【2020-06-03 19:17:54】
订单号：20200603190405535451
通知地址：https://www.100000381.xyz/Pay_CsT1Zfb_notifyurlzfb.html
通知报文：memberid=200423453&orderid=202006031903571004859523&transaction_id=20200603190405535451&amount=1500.0000&datetime=20200603191751&returncode=00&sign=26B90E78628D2BC084865E768998FC71&attach=1234|456
HTTP状态：
返回：ok

【2020-06-03 19:26:11】
订单号：20200603192306975653
通知地址：https://www.100000381.xyz/Pay_CsT1Zfb_notifyurlzfb.html
通知报文：memberid=200423453&orderid=202006031922585049985526&transaction_id=20200603192306975653&amount=500.0000&datetime=20200603192609&returncode=00&sign=7A8BD4E43650D60EEAF672F7F7834E8B&attach=1234|456
HTTP状态：
返回：ok

【2020-06-03 19:36:59】
订单号：20200603192121495249
通知地址：https://www.100000381.xyz/Pay_CsT1Zfb_notifyurlzfb.html
通知报文：memberid=200423453&orderid=202006031921125699109358&transaction_id=20200603192121495249&amount=500.0000&datetime=20200603193658&returncode=00&sign=F8D8E5FD7F6DC2F6BDF07D38310469DE&attach=1234|456
HTTP状态：
返回：ok

【2020-06-03 19:39:01】
订单号：20200603193717100495
通知地址：https://www.100000381.xyz/Pay_CsT1Zfb_notifyurlzfb.html
通知报文：memberid=200423453&orderid=202006031937085257105519&transaction_id=20200603193717100495&amount=1000.0000&datetime=20200603193900&returncode=00&sign=23CA31BD20FE15BCA928BF24BA0DC7F0&attach=1234|456
HTTP状态：
返回：ok

【2020-06-03 19:39:15】
订单号：20200603191437100995
通知地址：https://www.100000381.xyz/Pay_CsT1Zfb_notifyurlzfb.html
通知报文：memberid=200423453&orderid=202006031914295354488210&transaction_id=20200603191437100995&amount=2000.0000&datetime=20200603193914&returncode=00&sign=27371D9B8E40D4D08D49D076705679F7&attach=1234|456
HTTP状态：
返回：ok

【2020-06-03 19:46:18】
订单号：20200603193915515248
通知地址：https://www.100000381.xyz/Pay_CsT1Zfb_notifyurlzfb.html
通知报文：memberid=200423453&orderid=202006031939069710051084&transaction_id=20200603193915515248&amount=1000.0000&datetime=20200603194615&returncode=00&sign=EF3DEED376107B140DBD186E9ABB4E72&attach=1234|456
HTTP状态：
返回：ok

【2020-06-03 19:47:39】
订单号：20200603192947985699
通知地址：https://www.100000381.xyz/Pay_CsT1Zfb_notifyurlzfb.html
通知报文：memberid=200423453&orderid=202006031929395150546395&transaction_id=20200603192947985699&amount=500.0000&datetime=20200603194738&returncode=00&sign=43A3BC73E02CFB42497B90FB7AD3677C&attach=1234|456
HTTP状态：
返回：ok

【2020-06-03 19:54:30】
订单号：20200603192947985699
通知地址：https://www.100000381.xyz/Pay_CsT1Zfb_notifyurlzfb.html
通知报文：memberid=200423453&orderid=202006031929395150546395&transaction_id=20200603192947985699&amount=500.0000&datetime=20200603195430&returncode=00&sign=DEDAACB87D20DD0FA260CA0D25BFB6B8&attach=1234|456
HTTP状态：
返回：fail

【2020-06-03 19:56:22】
订单号：20200603195452995448
通知地址：https://www.100000381.xyz/Pay_CsT1Zfb_notifyurlzfb.html
通知报文：memberid=200423453&orderid=202006031954435110055504&transaction_id=20200603195452995448&amount=1000.0000&datetime=20200603195621&returncode=00&sign=70E96336FD16B22F62CC47F05A04C1DC&attach=1234|456
HTTP状态：
返回：ok

【2020-06-03 19:59:00】
订单号：20200603195645100555
通知地址：https://www.100000381.xyz/Pay_CsT1Zfb_notifyurlzfb.html
通知报文：memberid=200423453&orderid=202006031956375348539712&transaction_id=20200603195645100555&amount=1000.0000&datetime=20200603195859&returncode=00&sign=EFB4BC089E2984DBC4C73FA15D3EB5A7&attach=1234|456
HTTP状态：
返回：ok

【2020-06-03 20:07:01】
订单号：20200603192134101975
通知地址：https://www.100000381.xyz/Pay_CsT1Zfb_notifyurlzfb.html
通知报文：memberid=200423453&orderid=202006031921265451552534&transaction_id=20200603192134101975&amount=500.0000&datetime=20200603200700&returncode=00&sign=B4E25131957A5B3BF9CBEA52D093F10C&attach=1234|456
HTTP状态：
返回：ok

【2020-06-03 20:10:30】
订单号：20200603194053535453
通知地址：https://www.100000381.xyz/Pay_CsT1Zfb_notifyurlzfb.html
通知报文：memberid=200423453&orderid=202006031940451004845757&transaction_id=20200603194053535453&amount=500.0000&datetime=20200603201026&returncode=00&sign=C35A8CA681F1AA554116628ECF29D94E&attach=1234|456
HTTP状态：
返回：ok

【2020-06-03 20:13:45】
订单号：20200603200729495399
通知地址：https://www.100000381.xyz/Pay_CsT1Zfb_notifyurlzfb.html
通知报文：memberid=200423453&orderid=202006032007205610152249&transaction_id=20200603200729495399&amount=800.0000&datetime=20200603201343&returncode=00&sign=1D339721161BCF8D759D46D3A12A84CF&attach=1234|456
HTTP状态：
返回：ok

【2020-06-03 20:17:25】
订单号：20200603201623559799
通知地址：https://www.100000381.xyz/Pay_CsT1Zfb_notifyurlzfb.html
通知报文：memberid=200423453&orderid=202006032016151025159294&transaction_id=20200603201623559799&amount=500.0000&datetime=20200603201722&returncode=00&sign=CAB32F00C09FBE491C5DA8EB6795C149&attach=1234|456
HTTP状态：
返回：ok

【2020-06-03 20:18:51】
订单号：20200603200806549798
通知地址：https://www.100000381.xyz/Pay_CsT1Zfb_notifyurlzfb.html
通知报文：memberid=200423453&orderid=202006032007581015242647&transaction_id=20200603200806549798&amount=500.0000&datetime=20200603201848&returncode=00&sign=E50909CD5552159F2AA0D610390ACDBE&attach=1234|456
HTTP状态：
返回：ok

【2020-06-03 20:19:56】
订单号：20200603201325535198
通知地址：https://www.100000381.xyz/Pay_CsT1Zfb_notifyurlzfb.html
通知报文：memberid=200423453&orderid=202006032013169998983189&transaction_id=20200603201325535198&amount=1000.0000&datetime=20200603201952&returncode=00&sign=E868549E9A46CC3ED4247E4B430A1204&attach=1234|456
HTTP状态：
返回：ok

【2020-06-03 20:31:09】
订单号：20200603202953499750
通知地址：https://www.100000381.xyz/Pay_CsT1Zfb_notifyurlzfb.html
通知报文：memberid=200423453&orderid=202006032029455751493987&transaction_id=20200603202953499750&amount=500.0000&datetime=20200603203108&returncode=00&sign=7EC863F2E8CB246D980953B896CA9A4F&attach=1234|456
HTTP状态：
返回：ok

【2020-06-03 20:37:13】
订单号：20200603203634501001
通知地址：https://www.100000381.xyz/Pay_CsT1Zfb_notifyurlzfb.html
通知报文：memberid=200423453&orderid=202006032036269754104006&transaction_id=20200603203634501001&amount=996.0000&datetime=20200603203712&returncode=00&sign=45EAB6B55D8B5351874A1BF8EB1494B0&attach=1234|456
HTTP状态：
返回：ok

【2020-06-03 20:38:01】
订单号：20200603202201571001
通知地址：https://www.100000381.xyz/Pay_CsT1Zfb_notifyurlzfb.html
通知报文：memberid=200423453&orderid=202006032021534954561459&transaction_id=20200603202201571001&amount=500.0000&datetime=20200603203759&returncode=00&sign=492D6CA2578551648CB50C4E2A9BC004&attach=1234|456
HTTP状态：
返回：ok

【2020-06-03 20:41:35】
订单号：20200603203930505797
通知地址：https://www.100000381.xyz/Pay_CsT1Zfb_notifyurlzfb.html
通知报文：memberid=200423453&orderid=202006032039229750536077&transaction_id=20200603203930505797&amount=2000.0000&datetime=20200603204134&returncode=00&sign=A9D032B28E9B3488993FC0CD275C6B41&attach=1234|456
HTTP状态：
返回：ok

【2020-06-03 20:43:19】
订单号：20200603204245539752
通知地址：https://www.100000381.xyz/Pay_CsT1Zfb_notifyurlzfb.html
通知报文：memberid=200423453&orderid=202006032042371005151308&transaction_id=20200603204245539752&amount=1500.0000&datetime=20200603204318&returncode=00&sign=0FD10A78CC4DBE86DEE1B8F8F8087D44&attach=1234|456
HTTP状态：
返回：ok

【2020-06-03 20:48:51】
订单号：20200603204708994998
通知地址：https://www.100000381.xyz/Pay_CsT1Zfb_notifyurlzfb.html
通知报文：memberid=200423453&orderid=202006032046595157987188&transaction_id=20200603204708994998&amount=2999.0000&datetime=20200603204849&returncode=00&sign=4D3AF36914C17AE747FB4A6DE7F64F57&attach=1234|456
HTTP状态：
返回：ok

【2020-06-03 20:53:16】
订单号：20200603205228995698
通知地址：https://www.100000381.xyz/Pay_CsT1Zfb_notifyurlzfb.html
通知报文：memberid=200423453&orderid=202006032052205249536596&transaction_id=20200603205228995698&amount=1000.0000&datetime=20200603205314&returncode=00&sign=331F904A41366ACF2ACE151A6CF4B08A&attach=1234|456
HTTP状态：
返回：ok

【2020-06-03 21:00:33】
订单号：20200603205810509954
通知地址：https://www.100000381.xyz/Pay_CsT1Zfb_notifyurlzfb.html
通知报文：memberid=200423453&orderid=202006032058029752108395&transaction_id=20200603205810509954&amount=500.0000&datetime=20200603210031&returncode=00&sign=5BC4424FC4B1A9CD96FB9278DA3596DE&attach=1234|456
HTTP状态：
返回：ok

【2020-06-03 21:02:07】
订单号：20200603205642975155
通知地址：https://www.100000381.xyz/Pay_CsT1Zfb_notifyurlzfb.html
通知报文：memberid=200423453&orderid=202006032056334955481642&transaction_id=20200603205642975155&amount=1000.0000&datetime=20200603210202&returncode=00&sign=5DCBDE41E2A4377A57C4A70DACCE7BED&attach=1234|456
HTTP状态：
返回：ok

【2020-06-03 21:04:12】
订单号：20200603210040561004
通知地址：https://www.100000381.xyz/Pay_CsT1Zfb_notifyurlzfb.html
通知报文：memberid=200423453&orderid=202006032100324854503100&transaction_id=20200603210040561004&amount=4999.0000&datetime=20200603210404&returncode=00&sign=03343BA2E1804794BBBECC9A08828D60&attach=1234|456
HTTP状态：
返回：ok

【2020-06-03 21:10:05】
订单号：20200603210419515653
通知地址：https://www.100000381.xyz/Pay_CsT1Zfb_notifyurlzfb.html
通知报文：memberid=200423453&orderid=202006032104119848988248&transaction_id=20200603210419515653&amount=2000.0000&datetime=20200603211003&returncode=00&sign=DBD0E2B86B1FC5E0578EFF9066E06831&attach=1234|456
HTTP状态：
返回：ok

【2020-06-03 21:14:24】
订单号：20200603211217495148
通知地址：https://www.100000381.xyz/Pay_CsT1Zfb_notifyurlzfb.html
通知报文：memberid=200423453&orderid=202006032112085657579018&transaction_id=20200603211217495148&amount=2000.0000&datetime=20200603211419&returncode=00&sign=580DEC88E3F3F98B039F6D2B9AF6D390&attach=1234|456
HTTP状态：
返回：ok

【2020-06-03 21:16:25】
订单号：20200603210333531011
通知地址：https://www.100000381.xyz/Pay_CsT1Zfb_notifyurlzfb.html
通知报文：memberid=200423453&orderid=202006032103251005417922&transaction_id=20200603210333531011&amount=500.0000&datetime=20200603211623&returncode=00&sign=EFF424A866D0DB233F4E0EDBF7934837&attach=1234|456
HTTP状态：
返回：ok

【2020-06-03 21:26:06】
订单号：20200603212433494997
通知地址：https://www.100000381.xyz/Pay_CsT1Zfb_notifyurlzfb.html
通知报文：memberid=200423453&orderid=202006032124245657569270&transaction_id=20200603212433494997&amount=4299.0000&datetime=20200603212601&returncode=00&sign=FD34C632826EC9DD0449C377CB926E52&attach=1234|456
HTTP状态：
返回：ok

【2020-06-03 21:27:06】
订单号：20200603211239555597
通知地址：https://www.100000381.xyz/Pay_CsT1Zfb_notifyurlzfb.html
通知报文：memberid=200423453&orderid=202006032112311024858567&transaction_id=20200603211239555597&amount=2000.0000&datetime=20200603212705&returncode=00&sign=2674372558219AE279C477CFA012AE9E&attach=1234|456
HTTP状态：
返回：ok

【2020-06-03 21:34:22】
订单号：20200603212522505757
通知地址：https://www.100000381.xyz/Pay_CsT1Zfb_notifyurlzfb.html
通知报文：memberid=200423453&orderid=202006032125149749972251&transaction_id=20200603212522505757&amount=1000.0000&datetime=20200603213421&returncode=00&sign=058FBBE802A0D71D38637B1607173FFD&attach=1234|456
HTTP状态：
返回：ok

【2020-06-03 21:41:24】
订单号：20200603214016485110
通知地址：https://www.100000381.xyz/Pay_CsT1Zfb_notifyurlzfb.html
通知报文：memberid=200423453&orderid=202006032140075598577475&transaction_id=20200603214016485110&amount=1300.0000&datetime=20200603214121&returncode=00&sign=0F2043687F5ADA8BE004ECA613185666&attach=1234|456
HTTP状态：
返回：ok

【2020-06-03 21:46:21】
订单号：20200603213838101519
通知地址：https://www.100000381.xyz/Pay_CsT1Zfb_notifyurlzfb.html
通知报文：memberid=200423453&orderid=202006032138295397542943&transaction_id=20200603213838101519&amount=500.0000&datetime=20200603214618&returncode=00&sign=F7E4635207E9395D8DF96703EE1B4536&attach=1234|456
HTTP状态：
返回：ok

【2020-06-03 21:47:42】
订单号：20200603214357100535
通知地址：https://www.100000381.xyz/Pay_CsT1Zfb_notifyurlzfb.html
通知报文：memberid=200423453&orderid=202006032143485298513723&transaction_id=20200603214357100535&amount=1000.0000&datetime=20200603214740&returncode=00&sign=021DDCB1D4BE87DC002C788FAFD5B2CD&attach=1234|456
HTTP状态：
返回：ok

【2020-06-03 21:48:00】
订单号：20200603214323985210
通知地址：https://www.100000381.xyz/Pay_CsT1Zfb_notifyurlzfb.html
通知报文：memberid=200423453&orderid=202006032143145098975660&transaction_id=20200603214323985210&amount=1000.0000&datetime=20200603214757&returncode=00&sign=7D2507ABB5AF2F5137131C5EDF273E39&attach=1234|456
HTTP状态：
返回：ok

【2020-06-03 21:57:38】
订单号：20200603215621535053
通知地址：https://www.100000381.xyz/Pay_CsT1Zfb_notifyurlzfb.html
通知报文：memberid=200423453&orderid=202006032156129957522664&transaction_id=20200603215621535053&amount=1000.0000&datetime=20200603215736&returncode=00&sign=5D1577C089ED5C9D8D38C5703267C042&attach=1234|456
HTTP状态：
返回：ok

【2020-06-03 22:01:45】
订单号：20200603220031102579
通知地址：https://www.100000381.xyz/Pay_CsT1Zfb_notifyurlzfb.html
通知报文：memberid=200423453&orderid=202006032200235548103006&transaction_id=20200603220031102579&amount=500.0000&datetime=20200603220143&returncode=00&sign=56CD6DAEC1DE32D81181537997D1567C&attach=1234|456
HTTP状态：
返回：ok

【2020-06-03 22:04:22】
订单号：20200603220318545499
通知地址：https://www.100000381.xyz/Pay_CsT1Zfb_notifyurlzfb.html
通知报文：memberid=200423453&orderid=202006032203091001002461&transaction_id=20200603220318545499&amount=1000.0000&datetime=20200603220420&returncode=00&sign=045A9F7702BB38A6B67A9513AC5FEDF3&attach=1234|456
HTTP状态：
返回：ok

【2020-06-03 22:10:21】
订单号：20200603220823551001
通知地址：https://www.100000381.xyz/Pay_CsT1Zfb_notifyurlzfb.html
通知报文：memberid=200423453&orderid=202006032208151025348031&transaction_id=20200603220823551001&amount=1000.0000&datetime=20200603221018&returncode=00&sign=6AA1E1BB32496BF4A54ECE9095DEAB35&attach=1234|456
HTTP状态：
返回：ok

【2020-06-03 22:11:40】
订单号：20200603220903102991
通知地址：https://www.100000381.xyz/Pay_CsT1Zfb_notifyurlzfb.html
通知报文：memberid=200423453&orderid=202006032208555552522283&transaction_id=20200603220903102991&amount=1000.0000&datetime=20200603221138&returncode=00&sign=CBF03D5DA5A0F6F1319A273BE5E299B8&attach=1234|456
HTTP状态：
返回：ok

【2020-06-03 22:17:18】
订单号：20200603220910545649
通知地址：https://www.100000381.xyz/Pay_CsT1Zfb_notifyurlzfb.html
通知报文：memberid=200423453&orderid=202006032209009910116456&transaction_id=20200603220910545649&amount=500.0000&datetime=20200603221716&returncode=00&sign=E401A505723F195DE150D1629D9B0C61&attach=1234|456
HTTP状态：
返回：ok

【2020-06-03 22:19:40】
订单号：20200603221849571005
通知地址：https://www.100000381.xyz/Pay_CsT1Zfb_notifyurlzfb.html
通知报文：memberid=200423453&orderid=202006032218414952491453&transaction_id=20200603221849571005&amount=500.0000&datetime=20200603221939&returncode=00&sign=9963396FEC122FE75A4609C01DCEAF19&attach=1234|456
HTTP状态：
返回：ok

【2020-06-03 22:25:30】
订单号：20200603222339985652
通知地址：https://www.100000381.xyz/Pay_CsT1Zfb_notifyurlzfb.html
通知报文：memberid=200423453&orderid=202006032223305010111463&transaction_id=20200603222339985652&amount=500.0000&datetime=20200603222525&returncode=00&sign=63E501FC2EC910ECD232952FEFB5EDB8&attach=1234|456
HTTP状态：
返回：ok

【2020-06-03 22:30:01】
订单号：20200603222913574810
通知地址：https://www.100000381.xyz/Pay_CsT1Zfb_notifyurlzfb.html
通知报文：memberid=200423453&orderid=202006032229044855558444&transaction_id=20200603222913574810&amount=900.0000&datetime=20200603222959&returncode=00&sign=A915DE333E61E961644208DB3A11CE02&attach=1234|456
HTTP状态：
返回：ok

【2020-06-03 22:34:19】
订单号：20200603222928569899
通知地址：https://www.100000381.xyz/Pay_CsT1Zfb_notifyurlzfb.html
通知报文：memberid=200423453&orderid=202006032229204851494892&transaction_id=20200603222928569899&amount=1000.0000&datetime=20200603223418&returncode=00&sign=C389AEAEF80F4A50452F942C84C56DCB&attach=1234|456
HTTP状态：
返回：ok

【2020-06-03 22:42:55】
订单号：20200603223741535410
通知地址：https://www.100000381.xyz/Pay_CsT1Zfb_notifyurlzfb.html
通知报文：memberid=200423453&orderid=202006032237329910145715&transaction_id=20200603223741535410&amount=3201.0000&datetime=20200603224254&returncode=00&sign=054056F268C37A713D351A4DE207D924&attach=1234|456
HTTP状态：
返回：ok

【2020-06-03 22:46:17】
订单号：20200603224533100541
通知地址：https://www.100000381.xyz/Pay_CsT1Zfb_notifyurlzfb.html
通知报文：memberid=200423453&orderid=202006032245245210057644&transaction_id=20200603224533100541&amount=1500.0000&datetime=20200603224615&returncode=00&sign=0C910409B9DA453F0F632EA184B776EC&attach=1234|456
HTTP状态：
返回：ok

【2020-06-03 22:48:34】
订单号：20200603224730505710
通知地址：https://www.100000381.xyz/Pay_CsT1Zfb_notifyurlzfb.html
通知报文：memberid=200423453&orderid=202006032247229749489261&transaction_id=20200603224730505710&amount=1000.0000&datetime=20200603224832&returncode=00&sign=A4446BD286FFF1B23D738BFB96CCDC8D&attach=1234|456
HTTP状态：
返回：ok

【2020-06-03 22:54:26】
订单号：20200603225345575051
通知地址：https://www.100000381.xyz/Pay_CsT1Zfb_notifyurlzfb.html
通知报文：memberid=200423453&orderid=202006032253364856109969&transaction_id=20200603225345575051&amount=1000.0000&datetime=20200603225423&returncode=00&sign=5B5768E1D446120D24BA7C1F4BDA7F84&attach=1234|456
HTTP状态：
返回：ok

【2020-06-03 23:06:36】
订单号：20200603230246545498
通知地址：https://www.100000381.xyz/Pay_CsT1Zfb_notifyurlzfb.html
通知报文：memberid=200423453&orderid=202006032302369910052457&transaction_id=20200603230246545498&amount=500.0000&datetime=20200603230631&returncode=00&sign=4A9429857190AF386F7BA50DEC4E1EB0&attach=1234|456
HTTP状态：
返回：ok

【2020-06-03 23:07:59】
订单号：20200603230302545156
通知地址：https://www.100000381.xyz/Pay_CsT1Zfb_notifyurlzfb.html
通知报文：memberid=200423453&orderid=202006032302531005758478&transaction_id=20200603230302545156&amount=1000.0000&datetime=20200603230756&returncode=00&sign=62C906F2F71201D12ED2C531EEC2D363&attach=1234|456
HTTP状态：
返回：ok

【2020-06-03 23:09:47】
订单号：20200603230513571015
通知地址：https://www.100000381.xyz/Pay_CsT1Zfb_notifyurlzfb.html
通知报文：memberid=200423453&orderid=202006032305031025319795&transaction_id=20200603230513571015&amount=650.0000&datetime=20200603230946&returncode=00&sign=7047409513617E9EC572D797C2FE5C41&attach=1234|456
HTTP状态：
返回：ok

【2020-06-03 23:13:09】
订单号：20200603231209579897
通知地址：https://www.100000381.xyz/Pay_CsT1Zfb_notifyurlzfb.html
通知报文：memberid=200423453&orderid=202006032312014950578819&transaction_id=20200603231209579897&amount=1000.0000&datetime=20200603231306&returncode=00&sign=A9B0647EB63E07CD4F5FBBEC73119FA0&attach=1234|456
HTTP状态：
返回：ok

【2020-06-03 23:18:07】
订单号：20200603231300995710
通知地址：https://www.100000381.xyz/Pay_CsT1Zfb_notifyurlzfb.html
通知报文：memberid=200423453&orderid=202006032312525249506015&transaction_id=20200603231300995710&amount=2000.0000&datetime=20200603231803&returncode=00&sign=D38202C9A81BF87AB0BD8FDEB10F847B&attach=1234|456
HTTP状态：
返回：ok

【2020-06-03 23:22:50】
订单号：20200603232045100101
通知地址：https://www.100000381.xyz/Pay_CsT1Zfb_notifyurlzfb.html
通知报文：memberid=200423453&orderid=202006032320375352987232&transaction_id=20200603232045100101&amount=1000.0000&datetime=20200603232248&returncode=00&sign=9051876A005E04B59FCB9A9CE0227A15&attach=1234|456
HTTP状态：
返回：ok

【2020-06-03 23:28:39】
订单号：20200603232747514852
通知地址：https://www.100000381.xyz/Pay_CsT1Zfb_notifyurlzfb.html
通知报文：memberid=200423453&orderid=202006032327389754999032&transaction_id=20200603232747514852&amount=500.0000&datetime=20200603232836&returncode=00&sign=B459554A32AD18AF28741ED02D34164D&attach=1234|456
HTTP状态：
返回：ok

【2020-06-03 23:29:40】
订单号：20200603232807555599
通知地址：https://www.100000381.xyz/Pay_CsT1Zfb_notifyurlzfb.html
通知报文：memberid=200423453&orderid=202006032327581011009068&transaction_id=20200603232807555599&amount=1700.0000&datetime=20200603232938&returncode=00&sign=00B7C5A0EC80ABC8CB4C550DDFFB7B2D&attach=1234|456
HTTP状态：
返回：ok

【2020-06-03 23:29:45】
订单号：20200603232817495355
通知地址：https://www.100000381.xyz/Pay_CsT1Zfb_notifyurlzfb.html
通知报文：memberid=200423453&orderid=202006032328085699543150&transaction_id=20200603232817495355&amount=988.0000&datetime=20200603232944&returncode=00&sign=1667E346608E7919E15B20BB969A5C8A&attach=1234|456
HTTP状态：
返回：ok

【2020-06-03 23:31:01】
订单号：20200603232945575650
通知地址：https://www.100000381.xyz/Pay_CsT1Zfb_notifyurlzfb.html
通知报文：memberid=200423453&orderid=202006032329351021011701&transaction_id=20200603232945575650&amount=500.0000&datetime=20200603233057&returncode=00&sign=608E9262D8A2C47EAF1C40C0FB3653F6&attach=1234|456
HTTP状态：
返回：ok

【2020-06-03 23:36:00】
订单号：20200603233504565210
通知地址：https://www.100000381.xyz/Pay_CsT1Zfb_notifyurlzfb.html
通知报文：memberid=200423453&orderid=202006032334551029756357&transaction_id=20200603233504565210&amount=600.0000&datetime=20200603233559&returncode=00&sign=E56E3E0092E94669435CAE1EC18EDFEA&attach=1234|456
HTTP状态：
返回：ok

【2020-06-03 23:44:24】
订单号：20200603233527102984
通知地址：https://www.100000381.xyz/Pay_CsT1Zfb_notifyurlzfb.html
通知报文：memberid=200423453&orderid=202006032335195549102369&transaction_id=20200603233527102984&amount=1000.0000&datetime=20200603234420&returncode=00&sign=05E014EC28FEB1B5BDE745152872DF7D&attach=1234|456
HTTP状态：
返回：ok

