【2020-06-29 02:03:33】
订单号：20200603142137499756
通知地址：http://karl-leo.imwork.net/common/test.json
通知报文：memberid=200399771&orderid=E20200603142136139518&transaction_id=20200603142137499756&amount=400.0000&datetime=20200629020329&returncode=00&sign=61A13F4D9413695796C71C2228C8EF6D&attach=1234|456
HTTP状态：
返回：

【2020-06-29 02:04:04】
订单号：20200603142137499756
通知地址：http://karl-leo.imwork.net/common/test.json
通知报文：memberid=200399771&orderid=E20200603142136139518&transaction_id=20200603142137499756&amount=400.0000&datetime=20200629020354&returncode=00&sign=1B6E9AC021AF2710F4C9869C2A3C3253&attach=1234|456
HTTP状态：
返回：

【2020-06-29 02:06:41】
订单号：20200603142137499756
通知地址：http://karl-leo.imwork.net/common/test.json
通知报文：memberid=200399771&orderid=E20200603142136139518&transaction_id=20200603142137499756&amount=400.0000&datetime=20200629020631&returncode=00&sign=0EDF1D13D1652BBC7F14F58646D4818B&attach=1234|456
HTTP状态：
返回：

【2020-06-29 02:07:11】
订单号：20200603142137499756
通知地址：http://karl-leo.imwork.net/common/test.json
通知报文：memberid=200399771&orderid=E20200603142136139518&transaction_id=20200603142137499756&amount=400.0000&datetime=20200629020701&returncode=00&sign=ED803A3210374A926F6DC27AE4DE253E&attach=1234|456
HTTP状态：
返回：

【2020-06-29 02:07:37】
订单号：20200603142137499756
通知地址：http://karl-leo.imwork.net/common/test.json
通知报文：memberid=200399771&orderid=E20200603142136139518&transaction_id=20200603142137499756&amount=400.0000&datetime=20200629020727&returncode=00&sign=23E1F66D88D51C6D47D8009C55D886A7&attach=1234|456
HTTP状态：
返回：

【2020-06-29 02:09:04】
订单号：20200603142137499756
通知地址：http://karl-leo.imwork.net/common/test.json
通知报文：memberid=200399771&orderid=E20200603142136139518&transaction_id=20200603142137499756&amount=400.0000&datetime=20200629020854&returncode=00&sign=2BCEA783038AE4AE90304C48B7863057&attach=1234|456
HTTP状态：
返回：

【2020-06-29 02:09:24】
订单号：20200603142137499756
通知地址：http://karl-leo.imwork.net/common/test.json
通知报文：memberid=200399771&orderid=E20200603142136139518&transaction_id=20200603142137499756&amount=400.0000&datetime=20200629020914&returncode=00&sign=69C5B4092C6418342E726A80A7C57D6D&attach=1234|456
HTTP状态：
返回：

【2020-06-29 02:09:41】
订单号：20200603142137499756
通知地址：http://karl-leo.imwork.net/common/test.json
通知报文：memberid=200399771&orderid=E20200603142136139518&transaction_id=20200603142137499756&amount=400.0000&datetime=20200629020931&returncode=00&sign=855F2EBED34A86553C5A4636741A0BEA&attach=1234|456
HTTP状态：
返回：

【2020-06-29 02:10:01】
订单号：20200603142137499756
通知地址：http://karl-leo.imwork.net/common/test.json
通知报文：memberid=200399771&orderid=E20200603142136139518&transaction_id=20200603142137499756&amount=400.0000&datetime=20200629020951&returncode=00&sign=C9D52E354070900E4BE1FDD9E7F4991C&attach=1234|456
HTTP状态：
返回：

【2020-06-29 02:10:20】
订单号：20200603142137499756
通知地址：http://karl-leo.imwork.net/common/test.json
通知报文：memberid=200399771&orderid=E20200603142136139518&transaction_id=20200603142137499756&amount=400.0000&datetime=20200629021010&returncode=00&sign=8FA563EAFA44CFC4493FFAA50BBF1A73&attach=1234|456
HTTP状态：
返回：

【2020-06-29 02:10:50】
订单号：20200603142137499756
通知地址：http://karl-leo.imwork.net/common/test.json
通知报文：memberid=200399771&orderid=E20200603142136139518&transaction_id=20200603142137499756&amount=400.0000&datetime=20200629021040&returncode=00&sign=8F4A1754308289C1A09ED978691A9DC3&attach=1234|456
HTTP状态：
返回：

【2020-06-29 15:44:22】
订单号：20200629154334544998
通知地址：http://pay.yanwujing.cn/callback.php
通知报文：memberid=200707510&orderid=G1593416612887&transaction_id=20200629154334544998&amount=1000.0000&datetime=20200629154422&returncode=00&sign=B4F2D4272333CEE0C12EFB625AB9215D&attach=200707510
HTTP状态：
返回：ok

【2020-06-29 15:46:51】
订单号：20200629154546971015
通知地址：http://pay.yanwujing.cn/callback.php
通知报文：memberid=200707510&orderid=C1593416745703&transaction_id=20200629154546971015&amount=3000.0000&datetime=20200629154651&returncode=00&sign=31F9BF06ABA5C8936463E56BBC38A3AC&attach=200707510
HTTP状态：
返回：ok

【2020-06-29 15:51:10】
订单号：20200629155020999752
通知地址：http://pay.yanwujing.cn/callback.php
通知报文：memberid=200707510&orderid=A1593417019454&transaction_id=20200629155020999752&amount=2500.0000&datetime=20200629155110&returncode=00&sign=33DDAA5D4217E1DAE221784754C4E1FA&attach=200707510
HTTP状态：
返回：ok

【2020-06-29 15:56:44】
订单号：20200629155547515110
通知地址：http://pay.yanwujing.cn/callback.php
通知报文：memberid=200707510&orderid=E1593417346038&transaction_id=20200629155547515110&amount=1500.0000&datetime=20200629155644&returncode=00&sign=F432BE0AF677729B487B9DCE3AC216B6&attach=200707510
HTTP状态：
返回：ok

【2020-06-29 16:00:14】
订单号：20200629155918549849
通知地址：http://pay.yanwujing.cn/callback.php
通知报文：memberid=200707510&orderid=J1593417557512&transaction_id=20200629155918549849&amount=2500.0000&datetime=20200629160014&returncode=00&sign=38EC95AB1332EADDC76AC8B908DCC864&attach=200707510
HTTP状态：
返回：ok

【2020-06-29 16:04:07】
订单号：20200629160321575252
通知地址：http://pay.yanwujing.cn/callback.php
通知报文：memberid=200707510&orderid=I1593417800062&transaction_id=20200629160321575252&amount=1500.0000&datetime=20200629160407&returncode=00&sign=7E3008EE2B0170774652BF4938595A72&attach=200707510
HTTP状态：
返回：ok

【2020-06-29 16:07:10】
订单号：20200629160619981011
通知地址：http://pay.yanwujing.cn/callback.php
通知报文：memberid=200707510&orderid=H1593417978761&transaction_id=20200629160619981011&amount=1000.0000&datetime=20200629160710&returncode=00&sign=0696E58161CE8BB979069DAC438E45BA&attach=200707510
HTTP状态：
返回：ok

【2020-06-29 16:12:14】
订单号：20200629160918101989
通知地址：http://pay.yanwujing.cn/callback.php
通知报文：memberid=200707510&orderid=F1593418157543&transaction_id=20200629160918101989&amount=1000.0000&datetime=20200629161214&returncode=00&sign=853DB6BFAB4506ABFC1FFD935C6BFD01&attach=200707510
HTTP状态：
返回：ok

【2020-06-29 16:25:55】
订单号：20200629162514975148
通知地址：http://pay.yanwujing.cn/callback.php
通知报文：memberid=200707510&orderid=J1593419110540&transaction_id=20200629162514975148&amount=2500.0000&datetime=20200629162555&returncode=00&sign=76898CF741BCAE2BB9A4DCD810480DAA&attach=200707510
HTTP状态：
返回：ok

【2020-06-29 16:27:13】
订单号：20200629162641499750
通知地址：http://pay.yanwujing.cn/callback.php
通知报文：memberid=200707510&orderid=I1593419200446&transaction_id=20200629162641499750&amount=3000.0000&datetime=20200629162713&returncode=00&sign=20454D7539C31E332E173CA233A93724&attach=200707510
HTTP状态：
返回：ok

【2020-06-29 16:27:32】
订单号：20200629162652995052
通知地址：http://pay.yanwujing.cn/callback.php
通知报文：memberid=200707510&orderid=I1593419208499&transaction_id=20200629162652995052&amount=2500.0000&datetime=20200629162732&returncode=00&sign=15505745DCBE1D3B80E1D651FC7CBF5F&attach=200707510
HTTP状态：
返回：ok

【2020-06-29 16:30:37】
订单号：20200629163006101995
通知地址：http://pay.yanwujing.cn/callback.php
通知报文：memberid=200707510&orderid=C1593419405581&transaction_id=20200629163006101995&amount=5000.0000&datetime=20200629163037&returncode=00&sign=A00A407E3B23740EC454E9BFEC59A7C0&attach=200707510
HTTP状态：
返回：ok

【2020-06-29 16:32:27】
订单号：20200629163151559710
通知地址：http://pay.yanwujing.cn/callback.php
通知报文：memberid=200707510&orderid=H1593419510502&transaction_id=20200629163151559710&amount=3000.0000&datetime=20200629163226&returncode=00&sign=61C717CD501D14ED04563233C4B33DA0&attach=200707510
HTTP状态：
返回：ok

【2020-06-29 16:34:36】
订单号：20200629163005100529
通知地址：http://pay.yanwujing.cn/callback.php
通知报文：memberid=200707510&orderid=G1593419401658&transaction_id=20200629163005100529&amount=5000.0000&datetime=20200629163436&returncode=00&sign=B36ACEADD95102916DD11B315B8F00CE&attach=200707510
HTTP状态：
返回：ok

【2020-06-29 16:40:17】
订单号：20200629163912489752
通知地址：http://pay.yanwujing.cn/callback.php
通知报文：memberid=200707510&orderid=F1593419949039&transaction_id=20200629163912489752&amount=2500.0000&datetime=20200629164017&returncode=00&sign=A4DEE0656032868CC22F304B3F446265&attach=200707510
HTTP状态：
返回：ok

【2020-06-29 16:45:52】
订单号：20200629164458974810
通知地址：http://pay.yanwujing.cn/callback.php
通知报文：memberid=200707510&orderid=H1593420296845&transaction_id=20200629164458974810&amount=1000.0000&datetime=20200629164552&returncode=00&sign=E5D36608BA783DF613967D1BFFCB0A41&attach=200707510
HTTP状态：
返回：ok

【2020-06-29 16:51:13】
订单号：20200629165042505098
通知地址：http://pay.yanwujing.cn/callback.php
通知报文：memberid=200707510&orderid=C1593420640952&transaction_id=20200629165042505098&amount=3000.0000&datetime=20200629165113&returncode=00&sign=715E4F3CEE4297DBAE59F756928A3D9B&attach=200707510
HTTP状态：
返回：ok

【2020-06-29 16:56:40】
订单号：20200629165557100505
通知地址：http://pay.yanwujing.cn/callback.php
通知报文：memberid=200707510&orderid=G1593420955942&transaction_id=20200629165557100505&amount=1000.0000&datetime=20200629165640&returncode=00&sign=35F48BA3E4F03328551D6CED02167B83&attach=200707510
HTTP状态：
返回：ok

【2020-06-29 17:03:23】
订单号：20200629170230545755
通知地址：http://pay.yanwujing.cn/callback.php
通知报文：memberid=200707510&orderid=I1593421350457&transaction_id=20200629170230545755&amount=3000.0000&datetime=20200629170323&returncode=00&sign=1BACC3BFEF860DDB3F923FB8507E21A4&attach=200707510
HTTP状态：
返回：ok

【2020-06-29 17:05:49】
订单号：20200629170516995548
通知地址：http://pay.yanwujing.cn/callback.php
通知报文：memberid=200707510&orderid=C1593421515245&transaction_id=20200629170516995548&amount=1000.0000&datetime=20200629170549&returncode=00&sign=7864438984CB342CE950F230D51B14AF&attach=200707510
HTTP状态：
返回：ok

【2020-06-29 17:12:44】
订单号：20200629171156995752
通知地址：http://pay.yanwujing.cn/callback.php
通知报文：memberid=200707510&orderid=J1593421915396&transaction_id=20200629171156995752&amount=1000.0000&datetime=20200629171244&returncode=00&sign=9354B1F99FCD19A7E282F97DD88EB600&attach=200707510
HTTP状态：
返回：ok

【2020-06-29 17:23:46】
订单号：20200629172301535710
通知地址：http://pay.yanwujing.cn/callback.php
通知报文：memberid=200707510&orderid=H1593422580436&transaction_id=20200629172301535710&amount=1000.0000&datetime=20200629172346&returncode=00&sign=A742E30B1E79F95EA5EF7862489E9D74&attach=200707510
HTTP状态：
返回：ok

【2020-06-29 20:35:09】
订单号：20200629203451989954
通知地址：http://pay1.4001cdn.com/DTPP/Money_27117/ServerCallback
通知报文：memberid=200694197&orderid=64405398&transaction_id=20200629203451989954&amount=300.0000&datetime=20200629203507&returncode=00&sign=B813F9C7ABE3976880EC452308A2D0DB&attach=
HTTP状态：
返回：OK

【2020-06-29 20:35:19】
订单号：20200629203508991019
通知地址：http://pay1.4001cdn.com/DTPP/Money_27117/ServerCallback
通知报文：memberid=200694197&orderid=64405415&transaction_id=20200629203508991019&amount=500.0000&datetime=20200629203518&returncode=00&sign=495D48C881A8828C8F50FB87F98E2285&attach=
HTTP状态：
返回：OK

【2020-06-29 20:37:13】
订单号：20200629203700994855
通知地址：http://pay1.4001cdn.com/DTPP/Money_27117/ServerCallback
通知报文：memberid=200694197&orderid=64405487&transaction_id=20200629203700994855&amount=1000.0000&datetime=20200629203712&returncode=00&sign=582A08BBFCFF2180C333B2929746FF45&attach=
HTTP状态：
返回：OK

【2020-06-29 20:38:00】
订单号：20200629203750101101
通知地址：http://pay1.4001cdn.com/DTPP/Money_27117/ServerCallback
通知报文：memberid=200694197&orderid=64405536&transaction_id=20200629203750101101&amount=1000.0000&datetime=20200629203759&returncode=00&sign=5B2917897C72FEC72AE79E811703F656&attach=
HTTP状态：
返回：OK

【2020-06-29 20:38:25】
订单号：20200629203811511014
通知地址：http://pay1.4001cdn.com/DTPP/Money_27117/ServerCallback
通知报文：memberid=200694197&orderid=64405560&transaction_id=20200629203811511014&amount=300.0000&datetime=20200629203825&returncode=00&sign=464115D95C4174B0415CA615203F8017&attach=
HTTP状态：
返回：OK

【2020-06-29 20:38:54】
订单号：20200629203841495550
通知地址：http://pay1.4001cdn.com/DTPP/Money_27117/ServerCallback
通知报文：memberid=200694197&orderid=64405584&transaction_id=20200629203841495550&amount=300.0000&datetime=20200629203853&returncode=00&sign=A41B338163D0025E3B3BA00B200BBA60&attach=
HTTP状态：
返回：OK

【2020-06-29 20:39:01】
订单号：20200629203853100495
通知地址：http://pay1.4001cdn.com/DTPP/Money_27117/ServerCallback
通知报文：memberid=200694197&orderid=64405596&transaction_id=20200629203853100495&amount=300.0000&datetime=20200629203900&returncode=00&sign=F963CB271CE77149B624BEA0EC5CF8AD&attach=
HTTP状态：
返回：OK

【2020-06-29 20:39:33】
订单号：20200629203921571015
通知地址：http://pay1.4001cdn.com/DTPP/Money_27117/ServerCallback
通知报文：memberid=200694197&orderid=64405620&transaction_id=20200629203921571015&amount=360.0000&datetime=20200629203933&returncode=00&sign=A15058C9579681F2E1C0AE83A088ED66&attach=
HTTP状态：
返回：OK

【2020-06-29 20:39:37】
订单号：20200629203926101511
通知地址：http://pay1.4001cdn.com/DTPP/Money_27117/ServerCallback
通知报文：memberid=200694197&orderid=64405627&transaction_id=20200629203926101511&amount=300.0000&datetime=20200629203937&returncode=00&sign=AA991E9F8919E1F1B681D4A97B2C498D&attach=
HTTP状态：
返回：OK

【2020-06-29 20:40:26】
订单号：20200629204012991025
通知地址：http://pay1.4001cdn.com/DTPP/Money_27117/ServerCallback
通知报文：memberid=200694197&orderid=64405673&transaction_id=20200629204012991025&amount=1000.0000&datetime=20200629204026&returncode=00&sign=A61AE447F2C8B12B40EB52E84344C574&attach=
HTTP状态：
返回：OK

【2020-06-29 20:41:49】
订单号：20200629204140525599
通知地址：http://pay1.4001cdn.com/DTPP/Money_27117/ServerCallback
通知报文：memberid=200694197&orderid=64405736&transaction_id=20200629204140525599&amount=1000.0000&datetime=20200629204149&returncode=00&sign=34B3D29AFBCE1E465A64A492D82E4A82&attach=
HTTP状态：
返回：OK

【2020-06-29 20:42:45】
订单号：20200629204233571001
通知地址：http://pay1.4001cdn.com/DTPP/Money_27117/ServerCallback
通知报文：memberid=200694197&orderid=64405781&transaction_id=20200629204233571001&amount=300.0000&datetime=20200629204245&returncode=00&sign=8FD478B7BAFDC0580B79352C77AA1D49&attach=
HTTP状态：
返回：OK

【2020-06-29 20:42:50】
订单号：20200629204241495256
通知地址：http://pay1.4001cdn.com/DTPP/Money_27117/ServerCallback
通知报文：memberid=200694197&orderid=64405792&transaction_id=20200629204241495256&amount=1000.0000&datetime=20200629204249&returncode=00&sign=C52B8BEFE3B4764E5E6BA76C316CCAD2&attach=
HTTP状态：
返回：OK

【2020-06-29 20:43:04】
订单号：20200629204246549799
通知地址：http://pay1.4001cdn.com/DTPP/Money_27117/ServerCallback
通知报文：memberid=200694197&orderid=64405798&transaction_id=20200629204246549799&amount=1000.0000&datetime=20200629204304&returncode=00&sign=A5555BEA128F0570131CE5EB6AB46727&attach=
HTTP状态：
返回：OK

【2020-06-29 20:43:57】
订单号：20200629204347519953
通知地址：http://pay1.4001cdn.com/DTPP/Money_27117/ServerCallback
通知报文：memberid=200694197&orderid=64405853&transaction_id=20200629204347519953&amount=1000.0000&datetime=20200629204357&returncode=00&sign=AB70A8A3A21955CAAEBAD9BDACEEDE25&attach=
HTTP状态：
返回：OK

【2020-06-29 20:44:37】
订单号：20200629204426979955
通知地址：http://pay1.4001cdn.com/DTPP/Money_27117/ServerCallback
通知报文：memberid=200694197&orderid=64405887&transaction_id=20200629204426979955&amount=300.0000&datetime=20200629204436&returncode=00&sign=468887DBA3FB90E8181DEE5433903C51&attach=
HTTP状态：
返回：OK

【2020-06-29 20:45:26】
订单号：20200629204514975653
通知地址：http://pay1.4001cdn.com/DTPP/Money_27117/ServerCallback
通知报文：memberid=200694197&orderid=64405929&transaction_id=20200629204514975653&amount=1000.0000&datetime=20200629204525&returncode=00&sign=EA6A3D9D9A0223A00A2EAE551ADACA81&attach=
HTTP状态：
返回：OK

【2020-06-29 20:45:36】
订单号：20200629204527555510
通知地址：http://pay1.4001cdn.com/DTPP/Money_27117/ServerCallback
通知报文：memberid=200694197&orderid=64405942&transaction_id=20200629204527555510&amount=300.0000&datetime=20200629204535&returncode=00&sign=210B48605ACB4590BB0136928C05FDC1&attach=
HTTP状态：
返回：OK

【2020-06-29 20:48:35】
订单号：20200629204822545155
通知地址：http://pay1.4001cdn.com/DTPP/Money_27117/ServerCallback
通知报文：memberid=200694197&orderid=64406109&transaction_id=20200629204822545155&amount=300.0000&datetime=20200629204834&returncode=00&sign=855A24781AC0A4E4CC6C7AAC93CC2FE8&attach=
HTTP状态：
返回：OK

【2020-06-29 20:49:19】
订单号：20200629204906505410
通知地址：http://pay1.4001cdn.com/DTPP/Money_27117/ServerCallback
通知报文：memberid=200694197&orderid=64406156&transaction_id=20200629204906505410&amount=600.0000&datetime=20200629204918&returncode=00&sign=DDC1A06579E53510CD5D37C9FFFB8C68&attach=
HTTP状态：
返回：OK

【2020-06-29 20:50:08】
订单号：20200629204957535553
通知地址：http://pay1.4001cdn.com/DTPP/Money_27117/ServerCallback
通知报文：memberid=200694197&orderid=64406214&transaction_id=20200629204957535553&amount=300.0000&datetime=20200629205007&returncode=00&sign=E17CAFDF7D131693AF675A00898EF5FE&attach=
HTTP状态：
返回：OK

【2020-06-29 20:51:50】
订单号：20200629205143102539
通知地址：http://pay1.4001cdn.com/DTPP/Money_27117/ServerCallback
通知报文：memberid=200694197&orderid=64406334&transaction_id=20200629205143102539&amount=300.0000&datetime=20200629205150&returncode=00&sign=2CED8758FB5701A5EE6F8B7C4E20E66D&attach=
HTTP状态：
返回：OK

【2020-06-29 20:52:47】
订单号：20200629205230101991
通知地址：http://pay1.4001cdn.com/DTPP/Money_27117/ServerCallback
通知报文：memberid=200694197&orderid=64406398&transaction_id=20200629205230101991&amount=300.0000&datetime=20200629205247&returncode=00&sign=81ED43FF21DE6DB15E6BFCAB77D3F9C3&attach=
HTTP状态：
返回：OK

【2020-06-29 20:54:17】
订单号：20200629205407102505
通知地址：http://pay1.4001cdn.com/DTPP/Money_27117/ServerCallback
通知报文：memberid=200694197&orderid=64406536&transaction_id=20200629205407102505&amount=300.0000&datetime=20200629205416&returncode=00&sign=4661B4CBD45D23C97F673F570FF7D84C&attach=
HTTP状态：
返回：OK

【2020-06-29 20:54:38】
订单号：20200629205422101494
通知地址：http://pay1.4001cdn.com/DTPP/Money_27117/ServerCallback
通知报文：memberid=200694197&orderid=64406566&transaction_id=20200629205422101494&amount=500.0000&datetime=20200629205437&returncode=00&sign=93255BDE658D30CE4E1B0867DC0725A4&attach=
HTTP状态：
返回：OK

【2020-06-29 20:54:39】
订单号：20200629205422101994
通知地址：http://pay1.4001cdn.com/DTPP/Money_27117/ServerCallback
通知报文：memberid=200694197&orderid=64406567&transaction_id=20200629205422101994&amount=300.0000&datetime=20200629205439&returncode=00&sign=DFB5AAB2BF359B735468891B46AF3B83&attach=
HTTP状态：
返回：OK

【2020-06-29 20:54:58】
订单号：20200629205437100485
通知地址：http://pay1.4001cdn.com/DTPP/Money_27117/ServerCallback
通知报文：memberid=200694197&orderid=64406585&transaction_id=20200629205437100485&amount=300.0000&datetime=20200629205457&returncode=00&sign=B14424CA4F3C5E1ED916BEA7DCDEC65F&attach=
HTTP状态：
返回：OK

【2020-06-29 20:55:14】
订单号：20200629205504565351
通知地址：http://pay1.4001cdn.com/DTPP/Money_27117/ServerCallback
通知报文：memberid=200694197&orderid=64406609&transaction_id=20200629205504565351&amount=300.0000&datetime=20200629205514&returncode=00&sign=A9E13BB6CE2F93A0D7997AB64EFBE338&attach=
HTTP状态：
返回：OK

【2020-06-29 20:57:48】
订单号：20200629205737495199
通知地址：http://pay1.4001cdn.com/DTPP/Money_27117/ServerCallback
通知报文：memberid=200694197&orderid=64406788&transaction_id=20200629205737495199&amount=500.0000&datetime=20200629205748&returncode=00&sign=50067168F182C1AC9B756C3C34F08FDB&attach=
HTTP状态：
返回：OK

【2020-06-29 20:59:42】
订单号：20200629205932525799
通知地址：http://pay1.4001cdn.com/DTPP/Money_27117/ServerCallback
通知报文：memberid=200694197&orderid=64406932&transaction_id=20200629205932525799&amount=300.0000&datetime=20200629205940&returncode=00&sign=0C4D0D49EA423497EF1A746782B95F62&attach=
HTTP状态：
返回：OK

【2020-06-29 20:59:43】
订单号：20200629205931515710
通知地址：http://pay1.4001cdn.com/DTPP/Money_27117/ServerCallback
通知报文：memberid=200694197&orderid=64406930&transaction_id=20200629205931515710&amount=301.0000&datetime=20200629205942&returncode=00&sign=4CD0AD088717FB3390C43992F98FFBC6&attach=
HTTP状态：
返回：OK

【2020-06-29 20:59:56】
订单号：20200629205946505110
通知地址：http://pay1.4001cdn.com/DTPP/Money_27117/ServerCallback
通知报文：memberid=200694197&orderid=64406949&transaction_id=20200629205946505110&amount=300.0000&datetime=20200629205954&returncode=00&sign=C4C6586CBDBDCF57C3BCA2252ED204F2&attach=
HTTP状态：
返回：OK

【2020-06-29 21:00:18】
订单号：20200629210002505397
通知地址：http://pay1.4001cdn.com/DTPP/Money_27117/ServerCallback
通知报文：memberid=200694197&orderid=64406969&transaction_id=20200629210002505397&amount=300.0000&datetime=20200629210017&returncode=00&sign=EADBC07D1E6252000D5338C109F37690&attach=
HTTP状态：
返回：OK

【2020-06-29 21:01:23】
订单号：20200629210110545298
通知地址：http://pay1.4001cdn.com/DTPP/Money_27117/ServerCallback
通知报文：memberid=200694197&orderid=64407047&transaction_id=20200629210110545298&amount=300.0000&datetime=20200629210122&returncode=00&sign=5544DDECA9BCB8079E69F7B65426AFD5&attach=
HTTP状态：
返回：OK

【2020-06-29 21:01:56】
订单号：20200629210145575552
通知地址：http://pay1.4001cdn.com/DTPP/Money_27117/ServerCallback
通知报文：memberid=200694197&orderid=64407094&transaction_id=20200629210145575552&amount=1000.0000&datetime=20200629210156&returncode=00&sign=8A1E81C5EC02D5C64FA054D81C3C1A85&attach=
HTTP状态：
返回：OK

【2020-06-29 21:03:51】
订单号：20200629210344485599
通知地址：http://pay1.4001cdn.com/DTPP/Money_27117/ServerCallback
通知报文：memberid=200694197&orderid=64407197&transaction_id=20200629210344485599&amount=300.0000&datetime=20200629210350&returncode=00&sign=3169AEC1AE25CC0A5E9B3F0DE72CA3E4&attach=
HTTP状态：
返回：OK

【2020-06-29 21:04:04】
订单号：20200629210355985154
通知地址：http://pay1.4001cdn.com/DTPP/Money_27117/ServerCallback
通知报文：memberid=200694197&orderid=64407206&transaction_id=20200629210355985154&amount=500.0000&datetime=20200629210404&returncode=00&sign=1E4F04C1687BA52E1CC6B62764248C30&attach=
HTTP状态：
返回：OK

【2020-06-29 21:06:12】
订单号：20200629210601579710
通知地址：http://pay1.4001cdn.com/DTPP/Money_27117/ServerCallback
通知报文：memberid=200694197&orderid=64407343&transaction_id=20200629210601579710&amount=1000.0000&datetime=20200629210612&returncode=00&sign=5484C46D5BB7972EBD9BB4DB8C91B897&attach=
HTTP状态：
返回：OK

【2020-06-29 21:07:06】
订单号：20200629210657494955
通知地址：http://pay1.4001cdn.com/DTPP/Money_27117/ServerCallback
通知报文：memberid=200694197&orderid=64407399&transaction_id=20200629210657494955&amount=1000.0000&datetime=20200629210705&returncode=00&sign=3A66E8EF9A398DDC454B2DE04BE57FE9&attach=
HTTP状态：
返回：OK

【2020-06-29 21:07:14】
订单号：20200629210702544897
通知地址：http://pay1.4001cdn.com/DTPP/Money_27117/ServerCallback
通知报文：memberid=200694197&orderid=64407407&transaction_id=20200629210702544897&amount=1000.0000&datetime=20200629210714&returncode=00&sign=9A82B82D67BDE52DEC06D363E4D0459A&attach=
HTTP状态：
返回：OK

【2020-06-29 21:07:38】
订单号：20200629210730509799
通知地址：http://pay1.4001cdn.com/DTPP/Money_27117/ServerCallback
通知报文：memberid=200694197&orderid=64407442&transaction_id=20200629210730509799&amount=500.0000&datetime=20200629210738&returncode=00&sign=72D80EB2E1F209660E8B0135D32CE53E&attach=
HTTP状态：
返回：OK

【2020-06-29 21:07:59】
订单号：20200629210748521004
通知地址：http://pay1.4001cdn.com/DTPP/Money_27117/ServerCallback
通知报文：memberid=200694197&orderid=64407462&transaction_id=20200629210748521004&amount=300.0000&datetime=20200629210758&returncode=00&sign=C4D6BEFD833F9F084E790FF48EF1ADC8&attach=
HTTP状态：
返回：OK

【2020-06-29 21:08:36】
订单号：20200629210825574810
通知地址：http://pay1.4001cdn.com/DTPP/Money_27117/ServerCallback
通知报文：memberid=200694197&orderid=64407507&transaction_id=20200629210825574810&amount=1000.0000&datetime=20200629210836&returncode=00&sign=8718E4A70EFFB2FD7634A5C204F19674&attach=
HTTP状态：
返回：OK

【2020-06-29 21:12:18】
订单号：20200629211206541005
通知地址：http://pay1.4001cdn.com/DTPP/Money_27117/ServerCallback
通知报文：memberid=200694197&orderid=64407781&transaction_id=20200629211206541005&amount=300.0000&datetime=20200629211216&returncode=00&sign=5757068921BC3BB78C709C7806E668F0&attach=
HTTP状态：
返回：OK

【2020-06-29 21:12:29】
订单号：20200629211214101505
通知地址：http://pay1.4001cdn.com/DTPP/Money_27117/ServerCallback
通知报文：memberid=200694197&orderid=64407791&transaction_id=20200629211214101505&amount=300.0000&datetime=20200629211227&returncode=00&sign=247DF760D4B580C6F4192E28063751A7&attach=
HTTP状态：
返回：OK

【2020-06-29 21:12:35】
订单号：20200629211219515751
通知地址：http://pay1.4001cdn.com/DTPP/Money_27117/ServerCallback
通知报文：memberid=200694197&orderid=64407798&transaction_id=20200629211219515751&amount=300.0000&datetime=20200629211233&returncode=00&sign=2CECE697C22FBAE1EC4D3FDDCAB61573&attach=
HTTP状态：
返回：OK

【2020-06-29 21:12:40】
订单号：20200629211228999848
通知地址：http://pay1.4001cdn.com/DTPP/Money_27117/ServerCallback
通知报文：memberid=200694197&orderid=64407812&transaction_id=20200629211228999848&amount=300.0000&datetime=20200629211240&returncode=00&sign=63061799D5D2E05759D4AF7A3B419BAE&attach=
HTTP状态：
返回：OK

【2020-06-29 21:12:57】
订单号：20200629211249495097
通知地址：http://pay1.4001cdn.com/DTPP/Money_27117/ServerCallback
通知报文：memberid=200694197&orderid=64407838&transaction_id=20200629211249495097&amount=300.0000&datetime=20200629211257&returncode=00&sign=F46DE59E69D61C02C12B30BE649317BC&attach=
HTTP状态：
返回：OK

【2020-06-29 21:13:37】
订单号：20200629211327555251
通知地址：http://pay1.4001cdn.com/DTPP/Money_27117/ServerCallback
通知报文：memberid=200694197&orderid=64407879&transaction_id=20200629211327555251&amount=300.0000&datetime=20200629211336&returncode=00&sign=22C325509DC6A0311124F97F3CED10AE&attach=
HTTP状态：
返回：OK

【2020-06-29 21:13:40】
订单号：20200629211328565649
通知地址：http://pay1.4001cdn.com/DTPP/Money_27117/ServerCallback
通知报文：memberid=200694197&orderid=64407882&transaction_id=20200629211328565649&amount=300.0000&datetime=20200629211340&returncode=00&sign=EC1D0C19674340F67491F8F76AF14034&attach=
HTTP状态：
返回：OK

【2020-06-29 21:13:46】
订单号：20200629211321499855
通知地址：http://pay1.4001cdn.com/DTPP/Money_27117/ServerCallback
通知报文：memberid=200694197&orderid=64407871&transaction_id=20200629211321499855&amount=300.0000&datetime=20200629211346&returncode=00&sign=00C4D3ADC376226E532B54B4A40DA82B&attach=
HTTP状态：
返回：OK

【2020-06-29 21:14:21】
订单号：20200629211406101981
通知地址：http://pay1.4001cdn.com/DTPP/Money_27117/ServerCallback
通知报文：memberid=200694197&orderid=64407916&transaction_id=20200629211406101981&amount=300.0000&datetime=20200629211421&returncode=00&sign=4725B0924D4712AE9782C6D78A447DF5&attach=
HTTP状态：
返回：OK

【2020-06-29 21:15:17】
订单号：20200629211445531024
通知地址：http://pay1.4001cdn.com/DTPP/Money_27117/ServerCallback
通知报文：memberid=200694197&orderid=64407948&transaction_id=20200629211445531024&amount=300.0000&datetime=20200629211516&returncode=00&sign=1645C9CAC8AF62793B717FED61764E14&attach=
HTTP状态：
返回：OK

【2020-06-29 21:15:38】
订单号：20200629211521571024
通知地址：http://pay1.4001cdn.com/DTPP/Money_27117/ServerCallback
通知报文：memberid=200694197&orderid=64407973&transaction_id=20200629211521571024&amount=1000.0000&datetime=20200629211537&returncode=00&sign=857EAF104DBE3FBFAB2D15E6AC7302AF&attach=
HTTP状态：
返回：OK

【2020-06-29 21:15:39】
订单号：20200629211527102102
通知地址：http://pay1.4001cdn.com/DTPP/Money_27117/ServerCallback
通知报文：memberid=200694197&orderid=64407977&transaction_id=20200629211527102102&amount=400.0000&datetime=20200629211539&returncode=00&sign=A8C4618CDBC2FC029676ABACBF0A826B&attach=
HTTP状态：
返回：OK

【2020-06-29 21:18:40】
订单号：20200629211832569810
通知地址：http://pay1.4001cdn.com/DTPP/Money_27117/ServerCallback
通知报文：memberid=200694197&orderid=64408171&transaction_id=20200629211832569810&amount=500.0000&datetime=20200629211840&returncode=00&sign=5315AD0449C3B732EFF16BB57B21CD75&attach=
HTTP状态：
返回：OK

【2020-06-29 21:19:17】
订单号：20200629211901535149
通知地址：http://pay1.4001cdn.com/DTPP/Money_27117/ServerCallback
通知报文：memberid=200694197&orderid=64408193&transaction_id=20200629211901535149&amount=500.0000&datetime=20200629211917&returncode=00&sign=0FF8078B0E462C44984E2D8BF952105F&attach=
HTTP状态：
返回：OK

【2020-06-29 21:20:41】
订单号：20200629212033495353
通知地址：http://pay1.4001cdn.com/DTPP/Money_27117/ServerCallback
通知报文：memberid=200694197&orderid=64408255&transaction_id=20200629212033495353&amount=300.0000&datetime=20200629212041&returncode=00&sign=85F62C395A4E8DF97D757E5677DA7B77&attach=
HTTP状态：
返回：OK

【2020-06-29 21:20:45】
订单号：20200629212021531009
通知地址：http://pay1.4001cdn.com/DTPP/Money_27117/ServerCallback
通知报文：memberid=200694197&orderid=64408245&transaction_id=20200629212021531009&amount=300.0000&datetime=20200629212045&returncode=00&sign=EFC3B088C28E265C28B0D99D3D0E87CE&attach=
HTTP状态：
返回：OK

【2020-06-29 21:22:38】
订单号：20200629212227515097
通知地址：http://pay1.4001cdn.com/DTPP/Money_27117/ServerCallback
通知报文：memberid=200694197&orderid=64408327&transaction_id=20200629212227515097&amount=300.0000&datetime=20200629212237&returncode=00&sign=D31535B11D157DE1C43FD98693F8BFD4&attach=
HTTP状态：
返回：OK

【2020-06-29 21:23:06】
订单号：20200629212144565657
通知地址：http://pay1.4001cdn.com/DTPP/Money_27117/ServerCallback
通知报文：memberid=200694197&orderid=64408297&transaction_id=20200629212144565657&amount=1000.0000&datetime=20200629212303&returncode=00&sign=2C16763090D05885BEA70D26B71C0C70&attach=
HTTP状态：
返回：OK

【2020-06-29 21:23:27】
订单号：20200629212319559710
通知地址：http://pay1.4001cdn.com/DTPP/Money_27117/ServerCallback
通知报文：memberid=200694197&orderid=64408374&transaction_id=20200629212319559710&amount=300.0000&datetime=20200629212326&returncode=00&sign=838253A89C88AF6DD4A98A82B8557687&attach=
HTTP状态：
返回：OK

【2020-06-29 21:23:33】
订单号：20200629212323981001
通知地址：http://pay1.4001cdn.com/DTPP/Money_27117/ServerCallback
通知报文：memberid=200694197&orderid=64408379&transaction_id=20200629212323981001&amount=1000.0000&datetime=20200629212332&returncode=00&sign=A2DBCF9AAC3C70AF161607FF56EBD80E&attach=
HTTP状态：
返回：OK

【2020-06-29 21:23:57】
订单号：20200629212347515757
通知地址：http://pay1.4001cdn.com/DTPP/Money_27117/ServerCallback
通知报文：memberid=200694197&orderid=64408402&transaction_id=20200629212347515757&amount=1000.0000&datetime=20200629212356&returncode=00&sign=4B12466FE6BEB430F999F511D0076948&attach=
HTTP状态：
返回：OK

【2020-06-29 21:24:22】
订单号：20200629212413100525
通知地址：http://pay1.4001cdn.com/DTPP/Money_27117/ServerCallback
通知报文：memberid=200694197&orderid=64408417&transaction_id=20200629212413100525&amount=1000.0000&datetime=20200629212422&returncode=00&sign=491E210C245F4301D56FC1F145CF1A89&attach=
HTTP状态：
返回：OK

【2020-06-29 21:24:41】
订单号：20200629212433495597
通知地址：http://pay1.4001cdn.com/DTPP/Money_27117/ServerCallback
通知报文：memberid=200694197&orderid=64408431&transaction_id=20200629212433495597&amount=1000.0000&datetime=20200629212441&returncode=00&sign=826258CE58A28B2459236397F04D81E4&attach=
HTTP状态：
返回：OK

【2020-06-29 21:24:50】
订单号：20200629212440565654
通知地址：http://pay1.4001cdn.com/DTPP/Money_27117/ServerCallback
通知报文：memberid=200694197&orderid=64408436&transaction_id=20200629212440565654&amount=1000.0000&datetime=20200629212450&returncode=00&sign=0CC4621693353C9773AFD3F04363D2BB&attach=
HTTP状态：
返回：OK

【2020-06-29 21:26:56】
订单号：20200629212644525254
通知地址：http://pay1.4001cdn.com/DTPP/Money_27117/ServerCallback
通知报文：memberid=200694197&orderid=64408526&transaction_id=20200629212644525254&amount=300.0000&datetime=20200629212656&returncode=00&sign=3C4F4444049AD04B5EE139514080C867&attach=
HTTP状态：
返回：OK

【2020-06-29 21:27:07】
订单号：20200629212655102545
通知地址：http://pay1.4001cdn.com/DTPP/Money_27117/ServerCallback
通知报文：memberid=200694197&orderid=64408534&transaction_id=20200629212655102545&amount=300.0000&datetime=20200629212704&returncode=00&sign=0108C8F393255D0CBAA74A25B1EB79D6&attach=
HTTP状态：
返回：OK

【2020-06-29 21:27:17】
订单号：20200629212708995110
通知地址：http://pay1.4001cdn.com/DTPP/Money_27117/ServerCallback
通知报文：memberid=200694197&orderid=64408544&transaction_id=20200629212708995110&amount=300.0000&datetime=20200629212717&returncode=00&sign=794454D69ABBE02B976AD65A4B92DC86&attach=
HTTP状态：
返回：OK

【2020-06-29 21:28:27】
订单号：20200629212818505757
通知地址：http://pay1.4001cdn.com/DTPP/Money_27117/ServerCallback
通知报文：memberid=200694197&orderid=64408609&transaction_id=20200629212818505757&amount=300.0000&datetime=20200629212827&returncode=00&sign=817DB353162D98DEA138CCF7E4FBA78D&attach=
HTTP状态：
返回：OK

【2020-06-29 21:29:30】
订单号：20200629212919102485
通知地址：http://pay1.4001cdn.com/DTPP/Money_27117/ServerCallback
通知报文：memberid=200694197&orderid=64408647&transaction_id=20200629212919102485&amount=300.0000&datetime=20200629212930&returncode=00&sign=5759898B38E74C684893BF7571BA40B9&attach=
HTTP状态：
返回：OK

【2020-06-29 21:29:38】
订单号：20200629212930979753
通知地址：http://pay1.4001cdn.com/DTPP/Money_27117/ServerCallback
通知报文：memberid=200694197&orderid=64408657&transaction_id=20200629212930979753&amount=1000.0000&datetime=20200629212938&returncode=00&sign=05D3194440740B7835602A9C3AB9CCA7&attach=
HTTP状态：
返回：OK

【2020-06-29 21:29:58】
订单号：20200629212948995752
通知地址：http://pay1.4001cdn.com/DTPP/Money_27117/ServerCallback
通知报文：memberid=200694197&orderid=64408666&transaction_id=20200629212948995752&amount=1000.0000&datetime=20200629212958&returncode=00&sign=D3FDA171A405C82BD1C08F17B8B3E424&attach=
HTTP状态：
返回：OK

【2020-06-29 21:30:10】
订单号：20200629212959555798
通知地址：http://pay1.4001cdn.com/DTPP/Money_27117/ServerCallback
通知报文：memberid=200694197&orderid=64408675&transaction_id=20200629212959555798&amount=1000.0000&datetime=20200629213009&returncode=00&sign=DC66A140F230C1233FC13456610373DD&attach=
HTTP状态：
返回：OK

【2020-06-29 21:30:33】
订单号：20200629213008489848
通知地址：http://pay1.4001cdn.com/DTPP/Money_27117/ServerCallback
通知报文：memberid=200694197&orderid=64408681&transaction_id=20200629213008489848&amount=1000.0000&datetime=20200629213033&returncode=00&sign=B48D28E9DA1DBA886A8C2C8CF4849F1A&attach=
HTTP状态：
返回：OK

