【2020-06-30 20:01:49】
订单号：20200630200141535050
通知地址：http://pay1.4001cdn.com/DTPP/Money_27117/ServerCallback
通知报文：memberid=200694197&orderid=64470263&transaction_id=20200630200141535050&amount=400.0000&datetime=20200630200147&returncode=00&sign=139CC98E073BC40972B56996E1498F57&attach=
HTTP状态：
返回：OK

【2020-06-30 20:01:50】
订单号：20200630200141535210
通知地址：http://pay1.4001cdn.com/DTPP/Money_27117/ServerCallback
通知报文：memberid=200694197&orderid=64470265&transaction_id=20200630200141535210&amount=300.0000&datetime=20200630200148&returncode=00&sign=1E1ED0A5CFD082008054DCF84CAE4E09&attach=
HTTP状态：
返回：OK

【2020-06-30 20:02:04】
订单号：20200630200157534949
通知地址：http://pay1.4001cdn.com/DTPP/Money_27117/ServerCallback
通知报文：memberid=200694197&orderid=64470277&transaction_id=20200630200157534949&amount=300.0000&datetime=20200630200203&returncode=00&sign=1A1C38FB2B7350D0B5080917FC8A7419&attach=
HTTP状态：
返回：OK

【2020-06-30 20:02:24】
订单号：20200630200216569849
通知地址：http://pay1.4001cdn.com/DTPP/Money_27117/ServerCallback
通知报文：memberid=200694197&orderid=64470290&transaction_id=20200630200216569849&amount=500.0000&datetime=20200630200223&returncode=00&sign=F761B27BA5A88EFB644038A66BAB4566&attach=
HTTP状态：
返回：OK

【2020-06-30 20:02:29】
订单号：20200630200221100565
通知地址：http://pay1.4001cdn.com/DTPP/Money_27117/ServerCallback
通知报文：memberid=200694197&orderid=64470294&transaction_id=20200630200221100565&amount=300.0000&datetime=20200630200229&returncode=00&sign=5753FEF0CEF5219A528FE69759732EEE&attach=
HTTP状态：
返回：OK

【2020-06-30 20:03:39】
订单号：20200630200330504810
通知地址：http://pay1.4001cdn.com/DTPP/Money_27117/ServerCallback
通知报文：memberid=200694197&orderid=64470346&transaction_id=20200630200330504810&amount=500.0000&datetime=20200630200339&returncode=00&sign=8CA47F7040A05BFEED4E6B6DDA637256&attach=
HTTP状态：
返回：OK

【2020-06-30 20:03:42】
订单号：20200630200333539748
通知地址：http://pay1.4001cdn.com/DTPP/Money_27117/ServerCallback
通知报文：memberid=200694197&orderid=64470350&transaction_id=20200630200333539748&amount=300.0000&datetime=20200630200341&returncode=00&sign=942E39EAF6CD4AD3891C4A229ABEB3CF&attach=
HTTP状态：
返回：OK

【2020-06-30 20:07:24】
订单号：20200630200716521015
通知地址：http://pay1.4001cdn.com/DTPP/Money_27117/ServerCallback
通知报文：memberid=200694197&orderid=64470502&transaction_id=20200630200716521015&amount=400.0000&datetime=20200630200723&returncode=00&sign=931EC8A55E1537551080914DC7DDA7B2&attach=
HTTP状态：
返回：OK

【2020-06-30 20:12:25】
订单号：20200630201212999753
通知地址：http://pay1.4001cdn.com/DTPP/Money_27117/ServerCallback
通知报文：memberid=200694197&orderid=64470707&transaction_id=20200630201212999753&amount=300.0000&datetime=20200630201223&returncode=00&sign=39F829984AE4194B23B58027519AD4C2&attach=
HTTP状态：
返回：OK

【2020-06-30 20:12:25】
订单号：20200630201217495652
通知地址：http://pay1.4001cdn.com/DTPP/Money_27117/ServerCallback
通知报文：memberid=200694197&orderid=64470712&transaction_id=20200630201217495652&amount=500.0000&datetime=20200630201223&returncode=00&sign=68267F637D2DB912A625F49E20DE0C62&attach=
HTTP状态：
返回：OK

【2020-06-30 20:13:04】
订单号：20200630201254545210
通知地址：http://pay1.4001cdn.com/DTPP/Money_27117/ServerCallback
通知报文：memberid=200694197&orderid=64470759&transaction_id=20200630201254545210&amount=300.0000&datetime=20200630201304&returncode=00&sign=3D3D470BF8CAFC25D30E920DE7393697&attach=
HTTP状态：
返回：OK

【2020-06-30 20:17:17】
订单号：20200630201707519951
通知地址：http://pay1.4001cdn.com/DTPP/Money_27117/ServerCallback
通知报文：memberid=200694197&orderid=64470964&transaction_id=20200630201707519951&amount=800.0000&datetime=20200630201716&returncode=00&sign=2CF9567C17E1A552E9DF229996632B99&attach=
HTTP状态：
返回：OK

【2020-06-30 20:17:22】
订单号：20200630201703102559
通知地址：http://pay1.4001cdn.com/DTPP/Money_27117/ServerCallback
通知报文：memberid=200694197&orderid=64470960&transaction_id=20200630201703102559&amount=301.0000&datetime=20200630201721&returncode=00&sign=EF365944272E03398EE7710FEBD380A3&attach=
HTTP状态：
返回：OK

【2020-06-30 20:20:08】
订单号：20200630201959102501
通知地址：http://pay1.4001cdn.com/DTPP/Money_27117/ServerCallback
通知报文：memberid=200694197&orderid=64471108&transaction_id=20200630201959102501&amount=1000.0000&datetime=20200630202008&returncode=00&sign=A314B2B8BAC187913D4E3B84B3990790&attach=
HTTP状态：
返回：OK

【2020-06-30 20:21:04】
订单号：20200630202045100999
通知地址：http://pay1.4001cdn.com/DTPP/Money_27117/ServerCallback
通知报文：memberid=200694197&orderid=64471142&transaction_id=20200630202045100999&amount=301.0000&datetime=20200630202104&returncode=00&sign=1C7C2CA64DA77DE977CE07BF816E73AF&attach=
HTTP状态：
返回：OK

【2020-06-30 20:23:22】
订单号：20200630202314509956
通知地址：http://pay1.4001cdn.com/DTPP/Money_27117/ServerCallback
通知报文：memberid=200694197&orderid=64471267&transaction_id=20200630202314509956&amount=300.0000&datetime=20200630202321&returncode=00&sign=E43499E863F5EE7B06276E632A5E4F0B&attach=
HTTP状态：
返回：OK

【2020-06-30 20:24:06】
订单号：20200630202333531015
通知地址：http://pay1.4001cdn.com/DTPP/Money_27117/ServerCallback
通知报文：memberid=200694197&orderid=64471285&transaction_id=20200630202333531015&amount=500.0000&datetime=20200630202406&returncode=00&sign=F217DE0C82C0771DADB44744DEEEFED7&attach=
HTTP状态：
返回：OK

【2020-06-30 20:24:40】
订单号：20200630202432489954
通知地址：http://pay1.4001cdn.com/DTPP/Money_27117/ServerCallback
通知报文：memberid=200694197&orderid=64471340&transaction_id=20200630202432489954&amount=300.0000&datetime=20200630202439&returncode=00&sign=176D0522906C29807D99FB734C9EDB30&attach=
HTTP状态：
返回：OK

【2020-06-30 20:25:48】
订单号：20200630202538505154
通知地址：http://pay1.4001cdn.com/DTPP/Money_27117/ServerCallback
通知报文：memberid=200694197&orderid=64471388&transaction_id=20200630202538505154&amount=300.0000&datetime=20200630202548&returncode=00&sign=282FE4001610C2325378136C6A0422A0&attach=
HTTP状态：
返回：OK

【2020-06-30 20:26:46】
订单号：20200630202637100569
通知地址：http://pay1.4001cdn.com/DTPP/Money_27117/ServerCallback
通知报文：memberid=200694197&orderid=64471424&transaction_id=20200630202637100569&amount=700.0000&datetime=20200630202646&returncode=00&sign=58844C19F0022AC77BD1AA6F912F6A4D&attach=
HTTP状态：
返回：OK

【2020-06-30 20:27:36】
订单号：20200630202725100579
通知地址：http://pay1.4001cdn.com/DTPP/Money_27117/ServerCallback
通知报文：memberid=200694197&orderid=64471444&transaction_id=20200630202725100579&amount=1000.0000&datetime=20200630202735&returncode=00&sign=90278DB4942809F1186BFC802D8DC32D&attach=
HTTP状态：
返回：OK

【2020-06-30 20:27:42】
订单号：20200630202732525210
通知地址：http://pay1.4001cdn.com/DTPP/Money_27117/ServerCallback
通知报文：memberid=200694197&orderid=64471449&transaction_id=20200630202732525210&amount=300.0000&datetime=20200630202742&returncode=00&sign=93E1CE03C0F3A3C04CB0A32ADB5A5C11&attach=
HTTP状态：
返回：OK

【2020-06-30 20:28:55】
订单号：20200630202846101505
通知地址：http://pay1.4001cdn.com/DTPP/Money_27117/ServerCallback
通知报文：memberid=200694197&orderid=64471507&transaction_id=20200630202846101505&amount=500.0000&datetime=20200630202854&returncode=00&sign=63C897BCBF0731AEDA2E8F606CF5D507&attach=
HTTP状态：
返回：OK

【2020-06-30 20:29:40】
订单号：20200630202929575353
通知地址：http://pay1.4001cdn.com/DTPP/Money_27117/ServerCallback
通知报文：memberid=200694197&orderid=64471533&transaction_id=20200630202929575353&amount=300.0000&datetime=20200630202939&returncode=00&sign=5D4E809F42E18CE6774CAF1F6EC0192D&attach=
HTTP状态：
返回：OK

【2020-06-30 20:29:47】
订单号：20200630202939515549
通知地址：http://pay1.4001cdn.com/DTPP/Money_27117/ServerCallback
通知报文：memberid=200694197&orderid=64471541&transaction_id=20200630202939515549&amount=300.0000&datetime=20200630202946&returncode=00&sign=6BD0B11BC1662E7BFB82B89BC31D2B69&attach=
HTTP状态：
返回：OK

【2020-06-30 20:30:02】
订单号：20200630202952484910
通知地址：http://pay1.4001cdn.com/DTPP/Money_27117/ServerCallback
通知报文：memberid=200694197&orderid=64471551&transaction_id=20200630202952484910&amount=300.0000&datetime=20200630203001&returncode=00&sign=D1BC404E738FAD2EDA86E5D6677AD681&attach=
HTTP状态：
返回：OK

【2020-06-30 20:30:39】
订单号：20200630203031559856
通知地址：http://pay1.4001cdn.com/DTPP/Money_27117/ServerCallback
通知报文：memberid=200694197&orderid=64471574&transaction_id=20200630203031559856&amount=500.0000&datetime=20200630203038&returncode=00&sign=CB0C9A69FF64F429144807C0043E9ABB&attach=
HTTP状态：
返回：OK

【2020-06-30 20:31:12】
订单号：20200630203102545550
通知地址：http://pay1.4001cdn.com/DTPP/Money_27117/ServerCallback
通知报文：memberid=200694197&orderid=64471592&transaction_id=20200630203102545550&amount=300.0000&datetime=20200630203112&returncode=00&sign=F709CB7CD9E4F5A14D5EA903E9A6A0A0&attach=
HTTP状态：
返回：OK

【2020-06-30 20:32:33】
订单号：20200630203214101579
通知地址：http://pay1.4001cdn.com/DTPP/Money_27117/ServerCallback
通知报文：memberid=200694197&orderid=64471634&transaction_id=20200630203214101579&amount=322.0000&datetime=20200630203233&returncode=00&sign=E724DB20B5F7767BFCE5050D34DF2B53&attach=
HTTP状态：
返回：OK

【2020-06-30 20:33:23】
订单号：20200630203310541024
通知地址：http://pay1.4001cdn.com/DTPP/Money_27117/ServerCallback
通知报文：memberid=200694197&orderid=64471674&transaction_id=20200630203310541024&amount=300.0000&datetime=20200630203322&returncode=00&sign=01CEC3A5D2FAA34FAB0F66E8A391370D&attach=
HTTP状态：
返回：OK

【2020-06-30 20:34:35】
订单号：20200630203425495056
通知地址：http://pay1.4001cdn.com/DTPP/Money_27117/ServerCallback
通知报文：memberid=200694197&orderid=64471742&transaction_id=20200630203425495056&amount=1000.0000&datetime=20200630203434&returncode=00&sign=CB61C7E6D96BA83155101BF04042B4B3&attach=
HTTP状态：
返回：OK

【2020-06-30 20:35:45】
订单号：20200630203529495752
通知地址：http://pay1.4001cdn.com/DTPP/Money_27117/ServerCallback
通知报文：memberid=200694197&orderid=64471794&transaction_id=20200630203529495752&amount=300.0000&datetime=20200630203544&returncode=00&sign=FD46F5D401D4A2D9464A3897F832ED71&attach=
HTTP状态：
返回：OK

【2020-06-30 20:36:38】
订单号：20200630203624561015
通知地址：http://pay1.4001cdn.com/DTPP/Money_27117/ServerCallback
通知报文：memberid=200694197&orderid=64471847&transaction_id=20200630203624561015&amount=500.0000&datetime=20200630203637&returncode=00&sign=3D4D7A362D1F9BEBA7CE9AEC177E279E&attach=
HTTP状态：
返回：OK

【2020-06-30 20:42:18】
订单号：20200630204208489848
通知地址：http://pay1.4001cdn.com/DTPP/Money_27117/ServerCallback
通知报文：memberid=200694197&orderid=64472171&transaction_id=20200630204208489848&amount=300.0000&datetime=20200630204217&returncode=00&sign=74FEEB4F3B84432502957E3A84EECB98&attach=
HTTP状态：
返回：OK

【2020-06-30 20:42:41】
订单号：20200630204228521005
通知地址：http://pay1.4001cdn.com/DTPP/Money_27117/ServerCallback
通知报文：memberid=200694197&orderid=64472200&transaction_id=20200630204228521005&amount=400.0000&datetime=20200630204238&returncode=00&sign=981F647F41C45575868CCB987C71BB52&attach=
HTTP状态：
返回：OK

【2020-06-30 20:42:53】
订单号：20200630204235985253
通知地址：http://pay1.4001cdn.com/DTPP/Money_27117/ServerCallback
通知报文：memberid=200694197&orderid=64472206&transaction_id=20200630204235985253&amount=321.0000&datetime=20200630204252&returncode=00&sign=D08F5DD889B5A6C3AC5ABE816D2CBDE3&attach=
HTTP状态：
返回：OK

【2020-06-30 20:43:10】
订单号：20200630204300525149
通知地址：http://pay1.4001cdn.com/DTPP/Money_27117/ServerCallback
通知报文：memberid=200694197&orderid=64472237&transaction_id=20200630204300525149&amount=300.0000&datetime=20200630204310&returncode=00&sign=DC3BC3229A7EB748FDC8B9BE07299254&attach=
HTTP状态：
返回：OK

【2020-06-30 20:45:29】
订单号：20200630204514975551
通知地址：http://pay1.4001cdn.com/DTPP/Money_27117/ServerCallback
通知报文：memberid=200694197&orderid=64472436&transaction_id=20200630204514975551&amount=800.0000&datetime=20200630204527&returncode=00&sign=483FB68038E613D0646446756F906C9A&attach=
HTTP状态：
返回：OK

【2020-06-30 20:47:16】
订单号：20200630204701535256
通知地址：http://pay1.4001cdn.com/DTPP/Money_27117/ServerCallback
通知报文：memberid=200694197&orderid=64472602&transaction_id=20200630204701535256&amount=380.0000&datetime=20200630204714&returncode=00&sign=AEC640A203D5A53F4C1D91C9A294AF77&attach=
HTTP状态：
返回：OK

【2020-06-30 20:47:47】
订单号：20200630204736569997
通知地址：http://pay1.4001cdn.com/DTPP/Money_27117/ServerCallback
通知报文：memberid=200694197&orderid=64472650&transaction_id=20200630204736569997&amount=400.0000&datetime=20200630204747&returncode=00&sign=F3FA2AAB70F1C88B6D6008A1C2DBADDB&attach=
HTTP状态：
返回：OK

【2020-06-30 20:48:40】
订单号：20200630204817499855
通知地址：http://pay1.4001cdn.com/DTPP/Money_27117/ServerCallback
通知报文：memberid=200694197&orderid=64472710&transaction_id=20200630204817499855&amount=300.0000&datetime=20200630204840&returncode=00&sign=ADC2B3E616FAC2AE693193D999F0E03D&attach=
HTTP状态：
返回：OK

【2020-06-30 20:51:37】
订单号：20200630205129491005
通知地址：http://pay1.4001cdn.com/DTPP/Money_27117/ServerCallback
通知报文：memberid=200694197&orderid=64472967&transaction_id=20200630205129491005&amount=300.0000&datetime=20200630205136&returncode=00&sign=6BEE46E23CA9FDCC9389F09C6D0AEC77&attach=
HTTP状态：
返回：OK

【2020-06-30 20:56:22】
订单号：20200630205611981015
通知地址：http://pay1.4001cdn.com/DTPP/Money_27117/ServerCallback
通知报文：memberid=200694197&orderid=64473243&transaction_id=20200630205611981015&amount=500.0000&datetime=20200630205620&returncode=00&sign=7A21EE00439A6D843F911294B462B38A&attach=
HTTP状态：
返回：OK

【2020-06-30 20:59:30】
订单号：20200630205916529754
通知地址：http://pay1.4001cdn.com/DTPP/Money_27117/ServerCallback
通知报文：memberid=200694197&orderid=64473456&transaction_id=20200630205916529754&amount=300.0000&datetime=20200630205928&returncode=00&sign=7C8DAE2CA09EDF97CEC1C1949EF0BE21&attach=
HTTP状态：
返回：OK

【2020-06-30 21:00:48】
订单号：20200630210035514949
通知地址：http://pay1.4001cdn.com/DTPP/Money_27117/ServerCallback
通知报文：memberid=200694197&orderid=64473552&transaction_id=20200630210035514949&amount=500.0000&datetime=20200630210047&returncode=00&sign=18D6DEFBDB73013A301428F00094C861&attach=
HTTP状态：
返回：OK

【2020-06-30 21:01:23】
订单号：20200630210114975510
通知地址：http://pay1.4001cdn.com/DTPP/Money_27117/ServerCallback
通知报文：memberid=200694197&orderid=64473585&transaction_id=20200630210114975510&amount=369.0000&datetime=20200630210123&returncode=00&sign=B556E797F77AC5DF64332CB44DD176DC&attach=
HTTP状态：
返回：OK

【2020-06-30 21:01:28】
订单号：20200630210115981015
通知地址：http://pay1.4001cdn.com/DTPP/Money_27117/ServerCallback
通知报文：memberid=200694197&orderid=64473588&transaction_id=20200630210115981015&amount=300.0000&datetime=20200630210128&returncode=00&sign=C409AB8E64EA326FE85160049EEBBC25&attach=
HTTP状态：
返回：OK

【2020-06-30 21:02:43】
订单号：20200630210231555550
通知地址：http://pay1.4001cdn.com/DTPP/Money_27117/ServerCallback
通知报文：memberid=200694197&orderid=64473688&transaction_id=20200630210231555550&amount=300.0000&datetime=20200630210242&returncode=00&sign=0CCB359495B1C6735377D4D50E7E88C8&attach=
HTTP状态：
返回：OK

【2020-06-30 21:05:00】
订单号：20200630210436525748
通知地址：http://pay1.4001cdn.com/DTPP/Money_27117/ServerCallback
通知报文：memberid=200694197&orderid=64473835&transaction_id=20200630210436525748&amount=300.0000&datetime=20200630210457&returncode=00&sign=A3B004F99D1C38313D9CEF09834FC54B&attach=
HTTP状态：
返回：OK

【2020-06-30 21:06:17】
订单号：20200630210602974851
通知地址：http://pay1.4001cdn.com/DTPP/Money_27117/ServerCallback
通知报文：memberid=200694197&orderid=64473916&transaction_id=20200630210602974851&amount=335.0000&datetime=20200630210617&returncode=00&sign=3261DE276C76F2DDFD50340222E113B9&attach=
HTTP状态：
返回：OK

【2020-06-30 21:10:04】
订单号：20200630210951102504
通知地址：http://pay1.4001cdn.com/DTPP/Money_27117/ServerCallback
通知报文：memberid=200694197&orderid=64474160&transaction_id=20200630210951102504&amount=300.0000&datetime=20200630211001&returncode=00&sign=264DA521F04E21925A7D8B421FE94BAC&attach=
HTTP状态：
返回：OK

【2020-06-30 21:11:44】
订单号：20200630211135555657
通知地址：http://pay1.4001cdn.com/DTPP/Money_27117/ServerCallback
通知报文：memberid=200694197&orderid=64474264&transaction_id=20200630211135555657&amount=500.0000&datetime=20200630211142&returncode=00&sign=40318EBF29F66D9F801B3519F0698AB0&attach=
HTTP状态：
返回：OK

【2020-06-30 21:12:44】
订单号：20200630211236529951
通知地址：http://pay1.4001cdn.com/DTPP/Money_27117/ServerCallback
通知报文：memberid=200694197&orderid=64474342&transaction_id=20200630211236529951&amount=300.0000&datetime=20200630211244&returncode=00&sign=DFEEF967C4B0449CD50CA6763657EE52&attach=
HTTP状态：
返回：OK

【2020-06-30 21:14:48】
订单号：20200630211436991015
通知地址：http://pay1.4001cdn.com/DTPP/Money_27117/ServerCallback
通知报文：memberid=200694197&orderid=64474450&transaction_id=20200630211436991015&amount=1000.0000&datetime=20200630211447&returncode=00&sign=AA5FEB66EC74E64480BD4A814B908753&attach=
HTTP状态：
返回：OK

【2020-06-30 21:14:55】
订单号：20200630211444525710
通知地址：http://pay1.4001cdn.com/DTPP/Money_27117/ServerCallback
通知报文：memberid=200694197&orderid=64474456&transaction_id=20200630211444525710&amount=300.0000&datetime=20200630211455&returncode=00&sign=78F6171F26AC00F166742789683F9F7E&attach=
HTTP状态：
返回：OK

【2020-06-30 21:16:42】
订单号：20200630211633495097
通知地址：http://pay1.4001cdn.com/DTPP/Money_27117/ServerCallback
通知报文：memberid=200694197&orderid=64474543&transaction_id=20200630211633495097&amount=500.0000&datetime=20200630211642&returncode=00&sign=B7E7AABF896D30B13B1F5C71CEC6E11D&attach=
HTTP状态：
返回：OK

【2020-06-30 21:16:48】
订单号：20200630211636525798
通知地址：http://pay1.4001cdn.com/DTPP/Money_27117/ServerCallback
通知报文：memberid=200694197&orderid=64474547&transaction_id=20200630211636525798&amount=512.0000&datetime=20200630211647&returncode=00&sign=923D233EB43844DED0DB0A556E2D8BE5&attach=
HTTP状态：
返回：OK

【2020-06-30 21:17:34】
订单号：20200630211726545410
通知地址：http://pay1.4001cdn.com/DTPP/Money_27117/ServerCallback
通知报文：memberid=200694197&orderid=64474602&transaction_id=20200630211726545410&amount=500.0000&datetime=20200630211733&returncode=00&sign=28823BBDDD5E4F0BB500A57BE43754BF&attach=
HTTP状态：
返回：OK

【2020-06-30 21:18:00】
订单号：20200630211742549948
通知地址：http://pay1.4001cdn.com/DTPP/Money_27117/ServerCallback
通知报文：memberid=200694197&orderid=64474624&transaction_id=20200630211742549948&amount=300.0000&datetime=20200630211800&returncode=00&sign=9511479499C4E8DB7C97E6C51C220057&attach=
HTTP状态：
返回：OK

【2020-06-30 21:20:03】
订单号：20200630211955984850
通知地址：http://pay1.4001cdn.com/DTPP/Money_27117/ServerCallback
通知报文：memberid=200694197&orderid=64474775&transaction_id=20200630211955984850&amount=300.0000&datetime=20200630212003&returncode=00&sign=C54F4CCF68AB215C97E4ACF5F442430D&attach=
HTTP状态：
返回：OK

【2020-06-30 21:20:12】
订单号：20200630212002501001
通知地址：http://pay1.4001cdn.com/DTPP/Money_27117/ServerCallback
通知报文：memberid=200694197&orderid=64474784&transaction_id=20200630212002501001&amount=500.0000&datetime=20200630212011&returncode=00&sign=F6DC9DD6C1DFA40A781BFBE8BA104D8B&attach=
HTTP状态：
返回：OK

【2020-06-30 21:20:21】
订单号：20200630212011985797
通知地址：http://pay1.4001cdn.com/DTPP/Money_27117/ServerCallback
通知报文：memberid=200694197&orderid=64474792&transaction_id=20200630212011985797&amount=300.0000&datetime=20200630212021&returncode=00&sign=23E8979BB568DCF17ACD3DBB1FFA2800&attach=
HTTP状态：
返回：OK

【2020-06-30 21:23:39】
订单号：20200630212330505052
通知地址：http://pay1.4001cdn.com/DTPP/Money_27117/ServerCallback
通知报文：memberid=200694197&orderid=64474984&transaction_id=20200630212330505052&amount=500.0000&datetime=20200630212337&returncode=00&sign=912D625AD8D16E5D9F6027D186C8A4F1&attach=
HTTP状态：
返回：OK

【2020-06-30 21:24:22】
订单号：20200630212411985610
通知地址：http://pay1.4001cdn.com/DTPP/Money_27117/ServerCallback
通知报文：memberid=200694197&orderid=64475031&transaction_id=20200630212411985610&amount=500.0000&datetime=20200630212422&returncode=00&sign=12C13D4E2EA692338DBE7DE981217AB0&attach=
HTTP状态：
返回：OK

【2020-06-30 21:29:56】
订单号：20200630212944565610
通知地址：http://pay1.4001cdn.com/DTPP/Money_27117/ServerCallback
通知报文：memberid=200694197&orderid=64475409&transaction_id=20200630212944565610&amount=500.0000&datetime=20200630212955&returncode=00&sign=2F008B8EA676F6690F551B0201B81F5E&attach=
HTTP状态：
返回：OK

【2020-06-30 21:30:15】
订单号：20200630213004991011
通知地址：http://pay1.4001cdn.com/DTPP/Money_27117/ServerCallback
通知报文：memberid=200694197&orderid=64475440&transaction_id=20200630213004991011&amount=300.0000&datetime=20200630213014&returncode=00&sign=61062B75BA52919C4E1942799469AC32&attach=
HTTP状态：
返回：OK

【2020-06-30 21:30:35】
订单号：20200630213024481015
通知地址：http://pay1.4001cdn.com/DTPP/Money_27117/ServerCallback
通知报文：memberid=200694197&orderid=64475465&transaction_id=20200630213024481015&amount=300.0000&datetime=20200630213034&returncode=00&sign=8FB1F380AD8F97F8E54048000A989861&attach=
HTTP状态：
返回：OK

【2020-06-30 21:30:59】
订单号：20200630213049575497
通知地址：http://pay1.4001cdn.com/DTPP/Money_27117/ServerCallback
通知报文：memberid=200694197&orderid=64475511&transaction_id=20200630213049575497&amount=300.0000&datetime=20200630213059&returncode=00&sign=F9AB07B76D6AD8BB6502D51550DC6E40&attach=
HTTP状态：
返回：OK

【2020-06-30 21:31:13】
订单号：20200630213105575299
通知地址：http://pay1.4001cdn.com/DTPP/Money_27117/ServerCallback
通知报文：memberid=200694197&orderid=64475543&transaction_id=20200630213105575299&amount=300.0000&datetime=20200630213113&returncode=00&sign=5C0F170CA319DF3D4AA29669B416E289&attach=
HTTP状态：
返回：OK

【2020-06-30 21:31:20】
订单号：20200630213106975550
通知地址：http://pay1.4001cdn.com/DTPP/Money_27117/ServerCallback
通知报文：memberid=200694197&orderid=64475545&transaction_id=20200630213106975550&amount=300.0000&datetime=20200630213119&returncode=00&sign=142E6ED288EA38B4A89C9BD5A6A99FCA&attach=
HTTP状态：
返回：OK

【2020-06-30 21:31:21】
订单号：20200630213106975110
通知地址：http://pay1.4001cdn.com/DTPP/Money_27117/ServerCallback
通知报文：memberid=200694197&orderid=64475544&transaction_id=20200630213106975110&amount=300.0000&datetime=20200630213120&returncode=00&sign=1E58BC773A7F80B42C08C170C70A668C&attach=
HTTP状态：
返回：OK

【2020-06-30 21:31:30】
订单号：20200630213110101102
通知地址：http://pay1.4001cdn.com/DTPP/Money_27117/ServerCallback
通知报文：memberid=200694197&orderid=64475547&transaction_id=20200630213110101102&amount=300.0000&datetime=20200630213129&returncode=00&sign=F9E108951ECAE356883C039EFB55F3A8&attach=
HTTP状态：
返回：OK

【2020-06-30 21:31:47】
订单号：20200630213137575151
通知地址：http://pay1.4001cdn.com/DTPP/Money_27117/ServerCallback
通知报文：memberid=200694197&orderid=64475580&transaction_id=20200630213137575151&amount=300.0000&datetime=20200630213147&returncode=00&sign=A4422BF4A9325ADDE8C9B5C23A122C3B&attach=
HTTP状态：
返回：OK

【2020-06-30 21:32:50】
订单号：20200630213242974810
通知地址：http://pay1.4001cdn.com/DTPP/Money_27117/ServerCallback
通知报文：memberid=200694197&orderid=64475662&transaction_id=20200630213242974810&amount=300.0000&datetime=20200630213250&returncode=00&sign=5D714C5D19F8B0C863957FB26759725E&attach=
HTTP状态：
返回：OK

【2020-06-30 21:33:02】
订单号：20200630213253535097
通知地址：http://pay1.4001cdn.com/DTPP/Money_27117/ServerCallback
通知报文：memberid=200694197&orderid=64475672&transaction_id=20200630213253535097&amount=300.0000&datetime=20200630213301&returncode=00&sign=6FBC41FEE91AA0D762B34611ABC86B41&attach=
HTTP状态：
返回：OK

【2020-06-30 21:33:14】
订单号：20200630213303102551
通知地址：http://pay1.4001cdn.com/DTPP/Money_27117/ServerCallback
通知报文：memberid=200694197&orderid=64475683&transaction_id=20200630213303102551&amount=300.0000&datetime=20200630213314&returncode=00&sign=6384243C74E5DB1A524DC913896A5236&attach=
HTTP状态：
返回：OK

【2020-06-30 21:33:44】
订单号：20200630213336485455
通知地址：http://pay1.4001cdn.com/DTPP/Money_27117/ServerCallback
通知报文：memberid=200694197&orderid=64475718&transaction_id=20200630213336485455&amount=300.0000&datetime=20200630213343&returncode=00&sign=373749885AB85E4895D07ACF173185CF&attach=
HTTP状态：
返回：OK

【2020-06-30 21:36:30】
订单号：20200630213613100505
通知地址：http://pay1.4001cdn.com/DTPP/Money_27117/ServerCallback
通知报文：memberid=200694197&orderid=64475897&transaction_id=20200630213613100505&amount=300.0000&datetime=20200630213630&returncode=00&sign=072E3EA59D4B03056DAD269DE6FFC8C6&attach=
HTTP状态：
返回：OK

【2020-06-30 21:37:01】
订单号：20200630213638541025
通知地址：http://pay1.4001cdn.com/DTPP/Money_27117/ServerCallback
通知报文：memberid=200694197&orderid=64475930&transaction_id=20200630213638541025&amount=500.0000&datetime=20200630213700&returncode=00&sign=C0F5396833B04B04783719BF32E130DB&attach=
HTTP状态：
返回：OK

【2020-06-30 21:37:06】
订单号：20200630213652521005
通知地址：http://pay1.4001cdn.com/DTPP/Money_27117/ServerCallback
通知报文：memberid=200694197&orderid=64475942&transaction_id=20200630213652521005&amount=500.0000&datetime=20200630213706&returncode=00&sign=22DE8E3B82595E8D89A4FE4028C96B35&attach=
HTTP状态：
返回：OK

【2020-06-30 21:37:17】
订单号：20200630213707515155
通知地址：http://pay1.4001cdn.com/DTPP/Money_27117/ServerCallback
通知报文：memberid=200694197&orderid=64475957&transaction_id=20200630213707515155&amount=300.0000&datetime=20200630213717&returncode=00&sign=D2A0E471621BF2B78E2201946AFC5C38&attach=
HTTP状态：
返回：OK

【2020-06-30 21:37:19】
订单号：20200630213705499951
通知地址：http://pay1.4001cdn.com/DTPP/Money_27117/ServerCallback
通知报文：memberid=200694197&orderid=64475954&transaction_id=20200630213705499951&amount=500.0000&datetime=20200630213718&returncode=00&sign=30E7788A2349F82141ED8BC4353EE3EB&attach=
HTTP状态：
返回：OK

【2020-06-30 21:38:10】
订单号：20200630213752485748
通知地址：http://pay1.4001cdn.com/DTPP/Money_27117/ServerCallback
通知报文：memberid=200694197&orderid=64476018&transaction_id=20200630213752485748&amount=300.0000&datetime=20200630213809&returncode=00&sign=17DB5B332A29E42F10FBA616F7691695&attach=
HTTP状态：
返回：OK

【2020-06-30 21:38:52】
订单号：20200630213843515653
通知地址：http://pay1.4001cdn.com/DTPP/Money_27117/ServerCallback
通知报文：memberid=200694197&orderid=64476085&transaction_id=20200630213843515653&amount=300.0000&datetime=20200630213852&returncode=00&sign=38F620681E70ABC51781D1391D2237DA&attach=
HTTP状态：
返回：OK

【2020-06-30 21:40:07】
订单号：20200630213957100575
通知地址：http://pay1.4001cdn.com/DTPP/Money_27117/ServerCallback
通知报文：memberid=200694197&orderid=64476161&transaction_id=20200630213957100575&amount=511.0000&datetime=20200630214006&returncode=00&sign=261AF9A23325C7E062160B32A20D34C4&attach=
HTTP状态：
返回：OK

【2020-06-30 21:42:35】
订单号：20200630214225495357
通知地址：http://pay1.4001cdn.com/DTPP/Money_27117/ServerCallback
通知报文：memberid=200694197&orderid=64476312&transaction_id=20200630214225495357&amount=300.0000&datetime=20200630214234&returncode=00&sign=CF886205D18AE5A3EC4C7876D83E692C&attach=
HTTP状态：
返回：OK

【2020-06-30 21:42:46】
订单号：20200630214233579799
通知地址：http://pay1.4001cdn.com/DTPP/Money_27117/ServerCallback
通知报文：memberid=200694197&orderid=64476318&transaction_id=20200630214233579799&amount=500.0000&datetime=20200630214244&returncode=00&sign=48DFD2628E20F4386A1DF9A81697E691&attach=
HTTP状态：
返回：OK

【2020-06-30 21:46:39】
订单号：20200630214626509856
通知地址：http://pay1.4001cdn.com/DTPP/Money_27117/ServerCallback
通知报文：memberid=200694197&orderid=64476551&transaction_id=20200630214626509856&amount=300.0000&datetime=20200630214638&returncode=00&sign=F0CD4F5B05FF1B570BCC383D68267FE0&attach=
HTTP状态：
返回：OK

【2020-06-30 21:46:47】
订单号：20200630214636995153
通知地址：http://pay1.4001cdn.com/DTPP/Money_27117/ServerCallback
通知报文：memberid=200694197&orderid=64476558&transaction_id=20200630214636995153&amount=300.0000&datetime=20200630214646&returncode=00&sign=9FE9043BA4DDE9A5E3295E8CEDD0799C&attach=
HTTP状态：
返回：OK

【2020-06-30 21:47:40】
订单号：20200630214729491015
通知地址：http://pay1.4001cdn.com/DTPP/Money_27117/ServerCallback
通知报文：memberid=200694197&orderid=64476597&transaction_id=20200630214729491015&amount=300.0000&datetime=20200630214739&returncode=00&sign=58377A9CD91BE7416A829A583A571BEA&attach=
HTTP状态：
返回：OK

【2020-06-30 21:47:53】
订单号：20200630214746505310
通知地址：http://pay1.4001cdn.com/DTPP/Money_27117/ServerCallback
通知报文：memberid=200694197&orderid=64476611&transaction_id=20200630214746505310&amount=500.0000&datetime=20200630214753&returncode=00&sign=0FC6CF998C9824ECE660541590F47C33&attach=
HTTP状态：
返回：OK

【2020-06-30 21:48:07】
订单号：20200630214750545149
通知地址：http://pay1.4001cdn.com/DTPP/Money_27117/ServerCallback
通知报文：memberid=200694197&orderid=64476615&transaction_id=20200630214750545149&amount=499.0000&datetime=20200630214807&returncode=00&sign=74878EF672F829ADB92C416721A7304D&attach=
HTTP状态：
返回：OK

【2020-06-30 21:48:51】
订单号：20200630214841574910
通知地址：http://pay1.4001cdn.com/DTPP/Money_27117/ServerCallback
通知报文：memberid=200694197&orderid=64476662&transaction_id=20200630214841574910&amount=300.0000&datetime=20200630214850&returncode=00&sign=2590E9BD2199971C39E7D03A456897A1&attach=
HTTP状态：
返回：OK

【2020-06-30 21:49:11】
订单号：20200630214901100499
通知地址：http://pay1.4001cdn.com/DTPP/Money_27117/ServerCallback
通知报文：memberid=200694197&orderid=64476684&transaction_id=20200630214901100499&amount=300.0000&datetime=20200630214911&returncode=00&sign=EC73E4E5C5D977E723C7FB483BFF04E5&attach=
HTTP状态：
返回：OK

【2020-06-30 21:50:32】
订单号：20200630215022101102
通知地址：http://pay1.4001cdn.com/DTPP/Money_27117/ServerCallback
通知报文：memberid=200694197&orderid=64476764&transaction_id=20200630215022101102&amount=300.0000&datetime=20200630215031&returncode=00&sign=B642472C5221D839C0B89710BA3499D7&attach=
HTTP状态：
返回：OK

【2020-06-30 21:51:44】
订单号：20200630215133535548
通知地址：http://pay1.4001cdn.com/DTPP/Money_27117/ServerCallback
通知报文：memberid=200694197&orderid=64476837&transaction_id=20200630215133535548&amount=900.0000&datetime=20200630215143&returncode=00&sign=44294A332AC9E980A42A151000BAF3A5&attach=
HTTP状态：
返回：OK

【2020-06-30 22:23:48】
订单号：20200630222336561019
通知地址：http://pay.yanwujing.cn/Pay_Charges_notify.html
通知报文：memberid=200399771&orderid=C20200630222336341045&transaction_id=20200630222336561019&amount=10.0000&datetime=20200630222347&returncode=00&sign=0ACFE9BC93BD6C066998881268761945&attach=
HTTP状态：
返回：OK

