【2020-04-03 15:52:26】
订单号：20200403155146509810
通知地址：http://karl-leo.imwork.net/common/test.json
通知报文：memberid=200399771&orderid=E20200403075145733499&transaction_id=20200403155146509810&amount=0.0100&datetime=20200403155216&returncode=00&sign=A4C6AA76BCB5861632553FAA11DBDC10&attach=1234|456
HTTP状态：
返回：

【2020-04-03 15:56:10】
订单号：20200403155522975498
通知地址：http://karl-leo.imwork.net/common/test.json
通知报文：memberid=200399771&orderid=E20200403075521386020&transaction_id=20200403155522975498&amount=0.0100&datetime=20200403155600&returncode=00&sign=DE07C75878A6379C3B0E20B70B887884&attach=1234|456
HTTP状态：
返回：

【2020-04-03 16:25:15】
订单号：20200403162221100481
通知地址：https://www.699179.xyz/Pay_CsT1Zfb_notifyurlzfb.html
通知报文：memberid=200359087&orderid=202004031622165699103652&transaction_id=20200403162221100481&amount=300.0000&datetime=20200403162514&returncode=00&sign=F9732391658F1DD34B20B24E4DAA12CE&attach=1234|456
HTTP状态：
返回：ok

【2020-04-03 16:26:34】
订单号：20200403162622101521
通知地址：https://www.699179.xyz/Pay_CsT1Zfb_notifyurlzfb.html
通知报文：memberid=200359087&orderid=202004031626199849578307&transaction_id=20200403162622101521&amount=1000.0000&datetime=20200403162633&returncode=00&sign=04F92AAD57F7D8A6CEA638B8743BC089&attach=1234|456
HTTP状态：
返回：ok

【2020-04-03 16:32:02】
订单号：20200403163150545498
通知地址：https://www.699179.xyz/Pay_CsT1Zfb_notifyurlzfb.html
通知报文：memberid=200359087&orderid=202004031631475152102213&transaction_id=20200403163150545498&amount=200.0000&datetime=20200403163202&returncode=00&sign=BBD241DE0A45F9BC3387955B8C6FA4D7&attach=1234|456
HTTP状态：
返回：ok

【2020-04-03 16:34:56】
订单号：20200403163442501015
通知地址：https://www.699179.xyz/Pay_CsT1Zfb_notifyurlzfb.html
通知报文：memberid=200359087&orderid=202004031634391029818360&transaction_id=20200403163442501015&amount=200.0000&datetime=20200403163455&returncode=00&sign=589A1B45DB7C660D702528FDC165AB8F&attach=1234|456
HTTP状态：
返回：ok

【2020-04-03 16:35:39】
订单号：20200403163512489954
通知地址：https://www.699179.xyz/Pay_CsT1Zfb_notifyurlzfb.html
通知报文：memberid=200359087&orderid=202004031635091005699909&transaction_id=20200403163512489954&amount=500.0000&datetime=20200403163538&returncode=00&sign=6A5487FF5BB956812E0D64B74E29C1DB&attach=1234|456
HTTP状态：
返回：ok

【2020-04-03 16:35:54】
订单号：20200403163540995350
通知地址：https://www.699179.xyz/Pay_CsT1Zfb_notifyurlzfb.html
通知报文：memberid=200359087&orderid=202004031635375750499605&transaction_id=20200403163540995350&amount=600.0000&datetime=20200403163553&returncode=00&sign=BB202871B02EF780A58C7E97E8008F69&attach=1234|456
HTTP状态：
返回：ok

【2020-04-03 16:36:55】
订单号：20200403163633495055
通知地址：https://www.699179.xyz/Pay_CsT1Zfb_notifyurlzfb.html
通知报文：memberid=200359087&orderid=202004031636291001008791&transaction_id=20200403163633495055&amount=500.0000&datetime=20200403163654&returncode=00&sign=1C0A51FC0F5ED7E5099791A075AD3FBF&attach=1234|456
HTTP状态：
返回：ok

【2020-04-03 16:38:05】
订单号：20200403163741535651
通知地址：https://www.699179.xyz/Pay_CsT1Zfb_notifyurlzfb.html
通知报文：memberid=200359087&orderid=202004031637385052101859&transaction_id=20200403163741535651&amount=1000.0000&datetime=20200403163804&returncode=00&sign=91AB16AEFFBDD2359E607C53DD982B6A&attach=1234|456
HTTP状态：
返回：ok

【2020-04-03 16:39:05】
订单号：20200403163843511005
通知地址：https://www.699179.xyz/Pay_CsT1Zfb_notifyurlzfb.html
通知报文：memberid=200359087&orderid=202004031638404898503545&transaction_id=20200403163843511005&amount=300.0000&datetime=20200403163904&returncode=00&sign=D31AE568F9E2C31AED8FEC0E396706E3&attach=1234|456
HTTP状态：
返回：ok

【2020-04-03 16:39:54】
订单号：20200403163932525656
通知地址：https://www.699179.xyz/Pay_CsT1Zfb_notifyurlzfb.html
通知报文：memberid=200359087&orderid=202004031639294953517658&transaction_id=20200403163932525656&amount=1700.0000&datetime=20200403163954&returncode=00&sign=093EBCD53553592F99FDE90FE84621BB&attach=1234|456
HTTP状态：
返回：ok

【2020-04-03 16:40:32】
订单号：20200403164019511024
通知地址：https://www.699179.xyz/Pay_CsT1Zfb_notifyurlzfb.html
通知报文：memberid=200359087&orderid=202004031640164898989239&transaction_id=20200403164019511024&amount=500.0000&datetime=20200403164032&returncode=00&sign=E07C23A014F3E2E909086BABC085B4E2&attach=1234|456
HTTP状态：
返回：ok

【2020-04-03 16:43:04】
订单号：20200403164245535598
通知地址：https://www.699179.xyz/Pay_CsT1Zfb_notifyurlzfb.html
通知报文：memberid=200359087&orderid=202004031642425053537659&transaction_id=20200403164245535598&amount=800.0000&datetime=20200403164304&returncode=00&sign=26DEEC3CF867D81BCA6A68A21B86A8D3&attach=1234|456
HTTP状态：
返回：ok

【2020-04-03 16:43:15】
订单号：20200403164305571005
通知地址：https://www.699179.xyz/Pay_CsT1Zfb_notifyurlzfb.html
通知报文：memberid=200359087&orderid=202004031643025497566736&transaction_id=20200403164305571005&amount=2000.0000&datetime=20200403164315&returncode=00&sign=057B78984AA5F336AD7DFD1F2E2B323F&attach=1234|456
HTTP状态：
返回：ok

【2020-04-03 16:43:37】
订单号：20200403164307985155
通知地址：https://www.699179.xyz/Pay_CsT1Zfb_notifyurlzfb.html
通知报文：memberid=200359087&orderid=202004031643035510256103&transaction_id=20200403164307985155&amount=200.0000&datetime=20200403164336&returncode=00&sign=1C7A19DFD1E4D2C70B96804E4B2DE24F&attach=1234|456
HTTP状态：
返回：ok

【2020-04-03 16:45:22】
订单号：20200403164503102501
通知地址：https://www.699179.xyz/Pay_CsT1Zfb_notifyurlzfb.html
通知报文：memberid=200359087&orderid=202004031644599810157806&transaction_id=20200403164503102501&amount=3000.0000&datetime=20200403164521&returncode=00&sign=8DEEAAFE5D6EEDBD40196C3BDC5B6812&attach=1234|456
HTTP状态：
返回：ok

【2020-04-03 16:45:33】
订单号：20200403164518101974
通知地址：https://www.699179.xyz/Pay_CsT1Zfb_notifyurlzfb.html
通知报文：memberid=200359087&orderid=202004031645149754568389&transaction_id=20200403164518101974&amount=200.0000&datetime=20200403164533&returncode=00&sign=85B747AFD39C6F224BDB606F3A12C2CB&attach=1234|456
HTTP状态：
返回：ok

【2020-04-03 16:46:18】
订单号：20200403164607102989
通知地址：https://www.699179.xyz/Pay_CsT1Zfb_notifyurlzfb.html
通知报文：memberid=200359087&orderid=202004031646049956499023&transaction_id=20200403164607102989&amount=100.0000&datetime=20200403164617&returncode=00&sign=7B41A5D66D0A5E35D8D6F7DEF19CB99F&attach=1234|456
HTTP状态：
返回：ok

【2020-04-03 16:46:58】
订单号：20200403164648569999
通知地址：https://www.699179.xyz/Pay_CsT1Zfb_notifyurlzfb.html
通知报文：memberid=200359087&orderid=202004031646455357106005&transaction_id=20200403164648569999&amount=888.0000&datetime=20200403164657&returncode=00&sign=B7FB519B7C4821A2BF2D1F3DA0F8AA8D&attach=1234|456
HTTP状态：
返回：ok

【2020-04-03 16:48:26】
订单号：20200403164800485149
通知地址：https://www.699179.xyz/Pay_CsT1Zfb_notifyurlzfb.html
通知报文：memberid=200359087&orderid=202004031647569910155030&transaction_id=20200403164800485149&amount=200.0000&datetime=20200403164825&returncode=00&sign=91D965179FEE1DCB4D103571CD9C5153&attach=1234|456
HTTP状态：
返回：ok

【2020-04-03 16:49:13】
订单号：20200403164904484953
通知地址：https://www.699179.xyz/Pay_CsT1Zfb_notifyurlzfb.html
通知报文：memberid=200359087&orderid=202004031649009998996515&transaction_id=20200403164904484953&amount=1000.0000&datetime=20200403164912&returncode=00&sign=77E684B1E5E68E2B34CD7535653E11DD&attach=1234|456
HTTP状态：
返回：ok

【2020-04-03 16:50:16】
订单号：20200403164929575653
通知地址：https://www.699179.xyz/Pay_CsT1Zfb_notifyurlzfb.html
通知报文：memberid=200359087&orderid=202004031649265452543454&transaction_id=20200403164929575653&amount=200.0000&datetime=20200403165016&returncode=00&sign=0264E60B3FE108B6A5A60F8A0A9347DF&attach=1234|456
HTTP状态：
返回：ok

【2020-04-03 16:50:51】
订单号：20200403165018975351
通知地址：https://www.699179.xyz/Pay_CsT1Zfb_notifyurlzfb.html
通知报文：memberid=200359087&orderid=202004031650155549503962&transaction_id=20200403165018975351&amount=200.0000&datetime=20200403165051&returncode=00&sign=DEE6746B0FD71B9E5B9BC9BC92AFA390&attach=1234|456
HTTP状态：
返回：ok

【2020-04-03 23:52:18】
订单号：20200403235135555110
通知地址：https://www.699179.xyz/Pay_CsT1Zfb_notifyurlzfb.html
通知报文：memberid=200359087&orderid=202004032351315198548252&transaction_id=20200403235135555110&amount=200.0000&datetime=20200403235216&returncode=00&sign=02355F06B810D02A77A46797BE363E8A&attach=1234|456
HTTP状态：
返回：ok

【2020-04-03 23:52:38】
订单号：20200403235213100101
通知地址：https://www.699179.xyz/Pay_CsT1Zfb_notifyurlzfb.html
通知报文：memberid=200359087&orderid=202004032352109756501696&transaction_id=20200403235213100101&amount=50.0000&datetime=20200403235236&returncode=00&sign=8B9715DD18A3EFA2111C20B2C2036CBA&attach=1234|456
HTTP状态：
返回：ok

【2020-04-03 23:52:44】
订单号：20200403235222545651
通知地址：https://www.699179.xyz/Pay_CsT1Zfb_notifyurlzfb.html
通知报文：memberid=200359087&orderid=202004032352195148109115&transaction_id=20200403235222545651&amount=500.0000&datetime=20200403235244&returncode=00&sign=5BB3FC95C0B054288CAFF9758E4D3140&attach=1234|456
HTTP状态：
返回：ok

【2020-04-03 23:53:03】
订单号：20200403235242975357
通知地址：https://www.699179.xyz/Pay_CsT1Zfb_notifyurlzfb.html
通知报文：memberid=200359087&orderid=202004032352385410253691&transaction_id=20200403235242975357&amount=200.0000&datetime=20200403235303&returncode=00&sign=545ED9B144A25D3C74F436249375D282&attach=1234|456
HTTP状态：
返回：ok

【2020-04-03 23:53:06】
订单号：20200403235217499948
通知地址：https://www.699179.xyz/Pay_CsT1Zfb_notifyurlzfb.html
通知报文：memberid=200359087&orderid=202004032352141015459048&transaction_id=20200403235217499948&amount=50.0000&datetime=20200403235306&returncode=00&sign=1ED0D57256E901368D0102DEF34444EB&attach=1234|456
HTTP状态：
返回：ok

【2020-04-03 23:53:07】
订单号：20200403235221535110
通知地址：https://www.699179.xyz/Pay_CsT1Zfb_notifyurlzfb.html
通知报文：memberid=200359087&orderid=202004032352174998552559&transaction_id=20200403235221535110&amount=700.0000&datetime=20200403235306&returncode=00&sign=96963D51A9E3D9785882E7B9F5899E9E&attach=1234|456
HTTP状态：
返回：ok

【2020-04-03 23:53:39】
订单号：20200403235311555454
通知地址：https://www.699179.xyz/Pay_CsT1Zfb_notifyurlzfb.html
通知报文：memberid=200359087&orderid=202004032353085248542540&transaction_id=20200403235311555454&amount=50.0000&datetime=20200403235337&returncode=00&sign=92365E45334AD781345E03A69C7156EE&attach=1234|456
HTTP状态：
返回：ok

【2020-04-03 23:54:24】
订单号：20200403235404999998
通知地址：https://www.699179.xyz/Pay_CsT1Zfb_notifyurlzfb.html
通知报文：memberid=200359087&orderid=202004032354015754578041&transaction_id=20200403235404999998&amount=200.0000&datetime=20200403235424&returncode=00&sign=2AADB4E23478B463A8298C759C4D9D15&attach=1234|456
HTTP状态：
返回：ok

【2020-04-03 23:55:25】
订单号：20200403235507989998
通知地址：https://www.699179.xyz/Pay_CsT1Zfb_notifyurlzfb.html
通知报文：memberid=200359087&orderid=202004032355045654498509&transaction_id=20200403235507989998&amount=50.0000&datetime=20200403235524&returncode=00&sign=6872DD14F7323B7DB1D4B6C04EE1C51C&attach=1234|456
HTTP状态：
返回：ok

【2020-04-03 23:55:50】
订单号：20200403235539985497
通知地址：https://www.699179.xyz/Pay_CsT1Zfb_notifyurlzfb.html
通知报文：memberid=200359087&orderid=202004032355355510099913&transaction_id=20200403235539985497&amount=100.0000&datetime=20200403235550&returncode=00&sign=66DD797CA3B23DDB748EF0B84DD3AAD1&attach=1234|456
HTTP状态：
返回：ok

【2020-04-03 23:56:27】
订单号：20200403235510101985
通知地址：https://www.699179.xyz/Pay_CsT1Zfb_notifyurlzfb.html
通知报文：memberid=200359087&orderid=202004032355079852101448&transaction_id=20200403235510101985&amount=200.0000&datetime=20200403235627&returncode=00&sign=BF6B9B5F7D0E7422EACD33316DBB22A9&attach=1234|456
HTTP状态：
返回：ok

【2020-04-03 23:56:34】
订单号：20200403235618509957
通知地址：https://www.699179.xyz/Pay_CsT1Zfb_notifyurlzfb.html
通知报文：memberid=200359087&orderid=202004032356151025453190&transaction_id=20200403235618509957&amount=100.0000&datetime=20200403235634&returncode=00&sign=7D1E88BA6BF8373C31A5F8436B70878C&attach=1234|456
HTTP状态：
返回：ok

【2020-04-03 23:56:51】
订单号：20200403235624565410
通知地址：https://www.699179.xyz/Pay_CsT1Zfb_notifyurlzfb.html
通知报文：memberid=200359087&orderid=202004032356195110156645&transaction_id=20200403235624565410&amount=500.0000&datetime=20200403235650&returncode=00&sign=1D3552917754BE86EFFE116DC6E8F9B1&attach=1234|456
HTTP状态：
返回：ok

【2020-04-03 23:57:04】
订单号：20200403235639555450
通知地址：https://www.699179.xyz/Pay_CsT1Zfb_notifyurlzfb.html
通知报文：memberid=200359087&orderid=202004032356365248506693&transaction_id=20200403235639555450&amount=200.0000&datetime=20200403235703&returncode=00&sign=4FB78B24C137D8B60D8F51EDCC113040&attach=1234|456
HTTP状态：
返回：ok

【2020-04-03 23:57:25】
订单号：20200403235701100529
通知地址：https://www.699179.xyz/Pay_CsT1Zfb_notifyurlzfb.html
通知报文：memberid=200359087&orderid=202004032356575799541964&transaction_id=20200403235701100529&amount=200.0000&datetime=20200403235725&returncode=00&sign=159FD48ABD8662514987FDC823C1750F&attach=1234|456
HTTP状态：
返回：ok

【2020-04-03 23:57:51】
订单号：20200403235731985249
通知地址：https://www.699179.xyz/Pay_CsT1Zfb_notifyurlzfb.html
通知报文：memberid=200359087&orderid=202004032357275510017859&transaction_id=20200403235731985249&amount=100.0000&datetime=20200403235751&returncode=00&sign=DF0E32D38FF89775DE68BF575713FD61&attach=1234|456
HTTP状态：
返回：ok

【2020-04-03 23:58:13】
订单号：20200403235758544850
通知地址：https://www.699179.xyz/Pay_CsT1Zfb_notifyurlzfb.html
通知报文：memberid=200359087&orderid=202004032357545057993000&transaction_id=20200403235758544850&amount=200.0000&datetime=20200403235813&returncode=00&sign=33FE98C4A10CFD09811A529F80F0E11A&attach=1234|456
HTTP状态：
返回：ok

【2020-04-03 23:58:33】
订单号：20200403235811519854
通知地址：https://www.699179.xyz/Pay_CsT1Zfb_notifyurlzfb.html
通知报文：memberid=200359087&orderid=202004032358084852534960&transaction_id=20200403235811519854&amount=400.0000&datetime=20200403235833&returncode=00&sign=648AB0AB39D4A5ED32D9C86952C6A338&attach=1234|456
HTTP状态：
返回：ok

【2020-04-03 23:58:38】
订单号：20200403235823102541
通知地址：https://www.699179.xyz/Pay_CsT1Zfb_notifyurlzfb.html
通知报文：memberid=200359087&orderid=202004032358209948537885&transaction_id=20200403235823102541&amount=100.0000&datetime=20200403235838&returncode=00&sign=8662A1D406F66D1E3F40E7DD27D8AA95&attach=1234|456
HTTP状态：
返回：ok

【2020-04-03 23:58:40】
订单号：20200403235829534857
通知地址：https://www.699179.xyz/Pay_CsT1Zfb_notifyurlzfb.html
通知报文：memberid=200359087&orderid=202004032358254956516976&transaction_id=20200403235829534857&amount=1000.0000&datetime=20200403235840&returncode=00&sign=40F0715E01D37E036C749B783BEFA1CD&attach=1234|456
HTTP状态：
返回：ok

【2020-04-03 23:58:53】
订单号：20200403235836999897
通知地址：https://www.699179.xyz/Pay_CsT1Zfb_notifyurlzfb.html
通知报文：memberid=200359087&orderid=202004032358335752493958&transaction_id=20200403235836999897&amount=200.0000&datetime=20200403235852&returncode=00&sign=56BF2E0F10367436082E1D7099ABF870&attach=1234|456
HTTP状态：
返回：ok

【2020-04-03 23:58:58】
订单号：20200403235845539799
通知地址：https://www.699179.xyz/Pay_CsT1Zfb_notifyurlzfb.html
通知报文：memberid=200359087&orderid=202004032358425052982758&transaction_id=20200403235845539799&amount=200.0000&datetime=20200403235858&returncode=00&sign=0EFD301563C1335FC9CDA59AE79FA489&attach=1234|456
HTTP状态：
返回：ok

【2020-04-03 23:59:28】
订单号：20200403235912485257
通知地址：https://www.699179.xyz/Pay_CsT1Zfb_notifyurlzfb.html
通知报文：memberid=200359087&orderid=202004032359089910014861&transaction_id=20200403235912485257&amount=100.0000&datetime=20200403235927&returncode=00&sign=41BC8538DBE628218F4F78B0969A87FC&attach=1234|456
HTTP状态：
返回：ok

【2020-04-03 23:59:31】
订单号：20200403235737495748
通知地址：https://www.699179.xyz/Pay_CsT1Zfb_notifyurlzfb.html
通知报文：memberid=200359087&orderid=202004032357341015012992&transaction_id=20200403235737495748&amount=200.0000&datetime=20200403235931&returncode=00&sign=5F3A6B9CC19B2322226CBCB0140ACE1B&attach=1234|456
HTTP状态：
返回：ok

【2020-04-03 23:59:32】
订单号：20200403235858505251
通知地址：https://www.699179.xyz/Pay_CsT1Zfb_notifyurlzfb.html
通知报文：memberid=200359087&orderid=202004032358541011009533&transaction_id=20200403235858505251&amount=200.0000&datetime=20200403235932&returncode=00&sign=56A1A2678EC798F09781F66964CCCAD7&attach=1234|456
HTTP状态：
返回：ok

【2020-04-03 23:59:57】
订单号：20200403235931515054
通知地址：https://www.699179.xyz/Pay_CsT1Zfb_notifyurlzfb.html
通知报文：memberid=200359087&orderid=202004032359271029758608&transaction_id=20200403235931515054&amount=3000.0000&datetime=20200403235956&returncode=00&sign=11AF58C0234A8458A7A4A50EE6DBACC9&attach=1234|456
HTTP状态：
返回：ok

