【2020-06-06 02:18:30】
订单号：20200606021628999910
通知地址：http://karl-leo.imwork.net/common/test.json
通知报文：memberid=200399771&orderid=E20200606021624619881&transaction_id=20200606021628999910&amount=1.0000&datetime=20200606021827&returncode=00&sign=36999B8FDF22077465FAA367CB06D0FA&attach=1234|456
HTTP状态：
返回：

【2020-06-06 13:41:12】
订单号：20200606133442501005
通知地址：http://karl-leo.imwork.net/common/test.json
通知报文：memberid=200399771&orderid=E20200606133435173774&transaction_id=20200606133442501005&amount=1.0000&datetime=20200606134102&returncode=00&sign=B09465CFB16D87C2B0CBE0CF6598F040&attach=1234|456
HTTP状态：
返回：

【2020-06-06 14:26:33】
订单号：20200606142537495452
通知地址：https://www.100000381.xyz/Pay_CsT1Zfb_notifyurlzfb.html
通知报文：memberid=200423453&orderid=202006061425265451102986&transaction_id=20200606142537495452&amount=500.0000&datetime=20200606142630&returncode=00&sign=81F71EF8880CCF87E0621838024F822B&attach=1234|456
HTTP状态：
返回：ok

【2020-06-06 14:42:49】
订单号：20200606144125539899
通知地址：https://www.100000381.xyz/Pay_CsT1Zfb_notifyurlzfb.html
通知报文：memberid=200423453&orderid=202006061441149757546886&transaction_id=20200606144125539899&amount=500.0000&datetime=20200606144241&returncode=00&sign=11B2E060CD3F41503817D33E23761983&attach=1234|456
HTTP状态：
返回：ok

【2020-06-06 14:43:24】
订单号：20200606144217579910
通知地址：https://www.100000381.xyz/Pay_CsT1Zfb_notifyurlzfb.html
通知报文：memberid=200423453&orderid=202006061442051009854702&transaction_id=20200606144217579910&amount=500.0000&datetime=20200606144323&returncode=00&sign=7F9DBD093730E242CAAF9D67E0853997&attach=1234|456
HTTP状态：
返回：ok

【2020-06-06 15:12:05】
订单号：20200606144847102979
通知地址：https://www.100000381.xyz/Pay_CsT1Zfb_notifyurlzfb.html
通知报文：memberid=200423453&orderid=202006061448365257564905&transaction_id=20200606144847102979&amount=500.0000&datetime=20200606151203&returncode=00&sign=193897DD17B699CEE740D80014815B11&attach=1234|456
HTTP状态：
返回：ok

