【2020-06-01 00:09:58】
订单号：20200601000905491014
通知地址：https://www.100000381.xyz/Pay_CsT1Zfb_notifyurlzfb.html
通知报文：memberid=200423453&orderid=202006010009009951531012&transaction_id=20200601000905491014&amount=1000.0000&datetime=20200601000955&returncode=00&sign=86F162125D883B668E699DCAE7828B64&attach=1234|456
HTTP状态：
返回：ok

【2020-06-01 00:10:55】
订单号：20200601000509539997
通知地址：https://www.100000381.xyz/Pay_CsT1Zfb_notifyurlzfb.html
通知报文：memberid=200423453&orderid=202006010005044848569569&transaction_id=20200601000509539997&amount=1000.0000&datetime=20200601001053&returncode=00&sign=10AB8545E406E1FD163E865BA2C63A87&attach=1234|456
HTTP状态：
返回：ok

【2020-06-01 00:10:55】
订单号：20200601001002974953
通知地址：https://www.100000381.xyz/Pay_CsT1Zfb_notifyurlzfb.html
通知报文：memberid=200423453&orderid=202006010009565252998660&transaction_id=20200601001002974953&amount=1570.0000&datetime=20200601001052&returncode=00&sign=FA72406346E5283587FD7FA7087A3816&attach=1234|456
HTTP状态：
返回：ok

【2020-06-01 00:16:14】
订单号：20200601001526101555
通知地址：https://www.100000381.xyz/Pay_CsT1Zfb_notifyurlzfb.html
通知报文：memberid=200423453&orderid=202006010015205697107213&transaction_id=20200601001526101555&amount=1000.0000&datetime=20200601001612&returncode=00&sign=7E38E132F1231443318FCCB72D40FA7A&attach=1234|456
HTTP状态：
返回：ok

【2020-06-01 00:18:26】
订单号：20200601001714979810
通知地址：https://www.100000381.xyz/Pay_CsT1Zfb_notifyurlzfb.html
通知报文：memberid=200423453&orderid=202006010017095348492710&transaction_id=20200601001714979810&amount=500.0000&datetime=20200601001824&returncode=00&sign=A7F967230A6020E277AB154422121308&attach=1234|456
HTTP状态：
返回：ok

【2020-06-01 00:20:07】
订单号：20200601001902545651
通知地址：https://www.100000381.xyz/Pay_CsT1Zfb_notifyurlzfb.html
通知报文：memberid=200423453&orderid=202006010018564899573360&transaction_id=20200601001902545651&amount=1000.0000&datetime=20200601002004&returncode=00&sign=F816F255FE796D5FE10F54F97DD57CE7&attach=1234|456
HTTP状态：
返回：ok

【2020-06-01 00:21:20】
订单号：20200601001754501015
通知地址：https://www.100000381.xyz/Pay_CsT1Zfb_notifyurlzfb.html
通知报文：memberid=200423453&orderid=202006010017491005155696&transaction_id=20200601001754501015&amount=2000.0000&datetime=20200601002119&returncode=00&sign=E6ADEA4F66EEE2CAA57BA715977ECD28&attach=1234|456
HTTP状态：
返回：ok

【2020-06-01 00:22:07】
订单号：20200601002034505248
通知地址：https://www.100000381.xyz/Pay_CsT1Zfb_notifyurlzfb.html
通知报文：memberid=200423453&orderid=202006010020289956556835&transaction_id=20200601002034505248&amount=1000.0000&datetime=20200601002206&returncode=00&sign=4790A72C82CD81F0A6F27870B3512DAD&attach=1234|456
HTTP状态：
返回：ok

【2020-06-01 00:24:29】
订单号：20200601002345499757
通知地址：https://www.100000381.xyz/Pay_CsT1Zfb_notifyurlzfb.html
通知报文：memberid=200423453&orderid=202006010023399810152430&transaction_id=20200601002345499757&amount=1000.0000&datetime=20200601002429&returncode=00&sign=86E5A34A64E19069DC89AA74F884EF71&attach=1234|456
HTTP状态：
返回：ok

【2020-06-01 00:26:54】
订单号：20200601002219985356
通知地址：https://www.100000381.xyz/Pay_CsT1Zfb_notifyurlzfb.html
通知报文：memberid=200423453&orderid=202006010022135357105522&transaction_id=20200601002219985356&amount=500.0000&datetime=20200601002652&returncode=00&sign=19911F6277466F3336C36A0EDFA6C2E9&attach=1234|456
HTTP状态：
返回：ok

【2020-06-01 00:28:22】
订单号：20200601002734545256
通知地址：https://www.100000381.xyz/Pay_CsT1Zfb_notifyurlzfb.html
通知报文：memberid=200423453&orderid=202006010027284855103561&transaction_id=20200601002734545256&amount=1100.0000&datetime=20200601002821&returncode=00&sign=3626D7212C0A49DA3EEFA3BE79935DAD&attach=1234|456
HTTP状态：
返回：ok

【2020-06-01 00:33:12】
订单号：20200601001832564853
通知地址：https://www.100000381.xyz/Pay_CsT1Zfb_notifyurlzfb.html
通知报文：memberid=200423453&orderid=202006010018265052561425&transaction_id=20200601001832564853&amount=2000.0000&datetime=20200601003311&returncode=00&sign=BD1493562D6E279434CD8BB9739F7A15&attach=1234|456
HTTP状态：
返回：ok

【2020-06-01 00:34:47】
订单号：20200601003303102981
通知地址：https://www.100000381.xyz/Pay_CsT1Zfb_notifyurlzfb.html
通知报文：memberid=200423453&orderid=202006010032589748496724&transaction_id=20200601003303102981&amount=2140.0000&datetime=20200601003446&returncode=00&sign=6F2729E7BA7B6FC001F2AB2F7E2A393D&attach=1234|456
HTTP状态：
返回：ok

【2020-06-01 00:36:25】
订单号：20200601003431554810
通知地址：https://www.100000381.xyz/Pay_CsT1Zfb_notifyurlzfb.html
通知报文：memberid=200423453&orderid=202006010034254953489793&transaction_id=20200601003431554810&amount=4999.0000&datetime=20200601003622&returncode=00&sign=223827B3915E86F678CA76781E298A5D&attach=1234|456
HTTP状态：
返回：ok

【2020-06-01 00:40:32】
订单号：20200601003847555310
通知地址：https://www.100000381.xyz/Pay_CsT1Zfb_notifyurlzfb.html
通知报文：memberid=200423453&orderid=202006010038414957541965&transaction_id=20200601003847555310&amount=500.0000&datetime=20200601004030&returncode=00&sign=44F83D047C4DFDE76949007D030450D1&attach=1234|456
HTTP状态：
返回：ok

【2020-06-01 00:41:16】
订单号：20200601004034504954
通知地址：https://www.100000381.xyz/Pay_CsT1Zfb_notifyurlzfb.html
通知报文：memberid=200423453&orderid=202006010040279852998416&transaction_id=20200601004034504954&amount=1000.0000&datetime=20200601004115&returncode=00&sign=92A577CC0448FD612B3095B2DA5C5D73&attach=1234|456
HTTP状态：
返回：ok

【2020-06-01 00:41:26】
订单号：20200601003659985610
通知地址：https://www.100000381.xyz/Pay_CsT1Zfb_notifyurlzfb.html
通知报文：memberid=200423453&orderid=202006010036535399108526&transaction_id=20200601003659985610&amount=1000.0000&datetime=20200601004125&returncode=00&sign=1B3761453DE038BA13693231F8665658&attach=1234|456
HTTP状态：
返回：ok

【2020-06-01 00:44:56】
订单号：20200601004402501019
通知地址：https://www.100000381.xyz/Pay_CsT1Zfb_notifyurlzfb.html
通知报文：memberid=200423453&orderid=202006010043569951486034&transaction_id=20200601004402501019&amount=1000.0000&datetime=20200601004455&returncode=00&sign=03135173432BE136ADF8C0AC4721B495&attach=1234|456
HTTP状态：
返回：ok

【2020-06-01 00:45:17】
订单号：20200601004336564851
通知地址：https://www.100000381.xyz/Pay_CsT1Zfb_notifyurlzfb.html
通知报文：memberid=200423453&orderid=202006010043305051994794&transaction_id=20200601004336564851&amount=2000.0000&datetime=20200601004514&returncode=00&sign=DE9E20BAFD991B21AD28262A2B8974E8&attach=1234|456
HTTP状态：
返回：ok

【2020-06-01 00:45:59】
订单号：20200601004400485153
通知地址：https://www.100000381.xyz/Pay_CsT1Zfb_notifyurlzfb.html
通知报文：memberid=200423453&orderid=202006010043549755558594&transaction_id=20200601004400485153&amount=1000.0000&datetime=20200601004558&returncode=00&sign=185F1DBAB760AE1687A3C0B2703FBFF6&attach=1234|456
HTTP状态：
返回：ok

【2020-06-01 00:46:29】
订单号：20200601004546971025
通知地址：https://www.100000381.xyz/Pay_CsT1Zfb_notifyurlzfb.html
通知报文：memberid=200423453&orderid=202006010045415352495386&transaction_id=20200601004546971025&amount=1000.0000&datetime=20200601004628&returncode=00&sign=2B80E558B903F35BF52CEF522AB867EE&attach=1234|456
HTTP状态：
返回：ok

【2020-06-01 00:48:43】
订单号：20200601004523519855
通知地址：https://www.100000381.xyz/Pay_CsT1Zfb_notifyurlzfb.html
通知报文：memberid=200423453&orderid=202006010045181014859828&transaction_id=20200601004523519855&amount=1000.0000&datetime=20200601004841&returncode=00&sign=74AF06D1D9654681B570EA6AD7ADDBF9&attach=1234|456
HTTP状态：
返回：ok

【2020-06-01 00:54:01】
订单号：20200601005250509754
通知地址：https://www.100000381.xyz/Pay_CsT1Zfb_notifyurlzfb.html
通知报文：memberid=200423453&orderid=202006010052449910013748&transaction_id=20200601005250509754&amount=1000.0000&datetime=20200601005400&returncode=00&sign=2158C72E8F2444E8A77CCA76BC6143B1&attach=1234|456
HTTP状态：
返回：ok

【2020-06-01 00:55:00】
订单号：20200601005402975799
通知地址：https://www.100000381.xyz/Pay_CsT1Zfb_notifyurlzfb.html
通知报文：memberid=200423453&orderid=202006010053565210013363&transaction_id=20200601005402975799&amount=500.0000&datetime=20200601005459&returncode=00&sign=8C6FAC7DCE1BEE97452101C0D10B2725&attach=1234|456
HTTP状态：
返回：ok

【2020-06-01 00:56:21】
订单号：20200601005530505510
通知地址：https://www.100000381.xyz/Pay_CsT1Zfb_notifyurlzfb.html
通知报文：memberid=200423453&orderid=202006010055249998517498&transaction_id=20200601005530505510&amount=2710.0000&datetime=20200601005620&returncode=00&sign=3C13FA508DD8701AFF191D18923B1A45&attach=1234|456
HTTP状态：
返回：ok

【2020-06-01 01:02:32】
订单号：20200601010046101485
通知地址：https://www.100000381.xyz/Pay_CsT1Zfb_notifyurlzfb.html
通知报文：memberid=200423453&orderid=202006010100405652489361&transaction_id=20200601010046101485&amount=2710.0000&datetime=20200601010230&returncode=00&sign=E7833C65A8CF46771C0B416BF3EDB7E9&attach=1234|456
HTTP状态：
返回：ok

【2020-06-01 01:03:25】
订单号：20200601010230545551
通知地址：https://www.100000381.xyz/Pay_CsT1Zfb_notifyurlzfb.html
通知报文：memberid=200423453&orderid=202006010102244898503415&transaction_id=20200601010230545551&amount=1000.0000&datetime=20200601010324&returncode=00&sign=657045F0539B25E891F8EF2BC2C6B727&attach=1234|456
HTTP状态：
返回：ok

【2020-06-01 01:04:00】
订单号：20200601010205100985
通知地址：https://www.100000381.xyz/Pay_CsT1Zfb_notifyurlzfb.html
通知报文：memberid=200423453&orderid=202006010101585410248879&transaction_id=20200601010205100985&amount=500.0000&datetime=20200601010359&returncode=00&sign=5B847F15140BC37219E20E3433FB0C34&attach=1234|456
HTTP状态：
返回：ok

【2020-06-01 01:07:20】
订单号：20200601010621100499
通知地址：https://www.100000381.xyz/Pay_CsT1Zfb_notifyurlzfb.html
通知报文：memberid=200423453&orderid=202006010106155553987530&transaction_id=20200601010621100499&amount=500.0000&datetime=20200601010719&returncode=00&sign=1B900410797F85A6D9196DB7FCB8F525&attach=1234|456
HTTP状态：
返回：ok

【2020-06-01 01:11:50】
订单号：20200601010858974997
通知地址：https://www.100000381.xyz/Pay_CsT1Zfb_notifyurlzfb.html
通知报文：memberid=200423453&orderid=202006010108525252536445&transaction_id=20200601010858974997&amount=2888.0000&datetime=20200601011149&returncode=00&sign=65A47C6BE1781DC1DB9F0445A238D31C&attach=1234|456
HTTP状态：
返回：ok

【2020-06-01 01:22:17】
订单号：20200601012034501015
通知地址：https://www.100000381.xyz/Pay_CsT1Zfb_notifyurlzfb.html
通知报文：memberid=200423453&orderid=202006010120291005148680&transaction_id=20200601012034501015&amount=900.0000&datetime=20200601012216&returncode=00&sign=BE1B03FBFE2C01E14EA24209CE50353B&attach=1234|456
HTTP状态：
返回：ok

【2020-06-01 01:28:30】
订单号：20200601012714504852
通知地址：https://www.100000381.xyz/Pay_CsT1Zfb_notifyurlzfb.html
通知报文：memberid=200423453&orderid=202006010127089951539338&transaction_id=20200601012714504852&amount=4999.0000&datetime=20200601012827&returncode=00&sign=895C6875BFE890AA2CC4F43A0F8E704F&attach=1234|456
HTTP状态：
返回：ok

【2020-06-01 01:29:13】
订单号：20200601012836524853
通知地址：https://www.100000381.xyz/Pay_CsT1Zfb_notifyurlzfb.html
通知报文：memberid=200423453&orderid=202006010128301015154146&transaction_id=20200601012836524853&amount=1000.0000&datetime=20200601012911&returncode=00&sign=6C528EBD837CDC323040A160087DC115&attach=1234|456
HTTP状态：
返回：ok

【2020-06-01 01:33:05】
订单号：20200601013201499953
通知地址：https://www.100000381.xyz/Pay_CsT1Zfb_notifyurlzfb.html
通知报文：memberid=200423453&orderid=202006010131569948503416&transaction_id=20200601013201499953&amount=2000.0000&datetime=20200601013303&returncode=00&sign=B5AD550B467ABB2C9CC5DC3F976298C3&attach=1234|456
HTTP状态：
返回：ok

【2020-06-01 01:35:10】
订单号：20200601013437100100
通知地址：https://www.100000381.xyz/Pay_CsT1Zfb_notifyurlzfb.html
通知报文：memberid=200423453&orderid=202006010134325649534656&transaction_id=20200601013437100100&amount=500.0000&datetime=20200601013506&returncode=00&sign=5B20D8473411EB462309D6988DE67A45&attach=1234|456
HTTP状态：
返回：ok

【2020-06-01 01:45:39】
订单号：20200601013911102485
通知地址：https://www.100000381.xyz/Pay_CsT1Zfb_notifyurlzfb.html
通知报文：memberid=200423453&orderid=202006010139055751109555&transaction_id=20200601013911102485&amount=3000.0000&datetime=20200601014529&returncode=00&sign=AD3E8956D0ECD6DBFBE66F64C4DB5D9E&attach=1234|456
HTTP状态：
返回：

【2020-06-01 01:45:45】
订单号：20200601014320569897
通知地址：https://www.100000381.xyz/Pay_CsT1Zfb_notifyurlzfb.html
通知报文：memberid=200423453&orderid=202006010143145010196565&transaction_id=20200601014320569897&amount=1000.0000&datetime=20200601014535&returncode=00&sign=50EB6C1D6E01F96A6ADC2E353D80C678&attach=1234|456
HTTP状态：
返回：ok

【2020-06-01 01:49:00】
订单号：20200601014343102979
通知地址：https://www.100000381.xyz/Pay_CsT1Zfb_notifyurlzfb.html
通知报文：memberid=200423453&orderid=202006010143375710154587&transaction_id=20200601014343102979&amount=3936.0000&datetime=20200601014859&returncode=00&sign=AFC7E70351AA153A122EB6F29332C025&attach=1234|456
HTTP状态：
返回：ok

【2020-06-01 01:51:44】
订单号：20200601015035985548
通知地址：https://www.100000381.xyz/Pay_CsT1Zfb_notifyurlzfb.html
通知报文：memberid=200423453&orderid=202006010150295357108358&transaction_id=20200601015035985548&amount=2000.0000&datetime=20200601015143&returncode=00&sign=35D78ADB1E02F6E613B21EA22A5F5AC5&attach=1234|456
HTTP状态：
返回：ok

【2020-06-01 01:56:30】
订单号：20200601015513491015
通知地址：https://www.100000381.xyz/Pay_CsT1Zfb_notifyurlzfb.html
通知报文：memberid=200423453&orderid=202006010155089950577320&transaction_id=20200601015513491015&amount=999.0000&datetime=20200601015629&returncode=00&sign=844B31777529C39E8FACFAAF2A68FE82&attach=1234|456
HTTP状态：
返回：ok

【2020-06-01 02:00:26】
订单号：20200601015206544910
通知地址：https://www.100000381.xyz/Pay_CsT1Zfb_notifyurlzfb.html
通知报文：memberid=200423453&orderid=202006010152004853483978&transaction_id=20200601015206544910&amount=1000.0000&datetime=20200601020025&returncode=00&sign=5690C5384775697DC85050789F6BE662&attach=1234|456
HTTP状态：
返回：ok

【2020-06-01 02:12:12】
订单号：20200601013911102485
通知地址：https://www.100000381.xyz/Pay_CsT1Zfb_notifyurlzfb.html
通知报文：memberid=200423453&orderid=202006010139055751109555&transaction_id=20200601013911102485&amount=3000.0000&datetime=20200601021211&returncode=00&sign=AB28A4CED460183BF954D7EF14BA8FFF&attach=1234|456
HTTP状态：
返回：ok

【2020-06-01 02:25:22】
订单号：20200601021803985656
通知地址：https://www.100000381.xyz/Pay_CsT1Zfb_notifyurlzfb.html
通知报文：memberid=200423453&orderid=202006010217575398978536&transaction_id=20200601021803985656&amount=1000.0000&datetime=20200601022520&returncode=00&sign=45C54C311D5E688FF9CF6014A3521A07&attach=1234|456
HTTP状态：
返回：ok

【2020-06-01 02:54:51】
订单号：20200601020725100574
通知地址：https://www.100000381.xyz/Pay_CsT1Zfb_notifyurlzfb.html
通知报文：memberid=200423453&orderid=202006010207195598999261&transaction_id=20200601020725100574&amount=1500.0000&datetime=20200601025447&returncode=00&sign=6EE3926021317008830D39732F772876&attach=1234|456
HTTP状态：
返回：ok

【2020-06-01 02:55:27】
订单号：20200601022731515455
通知地址：https://www.100000381.xyz/Pay_CsT1Zfb_notifyurlzfb.html
通知报文：memberid=200423453&orderid=202006010227251005752698&transaction_id=20200601022731515455&amount=1000.0000&datetime=20200601025524&returncode=00&sign=56DBB655691D5590F3AC6F874100B479&attach=1234|456
HTTP状态：
返回：ok

【2020-06-01 02:55:43】
订单号：20200601021330979710
通知地址：https://www.100000381.xyz/Pay_CsT1Zfb_notifyurlzfb.html
通知报文：memberid=200423453&orderid=202006010213245210093792&transaction_id=20200601021330979710&amount=2890.0000&datetime=20200601025542&returncode=00&sign=655BB3D568D9EC0733F88048FCD4DAF9&attach=1234|456
HTTP状态：
返回：ok

【2020-06-01 03:20:06】
订单号：20200601022739985252
通知地址：https://www.100000381.xyz/Pay_CsT1Zfb_notifyurlzfb.html
通知报文：memberid=200423453&orderid=202006010227335354103075&transaction_id=20200601022739985252&amount=1000.0000&datetime=20200601032004&returncode=00&sign=6EC3536441B1FFDC09FC051CCAD6684E&attach=1234|456
HTTP状态：
返回：ok

【2020-06-01 15:12:06】
订单号：20200601151123981025
通知地址：https://www.100000381.xyz/Pay_CsT1Zfb_notifyurlzfb.html
通知报文：memberid=200423453&orderid=202006011511175357577377&transaction_id=20200601151123981025&amount=1000.0000&datetime=20200601151204&returncode=00&sign=5C6D2C16BBF80E5D7C4F5C71A4C188A9&attach=1234|456
HTTP状态：
返回：ok

【2020-06-01 15:15:15】
订单号：20200601151423102501
通知地址：https://www.100000381.xyz/Pay_CsT1Zfb_notifyurlzfb.html
通知报文：memberid=200423453&orderid=202006011514165610043512&transaction_id=20200601151423102501&amount=4999.0000&datetime=20200601151514&returncode=00&sign=B7953D9CE4AF17EADA1E105811771ED8&attach=1234|456
HTTP状态：
返回：ok

【2020-06-01 15:19:30】
订单号：20200601151711551001
通知地址：https://www.100000381.xyz/Pay_CsT1Zfb_notifyurlzfb.html
通知报文：memberid=200423453&orderid=202006011517054955566944&transaction_id=20200601151711551001&amount=912.0000&datetime=20200601151926&returncode=00&sign=672E001A06659BF8C1DEDAF63404A4C2&attach=1234|456
HTTP状态：
返回：ok

【2020-06-01 15:20:15】
订单号：20200601151835985399
通知地址：https://www.100000381.xyz/Pay_CsT1Zfb_notifyurlzfb.html
通知报文：memberid=200423453&orderid=202006011518285210242524&transaction_id=20200601151835985399&amount=500.0000&datetime=20200601152012&returncode=00&sign=5512BF3042111F88417C94914AD6B06F&attach=1234|456
HTTP状态：
返回：ok

【2020-06-01 15:22:28】
订单号：20200601151257575152
通知地址：https://www.100000381.xyz/Pay_CsT1Zfb_notifyurlzfb.html
通知报文：memberid=200423453&orderid=202006011512505010092198&transaction_id=20200601151257575152&amount=1000.0000&datetime=20200601152225&returncode=00&sign=4475F2E99DB27EADC63B587D47D0C664&attach=1234|456
HTTP状态：
返回：ok

【2020-06-01 15:26:25】
订单号：20200601151840481015
通知地址：https://www.100000381.xyz/Pay_CsT1Zfb_notifyurlzfb.html
通知报文：memberid=200423453&orderid=202006011518349757529094&transaction_id=20200601151840481015&amount=500.0000&datetime=20200601152623&returncode=00&sign=11C3A69055822E7FD761EA9B4DF5FC2B&attach=1234|456
HTTP状态：
返回：ok

【2020-06-01 15:29:47】
订单号：20200601151244995297
通知地址：https://www.100000381.xyz/Pay_CsT1Zfb_notifyurlzfb.html
通知报文：memberid=200423453&orderid=202006011512375310151131&transaction_id=20200601151244995297&amount=2200.0000&datetime=20200601152946&returncode=00&sign=2427C56CFC5DDD5016800EAA3245ABBD&attach=1234|456
HTTP状态：
返回：ok

【2020-06-01 15:31:55】
订单号：20200601152700525355
通知地址：https://www.100000381.xyz/Pay_CsT1Zfb_notifyurlzfb.html
通知报文：memberid=200423453&orderid=202006011526541014853949&transaction_id=20200601152700525355&amount=1000.0000&datetime=20200601153152&returncode=00&sign=BBF73F422172165295D15AB7778F5D34&attach=1234|456
HTTP状态：
返回：ok

【2020-06-01 15:36:12】
订单号：20200601153125100501
通知地址：https://www.100000381.xyz/Pay_CsT1Zfb_notifyurlzfb.html
通知报文：memberid=200423453&orderid=202006011531185457109047&transaction_id=20200601153125100501&amount=500.0000&datetime=20200601153611&returncode=00&sign=DCA5CE42B02A4BB34E6EF1D012237C0A&attach=1234|456
HTTP状态：
返回：ok

【2020-06-01 15:36:35】
订单号：20200601153551555110
通知地址：https://www.100000381.xyz/Pay_CsT1Zfb_notifyurlzfb.html
通知报文：memberid=200423453&orderid=202006011535444854109563&transaction_id=20200601153551555110&amount=1300.0000&datetime=20200601153633&returncode=00&sign=DA742F778FDC94B5378ABB8CE38A6457&attach=1234|456
HTTP状态：
返回：ok

【2020-06-01 15:37:38】
订单号：20200601153551555253
通知地址：https://www.100000381.xyz/Pay_CsT1Zfb_notifyurlzfb.html
通知报文：memberid=200423453&orderid=202006011535444810153875&transaction_id=20200601153551555253&amount=2000.0000&datetime=20200601153737&returncode=00&sign=74257BFB3934B4EBC6DAB9AAAB16F404&attach=1234|456
HTTP状态：
返回：ok

【2020-06-01 15:42:10】
订单号：20200601153828525010
通知地址：https://www.100000381.xyz/Pay_CsT1Zfb_notifyurlzfb.html
通知报文：memberid=200423453&orderid=202006011538211009851961&transaction_id=20200601153828525010&amount=2300.0000&datetime=20200601154209&returncode=00&sign=AE392246E43894A2016E2122403BA632&attach=1234|456
HTTP状态：
返回：ok

【2020-06-01 15:49:29】
订单号：20200601154759102975
通知地址：https://www.100000381.xyz/Pay_CsT1Zfb_notifyurlzfb.html
通知报文：memberid=200423453&orderid=202006011547535752101753&transaction_id=20200601154759102975&amount=500.0000&datetime=20200601154926&returncode=00&sign=A1585E28E62C01BBE7FE7859A6615218&attach=1234|456
HTTP状态：
返回：ok

【2020-06-01 16:00:02】
订单号：20200601154748525697
通知地址：https://www.100000381.xyz/Pay_CsT1Zfb_notifyurlzfb.html
通知报文：memberid=200423453&orderid=202006011547421015156119&transaction_id=20200601154748525697&amount=1000.0000&datetime=20200601160001&returncode=00&sign=8570749BB79DD8B36A345813A39E3120&attach=1234|456
HTTP状态：
返回：ok

【2020-06-01 16:00:06】
订单号：20200601154710101491
通知地址：https://www.100000381.xyz/Pay_CsT1Zfb_notifyurlzfb.html
通知报文：memberid=200423453&orderid=202006011547035598561815&transaction_id=20200601154710101491&amount=500.0000&datetime=20200601160003&returncode=00&sign=E044292A4E979E4609AB74D090A422C2&attach=1234|456
HTTP状态：
返回：ok

【2020-06-01 16:00:59】
订单号：20200601154429100545
通知地址：https://www.100000381.xyz/Pay_CsT1Zfb_notifyurlzfb.html
通知报文：memberid=200423453&orderid=202006011544235548561052&transaction_id=20200601154429100545&amount=3000.0000&datetime=20200601160059&returncode=00&sign=E5F228AFD3C447533D886E903321BE1F&attach=1234|456
HTTP状态：
返回：ok

【2020-06-01 16:04:06】
订单号：20200601160300524852
通知地址：https://www.100000381.xyz/Pay_CsT1Zfb_notifyurlzfb.html
通知报文：memberid=200423453&orderid=202006011602531005756356&transaction_id=20200601160300524852&amount=3000.0000&datetime=20200601160405&returncode=00&sign=B8ABE5DC5CCE53A8945E5C60235C7CE8&attach=1234|456
HTTP状态：
返回：ok

【2020-06-01 16:12:30】
订单号：20200601160526545510
通知地址：https://www.100000381.xyz/Pay_CsT1Zfb_notifyurlzfb.html
通知报文：memberid=200423453&orderid=202006011605191025048679&transaction_id=20200601160526545510&amount=500.0000&datetime=20200601161229&returncode=00&sign=4AAC9CCB81DB86DB037150BDA8B805E7&attach=1234|456
HTTP状态：
返回：ok

【2020-06-01 16:14:24】
订单号：20200601151144485010
通知地址：https://www.100000381.xyz/Pay_CsT1Zfb_notifyurlzfb.html
通知报文：memberid=200423453&orderid=202006011511375710046622&transaction_id=20200601151144485010&amount=1000.0000&datetime=20200601161423&returncode=00&sign=5022CF4302C8CDFEE80DF6C644259462&attach=1234|456
HTTP状态：
返回：ok

【2020-06-01 16:15:49】
订单号：20200601160303555157
通知地址：https://www.100000381.xyz/Pay_CsT1Zfb_notifyurlzfb.html
通知报文：memberid=200423453&orderid=202006011602564810044424&transaction_id=20200601160303555157&amount=1600.0000&datetime=20200601161548&returncode=00&sign=0211747D1DD6B8C7F2A07FCF03CC21DB&attach=1234|456
HTTP状态：
返回：ok

【2020-06-01 16:30:19】
订单号：20200601154807555449
通知地址：https://www.100000381.xyz/Pay_CsT1Zfb_notifyurlzfb.html
通知报文：memberid=200423453&orderid=202006011548014948499928&transaction_id=20200601154807555449&amount=1000.0000&datetime=20200601163016&returncode=00&sign=A150E753C6EB5DE3D2FF0FABA9DAFA47&attach=1234|456
HTTP状态：
返回：ok

【2020-06-01 16:41:01】
订单号：20200601163758541009
通知地址：https://www.100000381.xyz/Pay_CsT1Zfb_notifyurlzfb.html
通知报文：memberid=200423453&orderid=202006011637524855535066&transaction_id=20200601163758541009&amount=4999.0000&datetime=20200601164057&returncode=00&sign=8AFD409E1BDB7597B640FA8A5FC9B669&attach=1234|456
HTTP状态：
返回：ok

【2020-06-01 16:41:56】
订单号：20200601163330975351
通知地址：https://www.100000381.xyz/Pay_CsT1Zfb_notifyurlzfb.html
通知报文：memberid=200423453&orderid=202006011633235110155996&transaction_id=20200601163330975351&amount=500.0000&datetime=20200601164153&returncode=00&sign=FB2EA2F36C395D1AE71553F652D36682&attach=1234|456
HTTP状态：
返回：ok

【2020-06-01 16:43:01】
订单号：20200601164216569753
通知地址：https://www.100000381.xyz/Pay_CsT1Zfb_notifyurlzfb.html
通知报文：memberid=200423453&orderid=202006011642105051992777&transaction_id=20200601164216569753&amount=500.0000&datetime=20200601164258&returncode=00&sign=BDEECC180599141214C184B7FD297D74&attach=1234|456
HTTP状态：
返回：ok

【2020-06-01 16:54:41】
订单号：20200601165301100974
通知地址：https://www.100000381.xyz/Pay_CsT1Zfb_notifyurlzfb.html
通知报文：memberid=200423453&orderid=202006011652555551572529&transaction_id=20200601165301100974&amount=500.0000&datetime=20200601165439&returncode=00&sign=661D961ACFD6DE20EC0BC5EDD8A84D5C&attach=1234|456
HTTP状态：
返回：ok

【2020-06-01 16:55:55】
订单号：20200601164711102494
通知地址：https://www.100000381.xyz/Pay_CsT1Zfb_notifyurlzfb.html
通知报文：memberid=200423453&orderid=202006011647045657993132&transaction_id=20200601164711102494&amount=3000.0000&datetime=20200601165552&returncode=00&sign=8DA38FBEA047E36EA987F8C5CDD3B34B&attach=1234|456
HTTP状态：
返回：ok

【2020-06-01 17:05:59】
订单号：20200601165729575254
通知地址：https://www.100000381.xyz/Pay_CsT1Zfb_notifyurlzfb.html
通知报文：memberid=200423453&orderid=202006011657225010055667&transaction_id=20200601165729575254&amount=500.0000&datetime=20200601170557&returncode=00&sign=BBE79C1B02D4B7C6148DE259BB149776&attach=1234|456
HTTP状态：
返回：ok

【2020-06-01 17:07:20】
订单号：20200601170501100989
通知地址：https://www.100000381.xyz/Pay_CsT1Zfb_notifyurlzfb.html
通知报文：memberid=200423453&orderid=202006011704555553983118&transaction_id=20200601170501100989&amount=500.0000&datetime=20200601170718&returncode=00&sign=667E006EB3BBC474B9DD521B4C3D95FB&attach=1234|456
HTTP状态：
返回：ok

【2020-06-01 17:09:48】
订单号：20200601170307985052
通知地址：https://www.100000381.xyz/Pay_CsT1Zfb_notifyurlzfb.html
通知报文：memberid=200423453&orderid=202006011703005298515777&transaction_id=20200601170307985052&amount=500.0000&datetime=20200601170946&returncode=00&sign=B549A091F529658C0498B6EC1563604F&attach=1234|456
HTTP状态：
返回：ok

【2020-06-01 17:13:38】
订单号：20200601170020525149
通知地址：https://www.100000381.xyz/Pay_CsT1Zfb_notifyurlzfb.html
通知报文：memberid=200423453&orderid=202006011700131009817390&transaction_id=20200601170020525149&amount=2000.0000&datetime=20200601171337&returncode=00&sign=BC15BAF7C2A8A195F3DAC27F68FAEDB7&attach=1234|456
HTTP状态：
返回：ok

【2020-06-01 17:14:02】
订单号：20200601170458975610
通知地址：https://www.100000381.xyz/Pay_CsT1Zfb_notifyurlzfb.html
通知报文：memberid=200423453&orderid=202006011704525249108122&transaction_id=20200601170458975610&amount=500.0000&datetime=20200601171400&returncode=00&sign=1FD02B0883865D27D8329B3E164AF1E9&attach=1234|456
HTTP状态：
返回：ok

【2020-06-01 17:14:24】
订单号：20200601170843981015
通知地址：https://www.100000381.xyz/Pay_CsT1Zfb_notifyurlzfb.html
通知报文：memberid=200423453&orderid=202006011708375355567085&transaction_id=20200601170843981015&amount=2000.0000&datetime=20200601171423&returncode=00&sign=D4A744A04700442B39F549993126119D&attach=1234|456
HTTP状态：
返回：ok

【2020-06-01 17:15:35】
订单号：20200601171449575451
通知地址：https://www.100000381.xyz/Pay_CsT1Zfb_notifyurlzfb.html
通知报文：memberid=200423453&orderid=202006011714425010154173&transaction_id=20200601171449575451&amount=1000.0000&datetime=20200601171534&returncode=00&sign=E0FFD030ED3BF31FB6043ACC33798054&attach=1234|456
HTTP状态：
返回：ok

【2020-06-01 17:15:55】
订单号：20200601170855555456
通知地址：https://www.100000381.xyz/Pay_CsT1Zfb_notifyurlzfb.html
通知报文：memberid=200423453&orderid=202006011708484810111536&transaction_id=20200601170855555456&amount=500.0000&datetime=20200601171554&returncode=00&sign=40474C85F0BEF7FD44A5300C316988B0&attach=1234|456
HTTP状态：
返回：ok

【2020-06-01 17:26:43】
订单号：20200601171944485349
通知地址：https://www.100000381.xyz/Pay_CsT1Zfb_notifyurlzfb.html
通知报文：memberid=200423453&orderid=202006011719375710051875&transaction_id=20200601171944485349&amount=2000.0000&datetime=20200601172642&returncode=00&sign=BCFE7320BAB3FFBC6C5BDFDA814738AC&attach=1234|456
HTTP状态：
返回：ok

【2020-06-01 17:29:56】
订单号：20200601022033495310
通知地址：https://www.100000381.xyz/Pay_CsT1Zfb_notifyurlzfb.html
通知报文：memberid=200423453&orderid=202006010220269756982526&transaction_id=20200601022033495310&amount=2000.0000&datetime=20200601172956&returncode=00&sign=40D9B89DECFB14D3B147559B8727CC43&attach=1234|456
HTTP状态：
返回：ok

【2020-06-01 17:34:53】
订单号：20200601165642974897
通知地址：https://www.100000381.xyz/Pay_CsT1Zfb_notifyurlzfb.html
通知报文：memberid=200423453&orderid=202006011656355157573156&transaction_id=20200601165642974897&amount=500.0000&datetime=20200601173451&returncode=00&sign=32FB17D74C6E1508FD5B894639940BC0&attach=1234|456
HTTP状态：
返回：ok

【2020-06-01 17:38:35】
订单号：20200601170300525110
通知地址：https://www.100000381.xyz/Pay_CsT1Zfb_notifyurlzfb.html
通知报文：memberid=200423453&orderid=202006011702531009917677&transaction_id=20200601170300525110&amount=1000.0000&datetime=20200601173834&returncode=00&sign=6655E16F38BE4EEDEF496F64D374637A&attach=1234|456
HTTP状态：
返回：ok

【2020-06-01 18:13:52】
订单号：20200601181030545698
通知地址：https://www.100000381.xyz/Pay_CsT1Zfb_notifyurlzfb.html
通知报文：memberid=200423453&orderid=202006011810244850524985&transaction_id=20200601181030545698&amount=1000.0000&datetime=20200601181349&returncode=00&sign=25D4CCA306B339AA97E2709ADBBCFB11&attach=1234|456
HTTP状态：
返回：ok

【2020-06-01 18:15:58】
订单号：20200601180420529852
通知地址：https://www.100000381.xyz/Pay_CsT1Zfb_notifyurlzfb.html
通知报文：memberid=200423453&orderid=202006011804141015119047&transaction_id=20200601180420529852&amount=500.0000&datetime=20200601181555&returncode=00&sign=E27CD70BC64A0ADBDD6A60B4151503D4&attach=1234|456
HTTP状态：
返回：ok

【2020-06-01 18:17:38】
订单号：20200601180526545699
通知地址：https://www.100000381.xyz/Pay_CsT1Zfb_notifyurlzfb.html
通知报文：memberid=200423453&orderid=202006011805204850485332&transaction_id=20200601180526545699&amount=1000.0000&datetime=20200601181738&returncode=00&sign=EB8FE6F42105229205CB520F93E64647&attach=1234|456
HTTP状态：
返回：ok

【2020-06-01 18:18:12】
订单号：20200601181552564910
通知地址：https://www.100000381.xyz/Pay_CsT1Zfb_notifyurlzfb.html
通知报文：memberid=200423453&orderid=202006011815454997485574&transaction_id=20200601181552564910&amount=3000.0000&datetime=20200601181810&returncode=00&sign=5B11B95C39DDB6178BAB2BECAB055DCD&attach=1234|456
HTTP状态：
返回：ok

【2020-06-01 18:21:11】
订单号：20200601181839102974
通知地址：https://www.100000381.xyz/Pay_CsT1Zfb_notifyurlzfb.html
通知报文：memberid=200423453&orderid=202006011818335750102265&transaction_id=20200601181839102974&amount=1000.0000&datetime=20200601182111&returncode=00&sign=88B6946A78D8AE2C6559E54D463C3DC7&attach=1234|456
HTTP状态：
返回：ok

【2020-06-01 18:23:28】
订单号：20200601181153575498
通知地址：https://www.100000381.xyz/Pay_CsT1Zfb_notifyurlzfb.html
通知报文：memberid=200423453&orderid=202006011811475148535608&transaction_id=20200601181153575498&amount=1000.0000&datetime=20200601182327&returncode=00&sign=B6CAD78D383ACAEE9BCA072662CF9B10&attach=1234|456
HTTP状态：
返回：ok

【2020-06-01 18:23:59】
订单号：20200601182102101101
通知地址：https://www.100000381.xyz/Pay_CsT1Zfb_notifyurlzfb.html
通知报文：memberid=200423453&orderid=202006011820565655533195&transaction_id=20200601182102101101&amount=1008.0000&datetime=20200601182358&returncode=00&sign=F15662C2D861ED2F3E188420C7B6CB71&attach=1234|456
HTTP状态：
返回：ok

【2020-06-01 18:24:45】
订单号：20200601181839102995
通知地址：https://www.100000381.xyz/Pay_CsT1Zfb_notifyurlzfb.html
通知报文：memberid=200423453&orderid=202006011818335752985710&transaction_id=20200601181839102995&amount=5000.0000&datetime=20200601182444&returncode=00&sign=086E49D7AA2889E5CAC18344D73FE946&attach=1234|456
HTTP状态：
返回：ok

【2020-06-01 18:50:07】
订单号：20200601181922975198
通知地址：https://www.100000381.xyz/Pay_CsT1Zfb_notifyurlzfb.html
通知报文：memberid=200423453&orderid=202006011819155198107899&transaction_id=20200601181922975198&amount=1000.0000&datetime=20200601185001&returncode=00&sign=16D1CCF590F13242D7C8AF92B4F33876&attach=1234|456
HTTP状态：
返回：ok

【2020-06-01 18:54:57】
订单号：20200601182741100991
通知地址：https://www.100000381.xyz/Pay_CsT1Zfb_notifyurlzfb.html
通知报文：memberid=200423453&orderid=202006011827355553565096&transaction_id=20200601182741100991&amount=500.0000&datetime=20200601185451&returncode=00&sign=0048CBA50AC0F91CDF6A8FE36C8E9466&attach=1234|456
HTTP状态：
返回：ok

【2020-06-01 18:55:27】
订单号：20200601182537499952
通知地址：https://www.100000381.xyz/Pay_CsT1Zfb_notifyurlzfb.html
通知报文：memberid=200423453&orderid=202006011825319853562020&transaction_id=20200601182537499952&amount=2000.0000&datetime=20200601185526&returncode=00&sign=AE58997862FEE4A04992228CE0A1D320&attach=1234|456
HTTP状态：
返回：ok

