【2020-03-31 11:29:43】
订单号：20200331112933100495
通知地址：https://www.699179.xyz/Pay_CsT1Wx_notifyurlwx.html
通知报文：memberid=200359087&orderid=202003311129329953105501&transaction_id=20200331112933100495&amount=400.0000&datetime=20200331112942&returncode=00&sign=8CF92EE5D98DFEA8EE1CF48BC11F48DF&attach=
HTTP状态：
返回：ok

【2020-03-31 11:30:21】
订单号：20200331113003989751
通知地址：https://www.699179.xyz/Pay_CsT1Wx_notifyurlwx.html
通知报文：memberid=200359087&orderid=202003311130029710241003&transaction_id=20200331113003989751&amount=666.0000&datetime=20200331113020&returncode=00&sign=B5F552C2E33B7BB0FE6AF3BF359B05D3&attach=
HTTP状态：
返回：ok

【2020-03-31 11:35:16】
订单号：20200331113501535750
通知地址：https://www.699179.xyz/Pay_CsT1Wx_notifyurlwx.html
通知报文：memberid=200359087&orderid=202003311135005210015787&transaction_id=20200331113501535750&amount=500.0000&datetime=20200331113515&returncode=00&sign=38512DFCF9577B050278A6168E6C4EA2&attach=
HTTP状态：
返回：ok

【2020-03-31 11:42:05】
订单号：20200331114153499753
通知地址：https://www.699179.xyz/Pay_CsT1Wx_notifyurlwx.html
通知报文：memberid=200359087&orderid=202003311141524810258544&transaction_id=20200331114153499753&amount=500.0000&datetime=20200331114204&returncode=00&sign=D3F0BACAFC6D0C951899C70189AFD2C8&attach=
HTTP状态：
返回：ok

【2020-03-31 11:45:05】
订单号：20200331114450504999
通知地址：https://www.699179.xyz/Pay_CsT1Wx_notifyurlwx.html
通知报文：memberid=200359087&orderid=202003311144494954972399&transaction_id=20200331114450504999&amount=1000.0000&datetime=20200331114504&returncode=00&sign=91038A369CF0977F4941100E906B74BD&attach=
HTTP状态：
返回：ok

【2020-03-31 11:48:20】
订单号：20200331114800485452
通知地址：https://www.699179.xyz/Pay_CsT1Wx_notifyurlwx.html
通知报文：memberid=200359087&orderid=202003311147581019757222&transaction_id=20200331114800485452&amount=500.0000&datetime=20200331114820&returncode=00&sign=65A58FF29D002E45518EBE3CAFB3F16F&attach=
HTTP状态：
返回：ok

【2020-03-31 11:49:25】
订单号：20200331114910545356
通知地址：https://www.699179.xyz/Pay_CsT1Wx_notifyurlwx.html
通知报文：memberid=200359087&orderid=202003311149095397106990&transaction_id=20200331114910545356&amount=1000.0000&datetime=20200331114924&returncode=00&sign=236BB7B0861386BF5068B77E920D586A&attach=
HTTP状态：
返回：ok

【2020-03-31 11:53:29】
订单号：20200331115313574957
通知地址：https://www.699179.xyz/Pay_CsT1Wx_notifyurlwx.html
通知报文：memberid=200359087&orderid=202003311153125654499116&transaction_id=20200331115313574957&amount=50.0000&datetime=20200331115328&returncode=00&sign=1DB779D2E1638B7B2896BD25F55AA099&attach=
HTTP状态：
返回：ok

【2020-03-31 11:53:30】
订单号：20200331115259981005
通知地址：https://www.699179.xyz/Pay_CsT1Wx_notifyurlwx.html
通知报文：memberid=200359087&orderid=202003311152599851995102&transaction_id=20200331115259981005&amount=100.0000&datetime=20200331115328&returncode=00&sign=22B265B4265242E15640EB414769DF40&attach=
HTTP状态：
返回：ok

【2020-03-31 11:54:12】
订单号：20200331115355515550
通知地址：https://www.699179.xyz/Pay_CsT1Wx_notifyurlwx.html
通知报文：memberid=200359087&orderid=202003311153545099101679&transaction_id=20200331115355515550&amount=60.0000&datetime=20200331115411&returncode=00&sign=29FF66E50534497213424EA01F076343&attach=
HTTP状态：
返回：ok

【2020-03-31 11:55:12】
订单号：20200331115449579848
通知地址：https://www.699179.xyz/Pay_CsT1Wx_notifyurlwx.html
通知报文：memberid=200359087&orderid=202003311154495750502518&transaction_id=20200331115449579848&amount=100.0000&datetime=20200331115511&returncode=00&sign=D849B4F5FD6A68F1B48088FA61E8EB28&attach=
HTTP状态：
返回：ok

【2020-03-31 11:55:42】
订单号：20200331115527102521
通知地址：https://www.699179.xyz/Pay_CsT1Wx_notifyurlwx.html
通知报文：memberid=200359087&orderid=202003311155261019799325&transaction_id=20200331115527102521&amount=500.0000&datetime=20200331115542&returncode=00&sign=4B7B75E36197A8E072B4892F5BF90F2D&attach=
HTTP状态：
返回：ok

【2020-03-31 11:56:42】
订单号：20200331115628995152
通知地址：https://www.699179.xyz/Pay_CsT1Wx_notifyurlwx.html
通知报文：memberid=200359087&orderid=202003311156279856499300&transaction_id=20200331115628995152&amount=200.0000&datetime=20200331115640&returncode=00&sign=DAEFFFD4A82FFCB0331272914EB8423C&attach=
HTTP状态：
返回：ok

【2020-03-31 11:56:57】
订单号：20200331115646101544
通知地址：https://www.699179.xyz/Pay_CsT1Wx_notifyurlwx.html
通知报文：memberid=200359087&orderid=202003311156451009856965&transaction_id=20200331115646101544&amount=200.0000&datetime=20200331115657&returncode=00&sign=2CEBA0D5427AF424262CF141BD738E92&attach=
HTTP状态：
返回：ok

【2020-03-31 11:57:12】
订单号：20200331115658979810
通知地址：https://www.699179.xyz/Pay_CsT1Wx_notifyurlwx.html
通知报文：memberid=200359087&orderid=202003311156589748101406&transaction_id=20200331115658979810&amount=200.0000&datetime=20200331115712&returncode=00&sign=17ED0403CD881CE5FF9FA088319001AD&attach=
HTTP状态：
返回：ok

【2020-03-31 11:58:03】
订单号：20200331115749100491
通知地址：https://www.699179.xyz/Pay_CsT1Wx_notifyurlwx.html
通知报文：memberid=200359087&orderid=202003311157489955101349&transaction_id=20200331115749100491&amount=50.0000&datetime=20200331115803&returncode=00&sign=518175A84ABC05443DA6075879A1B552&attach=
HTTP状态：
返回：ok

【2020-03-31 12:00:46】
订单号：20200331120033499955
通知地址：https://www.699179.xyz/Pay_CsT1Wx_notifyurlwx.html
通知报文：memberid=200359087&orderid=202003311200334949978793&transaction_id=20200331120033499955&amount=300.0000&datetime=20200331120045&returncode=00&sign=58955CD18AF02BA99B30461BFBF32853&attach=
HTTP状态：
返回：ok

【2020-03-31 12:01:16】
订单号：20200331120104485657
通知地址：https://www.699179.xyz/Pay_CsT1Wx_notifyurlwx.html
通知报文：memberid=200359087&orderid=202003311201031021019826&transaction_id=20200331120104485657&amount=100.0000&datetime=20200331120115&returncode=00&sign=EBCC300419453A957F144488DBFF5580&attach=
HTTP状态：
返回：ok

【2020-03-31 12:02:40】
订单号：20200331120231555148
通知地址：https://www.699179.xyz/Pay_CsT1Wx_notifyurlwx.html
通知报文：memberid=200359087&orderid=202003311202305456101380&transaction_id=20200331120231555148&amount=500.0000&datetime=20200331120240&returncode=00&sign=0424AB747FAC19F9A1065717661FCC22&attach=
HTTP状态：
返回：ok

【2020-03-31 12:10:20】
订单号：20200331120950101975
通知地址：https://www.699179.xyz/Pay_CsT1Wx_notifyurlwx.html
通知报文：memberid=200359087&orderid=202003311209501014842830&transaction_id=20200331120950101975&amount=300.0000&datetime=20200331121020&returncode=00&sign=57FBF861ACF424C510BAA4BE7424F79F&attach=
HTTP状态：
返回：ok

【2020-03-31 12:10:47】
订单号：20200331121027515149
通知地址：https://www.699179.xyz/Pay_CsT1Wx_notifyurlwx.html
通知报文：memberid=200359087&orderid=202003311210265055106058&transaction_id=20200331121027515149&amount=3000.0000&datetime=20200331121047&returncode=00&sign=94421A7AC04B4CB1E6F6E23C34AD9808&attach=
HTTP状态：
返回：ok

【2020-03-31 12:15:32】
订单号：20200331121519559710
通知地址：https://www.699179.xyz/Pay_CsT1Wx_notifyurlwx.html
通知报文：memberid=200359087&orderid=202003311215195548554882&transaction_id=20200331121519559710&amount=1000.0000&datetime=20200331121531&returncode=00&sign=8B1C38311114B3234EEAF480522D8F81&attach=
HTTP状态：
返回：ok

【2020-03-31 12:16:18】
订单号：20200331121548525410
通知地址：http://karl-leo.imwork.net/common/test.json
通知报文：memberid=200399771&orderid=E20200331041547955575&transaction_id=20200331121548525410&amount=0.0100&datetime=20200331121615&returncode=00&sign=B806572A1CF6C6826FC967F65CE1F4AB&attach=1234|456
HTTP状态：
返回：

【2020-03-31 12:18:34】
订单号：20200331121803984952
通知地址：http://karl-leo.imwork.net/common/test.json
通知报文：memberid=200399771&orderid=E20200331041802144686&transaction_id=20200331121803984952&amount=0.0100&datetime=20200331121824&returncode=00&sign=E195BFDB54995DE0F49D2F142958B384&attach=1234|456
HTTP状态：
返回：

【2020-03-31 12:18:50】
订单号：20200331121803984952
通知地址：http://karl-leo.imwork.net/common/test.json
通知报文：memberid=200399771&orderid=E20200331041802144686&transaction_id=20200331121803984952&amount=0.0100&datetime=20200331121840&returncode=00&sign=988E6EC3DC0607D9A1AE22A7BCCADFA7&attach=1234|456
HTTP状态：
返回：

【2020-03-31 12:19:06】
订单号：20200331121803984952
通知地址：http://karl-leo.imwork.net/common/test.json
通知报文：memberid=200399771&orderid=E20200331041802144686&transaction_id=20200331121803984952&amount=0.0100&datetime=20200331121856&returncode=00&sign=BD0F6C370CC3623AC3FF066F878BA56C&attach=1234|456
HTTP状态：
返回：

【2020-03-31 12:19:11】
订单号：20200331121854101571
通知地址：https://www.699179.xyz/Pay_CsT1Wx_notifyurlwx.html
通知报文：memberid=200359087&orderid=202003311218531001001789&transaction_id=20200331121854101571&amount=200.0000&datetime=20200331121906&returncode=00&sign=FF5CB6E77F26D02FCFBBB15A90B45472&attach=
HTTP状态：
返回：ok

【2020-03-31 12:19:23】
订单号：20200331121854101571
通知地址：https://www.699179.xyz/Pay_CsT1Wx_notifyurlwx.html
通知报文：memberid=200359087&orderid=202003311218531001001789&transaction_id=20200331121854101571&amount=200.0000&datetime=20200331121922&returncode=00&sign=8836DD6E5D135FE027FE1F25BC4EEE8D&attach=
HTTP状态：
返回：fail

【2020-03-31 12:19:38】
订单号：20200331121803984952
通知地址：http://karl-leo.imwork.net/common/test.json
通知报文：memberid=200399771&orderid=E20200331041802144686&transaction_id=20200331121803984952&amount=0.0100&datetime=20200331121928&returncode=00&sign=4C01E5C12411D85312341EB4F723F9F2&attach=1234|456
HTTP状态：
返回：

【2020-03-31 12:20:41】
订单号：20200331122029100515
通知地址：https://www.699179.xyz/Pay_CsT1Wx_notifyurlwx.html
通知报文：memberid=200359087&orderid=202003311220289956563251&transaction_id=20200331122029100515&amount=50.0000&datetime=20200331122041&returncode=00&sign=E3D194C1837A7E930CB6341895AB8C32&attach=
HTTP状态：
返回：ok

【2020-03-31 12:22:39】
订单号：20200331121803984952
通知地址：http://karl-leo.imwork.net/common/test.json
通知报文：memberid=200399771&orderid=E20200331041802144686&transaction_id=20200331121803984952&amount=0.0100&datetime=20200331122229&returncode=00&sign=921787E732110C171B8A842DBD3C7F88&attach=1234|456
HTTP状态：
返回：

【2020-03-31 12:28:40】
订单号：20200331122802505053
通知地址：http://karl-leo.imwork.net/common/test.json
通知报文：memberid=200399771&orderid=E20200331042801745555&transaction_id=20200331122802505053&amount=0.0100&datetime=20200331122830&returncode=00&sign=0A809C901EF41968CBC700BC9A8662B2&attach=1234|456
HTTP状态：
返回：

【2020-03-31 12:28:56】
订单号：20200331122802505053
通知地址：http://karl-leo.imwork.net/common/test.json
通知报文：memberid=200399771&orderid=E20200331042801745555&transaction_id=20200331122802505053&amount=0.0100&datetime=20200331122846&returncode=00&sign=502DA320DAFC344C97F325F6E119F1D7&attach=1234|456
HTTP状态：
返回：

【2020-03-31 12:29:12】
订单号：20200331122802505053
通知地址：http://karl-leo.imwork.net/common/test.json
通知报文：memberid=200399771&orderid=E20200331042801745555&transaction_id=20200331122802505053&amount=0.0100&datetime=20200331122902&returncode=00&sign=317CD65EDBBB976F283A1E374EBDA78B&attach=1234|456
HTTP状态：
返回：

【2020-03-31 12:29:43】
订单号：20200331122802505053
通知地址：http://karl-leo.imwork.net/common/test.json
通知报文：memberid=200399771&orderid=E20200331042801745555&transaction_id=20200331122802505053&amount=0.0100&datetime=20200331122933&returncode=00&sign=01B6BB64D0E4D613B5D401D834A0F420&attach=1234|456
HTTP状态：
返回：

【2020-03-31 12:32:40】
订单号：20200331121803984952
通知地址：http://karl-leo.imwork.net/common/test.json
通知报文：memberid=200399771&orderid=E20200331041802144686&transaction_id=20200331121803984952&amount=0.0100&datetime=20200331123230&returncode=00&sign=A2A85D9B0D4713DA9FA85250595F2AE5&attach=1234|456
HTTP状态：
返回：

【2020-03-31 12:32:44】
订单号：20200331122802505053
通知地址：http://karl-leo.imwork.net/common/test.json
通知报文：memberid=200399771&orderid=E20200331042801745555&transaction_id=20200331122802505053&amount=0.0100&datetime=20200331123234&returncode=00&sign=C245EBCB7519E040BB0B27D8FD8EB778&attach=1234|456
HTTP状态：
返回：

【2020-03-31 12:42:45】
订单号：20200331122802505053
通知地址：http://karl-leo.imwork.net/common/test.json
通知报文：memberid=200399771&orderid=E20200331042801745555&transaction_id=20200331122802505053&amount=0.0100&datetime=20200331124235&returncode=00&sign=F8B5E1A77768F87682553A5B6F181751&attach=1234|456
HTTP状态：
返回：

【2020-03-31 12:46:08】
订单号：20200331124527555457
通知地址：http://karl-leo.imwork.net/common/test.json
通知报文：memberid=200399771&orderid=E20200331044526890445&transaction_id=20200331124527555457&amount=0.0100&datetime=20200331124558&returncode=00&sign=0D520FDAB469427403EA49F846092D82&attach=1234|456
HTTP状态：
返回：

【2020-03-31 12:46:25】
订单号：20200331124527555457
通知地址：http://karl-leo.imwork.net/common/test.json
通知报文：memberid=200399771&orderid=E20200331044526890445&transaction_id=20200331124527555457&amount=0.0100&datetime=20200331124615&returncode=00&sign=AADEE4C39F8D545B4195EFE0E6EEBFC0&attach=1234|456
HTTP状态：
返回：

【2020-03-31 12:46:41】
订单号：20200331124527555457
通知地址：http://karl-leo.imwork.net/common/test.json
通知报文：memberid=200399771&orderid=E20200331044526890445&transaction_id=20200331124527555457&amount=0.0100&datetime=20200331124631&returncode=00&sign=77021C21F4428DB6D4D71206AF0BB6DF&attach=1234|456
HTTP状态：
返回：

【2020-03-31 12:47:12】
订单号：20200331124527555457
通知地址：http://karl-leo.imwork.net/common/test.json
通知报文：memberid=200399771&orderid=E20200331044526890445&transaction_id=20200331124527555457&amount=0.0100&datetime=20200331124702&returncode=00&sign=9DDFD5D2B6E99566D03BD5C00594D29F&attach=1234|456
HTTP状态：
返回：

【2020-03-31 12:50:13】
订单号：20200331124527555457
通知地址：http://karl-leo.imwork.net/common/test.json
通知报文：memberid=200399771&orderid=E20200331044526890445&transaction_id=20200331124527555457&amount=0.0100&datetime=20200331125003&returncode=00&sign=B46E042A9020FDE6244FEAF68CC7287F&attach=1234|456
HTTP状态：
返回：

【2020-03-31 12:52:41】
订单号：20200331121803984952
通知地址：http://karl-leo.imwork.net/common/test.json
通知报文：memberid=200399771&orderid=E20200331041802144686&transaction_id=20200331121803984952&amount=0.0100&datetime=20200331125231&returncode=00&sign=DA78AF84FA2889E5CBC812F4500D3B61&attach=1234|456
HTTP状态：
返回：

【2020-03-31 13:00:14】
订单号：20200331124527555457
通知地址：http://karl-leo.imwork.net/common/test.json
通知报文：memberid=200399771&orderid=E20200331044526890445&transaction_id=20200331124527555457&amount=0.0100&datetime=20200331130004&returncode=00&sign=BD0B1779ADEF9189652C744F9C6553E4&attach=1234|456
HTTP状态：
返回：

【2020-03-31 13:02:46】
订单号：20200331122802505053
通知地址：http://karl-leo.imwork.net/common/test.json
通知报文：memberid=200399771&orderid=E20200331042801745555&transaction_id=20200331122802505053&amount=0.0100&datetime=20200331130236&returncode=00&sign=E9EBCEEA1468EB56389656F3A7AF3C35&attach=1234|456
HTTP状态：
返回：

【2020-03-31 13:20:15】
订单号：20200331124527555457
通知地址：http://karl-leo.imwork.net/common/test.json
通知报文：memberid=200399771&orderid=E20200331044526890445&transaction_id=20200331124527555457&amount=0.0100&datetime=20200331132005&returncode=00&sign=0BD9D8B084618065DC9A43802F52A488&attach=1234|456
HTTP状态：
返回：

【2020-03-31 13:22:43】
订单号：20200331121803984952
通知地址：http://karl-leo.imwork.net/common/test.json
通知报文：memberid=200399771&orderid=E20200331041802144686&transaction_id=20200331121803984952&amount=0.0100&datetime=20200331132233&returncode=00&sign=3660659F3E63FBF0388EEECD238F82D2&attach=1234|456
HTTP状态：
返回：

【2020-03-31 13:23:19】
订单号：20200331132306971004
通知地址：https://www.699179.xyz/Pay_CsT1Wx_notifyurlwx.html
通知报文：memberid=200359087&orderid=202003311323069750513691&transaction_id=20200331132306971004&amount=50.0000&datetime=20200331132318&returncode=00&sign=70314B5F1717FD3C9A981EF996BCE292&attach=
HTTP状态：
返回：ok

【2020-03-31 13:24:50】
订单号：20200331132427989997
通知地址：https://www.699179.xyz/Pay_CsT1Wx_notifyurlwx.html
通知报文：memberid=200359087&orderid=202003311324279850571557&transaction_id=20200331132427989997&amount=100.0000&datetime=20200331132440&returncode=00&sign=30F10E7D03A0B5B6AECA0DD01FEC31F5&attach=
HTTP状态：
返回：

【2020-03-31 13:25:06】
订单号：20200331132427989997
通知地址：https://www.699179.xyz/Pay_CsT1Wx_notifyurlwx.html
通知报文：memberid=200359087&orderid=202003311324279850571557&transaction_id=20200331132427989997&amount=100.0000&datetime=20200331132456&returncode=00&sign=BD0BD031AABEBCEDAE733D1990C0B9F5&attach=
HTTP状态：
返回：

【2020-03-31 13:25:20】
订单号：20200331132427989997
通知地址：https://www.699179.xyz/Pay_CsT1Wx_notifyurlwx.html
通知报文：memberid=200359087&orderid=202003311324279850571557&transaction_id=20200331132427989997&amount=100.0000&datetime=20200331132512&returncode=00&sign=3F4A89BE2ED1059E238498B0A937E6A3&attach=
HTTP状态：
返回：ok

【2020-03-31 13:25:44】
订单号：20200331132427989997
通知地址：https://www.699179.xyz/Pay_CsT1Wx_notifyurlwx.html
通知报文：memberid=200359087&orderid=202003311324279850571557&transaction_id=20200331132427989997&amount=100.0000&datetime=20200331132543&returncode=00&sign=8CB3EEECFD008A562B5E92E425C4E43E&attach=
HTTP状态：
返回：fail

【2020-03-31 13:25:52】
订单号：20200331132534101551
通知地址：https://www.699179.xyz/Pay_CsT1Wx_notifyurlwx.html
通知报文：memberid=200359087&orderid=202003311325331009945878&transaction_id=20200331132534101551&amount=1000.0000&datetime=20200331132552&returncode=00&sign=C89C706E166C344E04F5CED7DAFDF9F9&attach=
HTTP状态：
返回：ok

【2020-03-31 13:32:47】
订单号：20200331122802505053
通知地址：http://karl-leo.imwork.net/common/test.json
通知报文：memberid=200399771&orderid=E20200331042801745555&transaction_id=20200331122802505053&amount=0.0100&datetime=20200331133237&returncode=00&sign=DE58E0C590E1FBDCD6D50157BE8BDACE&attach=1234|456
HTTP状态：
返回：

【2020-03-31 13:50:16】
订单号：20200331124527555457
通知地址：http://karl-leo.imwork.net/common/test.json
通知报文：memberid=200399771&orderid=E20200331044526890445&transaction_id=20200331124527555457&amount=0.0100&datetime=20200331135006&returncode=00&sign=5D8670838FA3B490CDB2F792B77C3970&attach=1234|456
HTTP状态：
返回：

【2020-03-31 13:52:44】
订单号：20200331121803984952
通知地址：http://karl-leo.imwork.net/common/test.json
通知报文：memberid=200399771&orderid=E20200331041802144686&transaction_id=20200331121803984952&amount=0.0100&datetime=20200331135234&returncode=00&sign=994070188E44EED0411BA53F4ED5BD8E&attach=1234|456
HTTP状态：
返回：

【2020-03-31 14:02:48】
订单号：20200331122802505053
通知地址：http://karl-leo.imwork.net/common/test.json
通知报文：memberid=200399771&orderid=E20200331042801745555&transaction_id=20200331122802505053&amount=0.0100&datetime=20200331140238&returncode=00&sign=2248A13247787EA5578C2689A5B6C734&attach=1234|456
HTTP状态：
返回：

【2020-03-31 14:09:07】
订单号：20200331140842975010
通知地址：https://www.699179.xyz/Pay_CsT1Wx_notifyurlwx.html
通知报文：memberid=200359087&orderid=202003311408415754568563&transaction_id=20200331140842975010&amount=50.0000&datetime=20200331140904&returncode=00&sign=0075D9101D2D38378DEC652FA1BD57A2&attach=
HTTP状态：
返回：ok

【2020-03-31 14:16:00】
订单号：20200331141546505050
通知地址：https://www.699179.xyz/Pay_CsT1Wx_notifyurlwx.html
通知报文：memberid=200359087&orderid=202003311415454954546739&transaction_id=20200331141546505050&amount=50.0000&datetime=20200331141559&returncode=00&sign=E5E9EBB03761EBE790DA8E7AC4EC4F46&attach=
HTTP状态：
返回：ok

【2020-03-31 14:16:41】
订单号：20200331141619515652
通知地址：https://www.699179.xyz/Pay_CsT1Wx_notifyurlwx.html
通知报文：memberid=200359087&orderid=202003311416185010052386&transaction_id=20200331141619515652&amount=500.0000&datetime=20200331141640&returncode=00&sign=F294ED6B7BFC43FDBFF5B310AC6E2162&attach=
HTTP状态：
返回：ok

【2020-03-31 14:18:06】
订单号：20200331141752485550
通知地址：https://www.699179.xyz/Pay_CsT1Wx_notifyurlwx.html
通知报文：memberid=200359087&orderid=202003311417511029717049&transaction_id=20200331141752485550&amount=500.0000&datetime=20200331141804&returncode=00&sign=83E75E2733BA9610A3C739EDF3A99628&attach=
HTTP状态：
返回：ok

【2020-03-31 14:20:18】
订单号：20200331124527555457
通知地址：http://karl-leo.imwork.net/common/test.json
通知报文：memberid=200399771&orderid=E20200331044526890445&transaction_id=20200331124527555457&amount=0.0100&datetime=20200331142008&returncode=00&sign=401D7BB496E3315E241C9FDE7A7BC7B4&attach=1234|456
HTTP状态：
返回：

【2020-03-31 14:20:43】
订单号：20200331142030101971
通知地址：https://www.699179.xyz/Pay_CsT1Wx_notifyurlwx.html
通知报文：memberid=200359087&orderid=202003311420291001013409&transaction_id=20200331142030101971&amount=100.0000&datetime=20200331142043&returncode=00&sign=3CBDAEA272CB7EAC29B447E0DB47DE4D&attach=
HTTP状态：
返回：ok

【2020-03-31 14:21:04】
订单号：20200331142054545051
通知地址：https://www.699179.xyz/Pay_CsT1Wx_notifyurlwx.html
通知报文：memberid=200359087&orderid=202003311420535354104601&transaction_id=20200331142054545051&amount=50.0000&datetime=20200331142103&returncode=00&sign=17B6EDFE6DDA270B3AC2F991070EEE82&attach=
HTTP状态：
返回：ok

【2020-03-31 14:21:28】
订单号：20200331142101100484
通知地址：https://www.699179.xyz/Pay_CsT1Wx_notifyurlwx.html
通知报文：memberid=200359087&orderid=202003311421009951509755&transaction_id=20200331142101100484&amount=100.0000&datetime=20200331142126&returncode=00&sign=E02D4F90AAD4FC08B48AFB7E129A0766&attach=
HTTP状态：
返回：ok

【2020-03-31 14:22:13】
订单号：20200331142157531005
通知地址：https://www.699179.xyz/Pay_CsT1Wx_notifyurlwx.html
通知报文：memberid=200359087&orderid=202003311421575349998885&transaction_id=20200331142157531005&amount=200.0000&datetime=20200331142212&returncode=00&sign=DB849E079C3671BAD0238A3D192FC238&attach=
HTTP状态：
返回：ok

【2020-03-31 14:22:44】
订单号：20200331142229535110
通知地址：https://www.699179.xyz/Pay_CsT1Wx_notifyurlwx.html
通知报文：memberid=200359087&orderid=202003311422285255989005&transaction_id=20200331142229535110&amount=100.0000&datetime=20200331142244&returncode=00&sign=19CA25C4F4470D388C88880C2735D231&attach=
HTTP状态：
返回：ok

【2020-03-31 14:22:47】
订单号：20200331142236991015
通知地址：https://www.699179.xyz/Pay_CsT1Wx_notifyurlwx.html
通知报文：memberid=200359087&orderid=202003311422349750102614&transaction_id=20200331142236991015&amount=200.0000&datetime=20200331142246&returncode=00&sign=9F4470B83BFB7DAB9AB413A3CA1A6EF4&attach=
HTTP状态：
返回：ok

【2020-03-31 14:23:06】
订单号：20200331142256485650
通知地址：https://www.699179.xyz/Pay_CsT1Wx_notifyurlwx.html
通知报文：memberid=200359087&orderid=202003311422551029917817&transaction_id=20200331142256485650&amount=50.0000&datetime=20200331142305&returncode=00&sign=C14C6F090DCCACF994030F1DBF5BFA81&attach=
HTTP状态：
返回：ok

【2020-03-31 14:23:39】
订单号：20200331142326101515
通知地址：https://www.699179.xyz/Pay_CsT1Wx_notifyurlwx.html
通知报文：memberid=200359087&orderid=202003311423251005454942&transaction_id=20200331142326101515&amount=100.0000&datetime=20200331142339&returncode=00&sign=6D175B9DF79B1F7EFC5B713D79E2A5EB&attach=
HTTP状态：
返回：ok

【2020-03-31 14:24:12】
订单号：20200331142357100565
通知地址：https://www.699179.xyz/Pay_CsT1Wx_notifyurlwx.html
通知报文：memberid=200359087&orderid=202003311423569998551760&transaction_id=20200331142357100565&amount=200.0000&datetime=20200331142410&returncode=00&sign=4B4DDCF1CA1FD661B5A099ABDA88CBC9&attach=
HTTP状态：
返回：ok

【2020-03-31 14:24:21】
订单号：20200331142406545051
通知地址：https://www.699179.xyz/Pay_CsT1Wx_notifyurlwx.html
通知报文：memberid=200359087&orderid=202003311424055353571039&transaction_id=20200331142406545051&amount=50.0000&datetime=20200331142420&returncode=00&sign=8750B033585B99F6BE2C29A77767F5D3&attach=
HTTP状态：
返回：ok

【2020-03-31 14:44:18】
订单号：20200331144333539752
通知地址：http://karl-leo.imwork.net/common/test.json
通知报文：memberid=200399771&orderid=E20200331064332301483&transaction_id=20200331144333539752&amount=0.0100&datetime=20200331144408&returncode=00&sign=7A07CD04CF240E0A93347E498A7F2239&attach=1234|456
HTTP状态：
返回：

【2020-03-31 14:44:34】
订单号：20200331144333539752
通知地址：http://karl-leo.imwork.net/common/test.json
通知报文：memberid=200399771&orderid=E20200331064332301483&transaction_id=20200331144333539752&amount=0.0100&datetime=20200331144424&returncode=00&sign=F48548CEE8F6AEC5759799B836655BCF&attach=1234|456
HTTP状态：
返回：

【2020-03-31 14:44:50】
订单号：20200331144333539752
通知地址：http://karl-leo.imwork.net/common/test.json
通知报文：memberid=200399771&orderid=E20200331064332301483&transaction_id=20200331144333539752&amount=0.0100&datetime=20200331144440&returncode=00&sign=B9F267036DD7133EBDB968AAD93D30F8&attach=1234|456
HTTP状态：
返回：

【2020-03-31 14:45:22】
订单号：20200331144333539752
通知地址：http://karl-leo.imwork.net/common/test.json
通知报文：memberid=200399771&orderid=E20200331064332301483&transaction_id=20200331144333539752&amount=0.0100&datetime=20200331144512&returncode=00&sign=65217087E3BDC2642F72AA0A40C6473D&attach=1234|456
HTTP状态：
返回：

【2020-03-31 14:48:23】
订单号：20200331144333539752
通知地址：http://karl-leo.imwork.net/common/test.json
通知报文：memberid=200399771&orderid=E20200331064332301483&transaction_id=20200331144333539752&amount=0.0100&datetime=20200331144813&returncode=00&sign=A35C434EA52A7C88B70BA61032636E81&attach=1234|456
HTTP状态：
返回：

【2020-03-31 14:51:02】
订单号：20200331145024484997
通知地址：https://www.699179.xyz/Pay_CsT1Wx_notifyurlwx.html
通知报文：memberid=200359087&orderid=202003311450231025498000&transaction_id=20200331145024484997&amount=50.0000&datetime=20200331145101&returncode=00&sign=E213DE4E4CDDC4297743D827F034043C&attach=
HTTP状态：
返回：ok

【2020-03-31 14:52:45】
订单号：20200331121803984952
通知地址：http://karl-leo.imwork.net/common/test.json
通知报文：memberid=200399771&orderid=E20200331041802144686&transaction_id=20200331121803984952&amount=0.0100&datetime=20200331145235&returncode=00&sign=3F95A38B06EEB7CDABCF0099AFE7532F&attach=1234|456
HTTP状态：
返回：

【2020-03-31 14:58:24】
订单号：20200331144333539752
通知地址：http://karl-leo.imwork.net/common/test.json
通知报文：memberid=200399771&orderid=E20200331064332301483&transaction_id=20200331144333539752&amount=0.0100&datetime=20200331145814&returncode=00&sign=51B3121EC9286C7D65F2F42A3B6A7B11&attach=1234|456
HTTP状态：
返回：

【2020-03-31 15:02:50】
订单号：20200331122802505053
通知地址：http://karl-leo.imwork.net/common/test.json
通知报文：memberid=200399771&orderid=E20200331042801745555&transaction_id=20200331122802505053&amount=0.0100&datetime=20200331150240&returncode=00&sign=30FB2D4AD8FBB69F0E962EA3E5D38A22&attach=1234|456
HTTP状态：
返回：

【2020-03-31 15:18:25】
订单号：20200331144333539752
通知地址：http://karl-leo.imwork.net/common/test.json
通知报文：memberid=200399771&orderid=E20200331064332301483&transaction_id=20200331144333539752&amount=0.0100&datetime=20200331151815&returncode=00&sign=EAF4C4DD4AE6B6C90E7085001087FEF2&attach=1234|456
HTTP状态：
返回：

【2020-03-31 15:20:19】
订单号：20200331124527555457
通知地址：http://karl-leo.imwork.net/common/test.json
通知报文：memberid=200399771&orderid=E20200331044526890445&transaction_id=20200331124527555457&amount=0.0100&datetime=20200331152009&returncode=00&sign=71FBC8DD5DB219F78C935E5DA6D55BD2&attach=1234|456
HTTP状态：
返回：

【2020-03-31 15:28:55】
订单号：20200331152816489798
通知地址：http://karl-leo.imwork.net/common/test.json
通知报文：memberid=200399771&orderid=E20200331072815160030&transaction_id=20200331152816489798&amount=0.0100&datetime=20200331152845&returncode=00&sign=4EDCF5A79762BCE7666CB0EF59B6D80E&attach=1234|456
HTTP状态：
返回：

【2020-03-31 15:29:11】
订单号：20200331152816489798
通知地址：http://karl-leo.imwork.net/common/test.json
通知报文：memberid=200399771&orderid=E20200331072815160030&transaction_id=20200331152816489798&amount=0.0100&datetime=20200331152901&returncode=00&sign=F18317E59E52F9841F578BA86BC6102A&attach=1234|456
HTTP状态：
返回：

【2020-03-31 15:29:27】
订单号：20200331152816489798
通知地址：http://karl-leo.imwork.net/common/test.json
通知报文：memberid=200399771&orderid=E20200331072815160030&transaction_id=20200331152816489798&amount=0.0100&datetime=20200331152917&returncode=00&sign=5E46C930E3AA2612D5FC54A41F25FC09&attach=1234|456
HTTP状态：
返回：

【2020-03-31 15:29:59】
订单号：20200331152816489798
通知地址：http://karl-leo.imwork.net/common/test.json
通知报文：memberid=200399771&orderid=E20200331072815160030&transaction_id=20200331152816489798&amount=0.0100&datetime=20200331152949&returncode=00&sign=7B141AFB607E30731409ADA463EE4E88&attach=1234|456
HTTP状态：
返回：

【2020-03-31 15:33:00】
订单号：20200331152816489798
通知地址：http://karl-leo.imwork.net/common/test.json
通知报文：memberid=200399771&orderid=E20200331072815160030&transaction_id=20200331152816489798&amount=0.0100&datetime=20200331153250&returncode=00&sign=A8C4B9982DD30C7F7728F47A0949FF74&attach=1234|456
HTTP状态：
返回：

【2020-03-31 15:42:05】
订单号：20200331154127555297
通知地址：http://karl-leo.imwork.net/common/test.json
通知报文：memberid=200399771&orderid=E20200331074126451016&transaction_id=20200331154127555297&amount=0.0100&datetime=20200331154155&returncode=00&sign=475126B88923322972E64F5BFBE7981D&attach=1234|456
HTTP状态：
返回：

【2020-03-31 15:42:21】
订单号：20200331154127555297
通知地址：http://karl-leo.imwork.net/common/test.json
通知报文：memberid=200399771&orderid=E20200331074126451016&transaction_id=20200331154127555297&amount=0.0100&datetime=20200331154211&returncode=00&sign=7476E44EC607295F9E1845F38B56D392&attach=1234|456
HTTP状态：
返回：

【2020-03-31 15:42:38】
订单号：20200331154127555297
通知地址：http://karl-leo.imwork.net/common/test.json
通知报文：memberid=200399771&orderid=E20200331074126451016&transaction_id=20200331154127555297&amount=0.0100&datetime=20200331154228&returncode=00&sign=21E52D9360841D696818C4A43D767407&attach=1234|456
HTTP状态：
返回：

【2020-03-31 15:43:01】
订单号：20200331152816489798
通知地址：http://karl-leo.imwork.net/common/test.json
通知报文：memberid=200399771&orderid=E20200331072815160030&transaction_id=20200331152816489798&amount=0.0100&datetime=20200331154251&returncode=00&sign=F7CFF0F32E984B0E3D455851BEE4B422&attach=1234|456
HTTP状态：
返回：

【2020-03-31 15:43:09】
订单号：20200331154127555297
通知地址：http://karl-leo.imwork.net/common/test.json
通知报文：memberid=200399771&orderid=E20200331074126451016&transaction_id=20200331154127555297&amount=0.0100&datetime=20200331154259&returncode=00&sign=504CBA481604F37AB590A4F51706D6ED&attach=1234|456
HTTP状态：
返回：

【2020-03-31 15:46:10】
订单号：20200331154127555297
通知地址：http://karl-leo.imwork.net/common/test.json
通知报文：memberid=200399771&orderid=E20200331074126451016&transaction_id=20200331154127555297&amount=0.0100&datetime=20200331154600&returncode=00&sign=19236A71E5DEA9C5143B8E0E7043A1BE&attach=1234|456
HTTP状态：
返回：

【2020-03-31 15:48:27】
订单号：20200331144333539752
通知地址：http://karl-leo.imwork.net/common/test.json
通知报文：memberid=200399771&orderid=E20200331064332301483&transaction_id=20200331144333539752&amount=0.0100&datetime=20200331154817&returncode=00&sign=439D445B4C4151A6E10BBCBD55D8B96E&attach=1234|456
HTTP状态：
返回：

【2020-03-31 15:51:22】
订单号：20200331155035984851
通知地址：http://karl-leo.imwork.net/common/test.json
通知报文：memberid=200399771&orderid=E20200331075034340518&transaction_id=20200331155035984851&amount=0.0100&datetime=20200331155112&returncode=00&sign=61624551551E88065BAE37CF62FB5890&attach=1234|456
HTTP状态：
返回：

【2020-03-31 15:51:38】
订单号：20200331155035984851
通知地址：http://karl-leo.imwork.net/common/test.json
通知报文：memberid=200399771&orderid=E20200331075034340518&transaction_id=20200331155035984851&amount=0.0100&datetime=20200331155128&returncode=00&sign=0F73E0989B60BCBD9F59FB3FA2D9BAAD&attach=1234|456
HTTP状态：
返回：

【2020-03-31 15:51:54】
订单号：20200331155035984851
通知地址：http://karl-leo.imwork.net/common/test.json
通知报文：memberid=200399771&orderid=E20200331075034340518&transaction_id=20200331155035984851&amount=0.0100&datetime=20200331155144&returncode=00&sign=67A824A86E727F23EEB44B784EBB9FEE&attach=1234|456
HTTP状态：
返回：

【2020-03-31 15:52:25】
订单号：20200331155035984851
通知地址：http://karl-leo.imwork.net/common/test.json
通知报文：memberid=200399771&orderid=E20200331075034340518&transaction_id=20200331155035984851&amount=0.0100&datetime=20200331155215&returncode=00&sign=3D347DDD4207E827D04EE59B5DBF402F&attach=1234|456
HTTP状态：
返回：

【2020-03-31 15:55:26】
订单号：20200331155035984851
通知地址：http://karl-leo.imwork.net/common/test.json
通知报文：memberid=200399771&orderid=E20200331075034340518&transaction_id=20200331155035984851&amount=0.0100&datetime=20200331155516&returncode=00&sign=15CC6E0FBBEBED0B95FDDFE6B49E83A8&attach=1234|456
HTTP状态：
返回：

【2020-03-31 15:56:11】
订单号：20200331154127555297
通知地址：http://karl-leo.imwork.net/common/test.json
通知报文：memberid=200399771&orderid=E20200331074126451016&transaction_id=20200331154127555297&amount=0.0100&datetime=20200331155601&returncode=00&sign=B0B6A1DF9B286FFF6061D601693E04D9&attach=1234|456
HTTP状态：
返回：

【2020-03-31 16:03:02】
订单号：20200331152816489798
通知地址：http://karl-leo.imwork.net/common/test.json
通知报文：memberid=200399771&orderid=E20200331072815160030&transaction_id=20200331152816489798&amount=0.0100&datetime=20200331160252&returncode=00&sign=13415C8FC63CA2CD142375031610091F&attach=1234|456
HTTP状态：
返回：

【2020-03-31 16:06:13】
订单号：20200331160136489954
通知地址：http://karl-leo.imwork.net/common/test.json
通知报文：memberid=200399771&orderid=E20200331080135579185&transaction_id=20200331160136489954&amount=0.0100&datetime=20200331160603&returncode=00&sign=A2EDA92CB71EF3AF37FFA99AEE52364B&attach=1234|456
HTTP状态：
返回：

【2020-03-31 16:06:29】
订单号：20200331160555515155
通知地址：http://karl-leo.imwork.net/common/test.json
通知报文：memberid=200399771&orderid=E20200331080554127448&transaction_id=20200331160555515155&amount=0.0100&datetime=20200331160619&returncode=00&sign=7700771E0A5C13E974E303F96615F041&attach=1234|456
HTTP状态：
返回：

【2020-03-31 16:06:45】
订单号：20200331160555515155
通知地址：http://karl-leo.imwork.net/common/test.json
通知报文：memberid=200399771&orderid=E20200331080554127448&transaction_id=20200331160555515155&amount=0.0100&datetime=20200331160635&returncode=00&sign=2314EC16BDE91D025786FEF60AAB14CF&attach=1234|456
HTTP状态：
返回：

【2020-03-31 16:06:56】
订单号：20200331143233491019
通知地址：https://www.699179.xyz/Pay_CsT1Wx_notifyurlwx.html
通知报文：memberid=200359087&orderid=202003311432334950568732&transaction_id=20200331143233491019&amount=50.0000&datetime=20200331160653&returncode=00&sign=CBBC7E14D84C1AFDB5D1D992FCCE3D1D&attach=
HTTP状态：
返回：fail

【2020-03-31 16:06:56】
订单号：20200331155217495255
通知地址：http://karl-leo.imwork.net/common/test.json
通知报文：memberid=200399771&orderid=E20200331075216269977&transaction_id=20200331155217495255&amount=0.0100&datetime=20200331160646&returncode=00&sign=89AF947FE877DAB122C3CAEE1020BA11&attach=1234|456
HTTP状态：
返回：

【2020-03-31 16:07:02】
订单号：20200331160555515155
通知地址：http://karl-leo.imwork.net/common/test.json
通知报文：memberid=200399771&orderid=E20200331080554127448&transaction_id=20200331160555515155&amount=0.0100&datetime=20200331160652&returncode=00&sign=4DD276D1C85486920CFC440D696BCF16&attach=1234|456
HTTP状态：
返回：

【2020-03-31 16:07:31】
订单号：20200331143316999710
通知地址：https://www.699179.xyz/Pay_CsT1Wx_notifyurlwx.html
通知报文：memberid=200359087&orderid=202003311433169948497718&transaction_id=20200331143316999710&amount=500.0000&datetime=20200331160731&returncode=00&sign=14D2CE3D36D65DF5FC3BC4EBC25AC626&attach=
HTTP状态：
返回：fail

【2020-03-31 16:07:33】
订单号：20200331160555515155
通知地址：http://karl-leo.imwork.net/common/test.json
通知报文：memberid=200399771&orderid=E20200331080554127448&transaction_id=20200331160555515155&amount=0.0100&datetime=20200331160723&returncode=00&sign=1C88C68777A7704AFFF94BCA8AB36E85&attach=1234|456
HTTP状态：
返回：

【2020-03-31 16:07:38】
订单号：20200331160649571004
通知地址：http://karl-leo.imwork.net/common/test.json
通知报文：memberid=200399771&orderid=E20200331080649300547&transaction_id=20200331160649571004&amount=0.0100&datetime=20200331160728&returncode=00&sign=00E509F0C76DA10FC6B2E61F405CB79D&attach=1234|456
HTTP状态：
返回：

【2020-03-31 16:07:54】
订单号：20200331160649571004
通知地址：http://karl-leo.imwork.net/common/test.json
通知报文：memberid=200399771&orderid=E20200331080649300547&transaction_id=20200331160649571004&amount=0.0100&datetime=20200331160744&returncode=00&sign=4C333A900A225CDCDC7C4F267889689C&attach=1234|456
HTTP状态：
返回：

【2020-03-31 16:08:10】
订单号：20200331160649571004
通知地址：http://karl-leo.imwork.net/common/test.json
通知报文：memberid=200399771&orderid=E20200331080649300547&transaction_id=20200331160649571004&amount=0.0100&datetime=20200331160800&returncode=00&sign=3E65BC9399EEC5879D3364C3EB211AC7&attach=1234|456
HTTP状态：
返回：

【2020-03-31 16:08:26】
订单号：20200331160751554857
通知地址：http://karl-leo.imwork.net/common/test.json
通知报文：memberid=200399771&orderid=E20200331080749352869&transaction_id=20200331160751554857&amount=0.0100&datetime=20200331160816&returncode=00&sign=EE7ECA6A16655A017780F16FDCBA9B67&attach=1234|456
HTTP状态：
返回：

【2020-03-31 16:08:41】
订单号：20200331160649571004
通知地址：http://karl-leo.imwork.net/common/test.json
通知报文：memberid=200399771&orderid=E20200331080649300547&transaction_id=20200331160649571004&amount=0.0100&datetime=20200331160831&returncode=00&sign=0DD8CC4E215BA81213885D7EC293573D&attach=1234|456
HTTP状态：
返回：

【2020-03-31 16:08:43】
订单号：20200331160751554857
通知地址：http://karl-leo.imwork.net/common/test.json
通知报文：memberid=200399771&orderid=E20200331080749352869&transaction_id=20200331160751554857&amount=0.0100&datetime=20200331160833&returncode=00&sign=F52CB0C4E3E9BE6F33D81D8092B18B66&attach=1234|456
HTTP状态：
返回：

【2020-03-31 16:08:59】
订单号：20200331160751554857
通知地址：http://karl-leo.imwork.net/common/test.json
通知报文：memberid=200399771&orderid=E20200331080749352869&transaction_id=20200331160751554857&amount=0.0100&datetime=20200331160849&returncode=00&sign=28FD7D3B71E44BBF414A3FD3C91CAF28&attach=1234|456
HTTP状态：
返回：

【2020-03-31 16:09:30】
订单号：20200331160751554857
通知地址：http://karl-leo.imwork.net/common/test.json
通知报文：memberid=200399771&orderid=E20200331080749352869&transaction_id=20200331160751554857&amount=0.0100&datetime=20200331160920&returncode=00&sign=D6C8ADE1461FFFF0899C17545D293579&attach=1234|456
HTTP状态：
返回：

【2020-03-31 16:09:38】
订单号：20200331143522974956
通知地址：https://www.699179.xyz/Pay_CsT1Wx_notifyurlwx.html
通知报文：memberid=200359087&orderid=202003311435215752104014&transaction_id=20200331143522974956&amount=500.0000&datetime=20200331160938&returncode=00&sign=1E9AC5200645EF3EC0EC4FF11E584FCC&attach=
HTTP状态：
返回：fail

【2020-03-31 16:10:34】
订单号：20200331160555515155
通知地址：http://karl-leo.imwork.net/common/test.json
通知报文：memberid=200399771&orderid=E20200331080554127448&transaction_id=20200331160555515155&amount=0.0100&datetime=20200331161024&returncode=00&sign=5CA5B6B2AC1EAF1BD07AC43956280FFD&attach=1234|456
HTTP状态：
返回：

【2020-03-31 16:11:33】
订单号：20200331160649571004
通知地址：http://karl-leo.imwork.net/common/test.json
通知报文：memberid=200399771&orderid=E20200331080649300547&transaction_id=20200331160649571004&amount=0.0100&datetime=20200331161133&returncode=00&sign=A75B3E6D36C2FE6A6FD6A13342DBF773&attach=1234|456
HTTP状态：
返回：OK

【2020-03-31 16:12:21】
订单号：20200331160751554857
通知地址：http://karl-leo.imwork.net/common/test.json
通知报文：memberid=200399771&orderid=E20200331080749352869&transaction_id=20200331160751554857&amount=0.0100&datetime=20200331161221&returncode=00&sign=C3EF56D6F74EDFF78FE5CA1ABD0F59FE&attach=1234|456
HTTP状态：
返回：OK

【2020-03-31 16:14:02】
订单号：20200331153903554956
通知地址：http://karl-leo.imwork.net/common/test.json
通知报文：memberid=200399771&orderid=E20200331073902503636&transaction_id=20200331153903554956&amount=0.0100&datetime=20200331161402&returncode=00&sign=C71E44C4C76BC35EBE33B6F8B8FA35FC&attach=1234|456
HTTP状态：
返回：OK

【2020-03-31 16:16:03】
订单号：20200331154127555297
通知地址：http://karl-leo.imwork.net/common/test.json
通知报文：memberid=200399771&orderid=E20200331074126451016&transaction_id=20200331154127555297&amount=0.0100&datetime=20200331161602&returncode=00&sign=71766231BA0C115051BC1EAA57E0F646&attach=1234|456
HTTP状态：
返回：OK

【2020-03-31 16:16:04】
订单号：20200331160136489954
通知地址：http://karl-leo.imwork.net/common/test.json
通知报文：memberid=200399771&orderid=E20200331080135579185&transaction_id=20200331160136489954&amount=0.0100&datetime=20200331161604&returncode=00&sign=EB5CEE37CB4F7012D410223D7D75DE47&attach=1234|456
HTTP状态：
返回：OK

【2020-03-31 16:18:18】
订单号：20200331144333539752
通知地址：http://karl-leo.imwork.net/common/test.json
通知报文：memberid=200399771&orderid=E20200331064332301483&transaction_id=20200331144333539752&amount=0.0100&datetime=20200331161818&returncode=00&sign=267D7833334E5CF0416C4B8BCE034994&attach=1234|456
HTTP状态：
返回：OK

【2020-03-31 16:20:25】
订单号：20200331160555515155
通知地址：http://karl-leo.imwork.net/common/test.json
通知报文：memberid=200399771&orderid=E20200331080554127448&transaction_id=20200331160555515155&amount=0.0100&datetime=20200331162025&returncode=00&sign=68E50174EC411870B7A62C8DA02EAB11&attach=1234|456
HTTP状态：
返回：OK

【2020-03-31 16:25:18】
订单号：20200331155035984851
通知地址：http://karl-leo.imwork.net/common/test.json
通知报文：memberid=200399771&orderid=E20200331075034340518&transaction_id=20200331155035984851&amount=0.0100&datetime=20200331162518&returncode=00&sign=FA9369E3E1586E0A215E381DD21DD67F&attach=1234|456
HTTP状态：
返回：OK

【2020-03-31 16:26:48】
订单号：20200331155217495255
通知地址：http://karl-leo.imwork.net/common/test.json
通知报文：memberid=200399771&orderid=E20200331075216269977&transaction_id=20200331155217495255&amount=0.0100&datetime=20200331162648&returncode=00&sign=8ECA9DE8F89A9362B2D7C71485841A78&attach=1234|456
HTTP状态：
返回：OK

【2020-03-31 16:27:10】
订单号：20200331162653100565
通知地址：https://www.699179.xyz/Pay_CsT1Wx_notifyurlwx.html
通知报文：memberid=200359087&orderid=202003311626529997106175&transaction_id=20200331162653100565&amount=300.0000&datetime=20200331162709&returncode=00&sign=936B146C8B6D318512225830FD3A7041&attach=
HTTP状态：
返回：ok

【2020-03-31 16:27:23】
订单号：20200331162630545049
通知地址：https://www.699179.xyz/Pay_CsT1Wx_notifyurlwx.html
通知报文：memberid=200359087&orderid=202003311626295351106132&transaction_id=20200331162630545049&amount=100.0000&datetime=20200331162721&returncode=00&sign=337F5730D4A3C6A27B15FBE3C186A83F&attach=
HTTP状态：
返回：ok

【2020-03-31 16:30:49】
订单号：20200331163036999852
通知地址：https://www.699179.xyz/Pay_CsT1Wx_notifyurlwx.html
通知报文：memberid=200359087&orderid=202003311630359810091696&transaction_id=20200331163036999852&amount=500.0000&datetime=20200331163049&returncode=00&sign=B57F4B4C1F10CDCADAB2742E9CCE0CE8&attach=
HTTP状态：
返回：ok

【2020-03-31 16:31:46】
订单号：20200331163121579710
通知地址：https://www.699179.xyz/Pay_CsT1Wx_notifyurlwx.html
通知报文：memberid=200359087&orderid=202003311631205699105817&transaction_id=20200331163121579710&amount=100.0000&datetime=20200331163146&returncode=00&sign=2F4509AAAA9171050D0EC783A73EFF46&attach=
HTTP状态：
返回：ok

【2020-03-31 16:32:54】
订单号：20200331152816489798
通知地址：http://karl-leo.imwork.net/common/test.json
通知报文：memberid=200399771&orderid=E20200331072815160030&transaction_id=20200331152816489798&amount=0.0100&datetime=20200331163254&returncode=00&sign=5D6128CBAAB052A0CE6D13A09723CA6D&attach=1234|456
HTTP状态：
返回：OK

【2020-03-31 16:34:30】
订单号：20200331163419984998
通知地址：https://www.699179.xyz/Pay_CsT1Wx_notifyurlwx.html
通知报文：memberid=200359087&orderid=202003311634189753535738&transaction_id=20200331163419984998&amount=500.0000&datetime=20200331163430&returncode=00&sign=30814D6AB845EE5DB1C5C08C368C4471&attach=
HTTP状态：
返回：ok

【2020-03-31 16:41:07】
订单号：20200331140648564910
通知地址：https://www.699179.xyz/Pay_CsT1Wx_notifyurlwx.html
通知报文：memberid=200359087&orderid=202003311406475552103589&transaction_id=20200331140648564910&amount=200.0000&datetime=20200331164107&returncode=00&sign=854C858124B66ECE519FA338366B009B&attach=
HTTP状态：
返回：fail

【2020-03-31 16:41:22】
订单号：20200331140700521015
通知地址：https://www.699179.xyz/Pay_CsT1Wx_notifyurlwx.html
通知报文：memberid=200359087&orderid=202003311407005251987751&transaction_id=20200331140700521015&amount=500.0000&datetime=20200331164120&returncode=00&sign=19F4DED6D96EED4215CFA2823BA7B13E&attach=
HTTP状态：
返回：ok

【2020-03-31 16:42:49】
订单号：20200331140825575197
通知地址：https://www.699179.xyz/Pay_CsT1Wx_notifyurlwx.html
通知报文：memberid=200359087&orderid=202003311408245655498783&transaction_id=20200331140825575197&amount=100.0000&datetime=20200331164249&returncode=00&sign=813EF60F96A576A571663A7CE4BEFE88&attach=
HTTP状态：
返回：fail

【2020-03-31 16:42:59】
订单号：20200331140825575410
通知地址：https://www.699179.xyz/Pay_CsT1Wx_notifyurlwx.html
通知报文：memberid=200359087&orderid=202003311408245657106951&transaction_id=20200331140825575410&amount=200.0000&datetime=20200331164258&returncode=00&sign=8C71A609C7F86AF120A1291A3D3AA62C&attach=
HTTP状态：
返回：ok

【2020-03-31 16:52:40】
订单号：20200331141805100535
通知地址：https://www.699179.xyz/Pay_CsT1Wx_notifyurlwx.html
通知报文：memberid=200359087&orderid=202003311418049957105379&transaction_id=20200331141805100535&amount=2000.0000&datetime=20200331165240&returncode=00&sign=2AC6BBBFB91A2CBFA9E09E96BB82CA68&attach=
HTTP状态：
返回：fail

【2020-03-31 16:54:47】
订单号：20200331142027985049
通知地址：https://www.699179.xyz/Pay_CsT1Wx_notifyurlwx.html
通知报文：memberid=200359087&orderid=202003311420269753104077&transaction_id=20200331142027985049&amount=100.0000&datetime=20200331165447&returncode=00&sign=91BB3A67327A7CCAAB28FE2425FF1EAF&attach=
HTTP状态：
返回：fail

【2020-03-31 16:59:30】
订单号：20200331142457571004
通知地址：https://www.699179.xyz/Pay_CsT1Wx_notifyurlwx.html
通知报文：memberid=200359087&orderid=202003311424575749574126&transaction_id=20200331142457571004&amount=200.0000&datetime=20200331165930&returncode=00&sign=B5B055F0039499E00C9F74FF56D041F4&attach=
HTTP状态：
返回：fail

【2020-03-31 17:00:37】
订单号：20200331142616565256
通知地址：https://www.699179.xyz/Pay_CsT1Wx_notifyurlwx.html
通知报文：memberid=200359087&orderid=202003311426155556514904&transaction_id=20200331142616565256&amount=200.0000&datetime=20200331170037&returncode=00&sign=9D5129F1DD099A48044584BB0DEF08C1&attach=
HTTP状态：
返回：fail

【2020-03-31 17:01:19】
订单号：20200331142703555599
通知地址：https://www.699179.xyz/Pay_CsT1Wx_notifyurlwx.html
通知报文：memberid=200359087&orderid=202003311427025499505188&transaction_id=20200331142703555599&amount=200.0000&datetime=20200331170119&returncode=00&sign=EDC311EC241C211596D37EDCE538DFB4&attach=
HTTP状态：
返回：fail

【2020-03-31 17:05:43】
订单号：20200331143126101101
通知地址：https://www.699179.xyz/Pay_CsT1Wx_notifyurlwx.html
通知报文：memberid=200359087&orderid=202003311431261015059538&transaction_id=20200331143126101101&amount=100.0000&datetime=20200331170543&returncode=00&sign=C1A5CB30D07F1CCDEEF1F2D92E3564FA&attach=
HTTP状态：
返回：fail

【2020-03-31 17:52:37】
订单号：20200331121803984952
通知地址：http://karl-leo.imwork.net/common/test.json
通知报文：memberid=200399771&orderid=E20200331041802144686&transaction_id=20200331121803984952&amount=0.0100&datetime=20200331175237&returncode=00&sign=9754672C5AC50EBBE791635482B06D34&attach=1234|456
HTTP状态：
返回：OK

【2020-03-31 18:02:41】
订单号：20200331122802505053
通知地址：http://karl-leo.imwork.net/common/test.json
通知报文：memberid=200399771&orderid=E20200331042801745555&transaction_id=20200331122802505053&amount=0.0100&datetime=20200331180241&returncode=00&sign=00E40AAB11C09A207593350143FEA517&attach=1234|456
HTTP状态：
返回：OK

【2020-03-31 18:20:10】
订单号：20200331124527555457
通知地址：http://karl-leo.imwork.net/common/test.json
通知报文：memberid=200399771&orderid=E20200331044526890445&transaction_id=20200331124527555457&amount=0.0100&datetime=20200331182010&returncode=00&sign=5E39817488ADC973275EACD869157A86&attach=1234|456
HTTP状态：
返回：OK

