【2020-05-03 11:38:13】
订单号：20200503113747989953
通知地址：http://www.100000969.xyz/Pay_XldZf_notifyurlwx.html
通知报文：memberid=200423453&orderid=202005031137214948517844&transaction_id=20200503113747989953&amount=499.0000&datetime=20200503113811&returncode=00&sign=B3792E17E2EA5C2824D192C8BBE0E600&attach=
HTTP状态：
返回：ok

【2020-05-03 11:39:43】
订单号：20200503113931515753
通知地址：http://www.100000969.xyz/Pay_XldZf_notifyurlwx.html
通知报文：memberid=200423453&orderid=202005031139045610117992&transaction_id=20200503113931515753&amount=299.0000&datetime=20200503113942&returncode=00&sign=8D841022E90CFC44FD221D30EED692BC&attach=
HTTP状态：
返回：ok

【2020-05-03 11:42:34】
订单号：20200503114145579756
通知地址：http://www.100000969.xyz/Pay_XldZf_notifyurlwx.html
通知报文：memberid=200423453&orderid=202005031141181011014718&transaction_id=20200503114145579756&amount=50.0000&datetime=20200503114234&returncode=00&sign=C66B1D8F90C7A34F2E37937FF19FEBBA&attach=
HTTP状态：
返回：ok

【2020-05-03 11:45:05】
订单号：20200503114408569898
通知地址：http://www.100000969.xyz/Pay_XldZf_notifyurlwx.html
通知报文：memberid=200423453&orderid=202005031143421015096166&transaction_id=20200503114408569898&amount=499.0000&datetime=20200503114504&returncode=00&sign=19AC9BCAE71DD162DE83E8245100A49C&attach=
HTTP状态：
返回：ok

【2020-05-03 11:45:54】
订单号：20200503114511555453
通知地址：http://www.100000969.xyz/Pay_XldZf_notifyurlwx.html
通知报文：memberid=200423453&orderid=202005031144449999989572&transaction_id=20200503114511555453&amount=199.0000&datetime=20200503114553&returncode=00&sign=8D2B93C2618BE6D15E5CEAAE0C2FB950&attach=
HTTP状态：
返回：ok

【2020-05-03 11:46:06】
订单号：20200503114554509899
通知地址：http://www.100000969.xyz/Pay_XldZf_notifyurlwx.html
通知报文：memberid=200423453&orderid=202005031145285650557910&transaction_id=20200503114554509899&amount=100.0000&datetime=20200503114604&returncode=00&sign=4C89397495AA94FA72F5442C962B7E54&attach=
HTTP状态：
返回：ok

【2020-05-03 11:56:29】
订单号：20200503115615102101
通知地址：http://www.100000969.xyz/Pay_XldZf_notifyurlwx.html
通知报文：memberid=200423453&orderid=202005031155495352523878&transaction_id=20200503115615102101&amount=499.0000&datetime=20200503115629&returncode=00&sign=5EC9418E6D80CFC2FEAC7B4C0C61CB93&attach=
HTTP状态：
返回：ok

【2020-05-03 11:59:14】
订单号：20200503115906975410
通知地址：http://www.100000969.xyz/Pay_XldZf_notifyurlwx.html
通知报文：memberid=200423453&orderid=202005031158391021009223&transaction_id=20200503115906975410&amount=199.0000&datetime=20200503115914&returncode=00&sign=60A91223995AC7FE284ABF155553B14C&attach=
HTTP状态：
返回：ok

【2020-05-03 11:59:31】
订单号：20200503115856485110
通知地址：http://www.100000969.xyz/Pay_XldZf_notifyurlwx.html
通知报文：memberid=200423453&orderid=202005031158295397525996&transaction_id=20200503115856485110&amount=299.0000&datetime=20200503115930&returncode=00&sign=B82F1D9ED68904CCCBCAF6964C372A76&attach=
HTTP状态：
返回：ok

【2020-05-03 12:02:28】
订单号：20200503120208485598
通知地址：http://www.100000969.xyz/Pay_XldZf_notifyurlwx.html
通知报文：memberid=200423453&orderid=202005031201415399106231&transaction_id=20200503120208485598&amount=199.0000&datetime=20200503120228&returncode=00&sign=03A98872B46D8B71E350433B8341D229&attach=
HTTP状态：
返回：ok

【2020-05-03 12:03:05】
订单号：20200503120226505152
通知地址：http://www.100000969.xyz/Pay_XldZf_notifyurlwx.html
通知报文：memberid=200423453&orderid=202005031201595555972290&transaction_id=20200503120226505152&amount=199.0000&datetime=20200503120305&returncode=00&sign=EC0076FE586762810172B46CD33DB751&attach=
HTTP状态：
返回：ok

【2020-05-03 12:04:02】
订单号：20200503120351555110
通知地址：http://www.100000969.xyz/Pay_XldZf_notifyurlwx.html
通知报文：memberid=200423453&orderid=202005031203249957537483&transaction_id=20200503120351555110&amount=999.0000&datetime=20200503120402&returncode=00&sign=1F12D60691F4E7E8EE21537529D508B1&attach=
HTTP状态：
返回：ok

【2020-05-03 12:04:27】
订单号：20200503120407555598
通知地址：http://www.100000969.xyz/Pay_XldZf_notifyurlwx.html
通知报文：memberid=200423453&orderid=202005031203409910055718&transaction_id=20200503120407555598&amount=199.0000&datetime=20200503120427&returncode=00&sign=9B0E34709C0DB2073FB528BF24C68C05&attach=
HTTP状态：
返回：ok

【2020-05-03 12:04:33】
订单号：20200503120336569848
通知地址：http://www.100000969.xyz/Pay_XldZf_notifyurlwx.html
通知报文：memberid=200423453&orderid=202005031203091001029115&transaction_id=20200503120336569848&amount=50.0000&datetime=20200503120433&returncode=00&sign=68003DE403249894CF93418A8EE2C03A&attach=
HTTP状态：
返回：ok

【2020-05-03 12:06:34】
订单号：20200503120611519797
通知地址：http://www.100000969.xyz/Pay_XldZf_notifyurlwx.html
通知报文：memberid=200423453&orderid=202005031205455748104218&transaction_id=20200503120611519797&amount=199.0000&datetime=20200503120633&returncode=00&sign=B2E6DA73B8F6AA212595035E8EF62FAD&attach=
HTTP状态：
返回：ok

【2020-05-03 12:06:56】
订单号：20200503120644525754
通知地址：http://www.100000969.xyz/Pay_XldZf_notifyurlwx.html
通知报文：memberid=200423453&orderid=202005031206175710119564&transaction_id=20200503120644525754&amount=299.0000&datetime=20200503120656&returncode=00&sign=48C8A5E3B853CFFB027AC268F42FA278&attach=
HTTP状态：
返回：ok

【2020-05-03 12:10:35】
订单号：20200503121001574897
通知地址：http://www.100000969.xyz/Pay_XldZf_notifyurlwx.html
通知报文：memberid=200423453&orderid=202005031209341015352274&transaction_id=20200503121001574897&amount=2999.0000&datetime=20200503121035&returncode=00&sign=49E2C988DC19588108EA828684D2CB9F&attach=
HTTP状态：
返回：ok

【2020-05-03 12:14:48】
订单号：20200503121417571024
通知地址：http://www.100000969.xyz/Pay_XldZf_notifyurlwx.html
通知报文：memberid=200423453&orderid=202005031213511025316702&transaction_id=20200503121417571024&amount=499.0000&datetime=20200503121448&returncode=00&sign=54C8E0F1CD2AD65134C4EC32CAD22468&attach=
HTTP状态：
返回：ok

【2020-05-03 12:14:56】
订单号：20200503121434971001
通知地址：http://www.100000969.xyz/Pay_XldZf_notifyurlwx.html
通知报文：memberid=200423453&orderid=202005031214084851996838&transaction_id=20200503121434971001&amount=199.0000&datetime=20200503121456&returncode=00&sign=93CCC61857E1728CAEF63DE1C03B3242&attach=
HTTP状态：
返回：ok

【2020-05-03 12:15:45】
订单号：20200503121534545757
通知地址：http://www.100000969.xyz/Pay_XldZf_notifyurlwx.html
通知报文：memberid=200423453&orderid=202005031215079810151615&transaction_id=20200503121534545757&amount=499.0000&datetime=20200503121544&returncode=00&sign=088A9A571CAD17C4507973BE3F6B28DF&attach=
HTTP状态：
返回：ok

【2020-05-03 12:16:55】
订单号：20200503121645100505
通知地址：http://www.100000969.xyz/Pay_XldZf_notifyurlwx.html
通知报文：memberid=200423453&orderid=202005031216185056536494&transaction_id=20200503121645100505&amount=199.0000&datetime=20200503121655&returncode=00&sign=174AD7A9C752920F62B6C901314935DB&attach=
HTTP状态：
返回：ok

【2020-05-03 12:18:27】
订单号：20200503121756529710
通知地址：http://www.100000969.xyz/Pay_XldZf_notifyurlwx.html
通知报文：memberid=200423453&orderid=202005031217309749522947&transaction_id=20200503121756529710&amount=50.0000&datetime=20200503121825&returncode=00&sign=E75D18EDE2D55691391B1937869C9342&attach=
HTTP状态：
返回：ok

【2020-05-03 12:19:15】
订单号：20200503121809495710
通知地址：http://www.100000969.xyz/Pay_XldZf_notifyurlwx.html
通知报文：memberid=200423453&orderid=202005031217425410258768&transaction_id=20200503121809495710&amount=50.0000&datetime=20200503121915&returncode=00&sign=0F6CC51F16C9C9625D49A09E11FD2751&attach=
HTTP状态：
返回：ok

【2020-05-03 12:19:45】
订单号：20200503121916525450
通知地址：http://www.100000969.xyz/Pay_XldZf_notifyurlwx.html
通知报文：memberid=200423453&orderid=202005031218495799526267&transaction_id=20200503121916525450&amount=199.0000&datetime=20200503121945&returncode=00&sign=DC0A6A7B0A70A3ABDAAA7D0F11859FA1&attach=
HTTP状态：
返回：ok

【2020-05-03 12:19:46】
订单号：20200503121923981004
通知地址：http://www.100000969.xyz/Pay_XldZf_notifyurlwx.html
通知报文：memberid=200423453&orderid=202005031218574951983166&transaction_id=20200503121923981004&amount=50.0000&datetime=20200503121946&returncode=00&sign=0AB6F81FB9F6F9AFFB609E1701708210&attach=
HTTP状态：
返回：ok

【2020-05-03 12:20:14】
订单号：20200503121937571005
通知地址：http://www.100000969.xyz/Pay_XldZf_notifyurlwx.html
通知报文：memberid=200423453&orderid=202005031219111025248665&transaction_id=20200503121937571005&amount=50.0000&datetime=20200503122013&returncode=00&sign=6FC41107E3571CBA09DE2104B8CD2D2E&attach=
HTTP状态：
返回：ok

【2020-05-03 12:21:16】
订单号：20200503122058975255
通知地址：http://www.100000969.xyz/Pay_XldZf_notifyurlwx.html
通知报文：memberid=200423453&orderid=202005031220311025796318&transaction_id=20200503122058975255&amount=50.0000&datetime=20200503122116&returncode=00&sign=F764DEC75C867B67CD68D38D30B0AD10&attach=
HTTP状态：
返回：ok

【2020-05-03 12:21:23】
订单号：20200503122059985455
通知地址：http://www.100000969.xyz/Pay_XldZf_notifyurlwx.html
通知报文：memberid=200423453&orderid=202005031220324899525136&transaction_id=20200503122059985455&amount=50.0000&datetime=20200503122123&returncode=00&sign=B80A7DAFD0B90C420F97BFE1E69E36BA&attach=
HTTP状态：
返回：ok

【2020-05-03 12:22:03】
订单号：20200503122122501005
通知地址：http://www.100000969.xyz/Pay_XldZf_notifyurlwx.html
通知报文：memberid=200423453&orderid=202005031220565651108339&transaction_id=20200503122122501005&amount=199.0000&datetime=20200503122203&returncode=00&sign=3936D4F82333189DA4EB4D6482047141&attach=
HTTP状态：
返回：ok

【2020-05-03 12:22:20】
订单号：20200503122210504850
通知地址：http://www.100000969.xyz/Pay_XldZf_notifyurlwx.html
通知报文：memberid=200423453&orderid=202005031221435553107582&transaction_id=20200503122210504850&amount=50.0000&datetime=20200503122220&returncode=00&sign=2870420DB78C989D3CF4B6559E3FEE50&attach=
HTTP状态：
返回：ok

【2020-05-03 12:23:09】
订单号：20200503122219985048
通知地址：http://www.100000969.xyz/Pay_XldZf_notifyurlwx.html
通知报文：memberid=200423453&orderid=202005031221524854102581&transaction_id=20200503122219985048&amount=50.0000&datetime=20200503122308&returncode=00&sign=06D95B3BDEC7776582D6E65FCE3687A7&attach=
HTTP状态：
返回：ok

【2020-05-03 12:24:05】
订单号：20200503122354975751
通知地址：http://www.100000969.xyz/Pay_XldZf_notifyurlwx.html
通知报文：memberid=200423453&orderid=202005031223271021017590&transaction_id=20200503122354975751&amount=50.0000&datetime=20200503122404&returncode=00&sign=9E9E4B46AF715BFFC61E96CC0637E8B3&attach=
HTTP状态：
返回：ok

【2020-05-03 12:24:49】
订单号：20200503122402505298
通知地址：http://www.100000969.xyz/Pay_XldZf_notifyurlwx.html
通知报文：memberid=200423453&orderid=202005031223355597561073&transaction_id=20200503122402505298&amount=50.0000&datetime=20200503122448&returncode=00&sign=738C77AE5A91B51F983FE7619C35515D&attach=
HTTP状态：
返回：ok

【2020-05-03 12:25:30】
订单号：20200503122512565751
通知地址：http://www.100000969.xyz/Pay_XldZf_notifyurlwx.html
通知报文：memberid=200423453&orderid=202005031224451001015925&transaction_id=20200503122512565751&amount=2999.0000&datetime=20200503122529&returncode=00&sign=C2149D91A6DBDE7DA5F63F9FA9F1313D&attach=
HTTP状态：
返回：ok

【2020-05-03 12:27:28】
订单号：20200503122715519897
通知地址：http://www.100000969.xyz/Pay_XldZf_notifyurlwx.html
通知报文：memberid=200423453&orderid=202005031226495749973348&transaction_id=20200503122715519897&amount=50.0000&datetime=20200503122727&returncode=00&sign=94420C15D728E428A23301D55043CB4B&attach=
HTTP状态：
返回：ok

【2020-05-03 12:35:17】
订单号：20200503123450971025
通知地址：http://www.100000969.xyz/Pay_XldZf_notifyurlwx.html
通知报文：memberid=200423453&orderid=202005031234244853506567&transaction_id=20200503123450971025&amount=100.0000&datetime=20200503123517&returncode=00&sign=EFD55E0882A0C39647D0264090A5FCC3&attach=
HTTP状态：
返回：ok

【2020-05-03 12:37:54】
订单号：20200503123738505257
通知地址：http://www.100000969.xyz/Pay_XldZf_notifyurlwx.html
通知报文：memberid=200423453&orderid=202005031237115557109087&transaction_id=20200503123738505257&amount=100.0000&datetime=20200503123753&returncode=00&sign=E18C50544A3E2DBA5B6EB9C753A86591&attach=
HTTP状态：
返回：ok

【2020-05-03 12:38:34】
订单号：20200503123744569898
通知地址：http://www.100000969.xyz/Pay_XldZf_notifyurlwx.html
通知报文：memberid=200423453&orderid=202005031237181014941421&transaction_id=20200503123744569898&amount=199.0000&datetime=20200503123833&returncode=00&sign=3DE2BCA94245BD1B99A2160764CC8C69&attach=
HTTP状态：
返回：ok

【2020-05-03 12:41:35】
订单号：20200503124124521009
通知地址：http://www.100000969.xyz/Pay_XldZf_notifyurlwx.html
通知报文：memberid=200423453&orderid=202005031240589752549969&transaction_id=20200503124124521009&amount=100.0000&datetime=20200503124133&returncode=00&sign=858632505D863694C3073ED4EDF30AC8&attach=
HTTP状态：
返回：ok

【2020-05-03 12:43:06】
订单号：20200503124211515710
通知地址：http://www.100000969.xyz/Pay_XldZf_notifyurlwx.html
通知报文：memberid=200423453&orderid=202005031241455748565894&transaction_id=20200503124211515710&amount=100.0000&datetime=20200503124306&returncode=00&sign=3264AC9A39918B78AABB4B933616C89C&attach=
HTTP状态：
返回：ok

【2020-05-03 12:45:05】
订单号：20200503124357100989
通知地址：http://www.100000969.xyz/Pay_XldZf_notifyurlwx.html
通知报文：memberid=200423453&orderid=202005031243315149101379&transaction_id=20200503124357100989&amount=50.0000&datetime=20200503124504&returncode=00&sign=03573FA3617F787515248DEDD3BF8849&attach=
HTTP状态：
返回：ok

【2020-05-03 12:46:40】
订单号：20200503124608489852
通知地址：http://www.100000969.xyz/Pay_XldZf_notifyurlwx.html
通知报文：memberid=200423453&orderid=202005031245425448107555&transaction_id=20200503124608489852&amount=100.0000&datetime=20200503124640&returncode=00&sign=4CA387D70A0E84DF1FCD32F5F9A3BEA6&attach=
HTTP状态：
返回：ok

【2020-05-03 12:52:28】
订单号：20200503125130501001
通知地址：http://www.100000969.xyz/Pay_XldZf_notifyurlwx.html
通知报文：memberid=200423453&orderid=202005031251045651104811&transaction_id=20200503125130501001&amount=50.0000&datetime=20200503125227&returncode=00&sign=1CC02AC2FE61CE3CDA4054D4F1C8571B&attach=
HTTP状态：
返回：ok

【2020-05-03 12:55:08】
订单号：20200503125453100101
通知地址：http://www.100000969.xyz/Pay_XldZf_notifyurlwx.html
通知报文：memberid=200423453&orderid=202005031254275151104215&transaction_id=20200503125453100101&amount=100.0000&datetime=20200503125506&returncode=00&sign=A4B5963102974974D9159EC31E2CAC16&attach=
HTTP状态：
返回：ok

【2020-05-03 13:02:08】
订单号：20200503130156525557
通知地址：http://www.100000969.xyz/Pay_XldZf_notifyurlwx.html
通知报文：memberid=200423453&orderid=202005031301295710053464&transaction_id=20200503130156525557&amount=100.0000&datetime=20200503130208&returncode=00&sign=D87512733F544EF9420B2495D30A8DF3&attach=
HTTP状态：
返回：ok

【2020-05-03 13:02:18】
订单号：20200503130159554910
通知地址：http://www.100000969.xyz/Pay_XldZf_notifyurlwx.html
通知报文：memberid=200423453&orderid=202005031301329955975247&transaction_id=20200503130159554910&amount=50.0000&datetime=20200503130217&returncode=00&sign=57D49CBA48C39112FAF7E2CA26688CEF&attach=
HTTP状态：
返回：ok

【2020-05-03 13:04:16】
订单号：20200503130355985252
通知地址：http://www.100000969.xyz/Pay_XldZf_notifyurlwx.html
通知报文：memberid=200423453&orderid=202005031303284857981167&transaction_id=20200503130355985252&amount=199.0000&datetime=20200503130414&returncode=00&sign=B90717E8FC31B7F61A50D3CA6986423F&attach=
HTTP状态：
返回：ok

【2020-05-03 13:09:19】
订单号：20200503130905494952
通知地址：http://www.100000969.xyz/Pay_XldZf_notifyurlwx.html
通知报文：memberid=200423453&orderid=202005031308385455484520&transaction_id=20200503130905494952&amount=50.0000&datetime=20200503130919&returncode=00&sign=C9BD2081EC2495837813D9CF5C7D3AA2&attach=
HTTP状态：
返回：ok

【2020-05-03 13:23:59】
订单号：20200503132314505255
通知地址：http://www.100000969.xyz/Pay_XldZf_notifyurlwx.html
通知报文：memberid=200423453&orderid=202005031322475557568686&transaction_id=20200503132314505255&amount=50.0000&datetime=20200503132359&returncode=00&sign=6AECA92DA10B9C1C1CA5793E85293AB4&attach=
HTTP状态：
返回：ok

【2020-05-03 13:24:43】
订单号：20200503132309100565
通知地址：http://www.100000969.xyz/Pay_XldZf_notifyurlwx.html
通知报文：memberid=200423453&orderid=202005031322414999983712&transaction_id=20200503132309100565&amount=100.0000&datetime=20200503132443&returncode=00&sign=331207DF8556803429BF327715C6305B&attach=
HTTP状态：
返回：ok

【2020-05-03 13:27:12】
订单号：20200503132645534857
通知地址：http://www.100000969.xyz/Pay_XldZf_notifyurlwx.html
通知报文：memberid=200423453&orderid=202005031326175753971084&transaction_id=20200503132645534857&amount=50.0000&datetime=20200503132709&returncode=00&sign=51BE83F3286A66698FEFF52B518DCC0D&attach=
HTTP状态：
返回：ok

【2020-05-03 13:28:47】
订单号：20200503132824565110
通知地址：http://www.100000969.xyz/Pay_XldZf_notifyurlwx.html
通知报文：memberid=200423453&orderid=202005031327571005755661&transaction_id=20200503132824565110&amount=100.0000&datetime=20200503132847&returncode=00&sign=1EF146157C6B971E898B3D9F4D2D94AB&attach=
HTTP状态：
返回：ok

【2020-05-03 13:39:10】
订单号：20200503133856485550
通知地址：http://www.100000969.xyz/Pay_XldZf_notifyurlwx.html
通知报文：memberid=200423453&orderid=202005031338295399574470&transaction_id=20200503133856485550&amount=50.0000&datetime=20200503133910&returncode=00&sign=234357A8CF8295AEC67F25232F052F44&attach=
HTTP状态：
返回：ok

【2020-05-03 13:41:26】
订单号：20200503134033495149
通知地址：http://www.100000969.xyz/Pay_XldZf_notifyurlwx.html
通知报文：memberid=200423453&orderid=202005031340065456577854&transaction_id=20200503134033495149&amount=50.0000&datetime=20200503134125&returncode=00&sign=E7228B7DB41D839DB159FCD3BCA352B7&attach=
HTTP状态：
返回：ok

【2020-05-03 13:49:54】
订单号：20200503134858975748
通知地址：http://www.100000969.xyz/Pay_XldZf_notifyurlwx.html
通知报文：memberid=200423453&orderid=202005031348311021019457&transaction_id=20200503134858975748&amount=50.0000&datetime=20200503134951&returncode=00&sign=33CFDBD556BACD9EDC9C1714D496CCB5&attach=
HTTP状态：
返回：ok

【2020-05-03 13:59:20】
订单号：20200503135838101564
通知地址：http://karl-leo.imwork.net/common/test.json
通知报文：memberid=200399771&orderid=E20200503055837532504&transaction_id=20200503135838101564&amount=0.0900&datetime=20200503135920&returncode=00&sign=0CBA366B1D7D51F68119D9EDA94B0FC6&attach=1234|456
HTTP状态：
返回：

【2020-05-03 14:28:18】
订单号：20200503142807555010
通知地址：http://www.100000969.xyz/Pay_XldZf_notifyurlwx.html
通知报文：memberid=200423453&orderid=202005031427409955488562&transaction_id=20200503142807555010&amount=50.0000&datetime=20200503142817&returncode=00&sign=55E5BA94713B82B8E6F76BD2B38E90E4&attach=
HTTP状态：
返回：ok

【2020-05-03 14:30:23】
订单号：20200503143010501015
通知地址：http://www.100000969.xyz/Pay_XldZf_notifyurlwx.html
通知报文：memberid=200423453&orderid=202005031429445651519707&transaction_id=20200503143010501015&amount=50.0000&datetime=20200503143021&returncode=00&sign=C96FE66AFA3D67B660353ED786F63450&attach=
HTTP状态：
返回：ok

【2020-05-03 14:30:56】
订单号：20200503143042505753
通知地址：http://www.100000969.xyz/Pay_XldZf_notifyurlwx.html
通知报文：memberid=200423453&orderid=202005031430155510146330&transaction_id=20200503143042505753&amount=50.0000&datetime=20200503143054&returncode=00&sign=304FB63BC04194DF31817F750BEC041B&attach=
HTTP状态：
返回：ok

【2020-05-03 14:34:02】
订单号：20200503143343555210
通知地址：http://www.100000969.xyz/Pay_XldZf_notifyurlwx.html
通知报文：memberid=200423453&orderid=202005031433169956103045&transaction_id=20200503143343555210&amount=50.0000&datetime=20200503143402&returncode=00&sign=B0E28C42DDF3E696A43BFCEAB50E00B5&attach=
HTTP状态：
返回：ok

【2020-05-03 22:49:48】
订单号：20200503224859989851
通知地址：http://karl-leo.imwork.net/common/test.json
通知报文：memberid=200399771&orderid=E20200503144859271313&transaction_id=20200503224859989851&amount=0.0900&datetime=20200503224948&returncode=00&sign=85E9ECDC01AE1EA68D79D5FAD349B2E4&attach=1234|456
HTTP状态：
返回：

