【2020-05-27 11:39:43】
订单号：20200527111735102505
通知地址：http://app.easy-stock.pw/index/pay/xun_notify.html
通知报文：memberid=200542507&orderid=117571590549455837662&transaction_id=20200527111735102505&amount=204.0000&datetime=20200527113941&returncode=00&sign=52EF49A594F797883DC4207C2B5A05C2&attach=11757_莫莫
HTTP状态：
返回：OK

【2020-05-27 13:12:41】
订单号：20200527125142101511
通知地址：http://app.easy-stock.pw/index/pay/xun_notify.html
通知报文：memberid=200542507&orderid=117551590555102797288&transaction_id=20200527125142101511&amount=204.0000&datetime=20200527131236&returncode=00&sign=35A454C30B313FFC46D38FCC708DC754&attach=11755_糖果
HTTP状态：
返回：OK

【2020-05-27 15:11:37】
订单号：20200527151032565253
通知地址：http://app.easy-stock.pw/index/pay/xun_notify.html
通知报文：memberid=200542507&orderid=117591590563432198520&transaction_id=20200527151032565253&amount=204.0000&datetime=20200527151135&returncode=00&sign=A3E85BFD9B269E5852D7AB061FF733AD&attach=11759_慕蒙娜
HTTP状态：
返回：OK

【2020-05-27 15:40:48】
订单号：20200527152203985410
通知地址：http://app.easy-stock.pw/index/pay/xun_notify.html
通知报文：memberid=200542507&orderid=117591590564123197894&transaction_id=20200527152203985410&amount=204.0000&datetime=20200527154045&returncode=00&sign=C061766084D8BB9044D1C103D31915E6&attach=11759_慕蒙娜
HTTP状态：
返回：OK

【2020-05-27 15:41:04】
订单号：20200527152329491009
通知地址：http://app.easy-stock.pw/index/pay/xun_notify.html
通知报文：memberid=200542507&orderid=117511590564209617214&transaction_id=20200527152329491009&amount=204.0000&datetime=20200527154104&returncode=00&sign=6F747E695C1BB231ADD0FD464BAF6781&attach=11751_吴亲亲
HTTP状态：
返回：OK

【2020-05-27 16:49:29】
订单号：20200527163611985210
通知地址：http://app.easy-stock.pw/index/pay/xun_notify.html
通知报文：memberid=200542507&orderid=117571590568571901169&transaction_id=20200527163611985210&amount=204.0000&datetime=20200527164926&returncode=00&sign=6131A3D142717073AA3BBF23CC88AB4E&attach=11757_莫莫
HTTP状态：
返回：OK

【2020-05-27 20:36:10】
订单号：20200527202857575054
通知地址：http://app.easy-stock.pw/index/pay/xun_notify.html
通知报文：memberid=200542507&orderid=117601590582537206540&transaction_id=20200527202857575054&amount=204.0000&datetime=20200527203608&returncode=00&sign=310A183EA912498A25D61DD26042448B&attach=11760_韩露露
HTTP状态：
返回：OK

