【2020-05-20 16:29:58】
订单号：20200520162838545457
通知地址：https://www.100000381.xyz/Pay_CsT1Zfb_notifyurlzfb.html
通知报文：memberid=200423453&orderid=202005201628225454578862&transaction_id=20200520162838545457&amount=5000.0000&datetime=20200520162955&returncode=00&sign=AD0F58B1A2061F2E8C983E23E969304A&attach=1234|456
HTTP状态：
返回：ok

【2020-05-20 16:30:22】
订单号：20200520162931985097
通知地址：https://www.100000381.xyz/Pay_CsT1Zfb_notifyurlzfb.html
通知报文：memberid=200423453&orderid=202005201629169950102148&transaction_id=20200520162931985097&amount=3000.0000&datetime=20200520163020&returncode=00&sign=384D291B484F887B10F0D4E5D52A55A4&attach=1234|456
HTTP状态：
返回：ok

【2020-05-20 17:12:03】
订单号：20200520171029531001
通知地址：https://www.100000381.xyz/Pay_CsT1Zfb_notifyurlzfb.html
通知报文：memberid=200423453&orderid=202005201710145410096136&transaction_id=20200520171029531001&amount=1500.0000&datetime=20200520171201&returncode=00&sign=814190F474012D802C3C4F754DF0079E&attach=1234|456
HTTP状态：
返回：ok

【2020-05-20 17:12:27】
订单号：20200520171102549849
通知地址：https://www.100000381.xyz/Pay_CsT1Zfb_notifyurlzfb.html
通知报文：memberid=200423453&orderid=202005201710475597568485&transaction_id=20200520171102549849&amount=1000.0000&datetime=20200520171225&returncode=00&sign=33FF23AFE687D5D0F40E695352E023B8&attach=1234|456
HTTP状态：
返回：ok

【2020-05-20 17:41:29】
订单号：20200520174016489899
通知地址：https://www.100000381.xyz/Pay_CsT1Zfb_notifyurlzfb.html
通知报文：memberid=200423453&orderid=202005201740014997104688&transaction_id=20200520174016489899&amount=2500.0000&datetime=20200520174126&returncode=00&sign=3A9210F430AE4CCD46529DF33CEECA41&attach=1234|456
HTTP状态：
返回：ok

【2020-05-20 18:25:44】
订单号：20200520182306975799
通知地址：https://www.100000381.xyz/Pay_CsT1Zfb_notifyurlzfb.html
通知报文：memberid=200423453&orderid=202005201822519856975260&transaction_id=20200520182306975799&amount=1000.0000&datetime=20200520182541&returncode=00&sign=1A0E07DDAAC345BEA3164CEF757B946F&attach=1234|456
HTTP状态：
返回：ok

【2020-05-20 18:26:02】
订单号：20200520182313495148
通知地址：https://www.100000381.xyz/Pay_CsT1Zfb_notifyurlzfb.html
通知报文：memberid=200423453&orderid=202005201822585049482348&transaction_id=20200520182313495148&amount=500.0000&datetime=20200520182558&returncode=00&sign=DF06D73F8563D76D41E3A341D170F795&attach=1234|456
HTTP状态：
返回：ok

【2020-05-20 18:26:24】
订单号：20200520182411985399
通知地址：https://www.100000381.xyz/Pay_CsT1Zfb_notifyurlzfb.html
通知报文：memberid=200423453&orderid=202005201823569952565214&transaction_id=20200520182411985399&amount=2000.0000&datetime=20200520182622&returncode=00&sign=B9A2A13CCA3125781D5A325091B45CEF&attach=1234|456
HTTP状态：
返回：ok

【2020-05-20 18:28:06】
订单号：20200520180322971014
通知地址：https://www.100000381.xyz/Pay_CsT1Zfb_notifyurlzfb.html
通知报文：memberid=200423453&orderid=202005201803079810052320&transaction_id=20200520180322971014&amount=2688.0000&datetime=20200520182802&returncode=00&sign=83401371C2389630CB707B9388450A94&attach=1234|456
HTTP状态：
返回：ok

【2020-05-20 18:28:11】
订单号：20200520182740995610
通知地址：https://www.100000381.xyz/Pay_CsT1Zfb_notifyurlzfb.html
通知报文：memberid=200423453&orderid=202005201827251005654703&transaction_id=20200520182740995610&amount=2200.0000&datetime=20200520182809&returncode=00&sign=0703E7902A9C1D972DAD5183752665DE&attach=1234|456
HTTP状态：
返回：ok

【2020-05-20 18:30:36】
订单号：20200520175818975054
通知地址：https://www.100000381.xyz/Pay_CsT1Zfb_notifyurlzfb.html
通知报文：memberid=200423453&orderid=202005201758039849556015&transaction_id=20200520175818975054&amount=1000.0000&datetime=20200520183035&returncode=00&sign=A597B16332D8CDC944C00186A9AE35DF&attach=1234|456
HTTP状态：
返回：ok

【2020-05-20 18:32:33】
订单号：20200520183023102564
通知地址：https://www.100000381.xyz/Pay_CsT1Zfb_notifyurlzfb.html
通知报文：memberid=200423453&orderid=202005201830084855489275&transaction_id=20200520183023102564&amount=2000.0000&datetime=20200520183231&returncode=00&sign=6CC16F4092B00AED971DBF0B66BB78C5&attach=1234|456
HTTP状态：
返回：ok

【2020-05-20 18:33:56】
订单号：20200520183309535555
通知地址：https://www.100000381.xyz/Pay_CsT1Zfb_notifyurlzfb.html
通知报文：memberid=200423453&orderid=202005201832545454524935&transaction_id=20200520183309535555&amount=500.0000&datetime=20200520183355&returncode=00&sign=3CF5AF0174CC9B397F7400C0B0D6F14B&attach=1234|456
HTTP状态：
返回：ok

【2020-05-20 18:34:08】
订单号：20200520183233495348
通知地址：https://www.100000381.xyz/Pay_CsT1Zfb_notifyurlzfb.html
通知报文：memberid=200423453&orderid=202005201832185052491102&transaction_id=20200520183233495348&amount=4888.0000&datetime=20200520183407&returncode=00&sign=2F94148CAEE5A3A8FDDA22C78AA75779&attach=1234|456
HTTP状态：
返回：ok

【2020-05-20 18:37:37】
订单号：20200520180607102999
通知地址：https://www.100000381.xyz/Pay_CsT1Zfb_notifyurlzfb.html
通知报文：memberid=200423453&orderid=202005201805524898529370&transaction_id=20200520180607102999&amount=500.0000&datetime=20200520183736&returncode=00&sign=85897563998F3E572676BD098D75C1C5&attach=1234|456
HTTP状态：
返回：ok

【2020-05-20 18:56:37】
订单号：20200520185601499750
通知地址：https://www.100000381.xyz/Pay_CsT1Zfb_notifyurlzfb.html
通知报文：memberid=200423453&orderid=202005201855465056558243&transaction_id=20200520185601499750&amount=1000.0000&datetime=20200520185634&returncode=00&sign=36DBA6432353E757F5F9CF16CD4E132D&attach=1234|456
HTTP状态：
返回：ok

【2020-05-20 18:57:32】
订单号：20200520185648484953
通知地址：https://www.100000381.xyz/Pay_CsT1Zfb_notifyurlzfb.html
通知报文：memberid=200423453&orderid=202005201856334948548378&transaction_id=20200520185648484953&amount=5000.0000&datetime=20200520185731&returncode=00&sign=A61ECF6901B14B592C3DEE19B61784ED&attach=1234|456
HTTP状态：
返回：ok

【2020-05-20 18:59:29】
订单号：20200520185848565149
通知地址：https://www.100000381.xyz/Pay_CsT1Zfb_notifyurlzfb.html
通知报文：memberid=200423453&orderid=202005201858335749987468&transaction_id=20200520185848565149&amount=2000.0000&datetime=20200520185928&returncode=00&sign=0E35F21B94B6B68133EBF0C7182BC7D9&attach=1234|456
HTTP状态：
返回：ok

【2020-05-20 19:14:21】
订单号：20200520191333100575
通知地址：https://www.100000381.xyz/Pay_CsT1Zfb_notifyurlzfb.html
通知报文：memberid=200423453&orderid=202005201913181015559474&transaction_id=20200520191333100575&amount=5000.0000&datetime=20200520191419&returncode=00&sign=CE3C33CFB22DFFD43A992185C38E3F23&attach=1234|456
HTTP状态：
返回：ok

【2020-05-20 19:18:48】
订单号：20200520191715985110
通知地址：https://www.100000381.xyz/Pay_CsT1Zfb_notifyurlzfb.html
通知报文：memberid=200423453&orderid=202005201917009950566735&transaction_id=20200520191715985110&amount=4000.0000&datetime=20200520191846&returncode=00&sign=4CBB5D80F8768D0C543D37CD5B05F856&attach=1234|456
HTTP状态：
返回：ok

【2020-05-20 19:23:08】
订单号：20200520192210505655
通知地址：https://www.100000381.xyz/Pay_CsT1Zfb_notifyurlzfb.html
通知报文：memberid=200423453&orderid=202005201921555154973770&transaction_id=20200520192210505655&amount=500.0000&datetime=20200520192306&returncode=00&sign=4040464ADA8A68C29746DB52F4F5806A&attach=1234|456
HTTP状态：
返回：ok

【2020-05-20 19:26:06】
订单号：20200520185509100505
通知地址：https://www.100000381.xyz/Pay_CsT1Zfb_notifyurlzfb.html
通知报文：memberid=200423453&orderid=202005201854541014947978&transaction_id=20200520185509100505&amount=500.0000&datetime=20200520192605&returncode=00&sign=D9A555942B6F87DF4CD2A8B146A08292&attach=1234|456
HTTP状态：
返回：ok

【2020-05-20 19:33:48】
订单号：20200520193313579710
通知地址：https://www.100000381.xyz/Pay_CsT1Zfb_notifyurlzfb.html
通知报文：memberid=200423453&orderid=202005201932589756106688&transaction_id=20200520193313579710&amount=1000.0000&datetime=20200520193346&returncode=00&sign=C5953CFF89B6DAFB9BFE74B30D340871&attach=1234|456
HTTP状态：
返回：ok

【2020-05-20 19:35:03】
订单号：20200520193331985755
通知地址：https://www.100000381.xyz/Pay_CsT1Zfb_notifyurlzfb.html
通知报文：memberid=200423453&orderid=202005201933169955103016&transaction_id=20200520193331985755&amount=5000.0000&datetime=20200520193501&returncode=00&sign=D3E24B1E7EC3BE7353009A5690D99E0E&attach=1234|456
HTTP状态：
返回：ok

【2020-05-20 19:43:32】
订单号：20200520194155515348
通知地址：https://www.100000381.xyz/Pay_CsT1Zfb_notifyurlzfb.html
通知报文：memberid=200423453&orderid=202005201941405251105473&transaction_id=20200520194155515348&amount=500.0000&datetime=20200520194327&returncode=00&sign=E6F49C78A95296B7A5C103CB564DD649&attach=1234|456
HTTP状态：
返回：ok

【2020-05-20 19:43:59】
订单号：20200520194151102991
通知地址：https://www.100000381.xyz/Pay_CsT1Zfb_notifyurlzfb.html
通知报文：memberid=200423453&orderid=202005201941364898568339&transaction_id=20200520194151102991&amount=5000.0000&datetime=20200520194357&returncode=00&sign=0473A9EA05020F08ECA745C17DE0EFEE&attach=1234|456
HTTP状态：
返回：ok

【2020-05-20 19:45:51】
订单号：20200520194109534910
通知地址：https://www.100000381.xyz/Pay_CsT1Zfb_notifyurlzfb.html
通知报文：memberid=200423453&orderid=202005201940535448482524&transaction_id=20200520194109534910&amount=500.0000&datetime=20200520194548&returncode=00&sign=61A0C7F4643866C66A2D59EA8B310A0A&attach=1234|456
HTTP状态：
返回：ok

【2020-05-20 19:45:53】
订单号：20200520194317534954
通知地址：https://www.100000381.xyz/Pay_CsT1Zfb_notifyurlzfb.html
通知报文：memberid=200423453&orderid=202005201943015310117339&transaction_id=20200520194317534954&amount=2000.0000&datetime=20200520194552&returncode=00&sign=9641F0ABD689BD57623D18C505180973&attach=1234|456
HTTP状态：
返回：ok

【2020-05-20 19:47:02】
订单号：20200520194618971011
通知地址：https://www.100000381.xyz/Pay_CsT1Zfb_notifyurlzfb.html
通知报文：memberid=200423453&orderid=202005201946039810051781&transaction_id=20200520194618971011&amount=4000.0000&datetime=20200520194701&returncode=00&sign=11BDF44D7FF5AE8E2E2B337B9D899077&attach=1234|456
HTTP状态：
返回：ok

【2020-05-20 19:53:21】
订单号：20200520195039102565
通知地址：https://www.100000381.xyz/Pay_CsT1Zfb_notifyurlzfb.html
通知报文：memberid=200423453&orderid=202005201950244854485395&transaction_id=20200520195039102565&amount=1750.0000&datetime=20200520195319&returncode=00&sign=489A9E13F8BABE59A857A14A7F5C61F3&attach=1234|456
HTTP状态：
返回：ok

【2020-05-20 20:05:06】
订单号：20200520200357100544
通知地址：https://www.100000381.xyz/Pay_CsT1Zfb_notifyurlzfb.html
通知报文：memberid=200423453&orderid=202005202003421015114846&transaction_id=20200520200357100544&amount=2000.0000&datetime=20200520200505&returncode=00&sign=F3FBB1392B70A11669919ED5F8C93324&attach=1234|456
HTTP状态：
返回：ok

【2020-05-20 20:40:18】
订单号：20200520203942101100
通知地址：https://www.100000381.xyz/Pay_CsT1Zfb_notifyurlzfb.html
通知报文：memberid=200423453&orderid=202005202039261019846078&transaction_id=20200520203942101100&amount=2000.0000&datetime=20200520204017&returncode=00&sign=5DFD87B4148C0D5D1AA43A4F465159C4&attach=1234|456
HTTP状态：
返回：ok

【2020-05-20 20:44:08】
订单号：20200520204256484910
通知地址：https://www.100000381.xyz/Pay_CsT1Zfb_notifyurlzfb.html
通知报文：memberid=200423453&orderid=202005202042404810253910&transaction_id=20200520204256484910&amount=5000.0000&datetime=20200520204405&returncode=00&sign=2B8DCF8F3E1463B120EB1923BF47DACC&attach=1234|456
HTTP状态：
返回：ok

【2020-05-20 20:50:38】
订单号：20200520204925531004
通知地址：https://www.100000381.xyz/Pay_CsT1Zfb_notifyurlzfb.html
通知报文：memberid=200423453&orderid=202005202049105497482605&transaction_id=20200520204925531004&amount=500.0000&datetime=20200520205036&returncode=00&sign=5D0E6D7749487066BA05998D8535FA69&attach=1234|456
HTTP状态：
返回：ok

【2020-05-20 20:53:37】
订单号：20200520205102549751
通知地址：https://www.100000381.xyz/Pay_CsT1Zfb_notifyurlzfb.html
通知报文：memberid=200423453&orderid=202005202050475555574076&transaction_id=20200520205102549751&amount=5000.0000&datetime=20200520205334&returncode=00&sign=39CE56A4452667083CD97456F8148CC6&attach=1234|456
HTTP状态：
返回：ok

【2020-05-20 20:54:01】
订单号：20200520205255555210
通知地址：https://www.100000381.xyz/Pay_CsT1Zfb_notifyurlzfb.html
通知报文：memberid=200423453&orderid=202005202052405650981015&transaction_id=20200520205255555210&amount=500.0000&datetime=20200520205359&returncode=00&sign=95F38F8C569E0CCDB38410C52BB824D8&attach=1234|456
HTTP状态：
返回：ok

【2020-05-20 20:56:39】
订单号：20200520205553575310
通知地址：https://www.100000381.xyz/Pay_CsT1Zfb_notifyurlzfb.html
通知报文：memberid=200423453&orderid=202005202055389750104544&transaction_id=20200520205553575310&amount=1500.0000&datetime=20200520205639&returncode=00&sign=75414E556EECDA83C62868BD40BD0FD5&attach=1234|456
HTTP状态：
返回：ok

【2020-05-20 20:56:52】
订单号：20200520205601495797
通知地址：https://www.100000381.xyz/Pay_CsT1Zfb_notifyurlzfb.html
通知报文：memberid=200423453&orderid=202005202055454955513365&transaction_id=20200520205601495797&amount=1800.0000&datetime=20200520205651&returncode=00&sign=ACF974B07FD1BE666DE626B40C38B511&attach=1234|456
HTTP状态：
返回：ok

【2020-05-20 21:08:40】
订单号：20200520210429100519
通知地址：https://www.100000381.xyz/Pay_CsT1Zfb_notifyurlzfb.html
通知报文：memberid=200423453&orderid=202005202104131004943438&transaction_id=20200520210429100519&amount=5000.0000&datetime=20200520210837&returncode=00&sign=4EA2203A5A15030E834CDDD940905E49&attach=1234|456
HTTP状态：
返回：ok

【2020-05-20 21:18:16】
订单号：20200520210313491019
通知地址：https://www.100000381.xyz/Pay_CsT1Zfb_notifyurlzfb.html
通知报文：memberid=200423453&orderid=202005202102585099552629&transaction_id=20200520210313491019&amount=500.0000&datetime=20200520211814&returncode=00&sign=6D9EE2422421147BCAD365A89C88424F&attach=1234|456
HTTP状态：
返回：ok

【2020-05-20 21:21:03】
订单号：20200520211843511005
通知地址：https://www.100000381.xyz/Pay_CsT1Zfb_notifyurlzfb.html
通知报文：memberid=200423453&orderid=202005202118285257103898&transaction_id=20200520211843511005&amount=1300.0000&datetime=20200520212101&returncode=00&sign=79CBB4EBF447AF02C6A028149B6D42EA&attach=1234|456
HTTP状态：
返回：ok

【2020-05-20 21:42:13】
订单号：20200520214039551015
通知地址：https://www.100000381.xyz/Pay_CsT1Zfb_notifyurlzfb.html
通知报文：memberid=200423453&orderid=202005202140245698501586&transaction_id=20200520214039551015&amount=5000.0000&datetime=20200520214212&returncode=00&sign=FDC8241800469BC4CE68339066B770A7&attach=1234|456
HTTP状态：
返回：ok

【2020-05-20 21:43:41】
订单号：20200520214154505799
通知地址：https://www.100000381.xyz/Pay_CsT1Zfb_notifyurlzfb.html
通知报文：memberid=200423453&orderid=202005202141395154535129&transaction_id=20200520214154505799&amount=5000.0000&datetime=20200520214340&returncode=00&sign=EE8F520ED3EB9AB1A5080C32683BB3ED&attach=1234|456
HTTP状态：
返回：ok

【2020-05-20 21:46:49】
订单号：20200520214524525099
通知地址：https://www.100000381.xyz/Pay_CsT1Zfb_notifyurlzfb.html
通知报文：memberid=200423453&orderid=202005202145085210156841&transaction_id=20200520214524525099&amount=5000.0000&datetime=20200520214647&returncode=00&sign=DF0544DFC2421D3C04654A01A905E5D6&attach=1234|456
HTTP状态：
返回：ok

【2020-05-20 21:46:56】
订单号：20200520214408565650
通知地址：https://www.100000381.xyz/Pay_CsT1Zfb_notifyurlzfb.html
通知报文：memberid=200423453&orderid=202005202143535753559797&transaction_id=20200520214408565650&amount=5000.0000&datetime=20200520214654&returncode=00&sign=15155DF15011BBBD47FCE87EEBDAE9DB&attach=1234|456
HTTP状态：
返回：ok

【2020-05-20 21:53:36】
订单号：20200520215300999810
通知地址：https://www.100000381.xyz/Pay_CsT1Zfb_notifyurlzfb.html
通知报文：memberid=200423453&orderid=202005202152451005654212&transaction_id=20200520215300999810&amount=2000.0000&datetime=20200520215334&returncode=00&sign=B0F13F6D526353DC910D16B9F73DAD9D&attach=1234|456
HTTP状态：
返回：ok

【2020-05-20 22:06:26】
订单号：20200520220541539750
通知地址：https://www.100000381.xyz/Pay_CsT1Zfb_notifyurlzfb.html
通知报文：memberid=200423453&orderid=202005202205265454105998&transaction_id=20200520220541539750&amount=1000.0000&datetime=20200520220625&returncode=00&sign=E09D6F2BBBA8463AECCD5300B239861C&attach=1234|456
HTTP状态：
返回：ok

【2020-05-20 22:10:51】
订单号：20200520215320485255
通知地址：https://www.100000381.xyz/Pay_CsT1Zfb_notifyurlzfb.html
通知报文：memberid=200423453&orderid=202005202153054949508376&transaction_id=20200520215320485255&amount=500.0000&datetime=20200520221050&returncode=00&sign=581D58387239BFC1731CFA9A42CCCBDF&attach=1234|456
HTTP状态：
返回：ok

【2020-05-20 22:16:56】
订单号：20200520221551551005
通知地址：https://www.100000381.xyz/Pay_CsT1Zfb_notifyurlzfb.html
通知报文：memberid=200423453&orderid=202005202215365697534111&transaction_id=20200520221551551005&amount=500.0000&datetime=20200520221653&returncode=00&sign=919AB7BED3E6BD8102A9225115235DAE&attach=1234|456
HTTP状态：
返回：ok

【2020-05-20 22:25:01】
订单号：20200520222413100101
通知地址：https://www.100000381.xyz/Pay_CsT1Zfb_notifyurlzfb.html
通知报文：memberid=200423453&orderid=202005202223581019846049&transaction_id=20200520222413100101&amount=2000.0000&datetime=20200520222500&returncode=00&sign=D0F1D93D658BD0DF80444C33A3BE11FF&attach=1234|456
HTTP状态：
返回：ok

【2020-05-20 22:25:33】
订单号：20200520222317539853
通知地址：https://www.100000381.xyz/Pay_CsT1Zfb_notifyurlzfb.html
通知报文：memberid=200423453&orderid=202005202223025455553195&transaction_id=20200520222317539853&amount=1000.0000&datetime=20200520222531&returncode=00&sign=B2BC18BD2C59983BEF9BA65797146247&attach=1234|456
HTTP状态：
返回：ok

【2020-05-20 22:32:00】
订单号：20200520223034975098
通知地址：https://www.100000381.xyz/Pay_CsT1Zfb_notifyurlzfb.html
通知报文：memberid=200423453&orderid=202005202230175710145660&transaction_id=20200520223034975098&amount=1000.0000&datetime=20200520223157&returncode=00&sign=E4C14DFE90B383949604C95CB8266FBC&attach=1234|456
HTTP状态：
返回：ok

【2020-05-20 22:36:06】
订单号：20200520223500525252
通知地址：https://www.100000381.xyz/Pay_CsT1Zfb_notifyurlzfb.html
通知报文：memberid=200423453&orderid=202005202234435148106733&transaction_id=20200520223500525252&amount=3800.0000&datetime=20200520223603&returncode=00&sign=94041DB00E0B1F139524CA015AC30AD4&attach=1234|456
HTTP状态：
返回：ok

【2020-05-20 22:36:24】
订单号：20200520223456485349
通知地址：https://www.100000381.xyz/Pay_CsT1Zfb_notifyurlzfb.html
通知报文：memberid=200423453&orderid=202005202234414949567176&transaction_id=20200520223456485349&amount=3000.0000&datetime=20200520223623&returncode=00&sign=BDAE6D1F9C6FDDF6369F0D1FBC3FD512&attach=1234|456
HTTP状态：
返回：ok

【2020-05-20 22:49:22】
订单号：20200520223229100561
通知地址：https://www.100000381.xyz/Pay_CsT1Zfb_notifyurlzfb.html
通知报文：memberid=200423453&orderid=202005202232141015294969&transaction_id=20200520223229100561&amount=1800.0000&datetime=20200520224920&returncode=00&sign=70628A86E72B8AC056054F1261A2E6D8&attach=1234|456
HTTP状态：
返回：ok

【2020-05-20 22:52:37】
订单号：20200520224549100555
通知地址：https://www.100000381.xyz/Pay_CsT1Zfb_notifyurlzfb.html
通知报文：memberid=200423453&orderid=202005202245341015154840&transaction_id=20200520224549100555&amount=3000.0000&datetime=20200520225236&returncode=00&sign=F786451899469945DC776254ADB48771&attach=1234|456
HTTP状态：
返回：ok

【2020-05-20 22:54:27】
订单号：20200520225254544856
通知地址：https://www.100000381.xyz/Pay_CsT1Zfb_notifyurlzfb.html
通知报文：memberid=200423453&orderid=202005202252385498103272&transaction_id=20200520225254544856&amount=500.0000&datetime=20200520225424&returncode=00&sign=3807CC2C45C673CD41434B3D4165D541&attach=1234|456
HTTP状态：
返回：ok

【2020-05-20 23:00:33】
订单号：20200520224536485010
通知地址：https://www.100000381.xyz/Pay_CsT1Zfb_notifyurlzfb.html
通知报文：memberid=200423453&orderid=202005202245204810058852&transaction_id=20200520224536485010&amount=1000.0000&datetime=20200520230031&returncode=00&sign=A35A76686D84A5252818920B48EDA7A8&attach=1234|456
HTTP状态：
返回：ok

【2020-05-20 23:15:36】
订单号：20200520231404994848
通知地址：https://www.100000381.xyz/Pay_CsT1Zfb_notifyurlzfb.html
通知报文：memberid=200423453&orderid=202005202313479898568712&transaction_id=20200520231404994848&amount=2000.0000&datetime=20200520231533&returncode=00&sign=A2C3BF855E8979E7290A9C297E8F4F1C&attach=1234|456
HTTP状态：
返回：ok

