【2020-06-28 20:37:33】
订单号：20200628203720485650
通知地址：http://pay1.4001cdn.com/DTPP/Money_27117/ServerCallback
通知报文：memberid=200694197&orderid=64332802&transaction_id=20200628203720485650&amount=300.0000&datetime=20200628203730&returncode=00&sign=DC38F085657DF1C20271B99EC46A6E8D&attach=
HTTP状态：
返回：OK

【2020-06-28 20:39:18】
订单号：20200628203904565551
通知地址：http://pay1.4001cdn.com/DTPP/Money_27117/ServerCallback
通知报文：memberid=200694197&orderid=64332876&transaction_id=20200628203904565551&amount=300.0000&datetime=20200628203916&returncode=00&sign=4908BE332DAF96DBAFF5C8BD6C443FA5&attach=
HTTP状态：
返回：OK

【2020-06-28 20:39:44】
订单号：20200628203931515752
通知地址：http://pay1.4001cdn.com/DTPP/Money_27117/ServerCallback
通知报文：memberid=200694197&orderid=64332900&transaction_id=20200628203931515752&amount=300.0000&datetime=20200628203941&returncode=00&sign=63DDA91B81E08D67CBC5C56497FE02A1&attach=
HTTP状态：
返回：OK

【2020-06-28 20:41:51】
订单号：20200628204137491025
通知地址：http://pay1.4001cdn.com/DTPP/Money_27117/ServerCallback
通知报文：memberid=200694197&orderid=64333002&transaction_id=20200628204137491025&amount=300.0000&datetime=20200628204149&returncode=00&sign=2ED3033DC0254C8EB5DA786568265567&attach=
HTTP状态：
返回：OK

【2020-06-28 20:42:19】
订单号：20200628204210509950
通知地址：http://pay1.4001cdn.com/DTPP/Money_27117/ServerCallback
通知报文：memberid=200694197&orderid=64333032&transaction_id=20200628204210509950&amount=300.0000&datetime=20200628204218&returncode=00&sign=0D2EDF5CAC9D0D54BE1E6990D123F30D&attach=
HTTP状态：
返回：OK

【2020-06-28 20:42:51】
订单号：20200628204239102971
通知地址：http://pay1.4001cdn.com/DTPP/Money_27117/ServerCallback
通知报文：memberid=200694197&orderid=64333063&transaction_id=20200628204239102971&amount=1000.0000&datetime=20200628204251&returncode=00&sign=A0D23578D68CECB7D159C4B7B92C1E4A&attach=
HTTP状态：
返回：OK

【2020-06-28 20:44:30】
订单号：20200628204401499856
通知地址：http://pay1.4001cdn.com/DTPP/Money_27117/ServerCallback
通知报文：memberid=200694197&orderid=64333143&transaction_id=20200628204401499856&amount=300.0000&datetime=20200628204430&returncode=00&sign=92C48D9CC38627A6235C27152AFC901B&attach=
HTTP状态：
返回：OK

【2020-06-28 20:47:58】
订单号：20200628204749535010
通知地址：http://pay1.4001cdn.com/DTPP/Money_27117/ServerCallback
通知报文：memberid=200694197&orderid=64333322&transaction_id=20200628204749535010&amount=400.0000&datetime=20200628204757&returncode=00&sign=1D1DA4289E4EE39C743D418A0C50E13E&attach=
HTTP状态：
返回：OK

【2020-06-28 20:49:47】
订单号：20200628204925535598
通知地址：http://pay1.4001cdn.com/DTPP/Money_27117/ServerCallback
通知报文：memberid=200694197&orderid=64333385&transaction_id=20200628204925535598&amount=300.0000&datetime=20200628204945&returncode=00&sign=970C64D7292000C0790E7FCE3B10120E&attach=
HTTP状态：
返回：OK

【2020-06-28 20:49:59】
订单号：20200628204952485251
通知地址：http://pay1.4001cdn.com/DTPP/Money_27117/ServerCallback
通知报文：memberid=200694197&orderid=64333409&transaction_id=20200628204952485251&amount=500.0000&datetime=20200628204958&returncode=00&sign=3DFB6588C7C679D8B72563F4320C0BEA&attach=
HTTP状态：
返回：OK

【2020-06-28 20:51:56】
订单号：20200628205137579910
通知地址：http://pay1.4001cdn.com/DTPP/Money_27117/ServerCallback
通知报文：memberid=200694197&orderid=64333489&transaction_id=20200628205137579910&amount=700.0000&datetime=20200628205155&returncode=00&sign=2F25FAEF0B7B41D22F468A7880AA2A66&attach=
HTTP状态：
返回：OK

【2020-06-28 20:53:12】
订单号：20200628205302101505
通知地址：http://pay1.4001cdn.com/DTPP/Money_27117/ServerCallback
通知报文：memberid=200694197&orderid=64333574&transaction_id=20200628205302101505&amount=400.0000&datetime=20200628205312&returncode=00&sign=8A07C376AFAA42481A9D2A9503F26A74&attach=
HTTP状态：
返回：OK

【2020-06-28 20:53:37】
订单号：20200628205327555210
通知地址：http://pay1.4001cdn.com/DTPP/Money_27117/ServerCallback
通知报文：memberid=200694197&orderid=64333596&transaction_id=20200628205327555210&amount=1000.0000&datetime=20200628205336&returncode=00&sign=9A6B7F0041D17912346A46BBF3118E25&attach=
HTTP状态：
返回：OK

【2020-06-28 20:54:44】
订单号：20200628205433571015
通知地址：http://pay1.4001cdn.com/DTPP/Money_27117/ServerCallback
通知报文：memberid=200694197&orderid=64333664&transaction_id=20200628205433571015&amount=500.0000&datetime=20200628205443&returncode=00&sign=D72735B5E9A5F83BAB80AA9DFDF7C216&attach=
HTTP状态：
返回：OK

【2020-06-28 20:55:33】
订单号：20200628205525100515
通知地址：http://pay1.4001cdn.com/DTPP/Money_27117/ServerCallback
通知报文：memberid=200694197&orderid=64333717&transaction_id=20200628205525100515&amount=300.0000&datetime=20200628205532&returncode=00&sign=295C964920863721ED9F621B9DCE2484&attach=
HTTP状态：
返回：OK

【2020-06-28 20:56:21】
订单号：20200628205612991004
通知地址：http://pay1.4001cdn.com/DTPP/Money_27117/ServerCallback
通知报文：memberid=200694197&orderid=64333753&transaction_id=20200628205612991004&amount=300.0000&datetime=20200628205620&returncode=00&sign=562DF16E6959E8CD5F2E6FC124CA2EC4&attach=
HTTP状态：
返回：OK

【2020-06-28 20:58:51】
订单号：20200628205844521014
通知地址：http://pay1.4001cdn.com/DTPP/Money_27117/ServerCallback
通知报文：memberid=200694197&orderid=64333867&transaction_id=20200628205844521014&amount=500.0000&datetime=20200628205851&returncode=00&sign=4D8E6A20B3BE1D83F588891BB5CF6C56&attach=
HTTP状态：
返回：OK

【2020-06-28 20:59:22】
订单号：20200628205914505210
通知地址：http://pay1.4001cdn.com/DTPP/Money_27117/ServerCallback
通知报文：memberid=200694197&orderid=64333902&transaction_id=20200628205914505210&amount=300.0000&datetime=20200628205922&returncode=00&sign=81460DC36E264114A4CD3D1CEFCB0D0D&attach=
HTTP状态：
返回：OK

【2020-06-28 21:00:06】
订单号：20200628205959102101
通知地址：http://pay1.4001cdn.com/DTPP/Money_27117/ServerCallback
通知报文：memberid=200694197&orderid=64333933&transaction_id=20200628205959102101&amount=300.0000&datetime=20200628210005&returncode=00&sign=FC9D5A379E7C4260C81466F0EAA4076D&attach=
HTTP状态：
返回：OK

【2020-06-28 21:01:22】
订单号：20200628210111555754
通知地址：http://pay1.4001cdn.com/DTPP/Money_27117/ServerCallback
通知报文：memberid=200694197&orderid=64333999&transaction_id=20200628210111555754&amount=500.0000&datetime=20200628210121&returncode=00&sign=C606F4A175323500F56240BDE337DA3A&attach=
HTTP状态：
返回：OK

【2020-06-28 21:01:40】
订单号：20200628210130971015
通知地址：http://pay1.4001cdn.com/DTPP/Money_27117/ServerCallback
通知报文：memberid=200694197&orderid=64334022&transaction_id=20200628210130971015&amount=300.0000&datetime=20200628210139&returncode=00&sign=378440BA0A387F3D5D281B380FC955EA&attach=
HTTP状态：
返回：OK

【2020-06-28 21:02:41】
订单号：20200628210223102561
通知地址：http://pay1.4001cdn.com/DTPP/Money_27117/ServerCallback
通知报文：memberid=200694197&orderid=64334080&transaction_id=20200628210223102561&amount=300.0000&datetime=20200628210240&returncode=00&sign=A5530D0CC9D0F4086D62C97AD69F338D&attach=
HTTP状态：
返回：OK

【2020-06-28 21:07:25】
订单号：20200628210714509799
通知地址：http://pay1.4001cdn.com/DTPP/Money_27117/ServerCallback
通知报文：memberid=200694197&orderid=64334315&transaction_id=20200628210714509799&amount=300.0000&datetime=20200628210724&returncode=00&sign=0153D83B75504B94C5967E06BD881315&attach=
HTTP状态：
返回：OK

【2020-06-28 21:07:27】
订单号：20200628210713494950
通知地址：http://pay1.4001cdn.com/DTPP/Money_27117/ServerCallback
通知报文：memberid=200694197&orderid=64334312&transaction_id=20200628210713494950&amount=500.0000&datetime=20200628210726&returncode=00&sign=25532FCA7BA21A6B03EB434360E6B6CE&attach=
HTTP状态：
返回：OK

【2020-06-28 21:08:03】
订单号：20200628210748529798
通知地址：http://pay1.4001cdn.com/DTPP/Money_27117/ServerCallback
通知报文：memberid=200694197&orderid=64334341&transaction_id=20200628210748529798&amount=900.0000&datetime=20200628210802&returncode=00&sign=810D62E626628F47885B277129EEFBE6&attach=
HTTP状态：
返回：OK

【2020-06-28 21:08:03】
订单号：20200628210746505698
通知地址：http://pay1.4001cdn.com/DTPP/Money_27117/ServerCallback
通知报文：memberid=200694197&orderid=64334340&transaction_id=20200628210746505698&amount=300.0000&datetime=20200628210802&returncode=00&sign=23FF203D99CD38D6FB8FFC01C8444E4B&attach=
HTTP状态：
返回：OK

【2020-06-28 21:08:27】
订单号：20200628210818505210
通知地址：http://pay1.4001cdn.com/DTPP/Money_27117/ServerCallback
通知报文：memberid=200694197&orderid=64334372&transaction_id=20200628210818505210&amount=300.0000&datetime=20200628210826&returncode=00&sign=C6BFE587C2597EB08B3C53AC2F6EEC24&attach=
HTTP状态：
返回：OK

【2020-06-28 21:11:04】
订单号：20200628211056485450
通知地址：http://pay1.4001cdn.com/DTPP/Money_27117/ServerCallback
通知报文：memberid=200694197&orderid=64334524&transaction_id=20200628211056485450&amount=300.0000&datetime=20200628211103&returncode=00&sign=64FCE982DA73155651B34259E68F865F&attach=
HTTP状态：
返回：OK

【2020-06-28 21:12:34】
订单号：20200628211225574856
通知地址：http://pay1.4001cdn.com/DTPP/Money_27117/ServerCallback
通知报文：memberid=200694197&orderid=64334634&transaction_id=20200628211225574856&amount=308.0000&datetime=20200628211233&returncode=00&sign=BBF4F54E635AA03B22358EC122B9FAA6&attach=
HTTP状态：
返回：OK

【2020-06-28 21:14:59】
订单号：20200628211447554855
通知地址：http://pay1.4001cdn.com/DTPP/Money_27117/ServerCallback
通知报文：memberid=200694197&orderid=64334810&transaction_id=20200628211447554855&amount=300.0000&datetime=20200628211457&returncode=00&sign=00BA7D5F8B8D1B624262AE94C9969E26&attach=
HTTP状态：
返回：OK

【2020-06-28 21:16:59】
订单号：20200628211652525556
通知地址：http://pay1.4001cdn.com/DTPP/Money_27117/ServerCallback
通知报文：memberid=200694197&orderid=64334974&transaction_id=20200628211652525556&amount=600.0000&datetime=20200628211658&returncode=00&sign=FE334322B10AF385F3588176470E6B0A&attach=
HTTP状态：
返回：OK

【2020-06-28 21:18:40】
订单号：20200628211833574952
通知地址：http://pay1.4001cdn.com/DTPP/Money_27117/ServerCallback
通知报文：memberid=200694197&orderid=64335097&transaction_id=20200628211833574952&amount=300.0000&datetime=20200628211840&returncode=00&sign=D3B9BD26DE07F619B2F36B1D4103ACA9&attach=
HTTP状态：
返回：OK

【2020-06-28 21:19:17】
订单号：20200628211907985554
通知地址：http://pay1.4001cdn.com/DTPP/Money_27117/ServerCallback
通知报文：memberid=200694197&orderid=64335133&transaction_id=20200628211907985554&amount=300.0000&datetime=20200628211915&returncode=00&sign=A04DCC2A6C8972FABD867E5AD6612C42&attach=
HTTP状态：
返回：OK

【2020-06-28 21:20:35】
订单号：20200628212024564998
通知地址：http://pay1.4001cdn.com/DTPP/Money_27117/ServerCallback
通知报文：memberid=200694197&orderid=64335207&transaction_id=20200628212024564998&amount=500.0000&datetime=20200628212033&returncode=00&sign=F8440F66D4ECF5DF0DC43A48E9802B44&attach=
HTTP状态：
返回：OK

【2020-06-28 21:22:39】
订单号：20200628212232569953
通知地址：http://pay1.4001cdn.com/DTPP/Money_27117/ServerCallback
通知报文：memberid=200694197&orderid=64335344&transaction_id=20200628212232569953&amount=1000.0000&datetime=20200628212239&returncode=00&sign=F2516DBFFA221B184240F4C2202568EF&attach=
HTTP状态：
返回：OK

【2020-06-28 21:23:47】
订单号：20200628212331519751
通知地址：http://pay1.4001cdn.com/DTPP/Money_27117/ServerCallback
通知报文：memberid=200694197&orderid=64335431&transaction_id=20200628212331519751&amount=300.0000&datetime=20200628212347&returncode=00&sign=AD666926ABBEC414F13D161760DBFA1C&attach=
HTTP状态：
返回：OK

【2020-06-28 21:23:48】
订单号：20200628212340995055
通知地址：http://pay1.4001cdn.com/DTPP/Money_27117/ServerCallback
通知报文：memberid=200694197&orderid=64335440&transaction_id=20200628212340995055&amount=700.0000&datetime=20200628212348&returncode=00&sign=A27D22D797A137C5960D63DB191BA53F&attach=
HTTP状态：
返回：OK

【2020-06-28 21:24:21】
订单号：20200628212411985748
通知地址：http://pay1.4001cdn.com/DTPP/Money_27117/ServerCallback
通知报文：memberid=200694197&orderid=64335484&transaction_id=20200628212411985748&amount=300.0000&datetime=20200628212420&returncode=00&sign=0FBD102C2C6E69A039B021D576DE661D&attach=
HTTP状态：
返回：OK

【2020-06-28 21:28:20】
订单号：20200628212755989756
通知地址：http://pay1.4001cdn.com/DTPP/Money_27117/ServerCallback
通知报文：memberid=200694197&orderid=64335722&transaction_id=20200628212755989756&amount=1000.0000&datetime=20200628212819&returncode=00&sign=793C24C00F068D00B66649E85CA6DF9C&attach=
HTTP状态：
返回：OK

【2020-06-28 21:31:23】
订单号：20200628213110101565
通知地址：http://pay1.4001cdn.com/DTPP/Money_27117/ServerCallback
通知报文：memberid=200694197&orderid=64335911&transaction_id=20200628213110101565&amount=1000.0000&datetime=20200628213121&returncode=00&sign=B6F4EE058DC78B7ED485F9D6DC763C57&attach=
HTTP状态：
返回：OK

【2020-06-28 21:32:39】
订单号：20200628213229100981
通知地址：http://pay1.4001cdn.com/DTPP/Money_27117/ServerCallback
通知报文：memberid=200694197&orderid=64336008&transaction_id=20200628213229100981&amount=300.0000&datetime=20200628213238&returncode=00&sign=6264514B436DC8E6A8C32743FA029B2C&attach=
HTTP状态：
返回：OK

【2020-06-28 21:34:35】
订单号：20200628213426505350
通知地址：http://pay1.4001cdn.com/DTPP/Money_27117/ServerCallback
通知报文：memberid=200694197&orderid=64336135&transaction_id=20200628213426505350&amount=300.0000&datetime=20200628213435&returncode=00&sign=90A66C641F58ED4C15AC9383D0F515D4&attach=
HTTP状态：
返回：OK

【2020-06-28 21:35:52】
订单号：20200628213530505354
通知地址：http://pay1.4001cdn.com/DTPP/Money_27117/ServerCallback
通知报文：memberid=200694197&orderid=64336215&transaction_id=20200628213530505354&amount=500.0000&datetime=20200628213552&returncode=00&sign=A00D1FF03B9167D246C8BE6483DC4649&attach=
HTTP状态：
返回：OK

【2020-06-28 21:36:41】
订单号：20200628213625571005
通知地址：http://pay1.4001cdn.com/DTPP/Money_27117/ServerCallback
通知报文：memberid=200694197&orderid=64336285&transaction_id=20200628213625571005&amount=399.0000&datetime=20200628213640&returncode=00&sign=247F9BD94C1E6104812D2C05910FB821&attach=
HTTP状态：
返回：OK

【2020-06-28 21:37:31】
订单号：20200628213717100505
通知地址：http://pay1.4001cdn.com/DTPP/Money_27117/ServerCallback
通知报文：memberid=200694197&orderid=64336349&transaction_id=20200628213717100505&amount=500.0000&datetime=20200628213730&returncode=00&sign=596DDC44C0FB3728632EAAC1356FD754&attach=
HTTP状态：
返回：OK

【2020-06-28 21:41:00】
订单号：20200628214052525556
通知地址：http://pay1.4001cdn.com/DTPP/Money_27117/ServerCallback
通知报文：memberid=200694197&orderid=64336613&transaction_id=20200628214052525556&amount=300.0000&datetime=20200628214059&returncode=00&sign=E376CAC58F6A37D3ED64C713511520F9&attach=
HTTP状态：
返回：OK

【2020-06-28 21:41:45】
订单号：20200628214135102575
通知地址：http://pay1.4001cdn.com/DTPP/Money_27117/ServerCallback
通知报文：memberid=200694197&orderid=64336661&transaction_id=20200628214135102575&amount=300.0000&datetime=20200628214144&returncode=00&sign=B3DAAD0DB0666DA29AE158E0F5162E6D&attach=
HTTP状态：
返回：OK

【2020-06-28 21:41:56】
订单号：20200628214143559910
通知地址：http://pay1.4001cdn.com/DTPP/Money_27117/ServerCallback
通知报文：memberid=200694197&orderid=64336669&transaction_id=20200628214143559910&amount=300.0000&datetime=20200628214154&returncode=00&sign=CF227973EA88184402E4AF95884403C6&attach=
HTTP状态：
返回：OK

【2020-06-28 21:44:27】
订单号：20200628214418504856
通知地址：http://pay1.4001cdn.com/DTPP/Money_27117/ServerCallback
通知报文：memberid=200694197&orderid=64336830&transaction_id=20200628214418504856&amount=800.0000&datetime=20200628214427&returncode=00&sign=B7BF4A432E83DCBBB70B590D8BFBA739&attach=
HTTP状态：
返回：OK

【2020-06-28 21:45:14】
订单号：20200628214505495098
通知地址：http://pay1.4001cdn.com/DTPP/Money_27117/ServerCallback
通知报文：memberid=200694197&orderid=64336883&transaction_id=20200628214505495098&amount=300.0000&datetime=20200628214512&returncode=00&sign=97DE33059B51784664A372174420B812&attach=
HTTP状态：
返回：OK

【2020-06-28 21:45:32】
订单号：20200628214523515697
通知地址：http://pay1.4001cdn.com/DTPP/Money_27117/ServerCallback
通知报文：memberid=200694197&orderid=64336904&transaction_id=20200628214523515697&amount=1000.0000&datetime=20200628214530&returncode=00&sign=6800F18F57FA7DC2B0B3E75FC956FD61&attach=
HTTP状态：
返回：OK

【2020-06-28 21:46:49】
订单号：20200628214638101489
通知地址：http://pay1.4001cdn.com/DTPP/Money_27117/ServerCallback
通知报文：memberid=200694197&orderid=64336965&transaction_id=20200628214638101489&amount=301.0000&datetime=20200628214648&returncode=00&sign=39A1F83673B20101D5CE017ACC5960F7&attach=
HTTP状态：
返回：OK

【2020-06-28 21:48:44】
订单号：20200628214835515349
通知地址：http://pay1.4001cdn.com/DTPP/Money_27117/ServerCallback
通知报文：memberid=200694197&orderid=64337072&transaction_id=20200628214835515349&amount=500.0000&datetime=20200628214843&returncode=00&sign=1E8F75EB8B371A7243F1DAAE7087E969&attach=
HTTP状态：
返回：OK

【2020-06-28 21:48:50】
订单号：20200628214841575748
通知地址：http://pay1.4001cdn.com/DTPP/Money_27117/ServerCallback
通知报文：memberid=200694197&orderid=64337077&transaction_id=20200628214841575748&amount=300.0000&datetime=20200628214850&returncode=00&sign=C2A97D14477894FFE9AE51C4BB08D5D5&attach=
HTTP状态：
返回：OK

【2020-06-28 21:49:00】
订单号：20200628214850505310
通知地址：http://pay1.4001cdn.com/DTPP/Money_27117/ServerCallback
通知报文：memberid=200694197&orderid=64337083&transaction_id=20200628214850505310&amount=500.0000&datetime=20200628214859&returncode=00&sign=4539A13A3BAEF92E0173CC04F56DE9A2&attach=
HTTP状态：
返回：OK

【2020-06-28 21:50:34】
订单号：20200628215023102100
通知地址：http://pay1.4001cdn.com/DTPP/Money_27117/ServerCallback
通知报文：memberid=200694197&orderid=64337166&transaction_id=20200628215023102100&amount=1000.0000&datetime=20200628215033&returncode=00&sign=C5E761F0C844B58A6FAE3E98D34F25A4&attach=
HTTP状态：
返回：OK

【2020-06-28 21:51:05】
订单号：20200628215054101579
通知地址：http://pay1.4001cdn.com/DTPP/Money_27117/ServerCallback
通知报文：memberid=200694197&orderid=64337196&transaction_id=20200628215054101579&amount=1000.0000&datetime=20200628215104&returncode=00&sign=5ADB5E9BBCEF6BF5F6ECEFF2B3FF825F&attach=
HTTP状态：
返回：OK

【2020-06-28 21:51:32】
订单号：20200628215125100100
通知地址：http://pay1.4001cdn.com/DTPP/Money_27117/ServerCallback
通知报文：memberid=200694197&orderid=64337221&transaction_id=20200628215125100100&amount=1000.0000&datetime=20200628215131&returncode=00&sign=440B5ABF69F6EC6A3434C3F162463CB1&attach=
HTTP状态：
返回：OK

【2020-06-28 21:52:33】
订单号：20200628215225574999
通知地址：http://pay1.4001cdn.com/DTPP/Money_27117/ServerCallback
通知报文：memberid=200694197&orderid=64337283&transaction_id=20200628215225574999&amount=1000.0000&datetime=20200628215233&returncode=00&sign=3EDF9434AD543392DEA7B93294280C85&attach=
HTTP状态：
返回：OK

【2020-06-28 21:53:04】
订单号：20200628215252525797
通知地址：http://pay1.4001cdn.com/DTPP/Money_27117/ServerCallback
通知报文：memberid=200694197&orderid=64337318&transaction_id=20200628215252525797&amount=800.0000&datetime=20200628215302&returncode=00&sign=DEAE612C880B19A69F223BC40F8C4B9C&attach=
HTTP状态：
返回：OK

【2020-06-28 22:05:56】
订单号：20200628220541534998
通知地址：http://pay1.4001cdn.com/DTPP/Money_27117/ServerCallback
通知报文：memberid=200694197&orderid=64338199&transaction_id=20200628220541534998&amount=300.0000&datetime=20200628220553&returncode=00&sign=66DB3D1B01BFF984740B270280C578E5&attach=
HTTP状态：
返回：OK

【2020-06-28 22:06:12】
订单号：20200628220604995310
通知地址：http://pay1.4001cdn.com/DTPP/Money_27117/ServerCallback
通知报文：memberid=200694197&orderid=64338228&transaction_id=20200628220604995310&amount=1000.0000&datetime=20200628220610&returncode=00&sign=083D40F8F1CACC463679DCE33B3ECCA8&attach=
HTTP状态：
返回：OK

【2020-06-28 22:06:39】
订单号：20200628220632565753
通知地址：http://pay1.4001cdn.com/DTPP/Money_27117/ServerCallback
通知报文：memberid=200694197&orderid=64338264&transaction_id=20200628220632565753&amount=1000.0000&datetime=20200628220639&returncode=00&sign=4960A2E259C8153E6EFB22467E760791&attach=
HTTP状态：
返回：OK

【2020-06-28 22:08:18】
订单号：20200628220808565255
通知地址：http://pay1.4001cdn.com/DTPP/Money_27117/ServerCallback
通知报文：memberid=200694197&orderid=64338372&transaction_id=20200628220808565255&amount=500.0000&datetime=20200628220817&returncode=00&sign=54C2D8A439AF79C32B01DAF14F48E351&attach=
HTTP状态：
返回：OK

【2020-06-28 22:09:06】
订单号：20200628220854544957
通知地址：http://pay1.4001cdn.com/DTPP/Money_27117/ServerCallback
通知报文：memberid=200694197&orderid=64338422&transaction_id=20200628220854544957&amount=300.0000&datetime=20200628220905&returncode=00&sign=51A8DB3F698B6E031B01AAF897B49067&attach=
HTTP状态：
返回：OK

【2020-06-28 22:35:21】
订单号：20200628223450974853
通知地址：http://pay.yanwujing.cn/Pay_Charges_notify.html
通知报文：memberid=200399771&orderid=C20200628223449447588&transaction_id=20200628223450974853&amount=1.0000&datetime=20200628223521&returncode=00&sign=F1B30ED82AD17F87155FFBCF36389B20&attach=
HTTP状态：
返回：OK

【2020-06-28 22:41:10】
订单号：20200628224055554997
通知地址：http://pay.yanwujing.cn/Pay_Charges_notify.html
通知报文：memberid=200399771&orderid=C20200628224055167127&transaction_id=20200628224055554997&amount=1.0000&datetime=20200628224110&returncode=00&sign=4F43431B9CC133FCB48F88A616C07739&attach=
HTTP状态：
返回：OK

