【2020-04-02 18:56:11】
订单号：20200402185556995610
通知地址：https://www.699179.xyz/Pay_CsT1Zfb_notifyurlzfb.html
通知报文：memberid=200359087&orderid=202004021855549749548519&transaction_id=20200402185556995610&amount=100.0000&datetime=20200402185611&returncode=00&sign=C1C3D4E10F96E816E2B14FCD7B06146A&attach=1234|456
HTTP状态：
返回：ok

【2020-04-02 19:04:33】
订单号：20200402190344485455
通知地址：https://www.699179.xyz/Pay_CsT1Zfb_notifyurlzfb.html
通知报文：memberid=200359087&orderid=202004021903411001016349&transaction_id=20200402190344485455&amount=50.0000&datetime=20200402190431&returncode=00&sign=13BA934D7C911DFA354A9400CF332FA8&attach=1234|456
HTTP状态：
返回：ok

【2020-04-02 19:06:33】
订单号：20200402190615555251
通知地址：https://www.699179.xyz/Pay_CsT1Zfb_notifyurlzfb.html
通知报文：memberid=200359087&orderid=202004021906125298105416&transaction_id=20200402190615555251&amount=500.0000&datetime=20200402190632&returncode=00&sign=D67FE6DD357B44AC169CDCE338C3BEFF&attach=1234|456
HTTP状态：
返回：ok

【2020-04-02 19:07:00】
订单号：20200402190605100974
通知地址：https://www.699179.xyz/Pay_CsT1Zfb_notifyurlzfb.html
通知报文：memberid=200359087&orderid=202004021906039850106794&transaction_id=20200402190605100974&amount=3000.0000&datetime=20200402190658&returncode=00&sign=213CF09A4A11F0DF928FC369EBDEE682&attach=1234|456
HTTP状态：
返回：ok

【2020-04-02 19:09:28】
订单号：20200402190109535454
通知地址：https://www.699179.xyz/Pay_CsT1Zfb_notifyurlzfb.html
通知报文：memberid=200359087&orderid=202004021901065010097058&transaction_id=20200402190109535454&amount=200.0000&datetime=20200402190928&returncode=00&sign=16F0FC44F3285588B7CADA3626183094&attach=1234|456
HTTP状态：
返回：ok

【2020-04-02 19:10:12】
订单号：20200402190948991015
通知地址：https://www.699179.xyz/Pay_CsT1Zfb_notifyurlzfb.html
通知报文：memberid=200359087&orderid=202004021909469754519275&transaction_id=20200402190948991015&amount=1000.0000&datetime=20200402191011&returncode=00&sign=0AE9DAD17A471383BA6C45E3F6EC32F3&attach=1234|456
HTTP状态：
返回：ok

【2020-04-02 19:10:22】
订单号：20200402190907514999
通知地址：https://www.699179.xyz/Pay_CsT1Zfb_notifyurlzfb.html
通知报文：memberid=200359087&orderid=202004021909044897547866&transaction_id=20200402190907514999&amount=100.0000&datetime=20200402191021&returncode=00&sign=3111937149295AB42C91512458ADA471&attach=1234|456
HTTP状态：
返回：ok

【2020-04-02 19:12:56】
订单号：20200402191233495697
通知地址：https://www.699179.xyz/Pay_CsT1Zfb_notifyurlzfb.html
通知报文：memberid=200359087&orderid=202004021912311024911941&transaction_id=20200402191233495697&amount=1000.0000&datetime=20200402191255&returncode=00&sign=A627043863025E52551403144D99FE08&attach=1234|456
HTTP状态：
返回：ok

【2020-04-02 19:13:56】
订单号：20200402191326544950
通知地址：https://www.699179.xyz/Pay_CsT1Zfb_notifyurlzfb.html
通知报文：memberid=200359087&orderid=202004021913235156541826&transaction_id=20200402191326544950&amount=500.0000&datetime=20200402191356&returncode=00&sign=EAA656C2154246C37C9D2D16011708AB&attach=1234|456
HTTP状态：
返回：ok

【2020-04-02 19:22:07】
订单号：20200402192152485210
通知地址：https://www.699179.xyz/Pay_CsT1Zfb_notifyurlzfb.html
通知报文：memberid=200359087&orderid=202004021921491009955190&transaction_id=20200402192152485210&amount=200.0000&datetime=20200402192206&returncode=00&sign=4E5E8231A40D03ECF61826A2A48943EC&attach=1234|456
HTTP状态：
返回：ok

【2020-04-02 19:24:16】
订单号：20200402192403519857
通知地址：https://www.699179.xyz/Pay_CsT1Zfb_notifyurlzfb.html
通知报文：memberid=200359087&orderid=202004021924014951532770&transaction_id=20200402192403519857&amount=2000.0000&datetime=20200402192415&returncode=00&sign=4DC26DF857E0A8757B7A87AEC6CF98F6&attach=1234|456
HTTP状态：
返回：ok

【2020-04-02 19:25:20】
订单号：20200402192505494851
通知地址：https://www.699179.xyz/Pay_CsT1Zfb_notifyurlzfb.html
通知报文：memberid=200359087&orderid=202004021925021015652253&transaction_id=20200402192505494851&amount=200.0000&datetime=20200402192520&returncode=00&sign=A133430ED95AC838AF8AE89A03A5BCDB&attach=1234|456
HTTP状态：
返回：ok

【2020-04-02 19:25:43】
订单号：20200402192523519910
通知地址：https://www.699179.xyz/Pay_CsT1Zfb_notifyurlzfb.html
通知报文：memberid=200359087&orderid=202004021925214953497864&transaction_id=20200402192523519910&amount=200.0000&datetime=20200402192542&returncode=00&sign=3D087FE3C6AACD08BF667A172486D71F&attach=1234|456
HTTP状态：
返回：ok

【2020-04-02 19:25:52】
订单号：20200402192449495310
通知地址：https://www.699179.xyz/Pay_CsT1Zfb_notifyurlzfb.html
通知报文：memberid=200359087&orderid=202004021924461011006238&transaction_id=20200402192449495310&amount=150.0000&datetime=20200402192552&returncode=00&sign=CED6ACBCD3CAAB5B7FD7F9987D765E45&attach=1234|456
HTTP状态：
返回：ok

【2020-04-02 19:26:09】
订单号：20200402192547981011
通知地址：https://www.699179.xyz/Pay_CsT1Zfb_notifyurlzfb.html
通知报文：memberid=200359087&orderid=202004021925455755487380&transaction_id=20200402192547981011&amount=100.0000&datetime=20200402192608&returncode=00&sign=49AA5A06764D7C24CA649D595513C7D7&attach=1234|456
HTTP状态：
返回：ok

【2020-04-02 19:27:01】
订单号：20200402192638101539
通知地址：https://www.699179.xyz/Pay_CsT1Zfb_notifyurlzfb.html
通知报文：memberid=200359087&orderid=202004021926359810052119&transaction_id=20200402192638101539&amount=200.0000&datetime=20200402192659&returncode=00&sign=81BA3EB8F7A368994F4905537F72E656&attach=1234|456
HTTP状态：
返回：ok

【2020-04-02 19:27:28】
订单号：20200402192714504810
通知地址：https://www.699179.xyz/Pay_CsT1Zfb_notifyurlzfb.html
通知报文：memberid=200359087&orderid=202004021927111025655241&transaction_id=20200402192714504810&amount=1000.0000&datetime=20200402192728&returncode=00&sign=7F37164D32E6A9538C8299C0330089FF&attach=1234|456
HTTP状态：
返回：ok

【2020-04-02 19:28:21】
订单号：20200402192806541005
通知地址：https://www.699179.xyz/Pay_CsT1Zfb_notifyurlzfb.html
通知报文：memberid=200359087&orderid=202004021928045253975593&transaction_id=20200402192806541005&amount=200.0000&datetime=20200402192821&returncode=00&sign=BCC5F329CF8C773324252103555F4E7F&attach=1234|456
HTTP状态：
返回：ok

【2020-04-02 19:29:48】
订单号：20200402192825571009
通知地址：https://www.699179.xyz/Pay_CsT1Zfb_notifyurlzfb.html
通知报文：memberid=200359087&orderid=202004021928235554514737&transaction_id=20200402192825571009&amount=3000.0000&datetime=20200402192948&returncode=00&sign=21EFF3C5264F8CD86783EE1F7A89D7C5&attach=1234|456
HTTP状态：
返回：ok

【2020-04-02 19:29:57】
订单号：20200402192326101101
通知地址：https://www.699179.xyz/Pay_CsT1Zfb_notifyurlzfb.html
通知报文：memberid=200359087&orderid=202004021923249953501353&transaction_id=20200402192326101101&amount=200.0000&datetime=20200402192957&returncode=00&sign=10566BC45C3F193FAB1CA6ABE3B6E6DF&attach=1234|456
HTTP状态：
返回：ok

【2020-04-02 19:33:56】
订单号：20200402193342545354
通知地址：https://www.699179.xyz/Pay_CsT1Zfb_notifyurlzfb.html
通知报文：memberid=200359087&orderid=202004021933395110016130&transaction_id=20200402193342545354&amount=1000.0000&datetime=20200402193356&returncode=00&sign=ADAB2D707A77A7AF74E28C1F0676B625&attach=1234|456
HTTP状态：
返回：ok

【2020-04-02 19:34:44】
订单号：20200402193413539899
通知地址：https://www.699179.xyz/Pay_CsT1Zfb_notifyurlzfb.html
通知报文：memberid=200359087&orderid=202004021934105010054528&transaction_id=20200402193413539899&amount=100.0000&datetime=20200402193443&returncode=00&sign=37020EEBAB82D14FF926B82B63761ACD&attach=1234|456
HTTP状态：
返回：ok

【2020-04-02 19:35:56】
订单号：20200402193514505550
通知地址：https://www.699179.xyz/Pay_CsT1Zfb_notifyurlzfb.html
通知报文：memberid=200359087&orderid=202004021935111024842644&transaction_id=20200402193514505550&amount=800.0000&datetime=20200402193556&returncode=00&sign=58153692622CCE0AF5448996C2046B30&attach=1234|456
HTTP状态：
返回：ok

【2020-04-02 19:36:44】
订单号：20200402193632481004
通知地址：https://www.699179.xyz/Pay_CsT1Zfb_notifyurlzfb.html
通知报文：memberid=200359087&orderid=202004021936301015448935&transaction_id=20200402193632481004&amount=500.0000&datetime=20200402193644&returncode=00&sign=BECFB8A0675415BDA49574034F7458A0&attach=1234|456
HTTP状态：
返回：ok

【2020-04-02 19:38:19】
订单号：20200402193807102529
通知地址：https://www.699179.xyz/Pay_CsT1Zfb_notifyurlzfb.html
通知报文：memberid=200359087&orderid=202004021938049999544551&transaction_id=20200402193807102529&amount=100.0000&datetime=20200402193818&returncode=00&sign=A553D544A6D9355AEB1503842C78CA41&attach=1234|456
HTTP状态：
返回：ok

【2020-04-02 19:38:31】
订单号：20200402193818975498
通知地址：https://www.699179.xyz/Pay_CsT1Zfb_notifyurlzfb.html
通知报文：memberid=200359087&orderid=202004021938155510258426&transaction_id=20200402193818975498&amount=200.0000&datetime=20200402193831&returncode=00&sign=FFD8C052C1A084E4D2E3095ABF0CA64B&attach=1234|456
HTTP状态：
返回：ok

【2020-04-02 19:40:02】
订单号：20200402193932525755
通知地址：https://www.699179.xyz/Pay_CsT1Zfb_notifyurlzfb.html
通知报文：memberid=200359087&orderid=202004021939305050577839&transaction_id=20200402193932525755&amount=200.0000&datetime=20200402194002&returncode=00&sign=71C7F141B43B513676A9864D850EEE0B&attach=1234|456
HTTP状态：
返回：ok

【2020-04-02 19:41:33】
订单号：20200402194122501004
通知地址：https://www.699179.xyz/Pay_CsT1Zfb_notifyurlzfb.html
通知报文：memberid=200359087&orderid=202004021941204853522866&transaction_id=20200402194122501004&amount=1000.0000&datetime=20200402194133&returncode=00&sign=C73A1361104F41EFDE115385C4FC399A&attach=1234|456
HTTP状态：
返回：ok

【2020-04-02 19:41:53】
订单号：20200402194140525197
通知地址：https://www.699179.xyz/Pay_CsT1Zfb_notifyurlzfb.html
通知报文：memberid=200359087&orderid=202004021941374998526635&transaction_id=20200402194140525197&amount=100.0000&datetime=20200402194153&returncode=00&sign=347A4B0353DA58C31C1094E6A9F6142D&attach=1234|456
HTTP状态：
返回：ok

【2020-04-02 19:42:04】
订单号：20200402194153494853
通知地址：https://www.699179.xyz/Pay_CsT1Zfb_notifyurlzfb.html
通知报文：memberid=200359087&orderid=202004021941501015546950&transaction_id=20200402194153494853&amount=222.0000&datetime=20200402194203&returncode=00&sign=D6A8AA0891709B330F28BB354F1A0FCE&attach=1234|456
HTTP状态：
返回：ok

【2020-04-02 19:43:01】
订单号：20200402194251981005
通知地址：https://www.699179.xyz/Pay_CsT1Zfb_notifyurlzfb.html
通知报文：memberid=200359087&orderid=202004021942495752518065&transaction_id=20200402194251981005&amount=200.0000&datetime=20200402194301&returncode=00&sign=597BBAA242250427624117FF8BA7902B&attach=1234|456
HTTP状态：
返回：ok

【2020-04-02 19:44:07】
订单号：20200402194339985255
通知地址：https://www.699179.xyz/Pay_CsT1Zfb_notifyurlzfb.html
通知报文：memberid=200359087&orderid=202004021943365697102281&transaction_id=20200402194339985255&amount=400.0000&datetime=20200402194406&returncode=00&sign=518D5FAD966CD45858185D07BEF0E23F&attach=1234|456
HTTP状态：
返回：ok

【2020-04-02 19:44:58】
订单号：20200402194441575452
通知地址：https://www.699179.xyz/Pay_CsT1Zfb_notifyurlzfb.html
通知报文：memberid=200359087&orderid=202004021944385410059686&transaction_id=20200402194441575452&amount=50.0000&datetime=20200402194457&returncode=00&sign=3EFC6C1FF1299168523EF04F9D59AA3D&attach=1234|456
HTTP状态：
返回：ok

【2020-04-02 19:45:53】
订单号：20200402194528561001
通知地址：https://www.699179.xyz/Pay_CsT1Zfb_notifyurlzfb.html
通知报文：memberid=200359087&orderid=202004021945265454483929&transaction_id=20200402194528561001&amount=500.0000&datetime=20200402194552&returncode=00&sign=8ACC1C9DBA0B1C8F7EB336A8BB6C48B2&attach=1234|456
HTTP状态：
返回：ok

【2020-04-02 19:49:28】
订单号：20200402194907515349
通知地址：https://www.699179.xyz/Pay_CsT1Zfb_notifyurlzfb.html
通知报文：memberid=200359087&orderid=202004021949044899974007&transaction_id=20200402194907515349&amount=500.0000&datetime=20200402194928&returncode=00&sign=656584FC2821E6C7DC9DA4E8E8AE648E&attach=1234|456
HTTP状态：
返回：ok

【2020-04-02 19:49:44】
订单号：20200402194923519851
通知地址：https://www.699179.xyz/Pay_CsT1Zfb_notifyurlzfb.html
通知报文：memberid=200359087&orderid=202004021949214950103304&transaction_id=20200402194923519851&amount=600.0000&datetime=20200402194943&returncode=00&sign=C1EB1554E6CEDB040C81EFA70DDDC35C&attach=1234|456
HTTP状态：
返回：ok

【2020-04-02 19:50:20】
订单号：20200402194948995610
通知地址：https://www.699179.xyz/Pay_CsT1Zfb_notifyurlzfb.html
通知报文：memberid=200359087&orderid=202004021949469748574764&transaction_id=20200402194948995610&amount=250.0000&datetime=20200402195019&returncode=00&sign=2717EE0C5FD29E3901EBDC3AEE25156D&attach=1234|456
HTTP状态：
返回：ok

【2020-04-02 19:51:51】
订单号：20200402195137575797
通知地址：https://www.699179.xyz/Pay_CsT1Zfb_notifyurlzfb.html
通知报文：memberid=200359087&orderid=202004021951355549551283&transaction_id=20200402195137575797&amount=200.0000&datetime=20200402195150&returncode=00&sign=9755B097E23724551961D99B6EB54B3C&attach=1234|456
HTTP状态：
返回：ok

【2020-04-02 19:56:34】
订单号：20200402195620529910
通知地址：https://www.699179.xyz/Pay_CsT1Zfb_notifyurlzfb.html
通知报文：memberid=200359087&orderid=202004021956185053577492&transaction_id=20200402195620529910&amount=50.0000&datetime=20200402195632&returncode=00&sign=01157CECCF48E26C6DDEA311F47BF93D&attach=1234|456
HTTP状态：
返回：ok

【2020-04-02 19:57:17】
订单号：20200402195646101101
通知地址：https://www.699179.xyz/Pay_CsT1Zfb_notifyurlzfb.html
通知报文：memberid=200359087&orderid=202004021956449954986591&transaction_id=20200402195646101101&amount=200.0000&datetime=20200402195717&returncode=00&sign=0EDCD36161417EAD32A04345BE23BD11&attach=1234|456
HTTP状态：
返回：ok

【2020-04-02 19:57:25】
订单号：20200402195709539749
通知地址：https://www.699179.xyz/Pay_CsT1Zfb_notifyurlzfb.html
通知报文：memberid=200359087&orderid=202004021957065050505716&transaction_id=20200402195709539749&amount=200.0000&datetime=20200402195724&returncode=00&sign=A62651FC60EC5B6A8F90CB3D930E42C1&attach=1234|456
HTTP状态：
返回：ok

【2020-04-02 19:58:55】
订单号：20200402195826505455
通知地址：https://www.699179.xyz/Pay_CsT1Zfb_notifyurlzfb.html
通知报文：memberid=200359087&orderid=202004021958231029992245&transaction_id=20200402195826505455&amount=200.0000&datetime=20200402195855&returncode=00&sign=5B05EFCE3611927B87C9340A2F0B63E9&attach=1234|456
HTTP状态：
返回：ok

【2020-04-02 19:59:35】
订单号：20200402195924994897
通知地址：https://www.699179.xyz/Pay_CsT1Zfb_notifyurlzfb.html
通知报文：memberid=200359087&orderid=202004021959215756501045&transaction_id=20200402195924994897&amount=200.0000&datetime=20200402195935&returncode=00&sign=96F0FEFBC271713E1AB37470ECDD2127&attach=1234|456
HTTP状态：
返回：ok

【2020-04-02 20:02:28】
订单号：20200402200154501005
通知地址：https://www.699179.xyz/Pay_CsT1Zfb_notifyurlzfb.html
通知报文：memberid=200359087&orderid=202004022001524852105964&transaction_id=20200402200154501005&amount=50.0000&datetime=20200402200227&returncode=00&sign=233F1D0D3725C2EF6AC64178A8EE900C&attach=1234|456
HTTP状态：
返回：ok

【2020-04-02 20:02:59】
订单号：20200402200215555057
通知地址：https://www.699179.xyz/Pay_CsT1Zfb_notifyurlzfb.html
通知报文：memberid=200359087&orderid=202004022002125257501778&transaction_id=20200402200215555057&amount=200.0000&datetime=20200402200258&returncode=00&sign=75F7E99BCFF7146EF17F4F101D14585C&attach=1234|456
HTTP状态：
返回：ok

【2020-04-02 20:03:04】
订单号：20200402200245534856
通知地址：https://www.699179.xyz/Pay_CsT1Zfb_notifyurlzfb.html
通知报文：memberid=200359087&orderid=202004022002425055495461&transaction_id=20200402200245534856&amount=200.0000&datetime=20200402200303&returncode=00&sign=43189826F0AE0A8F627F84963A2E6776&attach=1234|456
HTTP状态：
返回：ok

【2020-04-02 20:03:23】
订单号：20200402200312485053
通知地址：https://www.699179.xyz/Pay_CsT1Zfb_notifyurlzfb.html
通知报文：memberid=200359087&orderid=202004022003089957516143&transaction_id=20200402200312485053&amount=300.0000&datetime=20200402200323&returncode=00&sign=09E9583F9FAF422E5B02920D1AD37B60&attach=1234|456
HTTP状态：
返回：ok

【2020-04-02 20:05:45】
订单号：20200402200523514854
通知地址：https://www.699179.xyz/Pay_CsT1Zfb_notifyurlzfb.html
通知报文：memberid=200359087&orderid=202004022005204854538860&transaction_id=20200402200523514854&amount=100.0000&datetime=20200402200545&returncode=00&sign=84E454BDFD7C7050850E41C7128E0136&attach=1234|456
HTTP状态：
返回：ok

【2020-04-02 20:05:53】
订单号：20200402200532995748
通知地址：https://www.699179.xyz/Pay_CsT1Zfb_notifyurlzfb.html
通知报文：memberid=200359087&orderid=202004022005295749514879&transaction_id=20200402200532995748&amount=300.0000&datetime=20200402200551&returncode=00&sign=D5531DC7B34103AC57AAB82EA72E6667&attach=1234|456
HTTP状态：
返回：ok

【2020-04-02 20:06:34】
订单号：20200402200619985549
通知地址：https://www.699179.xyz/Pay_CsT1Zfb_notifyurlzfb.html
通知报文：memberid=200359087&orderid=202004022006165610152244&transaction_id=20200402200619985549&amount=100.0000&datetime=20200402200633&returncode=00&sign=9230B756007018D9F1545B230A0AAAD8&attach=1234|456
HTTP状态：
返回：ok

【2020-04-02 20:07:15】
订单号：20200402200639102535
通知地址：https://www.699179.xyz/Pay_CsT1Zfb_notifyurlzfb.html
通知报文：memberid=200359087&orderid=202004022006369998483770&transaction_id=20200402200639102535&amount=299.9900&datetime=20200402200715&returncode=00&sign=8E5692FD8DD4C2B3E348E58C7E17797D&attach=1234|456
HTTP状态：
返回：ok

【2020-04-02 20:07:20】
订单号：20200402200705579750
通知地址：https://www.699179.xyz/Pay_CsT1Zfb_notifyurlzfb.html
通知报文：memberid=200359087&orderid=202004022007035548108225&transaction_id=20200402200705579750&amount=300.0000&datetime=20200402200719&returncode=00&sign=23E0AA790A3A6DAFD629D5E32A2CE21B&attach=1234|456
HTTP状态：
返回：ok

【2020-04-02 20:07:29】
订单号：20200402200714505754
通知地址：https://www.699179.xyz/Pay_CsT1Zfb_notifyurlzfb.html
通知报文：memberid=200359087&orderid=202004022007124848996255&transaction_id=20200402200714505754&amount=500.0000&datetime=20200402200728&returncode=00&sign=75855F960F1DBEECBFB194FFF698E54C&attach=1234|456
HTTP状态：
返回：ok

【2020-04-02 20:08:07】
订单号：20200402200757100529
通知地址：https://www.699179.xyz/Pay_CsT1Zfb_notifyurlzfb.html
通知报文：memberid=200359087&orderid=202004022007549799544573&transaction_id=20200402200757100529&amount=50.0000&datetime=20200402200807&returncode=00&sign=A5A1FBD9A7463A980AA3065B12D86CD8&attach=1234|456
HTTP状态：
返回：ok

【2020-04-02 20:08:22】
订单号：20200402200749535110
通知地址：https://www.699179.xyz/Pay_CsT1Zfb_notifyurlzfb.html
通知报文：memberid=200359087&orderid=202004022007465057535912&transaction_id=20200402200749535110&amount=190.0000&datetime=20200402200822&returncode=00&sign=A5EAABF71E58314F698DA893DC23DD15&attach=1234|456
HTTP状态：
返回：ok

【2020-04-02 20:10:30】
订单号：20200402200953499954
通知地址：https://www.699179.xyz/Pay_CsT1Zfb_notifyurlzfb.html
通知报文：memberid=200359087&orderid=202004022009501015196173&transaction_id=20200402200953499954&amount=200.0000&datetime=20200402201030&returncode=00&sign=EE8AA7BFDFA2D8280BA439B26CC3BD87&attach=1234|456
HTTP状态：
返回：ok

【2020-04-02 20:10:54】
订单号：20200402201035981009
通知地址：https://www.699179.xyz/Pay_CsT1Zfb_notifyurlzfb.html
通知报文：memberid=200359087&orderid=202004022010335752523560&transaction_id=20200402201035981009&amount=500.0000&datetime=20200402201054&returncode=00&sign=8B8729104F60A82007291DE061414373&attach=1234|456
HTTP状态：
返回：ok

【2020-04-02 20:11:54】
订单号：20200402201138979798
通知地址：https://www.699179.xyz/Pay_CsT1Zfb_notifyurlzfb.html
通知报文：memberid=200359087&orderid=202004022011365650981456&transaction_id=20200402201138979798&amount=1500.0000&datetime=20200402201153&returncode=00&sign=1F67F260A6BA767031CF4B693744D638&attach=1234|456
HTTP状态：
返回：ok

【2020-04-02 20:13:34】
订单号：20200402201320484951
通知地址：https://www.699179.xyz/Pay_CsT1Zfb_notifyurlzfb.html
通知报文：memberid=200359087&orderid=202004022013171005755741&transaction_id=20200402201320484951&amount=100.0000&datetime=20200402201333&returncode=00&sign=D4C530DD206097F552C13C4465232653&attach=1234|456
HTTP状态：
返回：ok

【2020-04-02 20:13:44】
订单号：20200402201333100559
通知地址：https://www.699179.xyz/Pay_CsT1Zfb_notifyurlzfb.html
通知报文：memberid=200359087&orderid=202004022013309710152460&transaction_id=20200402201333100559&amount=50.0000&datetime=20200402201344&returncode=00&sign=E4DA6CFFE2532E4BDFC36B5872B64E6B&attach=1234|456
HTTP状态：
返回：ok

【2020-04-02 20:13:46】
订单号：20200402201323515748
通知地址：https://www.699179.xyz/Pay_CsT1Zfb_notifyurlzfb.html
通知报文：memberid=200359087&orderid=202004022013214949488558&transaction_id=20200402201323515748&amount=200.0000&datetime=20200402201344&returncode=00&sign=E3C708D73F097D7A403C2D100BC93DCD&attach=1234|456
HTTP状态：
返回：ok

【2020-04-02 20:13:54】
订单号：20200402201336485552
通知地址：https://www.699179.xyz/Pay_CsT1Zfb_notifyurlzfb.html
通知报文：memberid=200359087&orderid=202004022013341014847661&transaction_id=20200402201336485552&amount=3000.0000&datetime=20200402201353&returncode=00&sign=E928FE4E652444AF67F42504774E5BBA&attach=1234|456
HTTP状态：
返回：ok

【2020-04-02 20:13:59】
订单号：20200402201335102575
通知地址：https://www.699179.xyz/Pay_CsT1Zfb_notifyurlzfb.html
通知报文：memberid=200359087&orderid=202004022013331004959617&transaction_id=20200402201335102575&amount=400.0000&datetime=20200402201358&returncode=00&sign=A3DC94E7802E917667ED79B731CB8540&attach=1234|456
HTTP状态：
返回：ok

【2020-04-02 20:14:43】
订单号：20200402201426505652
通知地址：https://www.699179.xyz/Pay_CsT1Zfb_notifyurlzfb.html
通知报文：memberid=200359087&orderid=202004022014231021015636&transaction_id=20200402201426505652&amount=100.0000&datetime=20200402201442&returncode=00&sign=29487C9426656E567885693ABF0E1436&attach=1234|456
HTTP状态：
返回：ok

【2020-04-02 20:14:50】
订单号：20200402201419985598
通知地址：https://www.699179.xyz/Pay_CsT1Zfb_notifyurlzfb.html
通知报文：memberid=200359087&orderid=202004022014175748506382&transaction_id=20200402201419985598&amount=1600.0000&datetime=20200402201450&returncode=00&sign=BD839C22B1061F850CF4ECCE82307DB9&attach=1234|456
HTTP状态：
返回：ok

【2020-04-02 20:15:00】
订单号：20200402201450971005
通知地址：https://www.699179.xyz/Pay_CsT1Zfb_notifyurlzfb.html
通知报文：memberid=200359087&orderid=202004022014485652974042&transaction_id=20200402201450971005&amount=500.0000&datetime=20200402201500&returncode=00&sign=C7B4706E6DD887498564DB3D17683183&attach=1234|456
HTTP状态：
返回：ok

【2020-04-02 20:15:24】
订单号：20200402201510101541
通知地址：https://www.699179.xyz/Pay_CsT1Zfb_notifyurlzfb.html
通知报文：memberid=200359087&orderid=202004022015069710141366&transaction_id=20200402201510101541&amount=300.0000&datetime=20200402201524&returncode=00&sign=5D676D6D8476803FA6D2E75A4A68C64B&attach=1234|456
HTTP状态：
返回：ok

【2020-04-02 20:15:45】
订单号：20200402201527102535
通知地址：https://www.699179.xyz/Pay_CsT1Zfb_notifyurlzfb.html
通知报文：memberid=200359087&orderid=202004022015249999106561&transaction_id=20200402201527102535&amount=500.0000&datetime=20200402201544&returncode=00&sign=1FC204C55C9DF01A549347C154813E5A&attach=1234|456
HTTP状态：
返回：ok

【2020-04-02 20:16:02】
订单号：20200402201548529753
通知地址：https://www.699179.xyz/Pay_CsT1Zfb_notifyurlzfb.html
通知报文：memberid=200359087&orderid=202004022015465048975178&transaction_id=20200402201548529753&amount=50.0000&datetime=20200402201602&returncode=00&sign=392195DF6464B803DACA7DB1AC4DE7DE&attach=1234|456
HTTP状态：
返回：ok

【2020-04-02 20:16:31】
订单号：20200402201615102100
通知地址：https://www.699179.xyz/Pay_CsT1Zfb_notifyurlzfb.html
通知报文：memberid=200359087&orderid=202004022016131005255311&transaction_id=20200402201615102100&amount=3000.0000&datetime=20200402201631&returncode=00&sign=EEBF3B51C65E14BFF914BB60AD1AFDFF&attach=1234|456
HTTP状态：
返回：ok

【2020-04-02 20:16:42】
订单号：20200402201627984853
通知地址：https://www.699179.xyz/Pay_CsT1Zfb_notifyurlzfb.html
通知报文：memberid=200359087&orderid=202004022016245656485829&transaction_id=20200402201627984853&amount=3000.0000&datetime=20200402201641&returncode=00&sign=C28D908E8B6510FB97339207E28DC026&attach=1234|456
HTTP状态：
返回：ok

【2020-04-02 20:16:44】
订单号：20200402201633495148
通知地址：https://www.699179.xyz/Pay_CsT1Zfb_notifyurlzfb.html
通知报文：memberid=200359087&orderid=202004022016301015741454&transaction_id=20200402201633495148&amount=80.0000&datetime=20200402201643&returncode=00&sign=F17BB3C113EB07AB98EAD8BBBAD7D7C1&attach=1234|456
HTTP状态：
返回：ok

【2020-04-02 20:17:53】
订单号：20200402201709535454
通知地址：https://www.699179.xyz/Pay_CsT1Zfb_notifyurlzfb.html
通知报文：memberid=200359087&orderid=202004022017065099578272&transaction_id=20200402201709535454&amount=500.0000&datetime=20200402201753&returncode=00&sign=79C13BE404E6845BF1380E73BFB69DE0&attach=1234|456
HTTP状态：
返回：ok

【2020-04-02 20:17:59】
订单号：20200402201749100489
通知地址：https://www.699179.xyz/Pay_CsT1Zfb_notifyurlzfb.html
通知报文：memberid=200359087&orderid=202004022017469756985594&transaction_id=20200402201749100489&amount=100.0000&datetime=20200402201758&returncode=00&sign=7B0EE6B798929565ECA2C6474F7D7800&attach=1234|456
HTTP状态：
返回：ok

【2020-04-02 23:27:08】
订单号：20200402232642504948
通知地址：http://karl-leo.imwork.net/common/test.json
通知报文：memberid=200357273&orderid=E20200402152641274490&transaction_id=20200402232642504948&amount=0.0100&datetime=20200402232706&returncode=00&sign=7008A28BAD26A4093C0B5748E6104E96&attach=1234|456
HTTP状态：
返回：

