【2020-05-02 00:36:28】
订单号：20200502003547515110
通知地址：http://karl-leo.imwork.net/common/test.json
通知报文：memberid=200399771&orderid=E20200501163546715388&transaction_id=20200502003547515110&amount=0.0900&datetime=20200502003625&returncode=00&sign=C302DA10AE9A5BC5723B8729884D1834&attach=1234|456
HTTP状态：
返回：

【2020-05-02 14:37:12】
订单号：20200502143630101545
通知地址：http://karl-leo.imwork.net/common/test.json
通知报文：memberid=200399771&orderid=E20200502063629533018&transaction_id=20200502143630101545&amount=0.0900&datetime=20200502143709&returncode=00&sign=6471F9118B8E8083CE5526F76EE03DBA&attach=1234|456
HTTP状态：
返回：

【2020-05-02 15:30:59】
订单号：20200502153026505254
通知地址：http://karl-leo.imwork.net/common/test.json
通知报文：memberid=200399771&orderid=E20200502073025797256&transaction_id=20200502153026505254&amount=0.0900&datetime=20200502153058&returncode=00&sign=84CF40B0E96D90B43B3A87BB3059B32B&attach=1234|456
HTTP状态：
返回：

【2020-05-02 15:35:58】
订单号：20200502153504565049
通知地址：http://www.100000969.xyz/Pay_XldZf_notifyurlwx.html
通知报文：memberid=200423453&orderid=202005021534381014913816&transaction_id=20200502153504565049&amount=199.0000&datetime=20200502153553&returncode=00&sign=D0C289AD20DBD0A1D10F003E6B858260&attach=
HTTP状态：
返回：ok

【2020-05-02 15:36:49】
订单号：20200502153624565697
通知地址：http://www.100000969.xyz/Pay_XldZf_notifyurlwx.html
通知报文：memberid=200423453&orderid=202005021535581015646232&transaction_id=20200502153624565697&amount=50.0000&datetime=20200502153647&returncode=00&sign=50BE12C6183F473FE71F0E7DF61E902C&attach=
HTTP状态：
返回：ok

【2020-05-02 17:39:55】
订单号：20200502173939989798
通知地址：http://www.100000969.xyz/Pay_XldZf_notifyurlwx.html
通知报文：memberid=200423453&orderid=202005021739124857987376&transaction_id=20200502173939989798&amount=100.0000&datetime=20200502173953&returncode=00&sign=FCFB4D44EE21107F69F53D7DD0FDB73E&attach=
HTTP状态：
返回：ok

【2020-05-02 17:40:20】
订单号：20200502174006545155
通知地址：http://www.100000969.xyz/Pay_XldZf_notifyurlwx.html
通知报文：memberid=200423453&orderid=202005021739409950501328&transaction_id=20200502174006545155&amount=499.0000&datetime=20200502174019&returncode=00&sign=E2080E7FD0A2A6562C27AD6A0FD4115F&attach=
HTTP状态：
返回：ok

【2020-05-02 17:41:24】
订单号：20200502174113575451
通知地址：http://www.100000969.xyz/Pay_XldZf_notifyurlwx.html
通知报文：memberid=200423453&orderid=202005021740471025447100&transaction_id=20200502174113575451&amount=199.0000&datetime=20200502174123&returncode=00&sign=B04E0795CBF6B96B007F892FF226C4F1&attach=
HTTP状态：
返回：ok

【2020-05-02 17:41:47】
订单号：20200502174124525610
通知地址：http://www.100000969.xyz/Pay_XldZf_notifyurlwx.html
通知报文：memberid=200423453&orderid=202005021740589755107915&transaction_id=20200502174124525610&amount=50.0000&datetime=20200502174147&returncode=00&sign=57AE3BBCCB253EC60A5301B7553AB2FD&attach=
HTTP状态：
返回：ok

【2020-05-02 17:41:50】
订单号：20200502174138504810
通知地址：http://www.100000969.xyz/Pay_XldZf_notifyurlwx.html
通知报文：memberid=200423453&orderid=202005021741125648505924&transaction_id=20200502174138504810&amount=299.0000&datetime=20200502174149&returncode=00&sign=EAC03EEEB1A37070943318369572A172&attach=
HTTP状态：
返回：ok

【2020-05-02 17:43:03】
订单号：20200502174248569957
通知地址：http://www.100000969.xyz/Pay_XldZf_notifyurlwx.html
通知报文：memberid=200423453&orderid=202005021742221019997067&transaction_id=20200502174248569957&amount=50.0000&datetime=20200502174302&returncode=00&sign=5B7F934FB1453B6C4E4168D0FC97194C&attach=
HTTP状态：
返回：ok

【2020-05-02 17:44:02】
订单号：20200502174332524857
通知地址：http://www.100000969.xyz/Pay_XldZf_notifyurlwx.html
通知报文：memberid=200423453&orderid=202005021743055710119913&transaction_id=20200502174332524857&amount=199.0000&datetime=20200502174402&returncode=00&sign=C2D995DB1B3B5E49248D7464154875B1&attach=
HTTP状态：
返回：ok

【2020-05-02 17:44:28】
订单号：20200502174409575597
通知地址：http://www.100000969.xyz/Pay_XldZf_notifyurlwx.html
通知报文：memberid=200423453&orderid=202005021743431025512125&transaction_id=20200502174409575597&amount=100.0000&datetime=20200502174428&returncode=00&sign=482CEACF30FAFF9737DF84A6D4751EEB&attach=
HTTP状态：
返回：ok

【2020-05-02 17:44:33】
订单号：20200502174421535050
通知地址：http://www.100000969.xyz/Pay_XldZf_notifyurlwx.html
通知报文：memberid=200423453&orderid=202005021743559849103152&transaction_id=20200502174421535050&amount=199.0000&datetime=20200502174433&returncode=00&sign=706FFBC22EBE6DD734FA72D84FFBD319&attach=
HTTP状态：
返回：ok

【2020-05-02 17:45:07】
订单号：20200502174455555157
通知地址：http://www.100000969.xyz/Pay_XldZf_notifyurlwx.html
通知报文：memberid=200423453&orderid=202005021744291005012497&transaction_id=20200502174455555157&amount=199.0000&datetime=20200502174506&returncode=00&sign=07946DD3EDB704A321A3516440520370&attach=
HTTP状态：
返回：ok

【2020-05-02 17:45:32】
订单号：20200502174519102981
通知地址：http://www.100000969.xyz/Pay_XldZf_notifyurlwx.html
通知报文：memberid=200423453&orderid=202005021744535399487873&transaction_id=20200502174519102981&amount=50.0000&datetime=20200502174532&returncode=00&sign=F3F244D8A03A0A5CD7091BCE685FB714&attach=
HTTP状态：
返回：ok

【2020-05-02 17:45:40】
订单号：20200502174530975749
通知地址：http://www.100000969.xyz/Pay_XldZf_notifyurlwx.html
通知报文：memberid=200423453&orderid=202005021745044857505427&transaction_id=20200502174530975749&amount=499.0000&datetime=20200502174540&returncode=00&sign=5EEBDA9DDA15EC6967D230F45CD7AC7F&attach=
HTTP状态：
返回：ok

【2020-05-02 17:46:00】
订单号：20200502174538505410
通知地址：http://www.100000969.xyz/Pay_XldZf_notifyurlwx.html
通知报文：memberid=200423453&orderid=202005021745125654507773&transaction_id=20200502174538505410&amount=199.0000&datetime=20200502174600&returncode=00&sign=9549BCA3EC949006ABDFC2693EDF2611&attach=
HTTP状态：
返回：ok

【2020-05-02 17:46:04】
订单号：20200502174528569851
通知地址：http://www.100000969.xyz/Pay_XldZf_notifyurlwx.html
通知报文：memberid=200423453&orderid=202005021745021019795444&transaction_id=20200502174528569851&amount=199.0000&datetime=20200502174604&returncode=00&sign=742A1E5A4135F66A704FDD7EEBF9CB73&attach=
HTTP状态：
返回：ok

【2020-05-02 17:48:53】
订单号：20200502174842979956
通知地址：http://www.100000969.xyz/Pay_XldZf_notifyurlwx.html
通知报文：memberid=200423453&orderid=202005021748164899991967&transaction_id=20200502174842979956&amount=499.0000&datetime=20200502174853&returncode=00&sign=F0AF54B9F2E9979994DD83B452613A3C&attach=
HTTP状态：
返回：ok

【2020-05-02 17:48:55】
订单号：20200502174845100535
通知地址：http://www.100000969.xyz/Pay_XldZf_notifyurlwx.html
通知报文：memberid=200423453&orderid=202005021748195153561447&transaction_id=20200502174845100535&amount=50.0000&datetime=20200502174855&returncode=00&sign=155E73FFEE862BA1962E48C22B972C5A&attach=
HTTP状态：
返回：ok

【2020-05-02 17:49:24】
订单号：20200502174835515052
通知地址：http://www.100000969.xyz/Pay_XldZf_notifyurlwx.html
通知报文：memberid=200423453&orderid=202005021748095750566003&transaction_id=20200502174835515052&amount=50.0000&datetime=20200502174924&returncode=00&sign=D5C44962875E5A2A7D644B711F9F57A6&attach=
HTTP状态：
返回：ok

【2020-05-02 17:51:16】
订单号：20200502175046545052
通知地址：http://www.100000969.xyz/Pay_XldZf_notifyurlwx.html
通知报文：memberid=200423453&orderid=202005021750199856504140&transaction_id=20200502175046545052&amount=199.0000&datetime=20200502175116&returncode=00&sign=950DEAFF477BEB10FFADF3DC70B0B0E8&attach=
HTTP状态：
返回：ok

【2020-05-02 17:51:43】
订单号：20200502175120569749
通知地址：http://www.100000969.xyz/Pay_XldZf_notifyurlwx.html
通知报文：memberid=200423453&orderid=202005021750541015798126&transaction_id=20200502175120569749&amount=299.0000&datetime=20200502175142&returncode=00&sign=F264D17801D21B2784E7E4DF38CFF6A1&attach=
HTTP状态：
返回：ok

【2020-05-02 17:51:59】
订单号：20200502175140999953
通知地址：http://www.100000969.xyz/Pay_XldZf_notifyurlwx.html
通知报文：memberid=200423453&orderid=202005021751145099979529&transaction_id=20200502175140999953&amount=299.0000&datetime=20200502175159&returncode=00&sign=44B14C8FD957826BFF111B66D0A3121E&attach=
HTTP状态：
返回：ok

【2020-05-02 17:52:04】
订单号：20200502175147511009
通知地址：http://www.100000969.xyz/Pay_XldZf_notifyurlwx.html
通知报文：memberid=200423453&orderid=202005021751215710016673&transaction_id=20200502175147511009&amount=100.0000&datetime=20200502175203&returncode=00&sign=CC26CB20CD80CF4D7D063126D68BE6AA&attach=
HTTP状态：
返回：ok

【2020-05-02 17:52:12】
订单号：20200502175136561015
通知地址：http://www.100000969.xyz/Pay_XldZf_notifyurlwx.html
通知报文：memberid=200423453&orderid=202005021751101011012202&transaction_id=20200502175136561015&amount=50.0000&datetime=20200502175211&returncode=00&sign=9AC5432B3E605A7E3E5BD8285847CA96&attach=
HTTP状态：
返回：ok

【2020-05-02 17:53:37】
订单号：20200502175239551011
通知地址：http://www.100000969.xyz/Pay_XldZf_notifyurlwx.html
通知报文：memberid=200423453&orderid=202005021752131001026228&transaction_id=20200502175239551011&amount=50.0000&datetime=20200502175337&returncode=00&sign=1A457FC944F82F7DA6327F013E7388C0&attach=
HTTP状态：
返回：ok

【2020-05-02 17:53:42】
订单号：20200502175257575154
通知地址：http://www.100000969.xyz/Pay_XldZf_notifyurlwx.html
通知报文：memberid=200423453&orderid=202005021752311025154857&transaction_id=20200502175257575154&amount=50.0000&datetime=20200502175341&returncode=00&sign=88A22BFAD538921F87C04D3CE4BA1A7C&attach=
HTTP状态：
返回：ok

【2020-05-02 17:54:04】
订单号：20200502175251514910
通知地址：http://www.100000969.xyz/Pay_XldZf_notifyurlwx.html
通知报文：memberid=200423453&orderid=202005021752255749569460&transaction_id=20200502175251514910&amount=100.0000&datetime=20200502175404&returncode=00&sign=166C21C70D5BABC53B78468199FEA1D5&attach=
HTTP状态：
返回：ok

【2020-05-02 17:54:46】
订单号：20200502175425495510
通知地址：http://www.100000969.xyz/Pay_XldZf_notifyurlwx.html
通知报文：memberid=200423453&orderid=202005021753595554106505&transaction_id=20200502175425495510&amount=50.0000&datetime=20200502175446&returncode=00&sign=981BBFBA39577EC441448A0CEE6E6AC3&attach=
HTTP状态：
返回：ok

【2020-05-02 17:55:19】
订单号：20200502175508999748
通知地址：http://www.100000969.xyz/Pay_XldZf_notifyurlwx.html
通知报文：memberid=200423453&orderid=202005021754425057536927&transaction_id=20200502175508999748&amount=100.0000&datetime=20200502175518&returncode=00&sign=0145B59FCAB3B58EDED8236A186A5B2B&attach=
HTTP状态：
返回：ok

【2020-05-02 17:55:39】
订单号：20200502175434975349
通知地址：http://www.100000969.xyz/Pay_XldZf_notifyurlwx.html
通知报文：memberid=200423453&orderid=202005021754084853512017&transaction_id=20200502175434975349&amount=499.0000&datetime=20200502175539&returncode=00&sign=A4D3827E4BADF6674E721CAA1CE800CA&attach=
HTTP状态：
返回：ok

【2020-05-02 17:56:53】
订单号：20200502175619515397
通知地址：http://www.100000969.xyz/Pay_XldZf_notifyurlwx.html
通知报文：memberid=200423453&orderid=202005021755535753568268&transaction_id=20200502175619515397&amount=999.0000&datetime=20200502175653&returncode=00&sign=F91DAD79D64675437308F23195520823&attach=
HTTP状态：
返回：ok

【2020-05-02 17:57:44】
订单号：20200502175644995156
通知地址：http://www.100000969.xyz/Pay_XldZf_notifyurlwx.html
通知报文：memberid=200423453&orderid=202005021756185051561651&transaction_id=20200502175644995156&amount=50.0000&datetime=20200502175743&returncode=00&sign=718BD4F6A665274F29571619939A6B2E&attach=
HTTP状态：
返回：ok

【2020-05-02 17:58:42】
订单号：20200502175832565654
通知地址：http://www.100000969.xyz/Pay_XldZf_notifyurlwx.html
通知报文：memberid=200423453&orderid=202005021758061015653087&transaction_id=20200502175832565654&amount=100.0000&datetime=20200502175842&returncode=00&sign=E667C96AE9CA3B79DE5C3DC609B612F9&attach=
HTTP状态：
返回：ok

【2020-05-02 17:58:46】
订单号：20200502175837100974
通知地址：http://www.100000969.xyz/Pay_XldZf_notifyurlwx.html
通知报文：memberid=200423453&orderid=202005021758115197493384&transaction_id=20200502175837100974&amount=50.0000&datetime=20200502175845&returncode=00&sign=42FDC93640EBE0E1D2C3E2C16AAF2AFA&attach=
HTTP状态：
返回：ok

【2020-05-02 17:58:49】
订单号：20200502175836995652
通知地址：http://www.100000969.xyz/Pay_XldZf_notifyurlwx.html
通知报文：memberid=200423453&orderid=202005021758105056523950&transaction_id=20200502175836995652&amount=299.0000&datetime=20200502175849&returncode=00&sign=A3BD73FA9018F0A832380535CF226AE8&attach=
HTTP状态：
返回：ok

【2020-05-02 18:01:52】
订单号：20200502180144565410
通知地址：http://www.100000969.xyz/Pay_XldZf_notifyurlwx.html
通知报文：memberid=200423453&orderid=202005021801181015456135&transaction_id=20200502180144565410&amount=50.0000&datetime=20200502180152&returncode=00&sign=958815D6660785A9674E5913908FC65C&attach=
HTTP状态：
返回：ok

【2020-05-02 18:04:36】
订单号：20200502180414101505
通知地址：http://www.100000969.xyz/Pay_XldZf_notifyurlwx.html
通知报文：memberid=200423453&orderid=202005021803485249978254&transaction_id=20200502180414101505&amount=50.0000&datetime=20200502180436&returncode=00&sign=BF8CBC023C79DCD9C821E1C0752641EE&attach=
HTTP状态：
返回：ok

【2020-05-02 18:05:57】
订单号：20200502180548995655
通知地址：http://www.100000969.xyz/Pay_XldZf_notifyurlwx.html
通知报文：memberid=200423453&orderid=202005021805225056508382&transaction_id=20200502180548995655&amount=199.0000&datetime=20200502180556&returncode=00&sign=B1F200680E70CCD063C97FB76827D774&attach=
HTTP状态：
返回：ok

【2020-05-02 18:06:02】
订单号：20200502180529574855
通知地址：http://www.100000969.xyz/Pay_XldZf_notifyurlwx.html
通知报文：memberid=200423453&orderid=202005021805031024843220&transaction_id=20200502180529574855&amount=100.0000&datetime=20200502180602&returncode=00&sign=E89FA5051C57EEFBFE63AC89FD5F06CB&attach=
HTTP状态：
返回：ok

【2020-05-02 18:08:53】
订单号：20200502180823554951
通知地址：http://www.100000969.xyz/Pay_XldZf_notifyurlwx.html
通知报文：memberid=200423453&orderid=202005021807571004858277&transaction_id=20200502180823554951&amount=299.0000&datetime=20200502180853&returncode=00&sign=C9137359A947EDBFB9BC460F18F1C25D&attach=
HTTP状态：
返回：ok

【2020-05-02 18:09:16】
订单号：20200502180858975056
通知地址：http://www.100000969.xyz/Pay_XldZf_notifyurlwx.html
通知报文：memberid=200423453&orderid=202005021808324850547674&transaction_id=20200502180858975056&amount=199.0000&datetime=20200502180915&returncode=00&sign=7D5E309DD7B2C5941D6ADE84405E4799&attach=
HTTP状态：
返回：ok

【2020-05-02 18:09:24】
订单号：20200502180909535557
通知地址：http://www.100000969.xyz/Pay_XldZf_notifyurlwx.html
通知报文：memberid=200423453&orderid=202005021808439855546743&transaction_id=20200502180909535557&amount=199.0000&datetime=20200502180924&returncode=00&sign=3C8D8457EE62321EF439BF9224E93983&attach=
HTTP状态：
返回：ok

【2020-05-02 18:14:31】
订单号：20200502181417575310
通知地址：http://www.100000969.xyz/Pay_XldZf_notifyurlwx.html
通知报文：memberid=200423453&orderid=202005021813511025352863&transaction_id=20200502181417575310&amount=4999.0000&datetime=20200502181428&returncode=00&sign=8B203988DEB28672F1E99C9A141E7A9B&attach=
HTTP状态：
返回：ok

【2020-05-02 18:14:33】
订单号：20200502181423102100
通知地址：http://www.100000969.xyz/Pay_XldZf_notifyurlwx.html
通知报文：memberid=200423453&orderid=202005021813575399537839&transaction_id=20200502181423102100&amount=499.0000&datetime=20200502181433&returncode=00&sign=095154199EF18798540E889A803F7DB5&attach=
HTTP状态：
返回：ok

【2020-05-02 18:32:56】
订单号：20200502183241575454
通知地址：http://www.100000969.xyz/Pay_XldZf_notifyurlwx.html
通知报文：memberid=200423453&orderid=202005021832151025358500&transaction_id=20200502183241575454&amount=50.0000&datetime=20200502183255&returncode=00&sign=671A75786473BC04CAA9086AFF9B0FE0&attach=
HTTP状态：
返回：ok

【2020-05-02 18:37:40】
订单号：20200502183716994855
通知地址：http://www.100000969.xyz/Pay_XldZf_notifyurlwx.html
通知报文：memberid=200423453&orderid=202005021836494910193458&transaction_id=20200502183716994855&amount=999.0000&datetime=20200502183740&returncode=00&sign=19FA4FDDFB1476E2335B850E4BF2A6DF&attach=
HTTP状态：
返回：ok

【2020-05-02 18:38:48】
订单号：20200502183816565455
通知地址：http://www.100000969.xyz/Pay_XldZf_notifyurlwx.html
通知报文：memberid=200423453&orderid=202005021837501015395679&transaction_id=20200502183816565455&amount=50.0000&datetime=20200502183848&returncode=00&sign=D7F9EB3009D124EE7998C9851F8D1A59&attach=
HTTP状态：
返回：ok

【2020-05-02 18:40:12】
订单号：20200502183952564949
通知地址：http://www.100000969.xyz/Pay_XldZf_notifyurlwx.html
通知报文：memberid=200423453&orderid=202005021839261014856991&transaction_id=20200502183952564949&amount=50.0000&datetime=20200502184010&returncode=00&sign=E898CBFCD8DFBCDBEBC67A7673DDE837&attach=
HTTP状态：
返回：ok

【2020-05-02 18:43:59】
订单号：20200502184339984810
通知地址：http://www.100000969.xyz/Pay_XldZf_notifyurlwx.html
通知报文：memberid=200423453&orderid=202005021843134948977777&transaction_id=20200502184339984810&amount=299.0000&datetime=20200502184358&returncode=00&sign=E2879A1E89F0C677B25C8CD977056904&attach=
HTTP状态：
返回：ok

【2020-05-02 18:54:26】
订单号：20200502185357535010
通知地址：http://www.100000969.xyz/Pay_XldZf_notifyurlwx.html
通知报文：memberid=200423453&orderid=202005021853319850572976&transaction_id=20200502185357535010&amount=50.0000&datetime=20200502185424&returncode=00&sign=962C1320139901E07AD004E192CF5B8E&attach=
HTTP状态：
返回：ok

【2020-05-02 18:55:49】
订单号：20200502185537574956
通知地址：http://www.100000969.xyz/Pay_XldZf_notifyurlwx.html
通知报文：memberid=200423453&orderid=202005021855111024954208&transaction_id=20200502185537574956&amount=50.0000&datetime=20200502185546&returncode=00&sign=A3E1C008420DF2926591C11E95C76260&attach=
HTTP状态：
返回：ok

【2020-05-02 19:09:45】
订单号：20200502190909535555
通知地址：http://www.100000969.xyz/Pay_XldZf_notifyurlwx.html
通知报文：memberid=200423453&orderid=202005021908439853988023&transaction_id=20200502190909535555&amount=50.0000&datetime=20200502190944&returncode=00&sign=91D48541C082ED9C656DE7047EB9F65E&attach=
HTTP状态：
返回：ok

【2020-05-02 19:14:04】
订单号：20200502191325531015
通知地址：http://www.100000969.xyz/Pay_XldZf_notifyurlwx.html
通知报文：memberid=200423453&orderid=202005021912599899102484&transaction_id=20200502191325531015&amount=199.0000&datetime=20200502191403&returncode=00&sign=1D3ADF8394814061CE954AD99F0F8F53&attach=
HTTP状态：
返回：ok

【2020-05-02 20:01:20】
订单号：20200502200100991004
通知地址：http://www.100000969.xyz/Pay_XldZf_notifyurlwx.html
通知报文：memberid=200423453&orderid=202005022000345098508098&transaction_id=20200502200100991004&amount=50.0000&datetime=20200502200117&returncode=00&sign=F08080CC177F6591F778E2819FF4FEDF&attach=
HTTP状态：
返回：ok

【2020-05-02 20:05:46】
订单号：20200502200326101524
通知地址：http://www.100000969.xyz/Pay_XldZf_notifyurlwx.html
通知报文：memberid=200423453&orderid=202005022003005250986944&transaction_id=20200502200326101524&amount=50.0000&datetime=20200502200544&returncode=00&sign=379032AD517CFDAEA0B4E046136CBC4F&attach=
HTTP状态：
返回：ok

【2020-05-02 21:05:31】
订单号：20200502210457579899
通知地址：http://www.100000969.xyz/Pay_XldZf_notifyurlwx.html
通知报文：memberid=200423453&orderid=202005022104311025617529&transaction_id=20200502210457579899&amount=50.0000&datetime=20200502210530&returncode=00&sign=B16967E0C6A10B705D45E8BD3866DD91&attach=
HTTP状态：
返回：ok

【2020-05-02 21:14:24】
订单号：20200502211345579850
通知地址：http://www.100000969.xyz/Pay_XldZf_notifyurlwx.html
通知报文：memberid=200423453&orderid=202005022113191025652889&transaction_id=20200502211345579850&amount=100.0000&datetime=20200502211422&returncode=00&sign=8466D3C112677F8D4CEEA26F1C5E4347&attach=
HTTP状态：
返回：ok

【2020-05-02 23:07:14】
订单号：20200502230522505098
通知地址：http://karl-leo.imwork.net/common/test.json
通知报文：memberid=200399771&orderid=E20200502150520937360&transaction_id=20200502230522505098&amount=0.0900&datetime=20200502230714&returncode=00&sign=1169B3FAFBC22D3A0AA5FDB175579FE9&attach=1234|456
HTTP状态：
返回：

【2020-05-02 23:09:12】
订单号：20200502230823555456
通知地址：http://karl-leo.imwork.net/common/test.json
通知报文：memberid=200399771&orderid=E20200502150822994418&transaction_id=20200502230823555456&amount=0.0900&datetime=20200502230909&returncode=00&sign=9BDD0619646E47954A876A3C0A9943E4&attach=1234|456
HTTP状态：
返回：

【2020-05-02 23:10:28】
订单号：20200502231000561015
通知地址：http://karl-leo.imwork.net/common/test.json
通知报文：memberid=200399771&orderid=E20200502151000489054&transaction_id=20200502231000561015&amount=0.0900&datetime=20200502231028&returncode=00&sign=4EEEA4982F23BA1F309BC275EBDFD594&attach=1234|456
HTTP状态：
返回：

